# JRE version: OpenJDK Runtime Environment Temurin-17.0.10+7 (17.0.10+7) (build 17.0.10+7)
# Java VM: OpenJDK 64-Bit Server VM Temurin-17.0.10+7 (17.0.10+7, mixed mode, tiered, compressed oops, compressed class ptrs, parallel gc, windows-amd64)
GC Precious Log:
 CPUs: 8 total, 8 available
 Memory: 32674M
 Large Page Support: Disabled
 NUMA Support: Disabled
 Compressed Oops: Enabled (32-bit)
 Alignments: Space 512K, Generation 512K, Heap 2M
 Heap Min Capacity: 100M
 Heap Initial Capacity: 100M
 Heap Max Capacity: 1G
 Pre-touch: Disabled
 Parallel Workers: 8
Heap:
 PSYoungGen      total 6144K, used 5743K [0x00000000eab00000, 0x00000000eb600000, 0x0000000100000000)
  eden space 3584K, 100% used [0x00000000eab00000,0x00000000eae80000,0x00000000eae80000)
  from space 2560K, 84% used [0x00000000eb380000,0x00000000eb59bd20,0x00000000eb600000)
  to   space 3072K, 99% used [0x00000000eb000000,0x00000000eb2fbd20,0x00000000eb300000)
 ParOldGen       total 378880K, used 351985K [0x00000000c0000000, 0x00000000d7200000, 0x00000000eab00000)
  object space 378880K, 92% used [0x00000000c0000000,0x00000000d57bc6f0,0x00000000d7200000)
 Metaspace       used 54898K, committed 56000K, reserved 1114112K
  class space    used 5842K, committed 6336K, reserved 1048576K
GC Heap History (20 events):
Event: 33.597 GC heap after
{Heap after GC invocations=346 (full 15):
 PSYoungGen      total 10240K, used 4435K [0x00000000eab00000, 0x00000000eb980000, 0x0000000100000000)
  eden space 5632K, 0% used [0x00000000eab00000,0x00000000eab00000,0x00000000eb080000)
  from space 4608K, 96% used [0x00000000eb080000,0x00000000eb4d4c30,0x00000000eb500000)
  to   space 4608K, 0% used [0x00000000eb500000,0x00000000eb500000,0x00000000eb980000)
 ParOldGen       total 378880K, used 331906K [0x00000000c0000000, 0x00000000d7200000, 0x00000000eab00000)
  object space 378880K, 87% used [0x00000000c0000000,0x00000000d4420808,0x00000000d7200000)
 Metaspace       used 54879K, committed 56000K, reserved 1114112K
  class space    used 5842K, committed 6336K, reserved 1048576K
}
Event: 33.658 GC heap before
{Heap before GC invocations=347 (full 15):
 PSYoungGen      total 10240K, used 10067K [0x00000000eab00000, 0x00000000eb980000, 0x0000000100000000)
  eden space 5632K, 100% used [0x00000000eab00000,0x00000000eb080000,0x00000000eb080000)
  from space 4608K, 96% used [0x00000000eb080000,0x00000000eb4d4c30,0x00000000eb500000)
  to   space 4608K, 0% used [0x00000000eb500000,0x00000000eb500000,0x00000000eb980000)
 ParOldGen       total 378880K, used 331906K [0x00000000c0000000, 0x00000000d7200000, 0x00000000eab00000)
  object space 378880K, 87% used [0x00000000c0000000,0x00000000d4420808,0x00000000d7200000)
 Metaspace       used 54879K, committed 56000K, reserved 1114112K
  class space    used 5842K, committed 6336K, reserved 1048576K
}
Event: 33.662 GC heap after
{Heap after GC invocations=347 (full 15):
 PSYoungGen      total 5632K, used 4594K [0x00000000eab00000, 0x00000000ec280000, 0x0000000100000000)
  eden space 1024K, 0% used [0x00000000eab00000,0x00000000eab00000,0x00000000eac00000)
  from space 4608K, 99% used [0x00000000eb500000,0x00000000eb97c868,0x00000000eb980000)
  to   space 9216K, 0% used [0x00000000eac00000,0x00000000eac00000,0x00000000eb500000)
 ParOldGen       total 378880K, used 335707K [0x00000000c0000000, 0x00000000d7200000, 0x00000000eab00000)
  object space 378880K, 88% used [0x00000000c0000000,0x00000000d47d6c58,0x00000000d7200000)
 Metaspace       used 54879K, committed 56000K, reserved 1114112K
  class space    used 5842K, committed 6336K, reserved 1048576K
}
Event: 33.676 GC heap before
{Heap before GC invocations=348 (full 15):
 PSYoungGen      total 5632K, used 5618K [0x00000000eab00000, 0x00000000ec280000, 0x0000000100000000)
  eden space 1024K, 100% used [0x00000000eab00000,0x00000000eac00000,0x00000000eac00000)
  from space 4608K, 99% used [0x00000000eb500000,0x00000000eb97c868,0x00000000eb980000)
  to   space 9216K, 0% used [0x00000000eac00000,0x00000000eac00000,0x00000000eb500000)
 ParOldGen       total 378880K, used 335707K [0x00000000c0000000, 0x00000000d7200000, 0x00000000eab00000)
  object space 378880K, 88% used [0x00000000c0000000,0x00000000d47d6c58,0x00000000d7200000)
 Metaspace       used 54879K, committed 56000K, reserved 1114112K
  class space    used 5842K, committed 6336K, reserved 1048576K
}
Event: 33.680 GC heap after
{Heap after GC invocations=348 (full 15):
 PSYoungGen      total 2048K, used 867K [0x00000000eab00000, 0x00000000eb580000, 0x0000000100000000)
  eden space 1024K, 0% used [0x00000000eab00000,0x00000000eab00000,0x00000000eac00000)
  from space 1024K, 84% used [0x00000000eac00000,0x00000000eacd8ee8,0x00000000ead00000)
  to   space 4096K, 0% used [0x00000000eb180000,0x00000000eb180000,0x00000000eb580000)
 ParOldGen       total 378880K, used 340331K [0x00000000c0000000, 0x00000000d7200000, 0x00000000eab00000)
  object space 378880K, 89% used [0x00000000c0000000,0x00000000d4c5adf8,0x00000000d7200000)
 Metaspace       used 54879K, committed 56000K, reserved 1114112K
  class space    used 5842K, committed 6336K, reserved 1048576K
}
Event: 33.697 GC heap before
{Heap before GC invocations=349 (full 15):
 PSYoungGen      total 2048K, used 1877K [0x00000000eab00000, 0x00000000eb580000, 0x0000000100000000)
  eden space 1024K, 98% used [0x00000000eab00000,0x00000000eabfc600,0x00000000eac00000)
  from space 1024K, 84% used [0x00000000eac00000,0x00000000eacd8ee8,0x00000000ead00000)
  to   space 4096K, 0% used [0x00000000eb180000,0x00000000eb180000,0x00000000eb580000)
 ParOldGen       total 378880K, used 340331K [0x00000000c0000000, 0x00000000d7200000, 0x00000000eab00000)
  object space 378880K, 89% used [0x00000000c0000000,0x00000000d4c5adf8,0x00000000d7200000)
 Metaspace       used 54879K, committed 56000K, reserved 1114112K
  class space    used 5842K, committed 6336K, reserved 1048576K
}
Event: 33.700 GC heap after
{Heap after GC invocations=349 (full 15):
 PSYoungGen      total 2560K, used 839K [0x00000000eab00000, 0x00000000eb280000, 0x0000000100000000)
  eden space 1536K, 0% used [0x00000000eab00000,0x00000000eab00000,0x00000000eac80000)
  from space 1024K, 82% used [0x00000000eb180000,0x00000000eb251fa0,0x00000000eb280000)
  to   space 1536K, 0% used [0x00000000eaf80000,0x00000000eaf80000,0x00000000eb100000)
 ParOldGen       total 378880K, used 341111K [0x00000000c0000000, 0x00000000d7200000, 0x00000000eab00000)
  object space 378880K, 90% used [0x00000000c0000000,0x00000000d4d1dc70,0x00000000d7200000)
 Metaspace       used 54879K, committed 56000K, reserved 1114112K
  class space    used 5842K, committed 6336K, reserved 1048576K
}
Event: 33.719 GC heap before
{Heap before GC invocations=350 (full 15):
 PSYoungGen      total 2560K, used 2375K [0x00000000eab00000, 0x00000000eb280000, 0x0000000100000000)
  eden space 1536K, 100% used [0x00000000eab00000,0x00000000eac80000,0x00000000eac80000)
  from space 1024K, 82% used [0x00000000eb180000,0x00000000eb251fa0,0x00000000eb280000)
  to   space 1536K, 0% used [0x00000000eaf80000,0x00000000eaf80000,0x00000000eb100000)
 ParOldGen       total 378880K, used 341111K [0x00000000c0000000, 0x00000000d7200000, 0x00000000eab00000)
  object space 378880K, 90% used [0x00000000c0000000,0x00000000d4d1dc70,0x00000000d7200000)
 Metaspace       used 54879K, committed 56000K, reserved 1114112K
  class space    used 5842K, committed 6336K, reserved 1048576K
}
Event: 33.722 GC heap after
{Heap after GC invocations=350 (full 15):
 PSYoungGen      total 3584K, used 1344K [0x00000000eab00000, 0x00000000eb200000, 0x0000000100000000)
  eden space 2048K, 0% used [0x00000000eab00000,0x00000000eab00000,0x00000000ead00000)
  from space 1536K, 87% used [0x00000000eaf80000,0x00000000eb0d0000,0x00000000eb100000)
  to   space 1024K, 0% used [0x00000000eb100000,0x00000000eb100000,0x00000000eb200000)
 ParOldGen       total 378880K, used 341850K [0x00000000c0000000, 0x00000000d7200000, 0x00000000eab00000)
  object space 378880K, 90% used [0x00000000c0000000,0x00000000d4dd6be0,0x00000000d7200000)
 Metaspace       used 54879K, committed 56000K, reserved 1114112K
  class space    used 5842K, committed 6336K, reserved 1048576K
}
Event: 33.745 GC heap before
{Heap before GC invocations=351 (full 15):
 PSYoungGen      total 3584K, used 3392K [0x00000000eab00000, 0x00000000eb200000, 0x0000000100000000)
  eden space 2048K, 100% used [0x00000000eab00000,0x00000000ead00000,0x00000000ead00000)
  from space 1536K, 87% used [0x00000000eaf80000,0x00000000eb0d0000,0x00000000eb100000)
  to   space 1024K, 0% used [0x00000000eb100000,0x00000000eb100000,0x00000000eb200000)
 ParOldGen       total 378880K, used 341850K [0x00000000c0000000, 0x00000000d7200000, 0x00000000eab00000)
  object space 378880K, 90% used [0x00000000c0000000,0x00000000d4dd6be0,0x00000000d7200000)
 Metaspace       used 54879K, committed 56000K, reserved 1114112K
  class space    used 5842K, committed 6336K, reserved 1048576K
}
Event: 33.748 GC heap after
{Heap after GC invocations=351 (full 15):
 PSYoungGen      total 3584K, used 1022K [0x00000000eab00000, 0x00000000eb480000, 0x0000000100000000)
  eden space 2560K, 0% used [0x00000000eab00000,0x00000000eab00000,0x00000000ead80000)
  from space 1024K, 99% used [0x00000000eb100000,0x00000000eb1ffa18,0x00000000eb200000)
  to   space 3584K, 0% used [0x00000000ead80000,0x00000000ead80000,0x00000000eb100000)
 ParOldGen       total 378880K, used 343690K [0x00000000c0000000, 0x00000000d7200000, 0x00000000eab00000)
  object space 378880K, 90% used [0x00000000c0000000,0x00000000d4fa2b00,0x00000000d7200000)
 Metaspace       used 54879K, committed 56000K, reserved 1114112K
  class space    used 5842K, committed 6336K, reserved 1048576K
}
Event: 33.780 GC heap before
{Heap before GC invocations=352 (full 15):
 PSYoungGen      total 3584K, used 3582K [0x00000000eab00000, 0x00000000eb480000, 0x0000000100000000)
  eden space 2560K, 100% used [0x00000000eab00000,0x00000000ead80000,0x00000000ead80000)
  from space 1024K, 99% used [0x00000000eb100000,0x00000000eb1ffa18,0x00000000eb200000)
  to   space 3584K, 0% used [0x00000000ead80000,0x00000000ead80000,0x00000000eb100000)
 ParOldGen       total 378880K, used 343690K [0x00000000c0000000, 0x00000000d7200000, 0x00000000eab00000)
  object space 378880K, 90% used [0x00000000c0000000,0x00000000d4fa2b00,0x00000000d7200000)
 Metaspace       used 54879K, committed 56000K, reserved 1114112K
  class space    used 5842K, committed 6336K, reserved 1048576K
}
Event: 33.784 GC heap after
{Heap after GC invocations=352 (full 15):
 PSYoungGen      total 5120K, used 2119K [0x00000000eab00000, 0x00000000eb300000, 0x0000000100000000)
  eden space 2560K, 0% used [0x00000000eab00000,0x00000000eab00000,0x00000000ead80000)
  from space 2560K, 82% used [0x00000000ead80000,0x00000000eaf91fa0,0x00000000eb000000)
  to   space 2560K, 0% used [0x00000000eb080000,0x00000000eb080000,0x00000000eb300000)
 ParOldGen       total 378880K, used 344762K [0x00000000c0000000, 0x00000000d7200000, 0x00000000eab00000)
  object space 378880K, 90% used [0x00000000c0000000,0x00000000d50ae9c8,0x00000000d7200000)
 Metaspace       used 54879K, committed 56000K, reserved 1114112K
  class space    used 5842K, committed 6336K, reserved 1048576K
}
Event: 33.823 GC heap before
{Heap before GC invocations=353 (full 15):
 PSYoungGen      total 5120K, used 4675K [0x00000000eab00000, 0x00000000eb300000, 0x0000000100000000)
  eden space 2560K, 99% used [0x00000000eab00000,0x00000000ead7ef70,0x00000000ead80000)
  from space 2560K, 82% used [0x00000000ead80000,0x00000000eaf91fa0,0x00000000eb000000)
  to   space 2560K, 0% used [0x00000000eb080000,0x00000000eb080000,0x00000000eb300000)
 ParOldGen       total 378880K, used 344762K [0x00000000c0000000, 0x00000000d7200000, 0x00000000eab00000)
  object space 378880K, 90% used [0x00000000c0000000,0x00000000d50ae9c8,0x00000000d7200000)
 Metaspace       used 54879K, committed 56000K, reserved 1114112K
  class space    used 5842K, committed 6336K, reserved 1048576K
}
Event: 33.825 GC heap after
{Heap after GC invocations=353 (full 15):
 PSYoungGen      total 5632K, used 2003K [0x00000000eab00000, 0x00000000eb300000, 0x0000000100000000)
  eden space 3072K, 0% used [0x00000000eab00000,0x00000000eab00000,0x00000000eae00000)
  from space 2560K, 78% used [0x00000000eb080000,0x00000000eb274fd0,0x00000000eb300000)
  to   space 2560K, 0% used [0x00000000eae00000,0x00000000eae00000,0x00000000eb080000)
 ParOldGen       total 378880K, used 346772K [0x00000000c0000000, 0x00000000d7200000, 0x00000000eab00000)
  object space 378880K, 91% used [0x00000000c0000000,0x00000000d52a53e8,0x00000000d7200000)
 Metaspace       used 54879K, committed 56000K, reserved 1114112K
  class space    used 5842K, committed 6336K, reserved 1048576K
}
Event: 33.853 GC heap before
{Heap before GC invocations=354 (full 15):
 PSYoungGen      total 5632K, used 5075K [0x00000000eab00000, 0x00000000eb300000, 0x0000000100000000)
  eden space 3072K, 100% used [0x00000000eab00000,0x00000000eae00000,0x00000000eae00000)
  from space 2560K, 78% used [0x00000000eb080000,0x00000000eb274fd0,0x00000000eb300000)
  to   space 2560K, 0% used [0x00000000eae00000,0x00000000eae00000,0x00000000eb080000)
 ParOldGen       total 378880K, used 346772K [0x00000000c0000000, 0x00000000d7200000, 0x00000000eab00000)
  object space 378880K, 91% used [0x00000000c0000000,0x00000000d52a53e8,0x00000000d7200000)
 Metaspace       used 54879K, committed 56000K, reserved 1114112K
  class space    used 5842K, committed 6336K, reserved 1048576K
}
Event: 33.857 GC heap after
{Heap after GC invocations=354 (full 15):
 PSYoungGen      total 5632K, used 2551K [0x00000000eab00000, 0x00000000eb880000, 0x0000000100000000)
  eden space 3072K, 0% used [0x00000000eab00000,0x00000000eab00000,0x00000000eae00000)
  from space 2560K, 99% used [0x00000000eae00000,0x00000000eb07dee8,0x00000000eb080000)
  to   space 5120K, 0% used [0x00000000eb380000,0x00000000eb380000,0x00000000eb880000)
 ParOldGen       total 378880K, used 348720K [0x00000000c0000000, 0x00000000d7200000, 0x00000000eab00000)
  object space 378880K, 92% used [0x00000000c0000000,0x00000000d548c3b0,0x00000000d7200000)
 Metaspace       used 54879K, committed 56000K, reserved 1114112K
  class space    used 5842K, committed 6336K, reserved 1048576K
}
Event: 33.893 GC heap before
{Heap before GC invocations=355 (full 15):
 PSYoungGen      total 5632K, used 5321K [0x00000000eab00000, 0x00000000eb880000, 0x0000000100000000)
  eden space 3072K, 90% used [0x00000000eab00000,0x00000000eadb48b8,0x00000000eae00000)
  from space 2560K, 99% used [0x00000000eae00000,0x00000000eb07dee8,0x00000000eb080000)
  to   space 5120K, 0% used [0x00000000eb380000,0x00000000eb380000,0x00000000eb880000)
 ParOldGen       total 378880K, used 348720K [0x00000000c0000000, 0x00000000d7200000, 0x00000000eab00000)
  object space 378880K, 92% used [0x00000000c0000000,0x00000000d548c3b0,0x00000000d7200000)
 Metaspace       used 54893K, committed 56000K, reserved 1114112K
  class space    used 5842K, committed 6336K, reserved 1048576K
}
Event: 33.897 GC heap after
{Heap after GC invocations=355 (full 15):
 PSYoungGen      total 6144K, used 2159K [0x00000000eab00000, 0x00000000eb600000, 0x0000000100000000)
  eden space 3584K, 0% used [0x00000000eab00000,0x00000000eab00000,0x00000000eae80000)
  from space 2560K, 84% used [0x00000000eb380000,0x00000000eb59bd20,0x00000000eb600000)
  to   space 3072K, 0% used [0x00000000eb000000,0x00000000eb000000,0x00000000eb300000)
 ParOldGen       total 378880K, used 351321K [0x00000000c0000000, 0x00000000d7200000, 0x00000000eab00000)
  object space 378880K, 92% used [0x00000000c0000000,0x00000000d57166f0,0x00000000d7200000)
 Metaspace       used 54893K, committed 56000K, reserved 1114112K
  class space    used 5842K, committed 6336K, reserved 1048576K
}
Event: 33.962 GC heap before
{Heap before GC invocations=356 (full 15):
 PSYoungGen      total 6144K, used 5743K [0x00000000eab00000, 0x00000000eb600000, 0x0000000100000000)
  eden space 3584K, 100% used [0x00000000eab00000,0x00000000eae80000,0x00000000eae80000)
  from space 2560K, 84% used [0x00000000eb380000,0x00000000eb59bd20,0x00000000eb600000)
  to   space 3072K, 0% used [0x00000000eb000000,0x00000000eb000000,0x00000000eb300000)
 ParOldGen       total 378880K, used 351321K [0x00000000c0000000, 0x00000000d7200000, 0x00000000eab00000)
  object space 378880K, 92% used [0x00000000c0000000,0x00000000d57166f0,0x00000000d7200000)
 Metaspace       used 54898K, committed 56000K, reserved 1114112K
  class space    used 5842K, committed 6336K, reserved 1048576K
}

