# JRE version: OpenJDK Runtime Environment Temurin-17.0.10+7 (17.0.10+7) (build 17.0.10+7)
# Java VM: OpenJDK 64-Bit Server VM Temurin-17.0.10+7 (17.0.10+7, mixed mode, tiered, compressed oops, compressed class ptrs, parallel gc, windows-amd64)
GC Precious Log:
 CPUs: 8 total, 8 available
 Memory: 32674M
 Large Page Support: Disabled
 NUMA Support: Disabled
 Compressed Oops: Enabled (32-bit)
 Alignments: Space 512K, Generation 512K, Heap 2M
 Heap Min Capacity: 100M
 Heap Initial Capacity: 100M
 Heap Max Capacity: 1G
 Pre-touch: Disabled
 Parallel Workers: 8
Heap:
 PSYoungGen      total 9216K, used 1711K [0x00000000eab00000, 0x00000000eb600000, 0x0000000100000000)
  eden space 7168K, 0% used [0x00000000eab00000,0x00000000eab00000,0x00000000eb200000)
  from space 2048K, 83% used [0x00000000eb400000,0x00000000eb5abf28,0x00000000eb600000)
  to   space 2048K, 0% used [0x00000000eb200000,0x00000000eb200000,0x00000000eb400000)
 ParOldGen       total 113664K, used 112593K [0x00000000c0000000, 0x00000000c6f00000, 0x00000000eab00000)
  object space 113664K, 99% used [0x00000000c0000000,0x00000000c6df46a8,0x00000000c6f00000)
 Metaspace       used 54769K, committed 55744K, reserved 1114112K
  class space    used 5827K, committed 6272K, reserved 1048576K
GC Heap History (20 events):
Event: 23.763 GC heap after
{Heap after GC invocations=71 (full 4):
 PSYoungGen      total 9216K, used 1654K [0x00000000eab00000, 0x00000000eb600000, 0x0000000100000000)
  eden space 7168K, 0% used [0x00000000eab00000,0x00000000eab00000,0x00000000eb200000)
  from space 2048K, 80% used [0x00000000eb200000,0x00000000eb39db30,0x00000000eb400000)
  to   space 2048K, 0% used [0x00000000eb400000,0x00000000eb400000,0x00000000eb600000)
 ParOldGen       total 113664K, used 98241K [0x00000000c0000000, 0x00000000c6f00000, 0x00000000eab00000)
  object space 113664K, 86% used [0x00000000c0000000,0x00000000c5ff06e8,0x00000000c6f00000)
 Metaspace       used 54753K, committed 55744K, reserved 1114112K
  class space    used 5824K, committed 6272K, reserved 1048576K
}
Event: 23.782 GC heap before
{Heap before GC invocations=72 (full 4):
 PSYoungGen      total 9216K, used 8822K [0x00000000eab00000, 0x00000000eb600000, 0x0000000100000000)
  eden space 7168K, 100% used [0x00000000eab00000,0x00000000eb200000,0x00000000eb200000)
  from space 2048K, 80% used [0x00000000eb200000,0x00000000eb39db30,0x00000000eb400000)
  to   space 2048K, 0% used [0x00000000eb400000,0x00000000eb400000,0x00000000eb600000)
 ParOldGen       total 113664K, used 98241K [0x00000000c0000000, 0x00000000c6f00000, 0x00000000eab00000)
  object space 113664K, 86% used [0x00000000c0000000,0x00000000c5ff06e8,0x00000000c6f00000)
 Metaspace       used 54753K, committed 55744K, reserved 1114112K
  class space    used 5824K, committed 6272K, reserved 1048576K
}
Event: 23.784 GC heap after
{Heap after GC invocations=72 (full 4):
 PSYoungGen      total 9216K, used 1837K [0x00000000eab00000, 0x00000000eb600000, 0x0000000100000000)
  eden space 7168K, 0% used [0x00000000eab00000,0x00000000eab00000,0x00000000eb200000)
  from space 2048K, 89% used [0x00000000eb400000,0x00000000eb5cb748,0x00000000eb600000)
  to   space 2048K, 0% used [0x00000000eb200000,0x00000000eb200000,0x00000000eb400000)
 ParOldGen       total 113664K, used 99777K [0x00000000c0000000, 0x00000000c6f00000, 0x00000000eab00000)
  object space 113664K, 87% used [0x00000000c0000000,0x00000000c6170778,0x00000000c6f00000)
 Metaspace       used 54753K, committed 55744K, reserved 1114112K
  class space    used 5824K, committed 6272K, reserved 1048576K
}
Event: 23.800 GC heap before
{Heap before GC invocations=73 (full 4):
 PSYoungGen      total 9216K, used 9005K [0x00000000eab00000, 0x00000000eb600000, 0x0000000100000000)
  eden space 7168K, 100% used [0x00000000eab00000,0x00000000eb200000,0x00000000eb200000)
  from space 2048K, 89% used [0x00000000eb400000,0x00000000eb5cb748,0x00000000eb600000)
  to   space 2048K, 0% used [0x00000000eb200000,0x00000000eb200000,0x00000000eb400000)
 ParOldGen       total 113664K, used 99777K [0x00000000c0000000, 0x00000000c6f00000, 0x00000000eab00000)
  object space 113664K, 87% used [0x00000000c0000000,0x00000000c6170778,0x00000000c6f00000)
 Metaspace       used 54769K, committed 55744K, reserved 1114112K
  class space    used 5827K, committed 6272K, reserved 1048576K
}
Event: 23.801 GC heap after
{Heap after GC invocations=73 (full 4):
 PSYoungGen      total 9216K, used 1743K [0x00000000eab00000, 0x00000000eb600000, 0x0000000100000000)
  eden space 7168K, 0% used [0x00000000eab00000,0x00000000eab00000,0x00000000eb200000)
  from space 2048K, 85% used [0x00000000eb200000,0x00000000eb3b3ea0,0x00000000eb400000)
  to   space 2048K, 0% used [0x00000000eb400000,0x00000000eb400000,0x00000000eb600000)
 ParOldGen       total 113664K, used 101551K [0x00000000c0000000, 0x00000000c6f00000, 0x00000000eab00000)
  object space 113664K, 89% used [0x00000000c0000000,0x00000000c632bf38,0x00000000c6f00000)
 Metaspace       used 54769K, committed 55744K, reserved 1114112K
  class space    used 5827K, committed 6272K, reserved 1048576K
}
Event: 23.819 GC heap before
{Heap before GC invocations=74 (full 4):
 PSYoungGen      total 9216K, used 8911K [0x00000000eab00000, 0x00000000eb600000, 0x0000000100000000)
  eden space 7168K, 100% used [0x00000000eab00000,0x00000000eb200000,0x00000000eb200000)
  from space 2048K, 85% used [0x00000000eb200000,0x00000000eb3b3ea0,0x00000000eb400000)
  to   space 2048K, 0% used [0x00000000eb400000,0x00000000eb400000,0x00000000eb600000)
 ParOldGen       total 113664K, used 101551K [0x00000000c0000000, 0x00000000c6f00000, 0x00000000eab00000)
  object space 113664K, 89% used [0x00000000c0000000,0x00000000c632bf38,0x00000000c6f00000)
 Metaspace       used 54769K, committed 55744K, reserved 1114112K
  class space    used 5827K, committed 6272K, reserved 1048576K
}
Event: 23.820 GC heap after
{Heap after GC invocations=74 (full 4):
 PSYoungGen      total 9216K, used 1640K [0x00000000eab00000, 0x00000000eb600000, 0x0000000100000000)
  eden space 7168K, 0% used [0x00000000eab00000,0x00000000eab00000,0x00000000eb200000)
  from space 2048K, 80% used [0x00000000eb400000,0x00000000eb59a050,0x00000000eb600000)
  to   space 2048K, 0% used [0x00000000eb200000,0x00000000eb200000,0x00000000eb400000)
 ParOldGen       total 113664K, used 103205K [0x00000000c0000000, 0x00000000c6f00000, 0x00000000eab00000)
  object space 113664K, 90% used [0x00000000c0000000,0x00000000c64c9740,0x00000000c6f00000)
 Metaspace       used 54769K, committed 55744K, reserved 1114112K
  class space    used 5827K, committed 6272K, reserved 1048576K
}
Event: 23.838 GC heap before
{Heap before GC invocations=75 (full 4):
 PSYoungGen      total 9216K, used 8808K [0x00000000eab00000, 0x00000000eb600000, 0x0000000100000000)
  eden space 7168K, 100% used [0x00000000eab00000,0x00000000eb200000,0x00000000eb200000)
  from space 2048K, 80% used [0x00000000eb400000,0x00000000eb59a050,0x00000000eb600000)
  to   space 2048K, 0% used [0x00000000eb200000,0x00000000eb200000,0x00000000eb400000)
 ParOldGen       total 113664K, used 103205K [0x00000000c0000000, 0x00000000c6f00000, 0x00000000eab00000)
  object space 113664K, 90% used [0x00000000c0000000,0x00000000c64c9740,0x00000000c6f00000)
 Metaspace       used 54769K, committed 55744K, reserved 1114112K
  class space    used 5827K, committed 6272K, reserved 1048576K
}
Event: 23.839 GC heap after
{Heap after GC invocations=75 (full 4):
 PSYoungGen      total 9216K, used 1609K [0x00000000eab00000, 0x00000000eb600000, 0x0000000100000000)
  eden space 7168K, 0% used [0x00000000eab00000,0x00000000eab00000,0x00000000eb200000)
  from space 2048K, 78% used [0x00000000eb200000,0x00000000eb392720,0x00000000eb400000)
  to   space 2048K, 0% used [0x00000000eb400000,0x00000000eb400000,0x00000000eb600000)
 ParOldGen       total 113664K, used 104756K [0x00000000c0000000, 0x00000000c6f00000, 0x00000000eab00000)
  object space 113664K, 92% used [0x00000000c0000000,0x00000000c664d140,0x00000000c6f00000)
 Metaspace       used 54769K, committed 55744K, reserved 1114112K
  class space    used 5827K, committed 6272K, reserved 1048576K
}
Event: 23.862 GC heap before
{Heap before GC invocations=76 (full 4):
 PSYoungGen      total 9216K, used 8777K [0x00000000eab00000, 0x00000000eb600000, 0x0000000100000000)
  eden space 7168K, 100% used [0x00000000eab00000,0x00000000eb200000,0x00000000eb200000)
  from space 2048K, 78% used [0x00000000eb200000,0x00000000eb392720,0x00000000eb400000)
  to   space 2048K, 0% used [0x00000000eb400000,0x00000000eb400000,0x00000000eb600000)
 ParOldGen       total 113664K, used 104756K [0x00000000c0000000, 0x00000000c6f00000, 0x00000000eab00000)
  object space 113664K, 92% used [0x00000000c0000000,0x00000000c664d140,0x00000000c6f00000)
 Metaspace       used 54769K, committed 55744K, reserved 1114112K
  class space    used 5827K, committed 6272K, reserved 1048576K
}
Event: 23.864 GC heap after
{Heap after GC invocations=76 (full 4):
 PSYoungGen      total 9216K, used 1630K [0x00000000eab00000, 0x00000000eb600000, 0x0000000100000000)
  eden space 7168K, 0% used [0x00000000eab00000,0x00000000eab00000,0x00000000eb200000)
  from space 2048K, 79% used [0x00000000eb400000,0x00000000eb597b20,0x00000000eb600000)
  to   space 2048K, 0% used [0x00000000eb200000,0x00000000eb200000,0x00000000eb400000)
 ParOldGen       total 113664K, used 106270K [0x00000000c0000000, 0x00000000c6f00000, 0x00000000eab00000)
  object space 113664K, 93% used [0x00000000c0000000,0x00000000c67c79c8,0x00000000c6f00000)
 Metaspace       used 54769K, committed 55744K, reserved 1114112K
  class space    used 5827K, committed 6272K, reserved 1048576K
}
Event: 23.888 GC heap before
{Heap before GC invocations=77 (full 4):
 PSYoungGen      total 9216K, used 8798K [0x00000000eab00000, 0x00000000eb600000, 0x0000000100000000)
  eden space 7168K, 100% used [0x00000000eab00000,0x00000000eb200000,0x00000000eb200000)
  from space 2048K, 79% used [0x00000000eb400000,0x00000000eb597b20,0x00000000eb600000)
  to   space 2048K, 0% used [0x00000000eb200000,0x00000000eb200000,0x00000000eb400000)
 ParOldGen       total 113664K, used 106270K [0x00000000c0000000, 0x00000000c6f00000, 0x00000000eab00000)
  object space 113664K, 93% used [0x00000000c0000000,0x00000000c67c79c8,0x00000000c6f00000)
 Metaspace       used 54769K, committed 55744K, reserved 1114112K
  class space    used 5827K, committed 6272K, reserved 1048576K
}
Event: 23.889 GC heap after
{Heap after GC invocations=77 (full 4):
 PSYoungGen      total 9216K, used 1611K [0x00000000eab00000, 0x00000000eb600000, 0x0000000100000000)
  eden space 7168K, 0% used [0x00000000eab00000,0x00000000eab00000,0x00000000eb200000)
  from space 2048K, 78% used [0x00000000eb200000,0x00000000eb392db8,0x00000000eb400000)
  to   space 2048K, 0% used [0x00000000eb400000,0x00000000eb400000,0x00000000eb600000)
 ParOldGen       total 113664K, used 107793K [0x00000000c0000000, 0x00000000c6f00000, 0x00000000eab00000)
  object space 113664K, 94% used [0x00000000c0000000,0x00000000c69445b8,0x00000000c6f00000)
 Metaspace       used 54769K, committed 55744K, reserved 1114112K
  class space    used 5827K, committed 6272K, reserved 1048576K
}
Event: 23.915 GC heap before
{Heap before GC invocations=78 (full 4):
 PSYoungGen      total 9216K, used 8779K [0x00000000eab00000, 0x00000000eb600000, 0x0000000100000000)
  eden space 7168K, 100% used [0x00000000eab00000,0x00000000eb200000,0x00000000eb200000)
  from space 2048K, 78% used [0x00000000eb200000,0x00000000eb392db8,0x00000000eb400000)
  to   space 2048K, 0% used [0x00000000eb400000,0x00000000eb400000,0x00000000eb600000)
 ParOldGen       total 113664K, used 107793K [0x00000000c0000000, 0x00000000c6f00000, 0x00000000eab00000)
  object space 113664K, 94% used [0x00000000c0000000,0x00000000c69445b8,0x00000000c6f00000)
 Metaspace       used 54769K, committed 55744K, reserved 1114112K
  class space    used 5827K, committed 6272K, reserved 1048576K
}
Event: 23.916 GC heap after
{Heap after GC invocations=78 (full 4):
 PSYoungGen      total 9216K, used 1634K [0x00000000eab00000, 0x00000000eb600000, 0x0000000100000000)
  eden space 7168K, 0% used [0x00000000eab00000,0x00000000eab00000,0x00000000eb200000)
  from space 2048K, 79% used [0x00000000eb400000,0x00000000eb598b40,0x00000000eb600000)
  to   space 2048K, 0% used [0x00000000eb200000,0x00000000eb200000,0x00000000eb400000)
 ParOldGen       total 113664K, used 109283K [0x00000000c0000000, 0x00000000c6f00000, 0x00000000eab00000)
  object space 113664K, 96% used [0x00000000c0000000,0x00000000c6ab8d00,0x00000000c6f00000)
 Metaspace       used 54769K, committed 55744K, reserved 1114112K
  class space    used 5827K, committed 6272K, reserved 1048576K
}
Event: 23.932 GC heap before
{Heap before GC invocations=79 (full 4):
 PSYoungGen      total 9216K, used 8802K [0x00000000eab00000, 0x00000000eb600000, 0x0000000100000000)
  eden space 7168K, 100% used [0x00000000eab00000,0x00000000eb200000,0x00000000eb200000)
  from space 2048K, 79% used [0x00000000eb400000,0x00000000eb598b40,0x00000000eb600000)
  to   space 2048K, 0% used [0x00000000eb200000,0x00000000eb200000,0x00000000eb400000)
 ParOldGen       total 113664K, used 109283K [0x00000000c0000000, 0x00000000c6f00000, 0x00000000eab00000)
  object space 113664K, 96% used [0x00000000c0000000,0x00000000c6ab8d00,0x00000000c6f00000)
 Metaspace       used 54769K, committed 55744K, reserved 1114112K
  class space    used 5827K, committed 6272K, reserved 1048576K
}
Event: 23.933 GC heap after
{Heap after GC invocations=79 (full 4):
 PSYoungGen      total 9216K, used 1861K [0x00000000eab00000, 0x00000000eb600000, 0x0000000100000000)
  eden space 7168K, 0% used [0x00000000eab00000,0x00000000eab00000,0x00000000eb200000)
  from space 2048K, 90% used [0x00000000eb200000,0x00000000eb3d1668,0x00000000eb400000)
  to   space 2048K, 0% used [0x00000000eb400000,0x00000000eb400000,0x00000000eb600000)
 ParOldGen       total 113664K, used 110819K [0x00000000c0000000, 0x00000000c6f00000, 0x00000000eab00000)
  object space 113664K, 97% used [0x00000000c0000000,0x00000000c6c38d08,0x00000000c6f00000)
 Metaspace       used 54769K, committed 55744K, reserved 1114112K
  class space    used 5827K, committed 6272K, reserved 1048576K
}
Event: 23.955 GC heap before
{Heap before GC invocations=80 (full 4):
 PSYoungGen      total 9216K, used 9029K [0x00000000eab00000, 0x00000000eb600000, 0x0000000100000000)
  eden space 7168K, 100% used [0x00000000eab00000,0x00000000eb200000,0x00000000eb200000)
  from space 2048K, 90% used [0x00000000eb200000,0x00000000eb3d1668,0x00000000eb400000)
  to   space 2048K, 0% used [0x00000000eb400000,0x00000000eb400000,0x00000000eb600000)
 ParOldGen       total 113664K, used 110819K [0x00000000c0000000, 0x00000000c6f00000, 0x00000000eab00000)
  object space 113664K, 97% used [0x00000000c0000000,0x00000000c6c38d08,0x00000000c6f00000)
 Metaspace       used 54769K, committed 55744K, reserved 1114112K
  class space    used 5827K, committed 6272K, reserved 1048576K
}
Event: 23.956 GC heap after
{Heap after GC invocations=80 (full 4):
 PSYoungGen      total 9216K, used 1711K [0x00000000eab00000, 0x00000000eb600000, 0x0000000100000000)
  eden space 7168K, 0% used [0x00000000eab00000,0x00000000eab00000,0x00000000eb200000)
  from space 2048K, 83% used [0x00000000eb400000,0x00000000eb5abf28,0x00000000eb600000)
  to   space 2048K, 0% used [0x00000000eb200000,0x00000000eb200000,0x00000000eb400000)
 ParOldGen       total 113664K, used 112593K [0x00000000c0000000, 0x00000000c6f00000, 0x00000000eab00000)
  object space 113664K, 99% used [0x00000000c0000000,0x00000000c6df46a8,0x00000000c6f00000)
 Metaspace       used 54769K, committed 55744K, reserved 1114112K
  class space    used 5827K, committed 6272K, reserved 1048576K
}
Event: 23.956 GC heap before
{Heap before GC invocations=81 (full 5):
 PSYoungGen      total 9216K, used 1711K [0x00000000eab00000, 0x00000000eb600000, 0x0000000100000000)
  eden space 7168K, 0% used [0x00000000eab00000,0x00000000eab00000,0x00000000eb200000)
  from space 2048K, 83% used [0x00000000eb400000,0x00000000eb5abf28,0x00000000eb600000)
  to   space 2048K, 0% used [0x00000000eb200000,0x00000000eb200000,0x00000000eb400000)
 ParOldGen       total 113664K, used 112593K [0x00000000c0000000, 0x00000000c6f00000, 0x00000000eab00000)
  object space 113664K, 99% used [0x00000000c0000000,0x00000000c6df46a8,0x00000000c6f00000)
 Metaspace       used 54769K, committed 55744K, reserved 1114112K
  class space    used 5827K, committed 6272K, reserved 1048576K
}

