# JRE version: Java(TM) SE Runtime Environment (17.0.9+11) (build 17.0.9+11-LTS-201)
# Java VM: Java HotSpot(TM) 64-Bit Server VM (17.0.9+11-LTS-201, mixed mode, sharing, tiered, compressed oops, compressed class ptrs, g1 gc, windows-amd64)
GC Precious Log:
 CPUs: 8 total, 8 available
 Memory: 32674M
 Large Page Support: Disabled
 NUMA Support: Disabled
 Compressed Oops: Enabled (32-bit)
 Heap Region Size: 1M
 Heap Min Capacity: 256M
 Heap Initial Capacity: 256M
 Heap Max Capacity: 512M
 Pre-touch: Disabled
 Parallel Workers: 8
 Concurrent Workers: 2
 Concurrent Refinement Workers: 8
 Periodic GC: Disabled
Heap:
 garbage-first heap   total 262144K, used 133750K [0x00000000e0000000, 0x0000000100000000)
  region size 1024K, 12 young (12288K), 4 survivors (4096K)
 Metaspace       used 77702K, committed 78912K, reserved 458752K
  class space    used 10574K, committed 11136K, reserved 327680K
GC Heap History (20 events):
Event: 216.905 GC heap before
{Heap before GC invocations=16 (full 0):
 garbage-first heap   total 262144K, used 212023K [0x00000000e0000000, 0x0000000100000000)
  region size 1024K, 90 young (92160K), 9 survivors (9216K)
 Metaspace       used 73870K, committed 74880K, reserved 393216K
  class space    used 10153K, committed 10624K, reserved 327680K
}
Event: 216.910 GC heap after
{Heap after GC invocations=17 (full 0):
 garbage-first heap   total 262144K, used 131468K [0x00000000e0000000, 0x0000000100000000)
  region size 1024K, 4 young (4096K), 4 survivors (4096K)
 Metaspace       used 73870K, committed 74880K, reserved 393216K
  class space    used 10153K, committed 10624K, reserved 327680K
}
Event: 245.970 GC heap before
{Heap before GC invocations=18 (full 0):
 garbage-first heap   total 262144K, used 210316K [0x00000000e0000000, 0x0000000100000000)
  region size 1024K, 85 young (87040K), 4 survivors (4096K)
 Metaspace       used 75861K, committed 76992K, reserved 458752K
  class space    used 10378K, committed 10880K, reserved 327680K
}
Event: 245.977 GC heap after
{Heap after GC invocations=19 (full 0):
 garbage-first heap   total 262144K, used 136083K [0x00000000e0000000, 0x0000000100000000)
  region size 1024K, 11 young (11264K), 11 survivors (11264K)
 Metaspace       used 75861K, committed 76992K, reserved 458752K
  class space    used 10378K, committed 10880K, reserved 327680K
}
Event: 246.005 GC heap before
{Heap before GC invocations=19 (full 0):
 garbage-first heap   total 262144K, used 136083K [0x00000000e0000000, 0x0000000100000000)
  region size 1024K, 12 young (12288K), 11 survivors (11264K)
 Metaspace       used 75863K, committed 76992K, reserved 458752K
  class space    used 10378K, committed 10880K, reserved 327680K
}
Event: 246.013 GC heap after
{Heap after GC invocations=20 (full 0):
 garbage-first heap   total 262144K, used 129558K [0x00000000e0000000, 0x0000000100000000)
  region size 1024K, 2 young (2048K), 2 survivors (2048K)
 Metaspace       used 75863K, committed 76992K, reserved 458752K
  class space    used 10378K, committed 10880K, reserved 327680K
}
Event: 246.809 GC heap before
{Heap before GC invocations=20 (full 0):
 garbage-first heap   total 262144K, used 212502K [0x00000000e0000000, 0x0000000100000000)
  region size 1024K, 83 young (84992K), 2 survivors (2048K)
 Metaspace       used 75951K, committed 77056K, reserved 458752K
  class space    used 10378K, committed 10880K, reserved 327680K
}
Event: 246.814 GC heap after
{Heap after GC invocations=21 (full 0):
 garbage-first heap   total 262144K, used 136963K [0x00000000e0000000, 0x0000000100000000)
  region size 1024K, 9 young (9216K), 9 survivors (9216K)
 Metaspace       used 75951K, committed 77056K, reserved 458752K
  class space    used 10378K, committed 10880K, reserved 327680K
}
Event: 247.254 GC heap before
{Heap before GC invocations=22 (full 0):
 garbage-first heap   total 262144K, used 209667K [0x00000000e0000000, 0x0000000100000000)
  region size 1024K, 83 young (84992K), 9 survivors (9216K)
 Metaspace       used 75979K, committed 77056K, reserved 458752K
  class space    used 10382K, committed 10880K, reserved 327680K
}
Event: 247.260 GC heap after
{Heap after GC invocations=23 (full 0):
 garbage-first heap   total 262144K, used 135542K [0x00000000e0000000, 0x0000000100000000)
  region size 1024K, 6 young (6144K), 6 survivors (6144K)
 Metaspace       used 75979K, committed 77056K, reserved 458752K
  class space    used 10382K, committed 10880K, reserved 327680K
}
Event: 247.307 GC heap before
{Heap before GC invocations=23 (full 0):
 garbage-first heap   total 262144K, used 141686K [0x00000000e0000000, 0x0000000100000000)
  region size 1024K, 12 young (12288K), 6 survivors (6144K)
 Metaspace       used 76011K, committed 77120K, reserved 458752K
  class space    used 10384K, committed 10880K, reserved 327680K
}
Event: 247.315 GC heap after
{Heap after GC invocations=24 (full 0):
 garbage-first heap   total 262144K, used 120171K [0x00000000e0000000, 0x0000000100000000)
  region size 1024K, 2 young (2048K), 2 survivors (2048K)
 Metaspace       used 76011K, committed 77120K, reserved 458752K
  class space    used 10384K, committed 10880K, reserved 327680K
}
Event: 256.170 GC heap before
{Heap before GC invocations=24 (full 0):
 garbage-first heap   total 262144K, used 211307K [0x00000000e0000000, 0x0000000100000000)
  region size 1024K, 92 young (94208K), 2 survivors (2048K)
 Metaspace       used 76157K, committed 77248K, reserved 458752K
  class space    used 10388K, committed 10880K, reserved 327680K
}
Event: 256.178 GC heap after
{Heap after GC invocations=25 (full 0):
 garbage-first heap   total 262144K, used 129024K [0x00000000e0000000, 0x0000000100000000)
  region size 1024K, 10 young (10240K), 10 survivors (10240K)
 Metaspace       used 76157K, committed 77248K, reserved 458752K
  class space    used 10388K, committed 10880K, reserved 327680K
}
Event: 427.575 GC heap before
{Heap before GC invocations=26 (full 0):
 garbage-first heap   total 262144K, used 211968K [0x00000000e0000000, 0x0000000100000000)
  region size 1024K, 92 young (94208K), 10 survivors (10240K)
 Metaspace       used 77676K, committed 78848K, reserved 458752K
  class space    used 10572K, committed 11136K, reserved 327680K
}
Event: 427.584 GC heap after
{Heap after GC invocations=27 (full 0):
 garbage-first heap   total 262144K, used 126656K [0x00000000e0000000, 0x0000000100000000)
  region size 1024K, 6 young (6144K), 6 survivors (6144K)
 Metaspace       used 77676K, committed 78848K, reserved 458752K
  class space    used 10572K, committed 11136K, reserved 327680K
}
Event: 427.631 GC heap before
{Heap before GC invocations=27 (full 0):
 garbage-first heap   total 262144K, used 131776K [0x00000000e0000000, 0x0000000100000000)
  region size 1024K, 12 young (12288K), 6 survivors (6144K)
 Metaspace       used 77676K, committed 78848K, reserved 458752K
  class space    used 10572K, committed 11136K, reserved 327680K
}
Event: 427.637 GC heap after
{Heap after GC invocations=28 (full 0):
 garbage-first heap   total 262144K, used 124115K [0x00000000e0000000, 0x0000000100000000)
  region size 1024K, 2 young (2048K), 2 survivors (2048K)
 Metaspace       used 77676K, committed 78848K, reserved 458752K
  class space    used 10572K, committed 11136K, reserved 327680K
}
Event: 428.037 GC heap before
{Heap before GC invocations=28 (full 0):
 garbage-first heap   total 262144K, used 212179K [0x00000000e0000000, 0x0000000100000000)
  region size 1024K, 88 young (90112K), 2 survivors (2048K)
 Metaspace       used 77679K, committed 78848K, reserved 458752K
  class space    used 10572K, committed 11136K, reserved 327680K
}
Event: 428.040 GC heap after
{Heap after GC invocations=29 (full 0):
 garbage-first heap   total 262144K, used 126582K [0x00000000e0000000, 0x0000000100000000)
  region size 1024K, 4 young (4096K), 4 survivors (4096K)
 Metaspace       used 77679K, committed 78848K, reserved 458752K
  class space    used 10572K, committed 11136K, reserved 327680K
}

