# JRE version: OpenJDK Runtime Environment Temurin-17.0.10+7 (17.0.10+7) (build 17.0.10+7)
# Java VM: OpenJDK 64-Bit Server VM Temurin-17.0.10+7 (17.0.10+7, mixed mode, tiered, compressed oops, compressed class ptrs, parallel gc, windows-amd64)
GC Precious Log:
 CPUs: 8 total, 8 available
 Memory: 32674M
 Large Page Support: Disabled
 NUMA Support: Disabled
 Compressed Oops: Enabled (32-bit)
 Alignments: Space 512K, Generation 512K, Heap 2M
 Heap Min Capacity: 100M
 Heap Initial Capacity: 100M
 Heap Max Capacity: 1G
 Pre-touch: Disabled
 Parallel Workers: 8
Heap:
 PSYoungGen      total 64000K, used 63992K [0x00000000eab00000, 0x00000000f0400000, 0x0000000100000000)
  eden space 49664K, 100% used [0x00000000eab00000,0x00000000edb80000,0x00000000edb80000)
  from space 14336K, 99% used [0x00000000edb80000,0x00000000ee97e010,0x00000000ee980000)
  to   space 20480K, 62% used [0x00000000ef000000,0x00000000efc96010,0x00000000f0400000)
 ParOldGen       total 338944K, used 335564K [0x00000000c0000000, 0x00000000d4b00000, 0x00000000eab00000)
  object space 338944K, 99% used [0x00000000c0000000,0x00000000d47b3100,0x00000000d4b00000)
 Metaspace       used 54792K, committed 55808K, reserved 1114112K
  class space    used 5831K, committed 6272K, reserved 1048576K
GC Heap History (20 events):
Event: 18.506 GC heap after
{Heap after GC invocations=168 (full 9):
 PSYoungGen      total 46080K, used 14331K [0x00000000eab00000, 0x00000000efe00000, 0x0000000100000000)
  eden space 31744K, 0% used [0x00000000eab00000,0x00000000eab00000,0x00000000eca00000)
  from space 14336K, 99% used [0x00000000eca00000,0x00000000ed7fee68,0x00000000ed800000)
  to   space 25600K, 0% used [0x00000000ee500000,0x00000000ee500000,0x00000000efe00000)
 ParOldGen       total 279040K, used 273437K [0x00000000c0000000, 0x00000000d1080000, 0x00000000eab00000)
  object space 279040K, 97% used [0x00000000c0000000,0x00000000d0b07450,0x00000000d1080000)
 Metaspace       used 54680K, committed 55744K, reserved 1114112K
  class space    used 5828K, committed 6272K, reserved 1048576K
}
Event: 18.506 GC heap before
{Heap before GC invocations=169 (full 10):
 PSYoungGen      total 46080K, used 14331K [0x00000000eab00000, 0x00000000efe00000, 0x0000000100000000)
  eden space 31744K, 0% used [0x00000000eab00000,0x00000000eab00000,0x00000000eca00000)
  from space 14336K, 99% used [0x00000000eca00000,0x00000000ed7fee68,0x00000000ed800000)
  to   space 25600K, 0% used [0x00000000ee500000,0x00000000ee500000,0x00000000efe00000)
 ParOldGen       total 279040K, used 273437K [0x00000000c0000000, 0x00000000d1080000, 0x00000000eab00000)
  object space 279040K, 97% used [0x00000000c0000000,0x00000000d0b07450,0x00000000d1080000)
 Metaspace       used 54680K, committed 55744K, reserved 1114112K
  class space    used 5828K, committed 6272K, reserved 1048576K
}
Event: 18.688 GC heap after
{Heap after GC invocations=169 (full 10):
 PSYoungGen      total 46080K, used 7017K [0x00000000eab00000, 0x00000000eff00000, 0x0000000100000000)
  eden space 31744K, 0% used [0x00000000eab00000,0x00000000eab00000,0x00000000eca00000)
  from space 14336K, 48% used [0x00000000eca00000,0x00000000ed0da608,0x00000000ed800000)
  to   space 25600K, 0% used [0x00000000ee600000,0x00000000ee600000,0x00000000eff00000)
 ParOldGen       total 338944K, used 278978K [0x00000000c0000000, 0x00000000d4b00000, 0x00000000eab00000)
  object space 338944K, 82% used [0x00000000c0000000,0x00000000d1070a38,0x00000000d4b00000)
 Metaspace       used 54680K, committed 55744K, reserved 1114112K
  class space    used 5828K, committed 6272K, reserved 1048576K
}
Event: 18.711 GC heap before
{Heap before GC invocations=170 (full 10):
 PSYoungGen      total 46080K, used 38761K [0x00000000eab00000, 0x00000000eff00000, 0x0000000100000000)
  eden space 31744K, 100% used [0x00000000eab00000,0x00000000eca00000,0x00000000eca00000)
  from space 14336K, 48% used [0x00000000eca00000,0x00000000ed0da608,0x00000000ed800000)
  to   space 25600K, 0% used [0x00000000ee600000,0x00000000ee600000,0x00000000eff00000)
 ParOldGen       total 338944K, used 278978K [0x00000000c0000000, 0x00000000d4b00000, 0x00000000eab00000)
  object space 338944K, 82% used [0x00000000c0000000,0x00000000d1070a38,0x00000000d4b00000)
 Metaspace       used 54681K, committed 55744K, reserved 1114112K
  class space    used 5828K, committed 6272K, reserved 1048576K
}
Event: 18.723 GC heap after
{Heap after GC invocations=170 (full 10):
 PSYoungGen      total 49664K, used 15089K [0x00000000eab00000, 0x00000000ef500000, 0x0000000100000000)
  eden space 34304K, 0% used [0x00000000eab00000,0x00000000eab00000,0x00000000ecc80000)
  from space 15360K, 98% used [0x00000000ee600000,0x00000000ef4bc440,0x00000000ef500000)
  to   space 18432K, 0% used [0x00000000ed100000,0x00000000ed100000,0x00000000ee300000)
 ParOldGen       total 338944K, used 283279K [0x00000000c0000000, 0x00000000d4b00000, 0x00000000eab00000)
  object space 338944K, 83% used [0x00000000c0000000,0x00000000d14a3e60,0x00000000d4b00000)
 Metaspace       used 54681K, committed 55744K, reserved 1114112K
  class space    used 5828K, committed 6272K, reserved 1048576K
}
Event: 18.864 GC heap before
{Heap before GC invocations=171 (full 10):
 PSYoungGen      total 49664K, used 49393K [0x00000000eab00000, 0x00000000ef500000, 0x0000000100000000)
  eden space 34304K, 100% used [0x00000000eab00000,0x00000000ecc80000,0x00000000ecc80000)
  from space 15360K, 98% used [0x00000000ee600000,0x00000000ef4bc440,0x00000000ef500000)
  to   space 18432K, 0% used [0x00000000ed100000,0x00000000ed100000,0x00000000ee300000)
 ParOldGen       total 338944K, used 283279K [0x00000000c0000000, 0x00000000d4b00000, 0x00000000eab00000)
  object space 338944K, 83% used [0x00000000c0000000,0x00000000d14a3e60,0x00000000d4b00000)
 Metaspace       used 54731K, committed 55744K, reserved 1114112K
  class space    used 5831K, committed 6272K, reserved 1048576K
}
Event: 18.870 GC heap after
{Heap after GC invocations=171 (full 10):
 PSYoungGen      total 55296K, used 18431K [0x00000000eab00000, 0x00000000efa00000, 0x0000000100000000)
  eden space 36864K, 0% used [0x00000000eab00000,0x00000000eab00000,0x00000000ecf00000)
  from space 18432K, 99% used [0x00000000ed100000,0x00000000ee2ffc88,0x00000000ee300000)
  to   space 22016K, 0% used [0x00000000ee480000,0x00000000ee480000,0x00000000efa00000)
 ParOldGen       total 338944K, used 285632K [0x00000000c0000000, 0x00000000d4b00000, 0x00000000eab00000)
  object space 338944K, 84% used [0x00000000c0000000,0x00000000d16f0038,0x00000000d4b00000)
 Metaspace       used 54731K, committed 55744K, reserved 1114112K
  class space    used 5831K, committed 6272K, reserved 1048576K
}
Event: 19.004 GC heap before
{Heap before GC invocations=172 (full 10):
 PSYoungGen      total 55296K, used 55295K [0x00000000eab00000, 0x00000000efa00000, 0x0000000100000000)
  eden space 36864K, 100% used [0x00000000eab00000,0x00000000ecf00000,0x00000000ecf00000)
  from space 18432K, 99% used [0x00000000ed100000,0x00000000ee2ffc88,0x00000000ee300000)
  to   space 22016K, 0% used [0x00000000ee480000,0x00000000ee480000,0x00000000efa00000)
 ParOldGen       total 338944K, used 285632K [0x00000000c0000000, 0x00000000d4b00000, 0x00000000eab00000)
  object space 338944K, 84% used [0x00000000c0000000,0x00000000d16f0038,0x00000000d4b00000)
 Metaspace       used 54757K, committed 55808K, reserved 1114112K
  class space    used 5831K, committed 6272K, reserved 1048576K
}
Event: 19.013 GC heap after
{Heap after GC invocations=172 (full 10):
 PSYoungGen      total 49664K, used 9884K [0x00000000eab00000, 0x00000000eee80000, 0x0000000100000000)
  eden space 39424K, 0% used [0x00000000eab00000,0x00000000eab00000,0x00000000ed180000)
  from space 10240K, 96% used [0x00000000ee480000,0x00000000eee27168,0x00000000eee80000)
  to   space 14336K, 0% used [0x00000000ed280000,0x00000000ed280000,0x00000000ee080000)
 ParOldGen       total 338944K, used 299488K [0x00000000c0000000, 0x00000000d4b00000, 0x00000000eab00000)
  object space 338944K, 88% used [0x00000000c0000000,0x00000000d2478130,0x00000000d4b00000)
 Metaspace       used 54757K, committed 55808K, reserved 1114112K
  class space    used 5831K, committed 6272K, reserved 1048576K
}
Event: 19.134 GC heap before
{Heap before GC invocations=173 (full 10):
 PSYoungGen      total 49664K, used 49308K [0x00000000eab00000, 0x00000000eee80000, 0x0000000100000000)
  eden space 39424K, 100% used [0x00000000eab00000,0x00000000ed180000,0x00000000ed180000)
  from space 10240K, 96% used [0x00000000ee480000,0x00000000eee27168,0x00000000eee80000)
  to   space 14336K, 0% used [0x00000000ed280000,0x00000000ed280000,0x00000000ee080000)
 ParOldGen       total 338944K, used 299488K [0x00000000c0000000, 0x00000000d4b00000, 0x00000000eab00000)
  object space 338944K, 88% used [0x00000000c0000000,0x00000000d2478130,0x00000000d4b00000)
 Metaspace       used 54778K, committed 55808K, reserved 1114112K
  class space    used 5831K, committed 6272K, reserved 1048576K
}
Event: 19.141 GC heap after
{Heap after GC invocations=173 (full 10):
 PSYoungGen      total 54784K, used 14305K [0x00000000eab00000, 0x00000000ef400000, 0x0000000100000000)
  eden space 40448K, 0% used [0x00000000eab00000,0x00000000eab00000,0x00000000ed280000)
  from space 14336K, 99% used [0x00000000ed280000,0x00000000ee078610,0x00000000ee080000)
  to   space 16384K, 0% used [0x00000000ee400000,0x00000000ee400000,0x00000000ef400000)
 ParOldGen       total 338944K, used 300432K [0x00000000c0000000, 0x00000000d4b00000, 0x00000000eab00000)
  object space 338944K, 88% used [0x00000000c0000000,0x00000000d2564130,0x00000000d4b00000)
 Metaspace       used 54778K, committed 55808K, reserved 1114112K
  class space    used 5831K, committed 6272K, reserved 1048576K
}
Event: 19.252 GC heap before
{Heap before GC invocations=174 (full 10):
 PSYoungGen      total 54784K, used 54753K [0x00000000eab00000, 0x00000000ef400000, 0x0000000100000000)
  eden space 40448K, 100% used [0x00000000eab00000,0x00000000ed280000,0x00000000ed280000)
  from space 14336K, 99% used [0x00000000ed280000,0x00000000ee078610,0x00000000ee080000)
  to   space 16384K, 0% used [0x00000000ee400000,0x00000000ee400000,0x00000000ef400000)
 ParOldGen       total 338944K, used 300432K [0x00000000c0000000, 0x00000000d4b00000, 0x00000000eab00000)
  object space 338944K, 88% used [0x00000000c0000000,0x00000000d2564130,0x00000000d4b00000)
 Metaspace       used 54785K, committed 55808K, reserved 1114112K
  class space    used 5831K, committed 6272K, reserved 1048576K
}
Event: 19.262 GC heap after
{Heap after GC invocations=174 (full 10):
 PSYoungGen      total 55808K, used 11820K [0x00000000eab00000, 0x00000000ef000000, 0x0000000100000000)
  eden space 43520K, 0% used [0x00000000eab00000,0x00000000eab00000,0x00000000ed580000)
  from space 12288K, 96% used [0x00000000ee400000,0x00000000eef8b018,0x00000000ef000000)
  to   space 13312K, 0% used [0x00000000ed600000,0x00000000ed600000,0x00000000ee300000)
 ParOldGen       total 338944K, used 309257K [0x00000000c0000000, 0x00000000d4b00000, 0x00000000eab00000)
  object space 338944K, 91% used [0x00000000c0000000,0x00000000d2e026c0,0x00000000d4b00000)
 Metaspace       used 54785K, committed 55808K, reserved 1114112K
  class space    used 5831K, committed 6272K, reserved 1048576K
}
Event: 19.406 GC heap before
{Heap before GC invocations=175 (full 10):
 PSYoungGen      total 55808K, used 55340K [0x00000000eab00000, 0x00000000ef000000, 0x0000000100000000)
  eden space 43520K, 100% used [0x00000000eab00000,0x00000000ed580000,0x00000000ed580000)
  from space 12288K, 96% used [0x00000000ee400000,0x00000000eef8b018,0x00000000ef000000)
  to   space 13312K, 0% used [0x00000000ed600000,0x00000000ed600000,0x00000000ee300000)
 ParOldGen       total 338944K, used 309257K [0x00000000c0000000, 0x00000000d4b00000, 0x00000000eab00000)
  object space 338944K, 91% used [0x00000000c0000000,0x00000000d2e026c0,0x00000000d4b00000)
 Metaspace       used 54785K, committed 55808K, reserved 1114112K
  class space    used 5831K, committed 6272K, reserved 1048576K
}
Event: 19.414 GC heap after
{Heap after GC invocations=175 (full 10):
 PSYoungGen      total 57344K, used 13292K [0x00000000eab00000, 0x00000000efe80000, 0x0000000100000000)
  eden space 44032K, 0% used [0x00000000eab00000,0x00000000eab00000,0x00000000ed600000)
  from space 13312K, 99% used [0x00000000ed600000,0x00000000ee2fb018,0x00000000ee300000)
  to   space 19456K, 0% used [0x00000000eeb80000,0x00000000eeb80000,0x00000000efe80000)
 ParOldGen       total 338944K, used 313966K [0x00000000c0000000, 0x00000000d4b00000, 0x00000000eab00000)
  object space 338944K, 92% used [0x00000000c0000000,0x00000000d329b8c8,0x00000000d4b00000)
 Metaspace       used 54785K, committed 55808K, reserved 1114112K
  class space    used 5831K, committed 6272K, reserved 1048576K
}
Event: 19.582 GC heap before
{Heap before GC invocations=176 (full 10):
 PSYoungGen      total 57344K, used 57324K [0x00000000eab00000, 0x00000000efe80000, 0x0000000100000000)
  eden space 44032K, 100% used [0x00000000eab00000,0x00000000ed600000,0x00000000ed600000)
  from space 13312K, 99% used [0x00000000ed600000,0x00000000ee2fb018,0x00000000ee300000)
  to   space 19456K, 0% used [0x00000000eeb80000,0x00000000eeb80000,0x00000000efe80000)
 ParOldGen       total 338944K, used 313966K [0x00000000c0000000, 0x00000000d4b00000, 0x00000000eab00000)
  object space 338944K, 92% used [0x00000000c0000000,0x00000000d329b8c8,0x00000000d4b00000)
 Metaspace       used 54787K, committed 55808K, reserved 1114112K
  class space    used 5831K, committed 6272K, reserved 1048576K
}
Event: 19.593 GC heap after
{Heap after GC invocations=176 (full 10):
 PSYoungGen      total 59392K, used 11872K [0x00000000eab00000, 0x00000000ef780000, 0x0000000100000000)
  eden space 47104K, 0% used [0x00000000eab00000,0x00000000eab00000,0x00000000ed900000)
  from space 12288K, 96% used [0x00000000eeb80000,0x00000000ef718008,0x00000000ef780000)
  to   space 14336K, 0% used [0x00000000edb80000,0x00000000edb80000,0x00000000ee980000)
 ParOldGen       total 338944K, used 322154K [0x00000000c0000000, 0x00000000d4b00000, 0x00000000eab00000)
  object space 338944K, 95% used [0x00000000c0000000,0x00000000d3a9a8d8,0x00000000d4b00000)
 Metaspace       used 54787K, committed 55808K, reserved 1114112K
  class space    used 5831K, committed 6272K, reserved 1048576K
}
Event: 19.914 GC heap before
{Heap before GC invocations=177 (full 10):
 PSYoungGen      total 59392K, used 58976K [0x00000000eab00000, 0x00000000ef780000, 0x0000000100000000)
  eden space 47104K, 100% used [0x00000000eab00000,0x00000000ed900000,0x00000000ed900000)
  from space 12288K, 96% used [0x00000000eeb80000,0x00000000ef718008,0x00000000ef780000)
  to   space 14336K, 0% used [0x00000000edb80000,0x00000000edb80000,0x00000000ee980000)
 ParOldGen       total 338944K, used 322154K [0x00000000c0000000, 0x00000000d4b00000, 0x00000000eab00000)
  object space 338944K, 95% used [0x00000000c0000000,0x00000000d3a9a8d8,0x00000000d4b00000)
 Metaspace       used 54790K, committed 55808K, reserved 1114112K
  class space    used 5831K, committed 6272K, reserved 1048576K
}
Event: 19.925 GC heap after
{Heap after GC invocations=177 (full 10):
 PSYoungGen      total 64000K, used 14328K [0x00000000eab00000, 0x00000000f0400000, 0x0000000100000000)
  eden space 49664K, 0% used [0x00000000eab00000,0x00000000eab00000,0x00000000edb80000)
  from space 14336K, 99% used [0x00000000edb80000,0x00000000ee97e010,0x00000000ee980000)
  to   space 20480K, 0% used [0x00000000ef000000,0x00000000ef000000,0x00000000f0400000)
 ParOldGen       total 338944K, used 326803K [0x00000000c0000000, 0x00000000d4b00000, 0x00000000eab00000)
  object space 338944K, 96% used [0x00000000c0000000,0x00000000d3f24cf0,0x00000000d4b00000)
 Metaspace       used 54790K, committed 55808K, reserved 1114112K
  class space    used 5831K, committed 6272K, reserved 1048576K
}
Event: 20.099 GC heap before
{Heap before GC invocations=178 (full 10):
 PSYoungGen      total 64000K, used 63992K [0x00000000eab00000, 0x00000000f0400000, 0x0000000100000000)
  eden space 49664K, 100% used [0x00000000eab00000,0x00000000edb80000,0x00000000edb80000)
  from space 14336K, 99% used [0x00000000edb80000,0x00000000ee97e010,0x00000000ee980000)
  to   space 20480K, 0% used [0x00000000ef000000,0x00000000ef000000,0x00000000f0400000)
 ParOldGen       total 338944K, used 326803K [0x00000000c0000000, 0x00000000d4b00000, 0x00000000eab00000)
  object space 338944K, 96% used [0x00000000c0000000,0x00000000d3f24cf0,0x00000000d4b00000)
 Metaspace       used 54792K, committed 55808K, reserved 1114112K
  class space    used 5831K, committed 6272K, reserved 1048576K
}

