# JRE version: OpenJDK Runtime Environment Temurin-17.0.10+7 (17.0.10+7) (build 17.0.10+7)
# Java VM: OpenJDK 64-Bit Server VM Temurin-17.0.10+7 (17.0.10+7, mixed mode, tiered, compressed oops, compressed class ptrs, parallel gc, windows-amd64)
GC Precious Log:
 CPUs: 8 total, 8 available
 Memory: 32674M
 Large Page Support: Disabled
 NUMA Support: Disabled
 Compressed Oops: Enabled (32-bit)
 Alignments: Space 512K, Generation 512K, Heap 2M
 Heap Min Capacity: 100M
 Heap Initial Capacity: 100M
 Heap Max Capacity: 1G
 Pre-touch: Disabled
 Parallel Workers: 8
Heap:
 PSYoungGen      total 5120K, used 2558K [0x00000000eab00000, 0x00000000ec300000, 0x0000000100000000)
  eden space 2560K, 0% used [0x00000000eab00000,0x00000000eab00000,0x00000000ead80000)
  from space 2560K, 99% used [0x00000000eb580000,0x00000000eb7ffa00,0x00000000eb800000)
  to   space 8192K, 0% used [0x00000000ead80000,0x00000000ead80000,0x00000000eb580000)
 ParOldGen       total 519680K, used 517269K [0x00000000c0000000, 0x00000000dfb80000, 0x00000000eab00000)
  object space 519680K, 99% used [0x00000000c0000000,0x00000000df925628,0x00000000dfb80000)
 Metaspace       used 68358K, committed 69440K, reserved 1114112K
  class space    used 7154K, committed 7616K, reserved 1048576K
GC Heap History (20 events):
Event: 144.838 GC heap after
{Heap after GC invocations=1642 (full 29):
 PSYoungGen      total 6144K, used 1687K [0x00000000eab00000, 0x00000000eb700000, 0x0000000100000000)
  eden space 4096K, 0% used [0x00000000eab00000,0x00000000eab00000,0x00000000eaf00000)
  from space 2048K, 82% used [0x00000000eaf00000,0x00000000eb0a5d78,0x00000000eb100000)
  to   space 3584K, 0% used [0x00000000eb380000,0x00000000eb380000,0x00000000eb700000)
 ParOldGen       total 453120K, used 448855K [0x00000000c0000000, 0x00000000dba80000, 0x00000000eab00000)
  object space 453120K, 99% used [0x00000000c0000000,0x00000000db655f80,0x00000000dba80000)
 Metaspace       used 68211K, committed 69312K, reserved 1114112K
  class space    used 7137K, committed 7616K, reserved 1048576K
}
Event: 144.856 GC heap before
{Heap before GC invocations=1643 (full 29):
 PSYoungGen      total 6144K, used 5783K [0x00000000eab00000, 0x00000000eb700000, 0x0000000100000000)
  eden space 4096K, 100% used [0x00000000eab00000,0x00000000eaf00000,0x00000000eaf00000)
  from space 2048K, 82% used [0x00000000eaf00000,0x00000000eb0a5d78,0x00000000eb100000)
  to   space 3584K, 0% used [0x00000000eb380000,0x00000000eb380000,0x00000000eb700000)
 ParOldGen       total 453120K, used 448855K [0x00000000c0000000, 0x00000000dba80000, 0x00000000eab00000)
  object space 453120K, 99% used [0x00000000c0000000,0x00000000db655f80,0x00000000dba80000)
 Metaspace       used 68324K, committed 69440K, reserved 1114112K
  class space    used 7149K, committed 7616K, reserved 1048576K
}
Event: 144.859 GC heap after
{Heap after GC invocations=1643 (full 29):
 PSYoungGen      total 7168K, used 1585K [0x00000000eab00000, 0x00000000eb580000, 0x0000000100000000)
  eden space 5120K, 0% used [0x00000000eab00000,0x00000000eab00000,0x00000000eb000000)
  from space 2048K, 77% used [0x00000000eb380000,0x00000000eb50c410,0x00000000eb580000)
  to   space 2048K, 0% used [0x00000000eb180000,0x00000000eb180000,0x00000000eb380000)
 ParOldGen       total 453120K, used 450354K [0x00000000c0000000, 0x00000000dba80000, 0x00000000eab00000)
  object space 453120K, 99% used [0x00000000c0000000,0x00000000db7ccbe0,0x00000000dba80000)
 Metaspace       used 68324K, committed 69440K, reserved 1114112K
  class space    used 7149K, committed 7616K, reserved 1048576K
}
Event: 144.867 GC heap before
{Heap before GC invocations=1644 (full 29):
 PSYoungGen      total 7168K, used 5960K [0x00000000eab00000, 0x00000000eb580000, 0x0000000100000000)
  eden space 5120K, 85% used [0x00000000eab00000,0x00000000eaf45c90,0x00000000eb000000)
  from space 2048K, 77% used [0x00000000eb380000,0x00000000eb50c410,0x00000000eb580000)
  to   space 2048K, 0% used [0x00000000eb180000,0x00000000eb180000,0x00000000eb380000)
 ParOldGen       total 453120K, used 450354K [0x00000000c0000000, 0x00000000dba80000, 0x00000000eab00000)
  object space 453120K, 99% used [0x00000000c0000000,0x00000000db7ccbe0,0x00000000dba80000)
 Metaspace       used 68342K, committed 69440K, reserved 1114112K
  class space    used 7152K, committed 7616K, reserved 1048576K
}
Event: 144.869 GC heap after
{Heap after GC invocations=1644 (full 29):
 PSYoungGen      total 8192K, used 1835K [0x00000000eab00000, 0x00000000eb500000, 0x0000000100000000)
  eden space 6144K, 0% used [0x00000000eab00000,0x00000000eab00000,0x00000000eb100000)
  from space 2048K, 89% used [0x00000000eb180000,0x00000000eb34afc8,0x00000000eb380000)
  to   space 1536K, 0% used [0x00000000eb380000,0x00000000eb380000,0x00000000eb500000)
 ParOldGen       total 453120K, used 451797K [0x00000000c0000000, 0x00000000dba80000, 0x00000000eab00000)
  object space 453120K, 99% used [0x00000000c0000000,0x00000000db935440,0x00000000dba80000)
 Metaspace       used 68342K, committed 69440K, reserved 1114112K
  class space    used 7152K, committed 7616K, reserved 1048576K
}
Event: 144.869 GC heap before
{Heap before GC invocations=1645 (full 30):
 PSYoungGen      total 8192K, used 1835K [0x00000000eab00000, 0x00000000eb500000, 0x0000000100000000)
  eden space 6144K, 0% used [0x00000000eab00000,0x00000000eab00000,0x00000000eb100000)
  from space 2048K, 89% used [0x00000000eb180000,0x00000000eb34afc8,0x00000000eb380000)
  to   space 1536K, 0% used [0x00000000eb380000,0x00000000eb380000,0x00000000eb500000)
 ParOldGen       total 453120K, used 451797K [0x00000000c0000000, 0x00000000dba80000, 0x00000000eab00000)
  object space 453120K, 99% used [0x00000000c0000000,0x00000000db935440,0x00000000dba80000)
 Metaspace       used 68342K, committed 69440K, reserved 1114112K
  class space    used 7152K, committed 7616K, reserved 1048576K
}
Event: 145.070 GC heap after
{Heap after GC invocations=1645 (full 30):
 PSYoungGen      total 8192K, used 0K [0x00000000eab00000, 0x00000000eb600000, 0x0000000100000000)
  eden space 6656K, 0% used [0x00000000eab00000,0x00000000eab00000,0x00000000eb180000)
  from space 1536K, 0% used [0x00000000eb380000,0x00000000eb380000,0x00000000eb500000)
  to   space 2048K, 0% used [0x00000000eb180000,0x00000000eb180000,0x00000000eb380000)
 ParOldGen       total 497152K, used 451713K [0x00000000c0000000, 0x00000000de580000, 0x00000000eab00000)
  object space 497152K, 90% used [0x00000000c0000000,0x00000000db9205d8,0x00000000de580000)
 Metaspace       used 68342K, committed 69440K, reserved 1114112K
  class space    used 7152K, committed 7616K, reserved 1048576K
}
Event: 145.083 GC heap before
{Heap before GC invocations=1646 (full 30):
 PSYoungGen      total 8192K, used 6656K [0x00000000eab00000, 0x00000000eb600000, 0x0000000100000000)
  eden space 6656K, 100% used [0x00000000eab00000,0x00000000eb180000,0x00000000eb180000)
  from space 1536K, 0% used [0x00000000eb380000,0x00000000eb380000,0x00000000eb500000)
  to   space 2048K, 0% used [0x00000000eb180000,0x00000000eb180000,0x00000000eb380000)
 ParOldGen       total 497152K, used 451713K [0x00000000c0000000, 0x00000000de580000, 0x00000000eab00000)
  object space 497152K, 90% used [0x00000000c0000000,0x00000000db9205d8,0x00000000de580000)
 Metaspace       used 68348K, committed 69440K, reserved 1114112K
  class space    used 7153K, committed 7616K, reserved 1048576K
}
Event: 145.086 GC heap after
{Heap after GC invocations=1646 (full 30):
 PSYoungGen      total 8704K, used 2044K [0x00000000eab00000, 0x00000000eba80000, 0x0000000100000000)
  eden space 6656K, 0% used [0x00000000eab00000,0x00000000eab00000,0x00000000eb180000)
  from space 2048K, 99% used [0x00000000eb180000,0x00000000eb37f3b8,0x00000000eb380000)
  to   space 4096K, 0% used [0x00000000eb680000,0x00000000eb680000,0x00000000eba80000)
 ParOldGen       total 497152K, used 453255K [0x00000000c0000000, 0x00000000de580000, 0x00000000eab00000)
  object space 497152K, 91% used [0x00000000c0000000,0x00000000dbaa1e40,0x00000000de580000)
 Metaspace       used 68348K, committed 69440K, reserved 1114112K
  class space    used 7153K, committed 7616K, reserved 1048576K
}
Event: 145.104 GC heap before
{Heap before GC invocations=1647 (full 30):
 PSYoungGen      total 8704K, used 8671K [0x00000000eab00000, 0x00000000eba80000, 0x0000000100000000)
  eden space 6656K, 99% used [0x00000000eab00000,0x00000000eb178be0,0x00000000eb180000)
  from space 2048K, 99% used [0x00000000eb180000,0x00000000eb37f3b8,0x00000000eb380000)
  to   space 4096K, 0% used [0x00000000eb680000,0x00000000eb680000,0x00000000eba80000)
 ParOldGen       total 497152K, used 453321K [0x00000000c0000000, 0x00000000de580000, 0x00000000eab00000)
  object space 497152K, 91% used [0x00000000c0000000,0x00000000dbab2598,0x00000000de580000)
 Metaspace       used 68352K, committed 69440K, reserved 1114112K
  class space    used 7153K, committed 7616K, reserved 1048576K
}
Event: 145.107 GC heap after
{Heap after GC invocations=1647 (full 30):
 PSYoungGen      total 11264K, used 3422K [0x00000000eab00000, 0x00000000eba00000, 0x0000000100000000)
  eden space 7680K, 0% used [0x00000000eab00000,0x00000000eab00000,0x00000000eb280000)
  from space 3584K, 95% used [0x00000000eb680000,0x00000000eb9d7820,0x00000000eba00000)
  to   space 3584K, 0% used [0x00000000eb300000,0x00000000eb300000,0x00000000eb680000)
 ParOldGen       total 497152K, used 455912K [0x00000000c0000000, 0x00000000de580000, 0x00000000eab00000)
  object space 497152K, 91% used [0x00000000c0000000,0x00000000dbd3a3c8,0x00000000de580000)
 Metaspace       used 68352K, committed 69440K, reserved 1114112K
  class space    used 7153K, committed 7616K, reserved 1048576K
}
Event: 145.118 GC heap before
{Heap before GC invocations=1648 (full 30):
 PSYoungGen      total 11264K, used 11102K [0x00000000eab00000, 0x00000000eba00000, 0x0000000100000000)
  eden space 7680K, 100% used [0x00000000eab00000,0x00000000eb280000,0x00000000eb280000)
  from space 3584K, 95% used [0x00000000eb680000,0x00000000eb9d7820,0x00000000eba00000)
  to   space 3584K, 0% used [0x00000000eb300000,0x00000000eb300000,0x00000000eb680000)
 ParOldGen       total 497152K, used 455999K [0x00000000c0000000, 0x00000000de580000, 0x00000000eab00000)
  object space 497152K, 91% used [0x00000000c0000000,0x00000000dbd4fc90,0x00000000de580000)
 Metaspace       used 68352K, committed 69440K, reserved 1114112K
  class space    used 7153K, committed 7616K, reserved 1048576K
}
Event: 145.122 GC heap after
{Heap after GC invocations=1648 (full 30):
 PSYoungGen      total 9728K, used 1685K [0x00000000eab00000, 0x00000000eb780000, 0x0000000100000000)
  eden space 7680K, 0% used [0x00000000eab00000,0x00000000eab00000,0x00000000eb280000)
  from space 2048K, 82% used [0x00000000eb300000,0x00000000eb4a57c0,0x00000000eb500000)
  to   space 2560K, 0% used [0x00000000eb500000,0x00000000eb500000,0x00000000eb780000)
 ParOldGen       total 497152K, used 463075K [0x00000000c0000000, 0x00000000de580000, 0x00000000eab00000)
  object space 497152K, 93% used [0x00000000c0000000,0x00000000dc438ee0,0x00000000de580000)
 Metaspace       used 68352K, committed 69440K, reserved 1114112K
  class space    used 7153K, committed 7616K, reserved 1048576K
}
Event: 145.189 GC heap before
{Heap before GC invocations=1649 (full 30):
 PSYoungGen      total 9728K, used 9365K [0x00000000eab00000, 0x00000000eb780000, 0x0000000100000000)
  eden space 7680K, 100% used [0x00000000eab00000,0x00000000eb280000,0x00000000eb280000)
  from space 2048K, 82% used [0x00000000eb300000,0x00000000eb4a57c0,0x00000000eb500000)
  to   space 2560K, 0% used [0x00000000eb500000,0x00000000eb500000,0x00000000eb780000)
 ParOldGen       total 497152K, used 486639K [0x00000000c0000000, 0x00000000de580000, 0x00000000eab00000)
  object space 497152K, 97% used [0x00000000c0000000,0x00000000ddb3bed0,0x00000000de580000)
 Metaspace       used 68352K, committed 69440K, reserved 1114112K
  class space    used 7153K, committed 7616K, reserved 1048576K
}
Event: 145.192 GC heap after
{Heap after GC invocations=1649 (full 30):
 PSYoungGen      total 9728K, used 2451K [0x00000000eab00000, 0x00000000eb980000, 0x0000000100000000)
  eden space 7168K, 0% used [0x00000000eab00000,0x00000000eab00000,0x00000000eb200000)
  from space 2560K, 95% used [0x00000000eb500000,0x00000000eb764ca8,0x00000000eb780000)
  to   space 3072K, 0% used [0x00000000eb200000,0x00000000eb200000,0x00000000eb500000)
 ParOldGen       total 497152K, used 488199K [0x00000000c0000000, 0x00000000de580000, 0x00000000eab00000)
  object space 497152K, 98% used [0x00000000c0000000,0x00000000ddcc1ff0,0x00000000de580000)
 Metaspace       used 68352K, committed 69440K, reserved 1114112K
  class space    used 7153K, committed 7616K, reserved 1048576K
}
Event: 145.224 GC heap before
{Heap before GC invocations=1650 (full 30):
 PSYoungGen      total 9728K, used 9619K [0x00000000eab00000, 0x00000000eb980000, 0x0000000100000000)
  eden space 7168K, 100% used [0x00000000eab00000,0x00000000eb200000,0x00000000eb200000)
  from space 2560K, 95% used [0x00000000eb500000,0x00000000eb764ca8,0x00000000eb780000)
  to   space 3072K, 0% used [0x00000000eb200000,0x00000000eb200000,0x00000000eb500000)
 ParOldGen       total 519680K, used 510218K [0x00000000c0000000, 0x00000000dfb80000, 0x00000000eab00000)
  object space 519680K, 98% used [0x00000000c0000000,0x00000000df242b30,0x00000000dfb80000)
 Metaspace       used 68358K, committed 69440K, reserved 1114112K
  class space    used 7154K, committed 7616K, reserved 1048576K
}
Event: 145.228 GC heap after
{Heap after GC invocations=1650 (full 30):
 PSYoungGen      total 10240K, used 2432K [0x00000000eab00000, 0x00000000eb800000, 0x0000000100000000)
  eden space 7168K, 0% used [0x00000000eab00000,0x00000000eab00000,0x00000000eb200000)
  from space 3072K, 79% used [0x00000000eb200000,0x00000000eb460000,0x00000000eb500000)
  to   space 2560K, 0% used [0x00000000eb580000,0x00000000eb580000,0x00000000eb800000)
 ParOldGen       total 519680K, used 512551K [0x00000000c0000000, 0x00000000dfb80000, 0x00000000eab00000)
  object space 519680K, 98% used [0x00000000c0000000,0x00000000df489e28,0x00000000dfb80000)
 Metaspace       used 68358K, committed 69440K, reserved 1114112K
  class space    used 7154K, committed 7616K, reserved 1048576K
}
Event: 145.271 GC heap before
{Heap before GC invocations=1651 (full 30):
 PSYoungGen      total 10240K, used 9600K [0x00000000eab00000, 0x00000000eb800000, 0x0000000100000000)
  eden space 7168K, 100% used [0x00000000eab00000,0x00000000eb200000,0x00000000eb200000)
  from space 3072K, 79% used [0x00000000eb200000,0x00000000eb460000,0x00000000eb500000)
  to   space 2560K, 0% used [0x00000000eb580000,0x00000000eb580000,0x00000000eb800000)
 ParOldGen       total 519680K, used 512551K [0x00000000c0000000, 0x00000000dfb80000, 0x00000000eab00000)
  object space 519680K, 98% used [0x00000000c0000000,0x00000000df489e28,0x00000000dfb80000)
 Metaspace       used 68358K, committed 69440K, reserved 1114112K
  class space    used 7154K, committed 7616K, reserved 1048576K
}
Event: 145.277 GC heap after
{Heap after GC invocations=1651 (full 30):
 PSYoungGen      total 5120K, used 2558K [0x00000000eab00000, 0x00000000ec300000, 0x0000000100000000)
  eden space 2560K, 0% used [0x00000000eab00000,0x00000000eab00000,0x00000000ead80000)
  from space 2560K, 99% used [0x00000000eb580000,0x00000000eb7ffa00,0x00000000eb800000)
  to   space 8192K, 0% used [0x00000000ead80000,0x00000000ead80000,0x00000000eb580000)
 ParOldGen       total 519680K, used 517269K [0x00000000c0000000, 0x00000000dfb80000, 0x00000000eab00000)
  object space 519680K, 99% used [0x00000000c0000000,0x00000000df925628,0x00000000dfb80000)
 Metaspace       used 68358K, committed 69440K, reserved 1114112K
  class space    used 7154K, committed 7616K, reserved 1048576K
}
Event: 145.277 GC heap before
{Heap before GC invocations=1652 (full 31):
 PSYoungGen      total 5120K, used 2558K [0x00000000eab00000, 0x00000000ec300000, 0x0000000100000000)
  eden space 2560K, 0% used [0x00000000eab00000,0x00000000eab00000,0x00000000ead80000)
  from space 2560K, 99% used [0x00000000eb580000,0x00000000eb7ffa00,0x00000000eb800000)
  to   space 8192K, 0% used [0x00000000ead80000,0x00000000ead80000,0x00000000eb580000)
 ParOldGen       total 519680K, used 517269K [0x00000000c0000000, 0x00000000dfb80000, 0x00000000eab00000)
  object space 519680K, 99% used [0x00000000c0000000,0x00000000df925628,0x00000000dfb80000)
 Metaspace       used 68358K, committed 69440K, reserved 1114112K
  class space    used 7154K, committed 7616K, reserved 1048576K
}

