# JRE version: Java(TM) SE Runtime Environment (17.0.9+11) (build 17.0.9+11-LTS-201)
# Java VM: Java HotSpot(TM) 64-Bit Server VM (17.0.9+11-LTS-201, mixed mode, sharing, tiered, compressed oops, compressed class ptrs, g1 gc, windows-amd64)
GC Precious Log:
 CPUs: 8 total, 8 available
 Memory: 32674M
 Large Page Support: Disabled
 NUMA Support: Disabled
 Compressed Oops: Enabled (32-bit)
 Heap Region Size: 1M
 Heap Min Capacity: 256M
 Heap Initial Capacity: 256M
 Heap Max Capacity: 512M
 Pre-touch: Disabled
 Parallel Workers: 8
 Concurrent Workers: 2
 Concurrent Refinement Workers: 8
 Periodic GC: Disabled
Heap:
 garbage-first heap   total 262144K, used 96220K [0x00000000e0000000, 0x0000000100000000)
  region size 1024K, 51 young (52224K), 8 survivors (8192K)
 Metaspace       used 56155K, committed 56768K, reserved 393216K
  class space    used 7616K, committed 7936K, reserved 327680K
GC Heap History (20 events):
Event: 1.165 GC heap before
{Heap before GC invocations=1 (full 0):
 garbage-first heap   total 262144K, used 38681K [0x00000000e0000000, 0x0000000100000000)
  region size 1024K, 30 young (30720K), 3 survivors (3072K)
 Metaspace       used 4027K, committed 4160K, reserved 393216K
  class space    used 496K, committed 576K, reserved 327680K
}
Event: 1.167 GC heap after
{Heap after GC invocations=2 (full 0):
 garbage-first heap   total 262144K, used 11737K [0x00000000e0000000, 0x0000000100000000)
  region size 1024K, 1 young (1024K), 1 survivors (1024K)
 Metaspace       used 4027K, committed 4160K, reserved 393216K
  class space    used 496K, committed 576K, reserved 327680K
}
Event: 2.944 GC heap before
{Heap before GC invocations=2 (full 0):
 garbage-first heap   total 262144K, used 131545K [0x00000000e0000000, 0x0000000100000000)
  region size 1024K, 118 young (120832K), 1 survivors (1024K)
 Metaspace       used 21225K, committed 21504K, reserved 393216K
  class space    used 3129K, committed 3264K, reserved 327680K
}
Event: 2.951 GC heap after
{Heap after GC invocations=3 (full 0):
 garbage-first heap   total 262144K, used 22811K [0x00000000e0000000, 0x0000000100000000)
  region size 1024K, 12 young (12288K), 12 survivors (12288K)
 Metaspace       used 21225K, committed 21504K, reserved 393216K
  class space    used 3129K, committed 3264K, reserved 327680K
}
Event: 4.251 GC heap before
{Heap before GC invocations=4 (full 0):
 garbage-first heap   total 262144K, used 139547K [0x00000000e0000000, 0x0000000100000000)
  region size 1024K, 123 young (125952K), 12 survivors (12288K)
 Metaspace       used 35616K, committed 35968K, reserved 393216K
  class space    used 4993K, committed 5184K, reserved 327680K
}
Event: 4.262 GC heap after
{Heap after GC invocations=5 (full 0):
 garbage-first heap   total 262144K, used 32236K [0x00000000e0000000, 0x0000000100000000)
  region size 1024K, 10 young (10240K), 10 survivors (10240K)
 Metaspace       used 35616K, committed 35968K, reserved 393216K
  class space    used 4993K, committed 5184K, reserved 327680K
}
Event: 4.285 GC heap before
{Heap before GC invocations=5 (full 0):
 garbage-first heap   total 262144K, used 33260K [0x00000000e0000000, 0x0000000100000000)
  region size 1024K, 12 young (12288K), 10 survivors (10240K)
 Metaspace       used 35874K, committed 36288K, reserved 393216K
  class space    used 5032K, committed 5248K, reserved 327680K
}
Event: 4.290 GC heap after
{Heap after GC invocations=6 (full 0):
 garbage-first heap   total 262144K, used 32180K [0x00000000e0000000, 0x0000000100000000)
  region size 1024K, 1 young (1024K), 1 survivors (1024K)
 Metaspace       used 35874K, committed 36288K, reserved 393216K
  class space    used 5032K, committed 5248K, reserved 327680K
}
Event: 4.327 GC heap before
{Heap before GC invocations=6 (full 0):
 garbage-first heap   total 262144K, used 34228K [0x00000000e0000000, 0x0000000100000000)
  region size 1024K, 4 young (4096K), 1 survivors (1024K)
 Metaspace       used 36201K, committed 36608K, reserved 393216K
  class space    used 5091K, committed 5312K, reserved 327680K
}
Event: 4.328 GC heap after
{Heap after GC invocations=7 (full 0):
 garbage-first heap   total 262144K, used 31455K [0x00000000e0000000, 0x0000000100000000)
  region size 1024K, 1 young (1024K), 1 survivors (1024K)
 Metaspace       used 36201K, committed 36608K, reserved 393216K
  class space    used 5091K, committed 5312K, reserved 327680K
}
Event: 6.294 GC heap before
{Heap before GC invocations=8 (full 0):
 garbage-first heap   total 262144K, used 188127K [0x00000000e0000000, 0x0000000100000000)
  region size 1024K, 153 young (156672K), 1 survivors (1024K)
 Metaspace       used 49408K, committed 49920K, reserved 393216K
  class space    used 7118K, committed 7360K, reserved 327680K
}
Event: 6.303 GC heap after
{Heap after GC invocations=9 (full 0):
 garbage-first heap   total 262144K, used 41522K [0x00000000e0000000, 0x0000000100000000)
  region size 1024K, 11 young (11264K), 11 survivors (11264K)
 Metaspace       used 49408K, committed 49920K, reserved 393216K
  class space    used 7118K, committed 7360K, reserved 327680K
}
Event: 21.698 GC heap before
{Heap before GC invocations=9 (full 0):
 garbage-first heap   total 262144K, used 185906K [0x00000000e0000000, 0x0000000100000000)
  region size 1024K, 153 young (156672K), 11 survivors (11264K)
 Metaspace       used 53521K, committed 54080K, reserved 393216K
  class space    used 7503K, committed 7744K, reserved 327680K
}
Event: 21.709 GC heap after
{Heap after GC invocations=10 (full 0):
 garbage-first heap   total 262144K, used 46989K [0x00000000e0000000, 0x0000000100000000)
  region size 1024K, 16 young (16384K), 16 survivors (16384K)
 Metaspace       used 53521K, committed 54080K, reserved 393216K
  class space    used 7503K, committed 7744K, reserved 327680K
}
Event: 24.482 GC heap before
{Heap before GC invocations=10 (full 0):
 garbage-first heap   total 262144K, used 186253K [0x00000000e0000000, 0x0000000100000000)
  region size 1024K, 153 young (156672K), 16 survivors (16384K)
 Metaspace       used 54881K, committed 55488K, reserved 393216K
  class space    used 7571K, committed 7872K, reserved 327680K
}
Event: 24.493 GC heap after
{Heap after GC invocations=11 (full 0):
 garbage-first heap   total 262144K, used 50462K [0x00000000e0000000, 0x0000000100000000)
  region size 1024K, 9 young (9216K), 9 survivors (9216K)
 Metaspace       used 54881K, committed 55488K, reserved 393216K
  class space    used 7571K, committed 7872K, reserved 327680K
}
Event: 28.906 GC heap before
{Heap before GC invocations=11 (full 0):
 garbage-first heap   total 262144K, used 196894K [0x00000000e0000000, 0x0000000100000000)
  region size 1024K, 153 young (156672K), 9 survivors (9216K)
 Metaspace       used 55625K, committed 56192K, reserved 393216K
  class space    used 7596K, committed 7872K, reserved 327680K
}
Event: 28.915 GC heap after
{Heap after GC invocations=12 (full 0):
 garbage-first heap   total 262144K, used 53037K [0x00000000e0000000, 0x0000000100000000)
  region size 1024K, 12 young (12288K), 12 survivors (12288K)
 Metaspace       used 55625K, committed 56192K, reserved 393216K
  class space    used 7596K, committed 7872K, reserved 327680K
}
Event: 32.705 GC heap before
{Heap before GC invocations=12 (full 0):
 garbage-first heap   total 262144K, used 196397K [0x00000000e0000000, 0x0000000100000000)
  region size 1024K, 153 young (156672K), 12 survivors (12288K)
 Metaspace       used 56092K, committed 56704K, reserved 393216K
  class space    used 7616K, committed 7936K, reserved 327680K
}
Event: 32.713 GC heap after
{Heap after GC invocations=13 (full 0):
 garbage-first heap   total 262144K, used 54236K [0x00000000e0000000, 0x0000000100000000)
  region size 1024K, 8 young (8192K), 8 survivors (8192K)
 Metaspace       used 56092K, committed 56704K, reserved 393216K
  class space    used 7616K, committed 7936K, reserved 327680K
}

