# JRE version: OpenJDK Runtime Environment Temurin-17.0.10+7 (17.0.10+7) (build 17.0.10+7)
# Java VM: OpenJDK 64-Bit Server VM Temurin-17.0.10+7 (17.0.10+7, mixed mode, tiered, compressed oops, compressed class ptrs, parallel gc, windows-amd64)
GC Precious Log:
 CPUs: 8 total, 8 available
 Memory: 32674M
 Large Page Support: Disabled
 NUMA Support: Disabled
 Compressed Oops: Enabled (32-bit)
 Alignments: Space 512K, Generation 512K, Heap 2M
 Heap Min Capacity: 100M
 Heap Initial Capacity: 100M
 Heap Max Capacity: 1G
 Pre-touch: Disabled
 Parallel Workers: 8
Heap:
 PSYoungGen      total 22016K, used 21856K [0x00000000eab00000, 0x00000000ec280000, 0x0000000100000000)
  eden space 19968K, 100% used [0x00000000eab00000,0x00000000ebe80000,0x00000000ebe80000)
  from space 2048K, 92% used [0x00000000ebe80000,0x00000000ec058010,0x00000000ec080000)
  to   space 2048K, 0% used [0x00000000ec080000,0x00000000ec080000,0x00000000ec280000)
 ParOldGen       total 68608K, used 33345K [0x00000000c0000000, 0x00000000c4300000, 0x00000000eab00000)
  object space 68608K, 48% used [0x00000000c0000000,0x00000000c20905a0,0x00000000c4300000)
 Metaspace       used 50887K, committed 51840K, reserved 1114112K
  class space    used 5422K, committed 5824K, reserved 1048576K
GC Heap History (20 events):
Event: 5.094 GC heap before
{Heap before GC invocations=18 (full 2):
 PSYoungGen      total 21504K, used 20512K [0x00000000eab00000, 0x00000000ec200000, 0x0000000100000000)
  eden space 19968K, 100% used [0x00000000eab00000,0x00000000ebe80000,0x00000000ebe80000)
  from space 1536K, 35% used [0x00000000ebf00000,0x00000000ebf88388,0x00000000ec080000)
  to   space 1024K, 0% used [0x00000000ec100000,0x00000000ec100000,0x00000000ec200000)
 ParOldGen       total 68608K, used 24875K [0x00000000c0000000, 0x00000000c4300000, 0x00000000eab00000)
  object space 68608K, 36% used [0x00000000c0000000,0x00000000c184ad08,0x00000000c4300000)
 Metaspace       used 37746K, committed 38464K, reserved 1114112K
  class space    used 3778K, committed 4096K, reserved 1048576K
}
Event: 5.095 GC heap after
{Heap after GC invocations=18 (full 2):
 PSYoungGen      total 20480K, used 352K [0x00000000eab00000, 0x00000000ec180000, 0x0000000100000000)
  eden space 19968K, 0% used [0x00000000eab00000,0x00000000eab00000,0x00000000ebe80000)
  from space 512K, 68% used [0x00000000ec100000,0x00000000ec1581b0,0x00000000ec180000)
  to   space 512K, 0% used [0x00000000ec080000,0x00000000ec080000,0x00000000ec100000)
 ParOldGen       total 68608K, used 25226K [0x00000000c0000000, 0x00000000c4300000, 0x00000000eab00000)
  object space 68608K, 36% used [0x00000000c0000000,0x00000000c18a2a88,0x00000000c4300000)
 Metaspace       used 37746K, committed 38464K, reserved 1114112K
  class space    used 3778K, committed 4096K, reserved 1048576K
}
Event: 5.139 GC heap before
{Heap before GC invocations=19 (full 2):
 PSYoungGen      total 20480K, used 20320K [0x00000000eab00000, 0x00000000ec180000, 0x0000000100000000)
  eden space 19968K, 100% used [0x00000000eab00000,0x00000000ebe80000,0x00000000ebe80000)
  from space 512K, 68% used [0x00000000ec100000,0x00000000ec1581b0,0x00000000ec180000)
  to   space 512K, 0% used [0x00000000ec080000,0x00000000ec080000,0x00000000ec100000)
 ParOldGen       total 68608K, used 25226K [0x00000000c0000000, 0x00000000c4300000, 0x00000000eab00000)
  object space 68608K, 36% used [0x00000000c0000000,0x00000000c18a2a88,0x00000000c4300000)
 Metaspace       used 37947K, committed 38656K, reserved 1114112K
  class space    used 3807K, committed 4096K, reserved 1048576K
}
Event: 5.140 GC heap after
{Heap after GC invocations=19 (full 2):
 PSYoungGen      total 20480K, used 403K [0x00000000eab00000, 0x00000000ec180000, 0x0000000100000000)
  eden space 19968K, 0% used [0x00000000eab00000,0x00000000eab00000,0x00000000ebe80000)
  from space 512K, 78% used [0x00000000ec080000,0x00000000ec0e4f48,0x00000000ec100000)
  to   space 512K, 0% used [0x00000000ec100000,0x00000000ec100000,0x00000000ec180000)
 ParOldGen       total 68608K, used 25298K [0x00000000c0000000, 0x00000000c4300000, 0x00000000eab00000)
  object space 68608K, 36% used [0x00000000c0000000,0x00000000c18b4a88,0x00000000c4300000)
 Metaspace       used 37947K, committed 38656K, reserved 1114112K
  class space    used 3807K, committed 4096K, reserved 1048576K
}
Event: 5.292 GC heap before
{Heap before GC invocations=20 (full 2):
 PSYoungGen      total 20480K, used 20371K [0x00000000eab00000, 0x00000000ec180000, 0x0000000100000000)
  eden space 19968K, 100% used [0x00000000eab00000,0x00000000ebe80000,0x00000000ebe80000)
  from space 512K, 78% used [0x00000000ec080000,0x00000000ec0e4f48,0x00000000ec100000)
  to   space 512K, 0% used [0x00000000ec100000,0x00000000ec100000,0x00000000ec180000)
 ParOldGen       total 68608K, used 25298K [0x00000000c0000000, 0x00000000c4300000, 0x00000000eab00000)
  object space 68608K, 36% used [0x00000000c0000000,0x00000000c18b4a88,0x00000000c4300000)
 Metaspace       used 39634K, committed 40512K, reserved 1114112K
  class space    used 4022K, committed 4416K, reserved 1048576K
}
Event: 5.293 GC heap after
{Heap after GC invocations=20 (full 2):
 PSYoungGen      total 20480K, used 512K [0x00000000eab00000, 0x00000000ec180000, 0x0000000100000000)
  eden space 19968K, 0% used [0x00000000eab00000,0x00000000eab00000,0x00000000ebe80000)
  from space 512K, 100% used [0x00000000ec100000,0x00000000ec180000,0x00000000ec180000)
  to   space 1024K, 0% used [0x00000000ebf80000,0x00000000ebf80000,0x00000000ec080000)
 ParOldGen       total 68608K, used 25514K [0x00000000c0000000, 0x00000000c4300000, 0x00000000eab00000)
  object space 68608K, 37% used [0x00000000c0000000,0x00000000c18eaa88,0x00000000c4300000)
 Metaspace       used 39634K, committed 40512K, reserved 1114112K
  class space    used 4022K, committed 4416K, reserved 1048576K
}
Event: 5.441 GC heap before
{Heap before GC invocations=21 (full 2):
 PSYoungGen      total 20480K, used 20464K [0x00000000eab00000, 0x00000000ec180000, 0x0000000100000000)
  eden space 19968K, 99% used [0x00000000eab00000,0x00000000ebe7c388,0x00000000ebe80000)
  from space 512K, 100% used [0x00000000ec100000,0x00000000ec180000,0x00000000ec180000)
  to   space 1024K, 0% used [0x00000000ebf80000,0x00000000ebf80000,0x00000000ec080000)
 ParOldGen       total 68608K, used 25514K [0x00000000c0000000, 0x00000000c4300000, 0x00000000eab00000)
  object space 68608K, 37% used [0x00000000c0000000,0x00000000c18eaa88,0x00000000c4300000)
 Metaspace       used 41304K, committed 42176K, reserved 1114112K
  class space    used 4239K, committed 4608K, reserved 1048576K
}
Event: 5.442 GC heap after
{Heap after GC invocations=21 (full 2):
 PSYoungGen      total 20992K, used 787K [0x00000000eab00000, 0x00000000ec180000, 0x0000000100000000)
  eden space 19968K, 0% used [0x00000000eab00000,0x00000000eab00000,0x00000000ebe80000)
  from space 1024K, 76% used [0x00000000ebf80000,0x00000000ec044d40,0x00000000ec080000)
  to   space 1024K, 0% used [0x00000000ec080000,0x00000000ec080000,0x00000000ec180000)
 ParOldGen       total 68608K, used 25980K [0x00000000c0000000, 0x00000000c4300000, 0x00000000eab00000)
  object space 68608K, 37% used [0x00000000c0000000,0x00000000c195f098,0x00000000c4300000)
 Metaspace       used 41304K, committed 42176K, reserved 1114112K
  class space    used 4239K, committed 4608K, reserved 1048576K
}
Event: 5.597 GC heap before
{Heap before GC invocations=22 (full 2):
 PSYoungGen      total 20992K, used 20755K [0x00000000eab00000, 0x00000000ec180000, 0x0000000100000000)
  eden space 19968K, 100% used [0x00000000eab00000,0x00000000ebe80000,0x00000000ebe80000)
  from space 1024K, 76% used [0x00000000ebf80000,0x00000000ec044d40,0x00000000ec080000)
  to   space 1024K, 0% used [0x00000000ec080000,0x00000000ec080000,0x00000000ec180000)
 ParOldGen       total 68608K, used 25980K [0x00000000c0000000, 0x00000000c4300000, 0x00000000eab00000)
  object space 68608K, 37% used [0x00000000c0000000,0x00000000c195f098,0x00000000c4300000)
 Metaspace       used 43279K, committed 44096K, reserved 1114112K
  class space    used 4464K, committed 4800K, reserved 1048576K
}
Event: 5.600 GC heap after
{Heap after GC invocations=22 (full 2):
 PSYoungGen      total 20992K, used 1016K [0x00000000eab00000, 0x00000000ec280000, 0x0000000100000000)
  eden space 19968K, 0% used [0x00000000eab00000,0x00000000eab00000,0x00000000ebe80000)
  from space 1024K, 99% used [0x00000000ec080000,0x00000000ec17e3b8,0x00000000ec180000)
  to   space 2048K, 0% used [0x00000000ebe80000,0x00000000ebe80000,0x00000000ec080000)
 ParOldGen       total 68608K, used 26625K [0x00000000c0000000, 0x00000000c4300000, 0x00000000eab00000)
  object space 68608K, 38% used [0x00000000c0000000,0x00000000c1a00480,0x00000000c4300000)
 Metaspace       used 43279K, committed 44096K, reserved 1114112K
  class space    used 4464K, committed 4800K, reserved 1048576K
}
Event: 5.779 GC heap before
{Heap before GC invocations=23 (full 2):
 PSYoungGen      total 20992K, used 20984K [0x00000000eab00000, 0x00000000ec280000, 0x0000000100000000)
  eden space 19968K, 100% used [0x00000000eab00000,0x00000000ebe80000,0x00000000ebe80000)
  from space 1024K, 99% used [0x00000000ec080000,0x00000000ec17e3b8,0x00000000ec180000)
  to   space 2048K, 0% used [0x00000000ebe80000,0x00000000ebe80000,0x00000000ec080000)
 ParOldGen       total 68608K, used 26625K [0x00000000c0000000, 0x00000000c4300000, 0x00000000eab00000)
  object space 68608K, 38% used [0x00000000c0000000,0x00000000c1a00480,0x00000000c4300000)
 Metaspace       used 45385K, committed 46272K, reserved 1114112K
  class space    used 4723K, committed 5120K, reserved 1048576K
}
Event: 5.781 GC heap after
{Heap after GC invocations=23 (full 2):
 PSYoungGen      total 21504K, used 1366K [0x00000000eab00000, 0x00000000ec180000, 0x0000000100000000)
  eden space 19968K, 0% used [0x00000000eab00000,0x00000000eab00000,0x00000000ebe80000)
  from space 1536K, 88% used [0x00000000ebe80000,0x00000000ebfd5a00,0x00000000ec000000)
  to   space 1536K, 0% used [0x00000000ec000000,0x00000000ec000000,0x00000000ec180000)
 ParOldGen       total 68608K, used 27583K [0x00000000c0000000, 0x00000000c4300000, 0x00000000eab00000)
  object space 68608K, 40% used [0x00000000c0000000,0x00000000c1aeff50,0x00000000c4300000)
 Metaspace       used 45385K, committed 46272K, reserved 1114112K
  class space    used 4723K, committed 5120K, reserved 1048576K
}
Event: 5.896 GC heap before
{Heap before GC invocations=24 (full 2):
 PSYoungGen      total 21504K, used 21334K [0x00000000eab00000, 0x00000000ec180000, 0x0000000100000000)
  eden space 19968K, 100% used [0x00000000eab00000,0x00000000ebe80000,0x00000000ebe80000)
  from space 1536K, 88% used [0x00000000ebe80000,0x00000000ebfd5a00,0x00000000ec000000)
  to   space 1536K, 0% used [0x00000000ec000000,0x00000000ec000000,0x00000000ec180000)
 ParOldGen       total 68608K, used 27583K [0x00000000c0000000, 0x00000000c4300000, 0x00000000eab00000)
  object space 68608K, 40% used [0x00000000c0000000,0x00000000c1aeff50,0x00000000c4300000)
 Metaspace       used 47237K, committed 48192K, reserved 1114112K
  class space    used 4967K, committed 5376K, reserved 1048576K
}
Event: 5.898 GC heap after
{Heap after GC invocations=24 (full 2):
 PSYoungGen      total 21504K, used 1152K [0x00000000eab00000, 0x00000000ec180000, 0x0000000100000000)
  eden space 19968K, 0% used [0x00000000eab00000,0x00000000eab00000,0x00000000ebe80000)
  from space 1536K, 75% used [0x00000000ec000000,0x00000000ec120040,0x00000000ec180000)
  to   space 1536K, 0% used [0x00000000ebe80000,0x00000000ebe80000,0x00000000ec000000)
 ParOldGen       total 68608K, used 28851K [0x00000000c0000000, 0x00000000c4300000, 0x00000000eab00000)
  object space 68608K, 42% used [0x00000000c0000000,0x00000000c1c2cf30,0x00000000c4300000)
 Metaspace       used 47237K, committed 48192K, reserved 1114112K
  class space    used 4967K, committed 5376K, reserved 1048576K
}
Event: 6.045 GC heap before
{Heap before GC invocations=25 (full 2):
 PSYoungGen      total 21504K, used 21120K [0x00000000eab00000, 0x00000000ec180000, 0x0000000100000000)
  eden space 19968K, 100% used [0x00000000eab00000,0x00000000ebe80000,0x00000000ebe80000)
  from space 1536K, 75% used [0x00000000ec000000,0x00000000ec120040,0x00000000ec180000)
  to   space 1536K, 0% used [0x00000000ebe80000,0x00000000ebe80000,0x00000000ec000000)
 ParOldGen       total 68608K, used 28851K [0x00000000c0000000, 0x00000000c4300000, 0x00000000eab00000)
  object space 68608K, 42% used [0x00000000c0000000,0x00000000c1c2cf30,0x00000000c4300000)
 Metaspace       used 48502K, committed 49472K, reserved 1114112K
  class space    used 5143K, committed 5568K, reserved 1048576K
}
Event: 6.048 GC heap after
{Heap after GC invocations=25 (full 2):
 PSYoungGen      total 21504K, used 1504K [0x00000000eab00000, 0x00000000ec480000, 0x0000000100000000)
  eden space 19968K, 0% used [0x00000000eab00000,0x00000000eab00000,0x00000000ebe80000)
  from space 1536K, 97% used [0x00000000ebe80000,0x00000000ebff8010,0x00000000ec000000)
  to   space 3072K, 0% used [0x00000000ec180000,0x00000000ec180000,0x00000000ec480000)
 ParOldGen       total 68608K, used 30060K [0x00000000c0000000, 0x00000000c4300000, 0x00000000eab00000)
  object space 68608K, 43% used [0x00000000c0000000,0x00000000c1d5b278,0x00000000c4300000)
 Metaspace       used 48502K, committed 49472K, reserved 1114112K
  class space    used 5143K, committed 5568K, reserved 1048576K
}
Event: 6.159 GC heap before
{Heap before GC invocations=26 (full 2):
 PSYoungGen      total 21504K, used 21472K [0x00000000eab00000, 0x00000000ec480000, 0x0000000100000000)
  eden space 19968K, 100% used [0x00000000eab00000,0x00000000ebe80000,0x00000000ebe80000)
  from space 1536K, 97% used [0x00000000ebe80000,0x00000000ebff8010,0x00000000ec000000)
  to   space 3072K, 0% used [0x00000000ec180000,0x00000000ec180000,0x00000000ec480000)
 ParOldGen       total 68608K, used 30060K [0x00000000c0000000, 0x00000000c4300000, 0x00000000eab00000)
  object space 68608K, 43% used [0x00000000c0000000,0x00000000c1d5b278,0x00000000c4300000)
 Metaspace       used 49302K, committed 50176K, reserved 1114112K
  class space    used 5252K, committed 5632K, reserved 1048576K
}
Event: 6.162 GC heap after
{Heap after GC invocations=26 (full 2):
 PSYoungGen      total 22016K, used 1920K [0x00000000eab00000, 0x00000000ec380000, 0x0000000100000000)
  eden space 19968K, 0% used [0x00000000eab00000,0x00000000eab00000,0x00000000ebe80000)
  from space 2048K, 93% used [0x00000000ec180000,0x00000000ec360000,0x00000000ec380000)
  to   space 2560K, 0% used [0x00000000ebe80000,0x00000000ebe80000,0x00000000ec100000)
 ParOldGen       total 68608K, used 31545K [0x00000000c0000000, 0x00000000c4300000, 0x00000000eab00000)
  object space 68608K, 45% used [0x00000000c0000000,0x00000000c1ece5a0,0x00000000c4300000)
 Metaspace       used 49302K, committed 50176K, reserved 1114112K
  class space    used 5252K, committed 5632K, reserved 1048576K
}
Event: 6.276 GC heap before
{Heap before GC invocations=27 (full 2):
 PSYoungGen      total 22016K, used 21888K [0x00000000eab00000, 0x00000000ec380000, 0x0000000100000000)
  eden space 19968K, 100% used [0x00000000eab00000,0x00000000ebe80000,0x00000000ebe80000)
  from space 2048K, 93% used [0x00000000ec180000,0x00000000ec360000,0x00000000ec380000)
  to   space 2560K, 0% used [0x00000000ebe80000,0x00000000ebe80000,0x00000000ec100000)
 ParOldGen       total 68608K, used 31545K [0x00000000c0000000, 0x00000000c4300000, 0x00000000eab00000)
  object space 68608K, 45% used [0x00000000c0000000,0x00000000c1ece5a0,0x00000000c4300000)
 Metaspace       used 50038K, committed 51008K, reserved 1114112K
  class space    used 5341K, committed 5760K, reserved 1048576K
}
Event: 6.278 GC heap after
{Heap after GC invocations=27 (full 2):
 PSYoungGen      total 22016K, used 1888K [0x00000000eab00000, 0x00000000ec280000, 0x0000000100000000)
  eden space 19968K, 0% used [0x00000000eab00000,0x00000000eab00000,0x00000000ebe80000)
  from space 2048K, 92% used [0x00000000ebe80000,0x00000000ec058010,0x00000000ec080000)
  to   space 2048K, 0% used [0x00000000ec080000,0x00000000ec080000,0x00000000ec280000)
 ParOldGen       total 68608K, used 33345K [0x00000000c0000000, 0x00000000c4300000, 0x00000000eab00000)
  object space 68608K, 48% used [0x00000000c0000000,0x00000000c20905a0,0x00000000c4300000)
 Metaspace       used 50038K, committed 51008K, reserved 1114112K
  class space    used 5341K, committed 5760K, reserved 1048576K
}

