# JRE version: OpenJDK Runtime Environment Temurin-17.0.10+7 (17.0.10+7) (build 17.0.10+7)
# Java VM: OpenJDK 64-Bit Server VM Temurin-17.0.10+7 (17.0.10+7, mixed mode, tiered, compressed oops, compressed class ptrs, parallel gc, windows-amd64)
GC Precious Log:
 CPUs: 8 total, 8 available
 Memory: 32674M
 Large Page Support: Disabled
 NUMA Support: Disabled
 Compressed Oops: Enabled (32-bit)
 Alignments: Space 512K, Generation 512K, Heap 2M
 Heap Min Capacity: 100M
 Heap Initial Capacity: 100M
 Heap Max Capacity: 1G
 Pre-touch: Disabled
 Parallel Workers: 8
Heap:
 PSYoungGen      total 18944K, used 13651K [0x00000000eab00000, 0x00000000ec700000, 0x0000000100000000)
  eden space 16896K, 68% used [0x00000000eab00000,0x00000000eb658208,0x00000000ebb80000)
  from space 2048K, 99% used [0x00000000ec000000,0x00000000ec1fcb68,0x00000000ec200000)
  to   space 4608K, 0% used [0x00000000ebb80000,0x00000000ebb80000,0x00000000ec000000)
 ParOldGen       total 68608K, used 34528K [0x00000000c0000000, 0x00000000c4300000, 0x00000000eab00000)
  object space 68608K, 50% used [0x00000000c0000000,0x00000000c21b8040,0x00000000c4300000)
 Metaspace       used 51049K, committed 51968K, reserved 1114112K
  class space    used 5470K, committed 5888K, reserved 1048576K
GC Heap History (20 events):
Event: 3.709 GC heap before
{Heap before GC invocations=18 (full 2):
 PSYoungGen      total 21504K, used 20224K [0x00000000eab00000, 0x00000000ec200000, 0x0000000100000000)
  eden space 19968K, 100% used [0x00000000eab00000,0x00000000ebe80000,0x00000000ebe80000)
  from space 1536K, 16% used [0x00000000ebf80000,0x00000000ebfc0000,0x00000000ec100000)
  to   space 1024K, 0% used [0x00000000ec100000,0x00000000ec100000,0x00000000ec200000)
 ParOldGen       total 68608K, used 25443K [0x00000000c0000000, 0x00000000c4300000, 0x00000000eab00000)
  object space 68608K, 37% used [0x00000000c0000000,0x00000000c18d8de8,0x00000000c4300000)
 Metaspace       used 37248K, committed 38080K, reserved 1114112K
  class space    used 3628K, committed 3968K, reserved 1048576K
}
Event: 3.710 GC heap after
{Heap after GC invocations=18 (full 2):
 PSYoungGen      total 20480K, used 288K [0x00000000eab00000, 0x00000000ec180000, 0x0000000100000000)
  eden space 19968K, 0% used [0x00000000eab00000,0x00000000eab00000,0x00000000ebe80000)
  from space 512K, 56% used [0x00000000ec100000,0x00000000ec148000,0x00000000ec180000)
  to   space 512K, 0% used [0x00000000ec080000,0x00000000ec080000,0x00000000ec100000)
 ParOldGen       total 68608K, used 25515K [0x00000000c0000000, 0x00000000c4300000, 0x00000000eab00000)
  object space 68608K, 37% used [0x00000000c0000000,0x00000000c18eade8,0x00000000c4300000)
 Metaspace       used 37248K, committed 38080K, reserved 1114112K
  class space    used 3628K, committed 3968K, reserved 1048576K
}
Event: 3.784 GC heap before
{Heap before GC invocations=19 (full 2):
 PSYoungGen      total 20480K, used 20256K [0x00000000eab00000, 0x00000000ec180000, 0x0000000100000000)
  eden space 19968K, 100% used [0x00000000eab00000,0x00000000ebe80000,0x00000000ebe80000)
  from space 512K, 56% used [0x00000000ec100000,0x00000000ec148000,0x00000000ec180000)
  to   space 512K, 0% used [0x00000000ec080000,0x00000000ec080000,0x00000000ec100000)
 ParOldGen       total 68608K, used 25515K [0x00000000c0000000, 0x00000000c4300000, 0x00000000eab00000)
  object space 68608K, 37% used [0x00000000c0000000,0x00000000c18eade8,0x00000000c4300000)
 Metaspace       used 38472K, committed 39296K, reserved 1114112K
  class space    used 3805K, committed 4160K, reserved 1048576K
}
Event: 3.785 GC heap after
{Heap after GC invocations=19 (full 2):
 PSYoungGen      total 20480K, used 352K [0x00000000eab00000, 0x00000000ec180000, 0x0000000100000000)
  eden space 19968K, 0% used [0x00000000eab00000,0x00000000eab00000,0x00000000ebe80000)
  from space 512K, 68% used [0x00000000ec080000,0x00000000ec0d8000,0x00000000ec100000)
  to   space 512K, 0% used [0x00000000ec100000,0x00000000ec100000,0x00000000ec180000)
 ParOldGen       total 68608K, used 25659K [0x00000000c0000000, 0x00000000c4300000, 0x00000000eab00000)
  object space 68608K, 37% used [0x00000000c0000000,0x00000000c190ede8,0x00000000c4300000)
 Metaspace       used 38472K, committed 39296K, reserved 1114112K
  class space    used 3805K, committed 4160K, reserved 1048576K
}
Event: 3.922 GC heap before
{Heap before GC invocations=20 (full 2):
 PSYoungGen      total 20480K, used 20320K [0x00000000eab00000, 0x00000000ec180000, 0x0000000100000000)
  eden space 19968K, 100% used [0x00000000eab00000,0x00000000ebe80000,0x00000000ebe80000)
  from space 512K, 68% used [0x00000000ec080000,0x00000000ec0d8000,0x00000000ec100000)
  to   space 512K, 0% used [0x00000000ec100000,0x00000000ec100000,0x00000000ec180000)
 ParOldGen       total 68608K, used 25659K [0x00000000c0000000, 0x00000000c4300000, 0x00000000eab00000)
  object space 68608K, 37% used [0x00000000c0000000,0x00000000c190ede8,0x00000000c4300000)
 Metaspace       used 40799K, committed 41664K, reserved 1114112K
  class space    used 4149K, committed 4480K, reserved 1048576K
}
Event: 3.923 GC heap after
{Heap after GC invocations=20 (full 2):
 PSYoungGen      total 20480K, used 512K [0x00000000eab00000, 0x00000000ec180000, 0x0000000100000000)
  eden space 19968K, 0% used [0x00000000eab00000,0x00000000eab00000,0x00000000ebe80000)
  from space 512K, 100% used [0x00000000ec100000,0x00000000ec180000,0x00000000ec180000)
  to   space 1024K, 0% used [0x00000000ebf80000,0x00000000ebf80000,0x00000000ec080000)
 ParOldGen       total 68608K, used 25980K [0x00000000c0000000, 0x00000000c4300000, 0x00000000eab00000)
  object space 68608K, 37% used [0x00000000c0000000,0x00000000c195f350,0x00000000c4300000)
 Metaspace       used 40799K, committed 41664K, reserved 1114112K
  class space    used 4149K, committed 4480K, reserved 1048576K
}
Event: 4.047 GC heap before
{Heap before GC invocations=21 (full 2):
 PSYoungGen      total 20480K, used 20480K [0x00000000eab00000, 0x00000000ec180000, 0x0000000100000000)
  eden space 19968K, 100% used [0x00000000eab00000,0x00000000ebe80000,0x00000000ebe80000)
  from space 512K, 100% used [0x00000000ec100000,0x00000000ec180000,0x00000000ec180000)
  to   space 1024K, 0% used [0x00000000ebf80000,0x00000000ebf80000,0x00000000ec080000)
 ParOldGen       total 68608K, used 25980K [0x00000000c0000000, 0x00000000c4300000, 0x00000000eab00000)
  object space 68608K, 37% used [0x00000000c0000000,0x00000000c195f350,0x00000000c4300000)
 Metaspace       used 42210K, committed 43008K, reserved 1114112K
  class space    used 4339K, committed 4672K, reserved 1048576K
}
Event: 4.049 GC heap after
{Heap after GC invocations=21 (full 2):
 PSYoungGen      total 20992K, used 912K [0x00000000eab00000, 0x00000000ec180000, 0x0000000100000000)
  eden space 19968K, 0% used [0x00000000eab00000,0x00000000eab00000,0x00000000ebe80000)
  from space 1024K, 89% used [0x00000000ebf80000,0x00000000ec064308,0x00000000ec080000)
  to   space 1024K, 0% used [0x00000000ec080000,0x00000000ec080000,0x00000000ec180000)
 ParOldGen       total 68608K, used 26356K [0x00000000c0000000, 0x00000000c4300000, 0x00000000eab00000)
  object space 68608K, 38% used [0x00000000c0000000,0x00000000c19bd350,0x00000000c4300000)
 Metaspace       used 42210K, committed 43008K, reserved 1114112K
  class space    used 4339K, committed 4672K, reserved 1048576K
}
Event: 4.241 GC heap before
{Heap before GC invocations=22 (full 2):
 PSYoungGen      total 20992K, used 20880K [0x00000000eab00000, 0x00000000ec180000, 0x0000000100000000)
  eden space 19968K, 100% used [0x00000000eab00000,0x00000000ebe80000,0x00000000ebe80000)
  from space 1024K, 89% used [0x00000000ebf80000,0x00000000ec064308,0x00000000ec080000)
  to   space 1024K, 0% used [0x00000000ec080000,0x00000000ec080000,0x00000000ec180000)
 ParOldGen       total 68608K, used 26356K [0x00000000c0000000, 0x00000000c4300000, 0x00000000eab00000)
  object space 68608K, 38% used [0x00000000c0000000,0x00000000c19bd350,0x00000000c4300000)
 Metaspace       used 43820K, committed 44672K, reserved 1114112K
  class space    used 4548K, committed 4864K, reserved 1048576K
}
Event: 4.242 GC heap after
{Heap after GC invocations=22 (full 2):
 PSYoungGen      total 20992K, used 640K [0x00000000eab00000, 0x00000000ec180000, 0x0000000100000000)
  eden space 19968K, 0% used [0x00000000eab00000,0x00000000eab00000,0x00000000ebe80000)
  from space 1024K, 62% used [0x00000000ec080000,0x00000000ec120000,0x00000000ec180000)
  to   space 1024K, 0% used [0x00000000ebf80000,0x00000000ebf80000,0x00000000ec080000)
 ParOldGen       total 68608K, used 27070K [0x00000000c0000000, 0x00000000c4300000, 0x00000000eab00000)
  object space 68608K, 39% used [0x00000000c0000000,0x00000000c1a6f960,0x00000000c4300000)
 Metaspace       used 43820K, committed 44672K, reserved 1114112K
  class space    used 4548K, committed 4864K, reserved 1048576K
}
Event: 4.459 GC heap before
{Heap before GC invocations=23 (full 2):
 PSYoungGen      total 20992K, used 20608K [0x00000000eab00000, 0x00000000ec180000, 0x0000000100000000)
  eden space 19968K, 100% used [0x00000000eab00000,0x00000000ebe80000,0x00000000ebe80000)
  from space 1024K, 62% used [0x00000000ec080000,0x00000000ec120000,0x00000000ec180000)
  to   space 1024K, 0% used [0x00000000ebf80000,0x00000000ebf80000,0x00000000ec080000)
 ParOldGen       total 68608K, used 27070K [0x00000000c0000000, 0x00000000c4300000, 0x00000000eab00000)
  object space 68608K, 39% used [0x00000000c0000000,0x00000000c1a6f960,0x00000000c4300000)
 Metaspace       used 45969K, committed 46848K, reserved 1114112K
  class space    used 4833K, committed 5248K, reserved 1048576K
}
Event: 4.461 GC heap after
{Heap after GC invocations=23 (full 2):
 PSYoungGen      total 20992K, used 976K [0x00000000eab00000, 0x00000000ec180000, 0x0000000100000000)
  eden space 19968K, 0% used [0x00000000eab00000,0x00000000eab00000,0x00000000ebe80000)
  from space 1024K, 95% used [0x00000000ebf80000,0x00000000ec074010,0x00000000ec080000)
  to   space 1024K, 0% used [0x00000000ec080000,0x00000000ec080000,0x00000000ec180000)
 ParOldGen       total 68608K, used 27566K [0x00000000c0000000, 0x00000000c4300000, 0x00000000eab00000)
  object space 68608K, 40% used [0x00000000c0000000,0x00000000c1aeb960,0x00000000c4300000)
 Metaspace       used 45969K, committed 46848K, reserved 1114112K
  class space    used 4833K, committed 5248K, reserved 1048576K
}
Event: 4.619 GC heap before
{Heap before GC invocations=24 (full 2):
 PSYoungGen      total 20992K, used 20944K [0x00000000eab00000, 0x00000000ec180000, 0x0000000100000000)
  eden space 19968K, 100% used [0x00000000eab00000,0x00000000ebe80000,0x00000000ebe80000)
  from space 1024K, 95% used [0x00000000ebf80000,0x00000000ec074010,0x00000000ec080000)
  to   space 1024K, 0% used [0x00000000ec080000,0x00000000ec080000,0x00000000ec180000)
 ParOldGen       total 68608K, used 27566K [0x00000000c0000000, 0x00000000c4300000, 0x00000000eab00000)
  object space 68608K, 40% used [0x00000000c0000000,0x00000000c1aeb960,0x00000000c4300000)
 Metaspace       used 48014K, committed 49024K, reserved 1114112K
  class space    used 5067K, committed 5504K, reserved 1048576K
}
Event: 4.621 GC heap after
{Heap after GC invocations=24 (full 2):
 PSYoungGen      total 20480K, used 992K [0x00000000eab00000, 0x00000000ec380000, 0x0000000100000000)
  eden space 19456K, 0% used [0x00000000eab00000,0x00000000eab00000,0x00000000ebe00000)
  from space 1024K, 96% used [0x00000000ec080000,0x00000000ec178020,0x00000000ec180000)
  to   space 2560K, 0% used [0x00000000ebe00000,0x00000000ebe00000,0x00000000ec080000)
 ParOldGen       total 68608K, used 28749K [0x00000000c0000000, 0x00000000c4300000, 0x00000000eab00000)
  object space 68608K, 41% used [0x00000000c0000000,0x00000000c1c136a0,0x00000000c4300000)
 Metaspace       used 48014K, committed 49024K, reserved 1114112K
  class space    used 5067K, committed 5504K, reserved 1048576K
}
Event: 4.707 GC heap before
{Heap before GC invocations=25 (full 2):
 PSYoungGen      total 20480K, used 20448K [0x00000000eab00000, 0x00000000ec380000, 0x0000000100000000)
  eden space 19456K, 100% used [0x00000000eab00000,0x00000000ebe00000,0x00000000ebe00000)
  from space 1024K, 96% used [0x00000000ec080000,0x00000000ec178020,0x00000000ec180000)
  to   space 2560K, 0% used [0x00000000ebe00000,0x00000000ebe00000,0x00000000ec080000)
 ParOldGen       total 68608K, used 28749K [0x00000000c0000000, 0x00000000c4300000, 0x00000000eab00000)
  object space 68608K, 41% used [0x00000000c0000000,0x00000000c1c136a0,0x00000000c4300000)
 Metaspace       used 48716K, committed 49600K, reserved 1114112K
  class space    used 5170K, committed 5568K, reserved 1048576K
}
Event: 4.709 GC heap after
{Heap after GC invocations=25 (full 2):
 PSYoungGen      total 21504K, used 1696K [0x00000000eab00000, 0x00000000ec200000, 0x0000000100000000)
  eden space 19456K, 0% used [0x00000000eab00000,0x00000000eab00000,0x00000000ebe00000)
  from space 2048K, 82% used [0x00000000ebe00000,0x00000000ebfa8020,0x00000000ec000000)
  to   space 2048K, 0% used [0x00000000ec000000,0x00000000ec000000,0x00000000ec200000)
 ParOldGen       total 68608K, used 29700K [0x00000000c0000000, 0x00000000c4300000, 0x00000000eab00000)
  object space 68608K, 43% used [0x00000000c0000000,0x00000000c1d01010,0x00000000c4300000)
 Metaspace       used 48716K, committed 49600K, reserved 1114112K
  class space    used 5170K, committed 5568K, reserved 1048576K
}
Event: 4.784 GC heap before
{Heap before GC invocations=26 (full 2):
 PSYoungGen      total 21504K, used 21152K [0x00000000eab00000, 0x00000000ec200000, 0x0000000100000000)
  eden space 19456K, 100% used [0x00000000eab00000,0x00000000ebe00000,0x00000000ebe00000)
  from space 2048K, 82% used [0x00000000ebe00000,0x00000000ebfa8020,0x00000000ec000000)
  to   space 2048K, 0% used [0x00000000ec000000,0x00000000ec000000,0x00000000ec200000)
 ParOldGen       total 68608K, used 29700K [0x00000000c0000000, 0x00000000c4300000, 0x00000000eab00000)
  object space 68608K, 43% used [0x00000000c0000000,0x00000000c1d01010,0x00000000c4300000)
 Metaspace       used 49298K, committed 50304K, reserved 1114112K
  class space    used 5253K, committed 5696K, reserved 1048576K
}
Event: 4.786 GC heap after
{Heap after GC invocations=26 (full 2):
 PSYoungGen      total 21504K, used 1696K [0x00000000eab00000, 0x00000000ec200000, 0x0000000100000000)
  eden space 19456K, 0% used [0x00000000eab00000,0x00000000eab00000,0x00000000ebe00000)
  from space 2048K, 82% used [0x00000000ec000000,0x00000000ec1a8010,0x00000000ec200000)
  to   space 2048K, 0% used [0x00000000ebe00000,0x00000000ebe00000,0x00000000ec000000)
 ParOldGen       total 68608K, used 31232K [0x00000000c0000000, 0x00000000c4300000, 0x00000000eab00000)
  object space 68608K, 45% used [0x00000000c0000000,0x00000000c1e80030,0x00000000c4300000)
 Metaspace       used 49298K, committed 50304K, reserved 1114112K
  class space    used 5253K, committed 5696K, reserved 1048576K
}
Event: 4.826 GC heap before
{Heap before GC invocations=27 (full 2):
 PSYoungGen      total 21504K, used 21152K [0x00000000eab00000, 0x00000000ec200000, 0x0000000100000000)
  eden space 19456K, 100% used [0x00000000eab00000,0x00000000ebe00000,0x00000000ebe00000)
  from space 2048K, 82% used [0x00000000ec000000,0x00000000ec1a8010,0x00000000ec200000)
  to   space 2048K, 0% used [0x00000000ebe00000,0x00000000ebe00000,0x00000000ec000000)
 ParOldGen       total 68608K, used 31232K [0x00000000c0000000, 0x00000000c4300000, 0x00000000eab00000)
  object space 68608K, 45% used [0x00000000c0000000,0x00000000c1e80030,0x00000000c4300000)
 Metaspace       used 49640K, committed 50624K, reserved 1114112K
  class space    used 5307K, committed 5760K, reserved 1048576K
}
Event: 4.828 GC heap after
{Heap after GC invocations=27 (full 2):
 PSYoungGen      total 21504K, used 1632K [0x00000000eab00000, 0x00000000ec200000, 0x0000000100000000)
  eden space 19456K, 0% used [0x00000000eab00000,0x00000000eab00000,0x00000000ebe00000)
  from space 2048K, 79% used [0x00000000ebe00000,0x00000000ebf98010,0x00000000ec000000)
  to   space 2048K, 0% used [0x00000000ec000000,0x00000000ec000000,0x00000000ec200000)
 ParOldGen       total 68608K, used 32744K [0x00000000c0000000, 0x00000000c4300000, 0x00000000eab00000)
  object space 68608K, 47% used [0x00000000c0000000,0x00000000c1ffa030,0x00000000c4300000)
 Metaspace       used 49640K, committed 50624K, reserved 1114112K
  class space    used 5307K, committed 5760K, reserved 1048576K
}

