# JRE version: Java(TM) SE Runtime Environment (17.0.9+11) (build 17.0.9+11-LTS-201)
# Java VM: Java HotSpot(TM) 64-Bit Server VM (17.0.9+11-LTS-201, mixed mode, emulated-client, sharing, tiered, compressed oops, compressed class ptrs, g1 gc, windows-amd64)
GC Precious Log:
 CPUs: 8 total, 8 available
 Memory: 32674M
 Large Page Support: Disabled
 NUMA Support: Disabled
 Compressed Oops: Enabled (Zero based)
 Heap Region Size: 4M
 Heap Min Capacity: 8M
 Heap Initial Capacity: 512M
 Heap Max Capacity: 8172M
 Pre-touch: Disabled
 Parallel Workers: 8
 Concurrent Workers: 2
 Concurrent Refinement Workers: 8
 Periodic GC: Disabled
Heap:
 garbage-first heap   total 192512K, used 154675K [0x0000000601400000, 0x0000000800000000)
  region size 4096K, 24 young (98304K), 2 survivors (8192K)
 Metaspace       used 99879K, committed 100736K, reserved 1179648K
  class space    used 14078K, committed 14528K, reserved 1048576K
GC Heap History (20 events):
Event: 47.873 GC heap after
{Heap after GC invocations=27 (full 0):
 garbage-first heap   total 303104K, used 60189K [0x0000000601400000, 0x0000000800000000)
  region size 4096K, 3 young (12288K), 3 survivors (12288K)
 Metaspace       used 97036K, committed 97920K, reserved 1179648K
  class space    used 13739K, committed 14208K, reserved 1048576K
}
Event: 48.182 GC heap before
{Heap before GC invocations=27 (full 0):
 garbage-first heap   total 303104K, used 228125K [0x0000000601400000, 0x0000000800000000)
  region size 4096K, 44 young (180224K), 3 survivors (12288K)
 Metaspace       used 97036K, committed 97920K, reserved 1179648K
  class space    used 13739K, committed 14208K, reserved 1048576K
}
Event: 48.189 GC heap after
{Heap after GC invocations=28 (full 0):
 garbage-first heap   total 606208K, used 59464K [0x0000000601400000, 0x0000000800000000)
  region size 4096K, 3 young (12288K), 3 survivors (12288K)
 Metaspace       used 97036K, committed 97920K, reserved 1179648K
  class space    used 13739K, committed 14208K, reserved 1048576K
}
Event: 194.133 GC heap before
{Heap before GC invocations=28 (full 0):
 garbage-first heap   total 606208K, used 407624K [0x0000000601400000, 0x0000000800000000)
  region size 4096K, 88 young (360448K), 3 survivors (12288K)
 Metaspace       used 97591K, committed 98496K, reserved 1179648K
  class space    used 13817K, committed 14272K, reserved 1048576K
}
Event: 194.139 GC heap after
{Heap after GC invocations=29 (full 0):
 garbage-first heap   total 606208K, used 58638K [0x0000000601400000, 0x0000000800000000)
  region size 4096K, 3 young (12288K), 3 survivors (12288K)
 Metaspace       used 97591K, committed 98496K, reserved 1179648K
  class space    used 13817K, committed 14272K, reserved 1048576K
}
Event: 318.786 GC heap before
{Heap before GC invocations=29 (full 0):
 garbage-first heap   total 606208K, used 107790K [0x0000000601400000, 0x0000000800000000)
  region size 4096K, 16 young (65536K), 3 survivors (12288K)
 Metaspace       used 97824K, committed 98624K, reserved 1179648K
  class space    used 13868K, committed 14272K, reserved 1048576K
}
Event: 318.846 GC heap after
{Heap after GC invocations=30 (full 1):
 garbage-first heap   total 192512K, used 50583K [0x0000000601400000, 0x0000000800000000)
  region size 4096K, 0 young (0K), 0 survivors (0K)
 Metaspace       used 97804K, committed 98624K, reserved 1179648K
  class space    used 13865K, committed 14272K, reserved 1048576K
}
Event: 323.271 GC heap before
{Heap before GC invocations=30 (full 1):
 garbage-first heap   total 192512K, used 157079K [0x0000000601400000, 0x0000000800000000)
  region size 4096K, 26 young (106496K), 0 survivors (0K)
 Metaspace       used 98801K, committed 99648K, reserved 1179648K
  class space    used 13983K, committed 14400K, reserved 1048576K
}
Event: 323.275 GC heap after
{Heap after GC invocations=31 (full 1):
 garbage-first heap   total 192512K, used 56164K [0x0000000601400000, 0x0000000800000000)
  region size 4096K, 2 young (8192K), 2 survivors (8192K)
 Metaspace       used 98801K, committed 99648K, reserved 1179648K
  class space    used 13983K, committed 14400K, reserved 1048576K
}
Event: 323.771 GC heap before
{Heap before GC invocations=31 (full 1):
 garbage-first heap   total 192512K, used 154468K [0x0000000601400000, 0x0000000800000000)
  region size 4096K, 26 young (106496K), 2 survivors (8192K)
 Metaspace       used 98932K, committed 99776K, reserved 1179648K
  class space    used 13995K, committed 14400K, reserved 1048576K
}
Event: 323.775 GC heap after
{Heap after GC invocations=32 (full 1):
 garbage-first heap   total 192512K, used 57595K [0x0000000601400000, 0x0000000800000000)
  region size 4096K, 2 young (8192K), 2 survivors (8192K)
 Metaspace       used 98932K, committed 99776K, reserved 1179648K
  class space    used 13995K, committed 14400K, reserved 1048576K
}
Event: 325.072 GC heap before
{Heap before GC invocations=32 (full 1):
 garbage-first heap   total 192512K, used 155899K [0x0000000601400000, 0x0000000800000000)
  region size 4096K, 26 young (106496K), 2 survivors (8192K)
 Metaspace       used 99299K, committed 100160K, reserved 1179648K
  class space    used 14037K, committed 14464K, reserved 1048576K
}
Event: 325.078 GC heap after
{Heap after GC invocations=33 (full 1):
 garbage-first heap   total 192512K, used 61367K [0x0000000601400000, 0x0000000800000000)
  region size 4096K, 3 young (12288K), 3 survivors (12288K)
 Metaspace       used 99299K, committed 100160K, reserved 1179648K
  class space    used 14037K, committed 14464K, reserved 1048576K
}
Event: 325.373 GC heap before
{Heap before GC invocations=33 (full 1):
 garbage-first heap   total 192512K, used 147383K [0x0000000601400000, 0x0000000800000000)
  region size 4096K, 25 young (102400K), 3 survivors (12288K)
 Metaspace       used 99500K, committed 100352K, reserved 1179648K
  class space    used 14052K, committed 14464K, reserved 1048576K
}
Event: 325.377 GC heap after
{Heap after GC invocations=34 (full 1):
 garbage-first heap   total 192512K, used 62815K [0x0000000601400000, 0x0000000800000000)
  region size 4096K, 2 young (8192K), 2 survivors (8192K)
 Metaspace       used 99500K, committed 100352K, reserved 1179648K
  class space    used 14052K, committed 14464K, reserved 1048576K
}
Event: 325.678 GC heap before
{Heap before GC invocations=34 (full 1):
 garbage-first heap   total 192512K, used 152927K [0x0000000601400000, 0x0000000800000000)
  region size 4096K, 24 young (98304K), 2 survivors (8192K)
 Metaspace       used 99604K, committed 100480K, reserved 1179648K
  class space    used 14059K, committed 14528K, reserved 1048576K
}
Event: 325.682 GC heap after
{Heap after GC invocations=35 (full 1):
 garbage-first heap   total 192512K, used 63523K [0x0000000601400000, 0x0000000800000000)
  region size 4096K, 2 young (8192K), 2 survivors (8192K)
 Metaspace       used 99604K, committed 100480K, reserved 1179648K
  class space    used 14059K, committed 14528K, reserved 1048576K
}
Event: 325.901 GC heap before
{Heap before GC invocations=35 (full 1):
 garbage-first heap   total 192512K, used 153635K [0x0000000601400000, 0x0000000800000000)
  region size 4096K, 24 young (98304K), 2 survivors (8192K)
 Metaspace       used 99776K, committed 100672K, reserved 1179648K
  class space    used 14070K, committed 14528K, reserved 1048576K
}
Event: 325.905 GC heap after
{Heap after GC invocations=36 (full 1):
 garbage-first heap   total 192512K, used 64563K [0x0000000601400000, 0x0000000800000000)
  region size 4096K, 2 young (8192K), 2 survivors (8192K)
 Metaspace       used 99776K, committed 100672K, reserved 1179648K
  class space    used 14070K, committed 14528K, reserved 1048576K
}
Event: 326.258 GC heap before
{Heap before GC invocations=36 (full 1):
 garbage-first heap   total 192512K, used 154675K [0x0000000601400000, 0x0000000800000000)
  region size 4096K, 24 young (98304K), 2 survivors (8192K)
 Metaspace       used 99879K, committed 100736K, reserved 1179648K
  class space    used 14078K, committed 14528K, reserved 1048576K
}

