# JRE version: OpenJDK Runtime Environment Temurin-17.0.10+7 (17.0.10+7) (build 17.0.10+7)
# Java VM: OpenJDK 64-Bit Server VM Temurin-17.0.10+7 (17.0.10+7, mixed mode, tiered, compressed oops, compressed class ptrs, parallel gc, windows-amd64)
GC Precious Log:
 CPUs: 8 total, 8 available
 Memory: 32674M
 Large Page Support: Disabled
 NUMA Support: Disabled
 Compressed Oops: Enabled (32-bit)
 Alignments: Space 512K, Generation 512K, Heap 2M
 Heap Min Capacity: 100M
 Heap Initial Capacity: 100M
 Heap Max Capacity: 1G
 Pre-touch: Disabled
 Parallel Workers: 8
Heap:
 PSYoungGen      total 12288K, used 2223K [0x00000000eab00000, 0x00000000ebb80000, 0x0000000100000000)
  eden space 9728K, 0% used [0x00000000eab00000,0x00000000eab00000,0x00000000eb480000)
  from space 2560K, 86% used [0x00000000eb480000,0x00000000eb6abea0,0x00000000eb700000)
  to   space 3584K, 0% used [0x00000000eb800000,0x00000000eb800000,0x00000000ebb80000)
 ParOldGen       total 68608K, used 67372K [0x00000000c0000000, 0x00000000c4300000, 0x00000000eab00000)
  object space 68608K, 98% used [0x00000000c0000000,0x00000000c41cb050,0x00000000c4300000)
 Metaspace       used 52550K, committed 53504K, reserved 1114112K
  class space    used 5578K, committed 6016K, reserved 1048576K
GC Heap History (20 events):
Event: 5.372 GC heap after
{Heap after GC invocations=36 (full 2):
 PSYoungGen      total 16384K, used 1521K [0x00000000eab00000, 0x00000000ec080000, 0x0000000100000000)
  eden space 14848K, 0% used [0x00000000eab00000,0x00000000eab00000,0x00000000eb980000)
  from space 1536K, 99% used [0x00000000ebc80000,0x00000000ebdfc660,0x00000000ebe00000)
  to   space 3072K, 0% used [0x00000000eb980000,0x00000000eb980000,0x00000000ebc80000)
 ParOldGen       total 68608K, used 47947K [0x00000000c0000000, 0x00000000c4300000, 0x00000000eab00000)
  object space 68608K, 69% used [0x00000000c0000000,0x00000000c2ed2cf8,0x00000000c4300000)
 Metaspace       used 52025K, committed 53056K, reserved 1114112K
  class space    used 5545K, committed 6016K, reserved 1048576K
}
Event: 5.449 GC heap before
{Heap before GC invocations=37 (full 2):
 PSYoungGen      total 16384K, used 16341K [0x00000000eab00000, 0x00000000ec080000, 0x0000000100000000)
  eden space 14848K, 99% used [0x00000000eab00000,0x00000000eb9790a8,0x00000000eb980000)
  from space 1536K, 99% used [0x00000000ebc80000,0x00000000ebdfc660,0x00000000ebe00000)
  to   space 3072K, 0% used [0x00000000eb980000,0x00000000eb980000,0x00000000ebc80000)
 ParOldGen       total 68608K, used 47947K [0x00000000c0000000, 0x00000000c4300000, 0x00000000eab00000)
  object space 68608K, 69% used [0x00000000c0000000,0x00000000c2ed2cf8,0x00000000c4300000)
 Metaspace       used 52346K, committed 53312K, reserved 1114112K
  class space    used 5572K, committed 6016K, reserved 1048576K
}
Event: 5.451 GC heap after
{Heap after GC invocations=37 (full 2):
 PSYoungGen      total 17920K, used 2554K [0x00000000eab00000, 0x00000000ebf80000, 0x0000000100000000)
  eden space 14848K, 0% used [0x00000000eab00000,0x00000000eab00000,0x00000000eb980000)
  from space 3072K, 83% used [0x00000000eb980000,0x00000000ebbfeb40,0x00000000ebc80000)
  to   space 3072K, 0% used [0x00000000ebc80000,0x00000000ebc80000,0x00000000ebf80000)
 ParOldGen       total 68608K, used 49366K [0x00000000c0000000, 0x00000000c4300000, 0x00000000eab00000)
  object space 68608K, 71% used [0x00000000c0000000,0x00000000c3035828,0x00000000c4300000)
 Metaspace       used 52346K, committed 53312K, reserved 1114112K
  class space    used 5572K, committed 6016K, reserved 1048576K
}
Event: 5.485 GC heap before
{Heap before GC invocations=38 (full 2):
 PSYoungGen      total 17920K, used 17402K [0x00000000eab00000, 0x00000000ebf80000, 0x0000000100000000)
  eden space 14848K, 100% used [0x00000000eab00000,0x00000000eb980000,0x00000000eb980000)
  from space 3072K, 83% used [0x00000000eb980000,0x00000000ebbfeb40,0x00000000ebc80000)
  to   space 3072K, 0% used [0x00000000ebc80000,0x00000000ebc80000,0x00000000ebf80000)
 ParOldGen       total 68608K, used 49366K [0x00000000c0000000, 0x00000000c4300000, 0x00000000eab00000)
  object space 68608K, 71% used [0x00000000c0000000,0x00000000c3035828,0x00000000c4300000)
 Metaspace       used 52403K, committed 53376K, reserved 1114112K
  class space    used 5575K, committed 6016K, reserved 1048576K
}
Event: 5.488 GC heap after
{Heap after GC invocations=38 (full 2):
 PSYoungGen      total 17408K, used 2239K [0x00000000eab00000, 0x00000000ebf00000, 0x0000000100000000)
  eden space 14848K, 0% used [0x00000000eab00000,0x00000000eab00000,0x00000000eb980000)
  from space 2560K, 87% used [0x00000000ebc80000,0x00000000ebeafcf8,0x00000000ebf00000)
  to   space 2560K, 0% used [0x00000000eba00000,0x00000000eba00000,0x00000000ebc80000)
 ParOldGen       total 68608K, used 51767K [0x00000000c0000000, 0x00000000c4300000, 0x00000000eab00000)
  object space 68608K, 75% used [0x00000000c0000000,0x00000000c328de48,0x00000000c4300000)
 Metaspace       used 52403K, committed 53376K, reserved 1114112K
  class space    used 5575K, committed 6016K, reserved 1048576K
}
Event: 5.519 GC heap before
{Heap before GC invocations=39 (full 2):
 PSYoungGen      total 17408K, used 17087K [0x00000000eab00000, 0x00000000ebf00000, 0x0000000100000000)
  eden space 14848K, 100% used [0x00000000eab00000,0x00000000eb980000,0x00000000eb980000)
  from space 2560K, 87% used [0x00000000ebc80000,0x00000000ebeafcf8,0x00000000ebf00000)
  to   space 2560K, 0% used [0x00000000eba00000,0x00000000eba00000,0x00000000ebc80000)
 ParOldGen       total 68608K, used 51767K [0x00000000c0000000, 0x00000000c4300000, 0x00000000eab00000)
  object space 68608K, 75% used [0x00000000c0000000,0x00000000c328de48,0x00000000c4300000)
 Metaspace       used 52425K, committed 53376K, reserved 1114112K
  class space    used 5575K, committed 6016K, reserved 1048576K
}
Event: 5.520 GC heap after
{Heap after GC invocations=39 (full 2):
 PSYoungGen      total 17408K, used 2174K [0x00000000eab00000, 0x00000000ebe80000, 0x0000000100000000)
  eden space 14848K, 0% used [0x00000000eab00000,0x00000000eab00000,0x00000000eb980000)
  from space 2560K, 84% used [0x00000000eba00000,0x00000000ebc1f8b0,0x00000000ebc80000)
  to   space 2048K, 0% used [0x00000000ebc80000,0x00000000ebc80000,0x00000000ebe80000)
 ParOldGen       total 68608K, used 53893K [0x00000000c0000000, 0x00000000c4300000, 0x00000000eab00000)
  object space 68608K, 78% used [0x00000000c0000000,0x00000000c34a14b8,0x00000000c4300000)
 Metaspace       used 52425K, committed 53376K, reserved 1114112K
  class space    used 5575K, committed 6016K, reserved 1048576K
}
Event: 5.551 GC heap before
{Heap before GC invocations=40 (full 2):
 PSYoungGen      total 17408K, used 17022K [0x00000000eab00000, 0x00000000ebe80000, 0x0000000100000000)
  eden space 14848K, 100% used [0x00000000eab00000,0x00000000eb980000,0x00000000eb980000)
  from space 2560K, 84% used [0x00000000eba00000,0x00000000ebc1f8b0,0x00000000ebc80000)
  to   space 2048K, 0% used [0x00000000ebc80000,0x00000000ebc80000,0x00000000ebe80000)
 ParOldGen       total 68608K, used 53893K [0x00000000c0000000, 0x00000000c4300000, 0x00000000eab00000)
  object space 68608K, 78% used [0x00000000c0000000,0x00000000c34a14b8,0x00000000c4300000)
 Metaspace       used 52447K, committed 53440K, reserved 1114112K
  class space    used 5575K, committed 6016K, reserved 1048576K
}
Event: 5.553 GC heap after
{Heap after GC invocations=40 (full 2):
 PSYoungGen      total 14848K, used 2024K [0x00000000eab00000, 0x00000000ec380000, 0x0000000100000000)
  eden space 12800K, 0% used [0x00000000eab00000,0x00000000eab00000,0x00000000eb780000)
  from space 2048K, 98% used [0x00000000ebc80000,0x00000000ebe7a3d8,0x00000000ebe80000)
  to   space 5120K, 0% used [0x00000000eb780000,0x00000000eb780000,0x00000000ebc80000)
 ParOldGen       total 68608K, used 56300K [0x00000000c0000000, 0x00000000c4300000, 0x00000000eab00000)
  object space 68608K, 82% used [0x00000000c0000000,0x00000000c36fb190,0x00000000c4300000)
 Metaspace       used 52447K, committed 53440K, reserved 1114112K
  class space    used 5575K, committed 6016K, reserved 1048576K
}
Event: 5.577 GC heap before
{Heap before GC invocations=41 (full 2):
 PSYoungGen      total 14848K, used 14824K [0x00000000eab00000, 0x00000000ec380000, 0x0000000100000000)
  eden space 12800K, 100% used [0x00000000eab00000,0x00000000eb780000,0x00000000eb780000)
  from space 2048K, 98% used [0x00000000ebc80000,0x00000000ebe7a3d8,0x00000000ebe80000)
  to   space 5120K, 0% used [0x00000000eb780000,0x00000000eb780000,0x00000000ebc80000)
 ParOldGen       total 68608K, used 56300K [0x00000000c0000000, 0x00000000c4300000, 0x00000000eab00000)
  object space 68608K, 82% used [0x00000000c0000000,0x00000000c36fb190,0x00000000c4300000)
 Metaspace       used 52465K, committed 53440K, reserved 1114112K
  class space    used 5575K, committed 6016K, reserved 1048576K
}
Event: 5.579 GC heap after
{Heap after GC invocations=41 (full 2):
 PSYoungGen      total 14848K, used 2014K [0x00000000eab00000, 0x00000000ebd80000, 0x0000000100000000)
  eden space 12800K, 0% used [0x00000000eab00000,0x00000000eab00000,0x00000000eb780000)
  from space 2048K, 98% used [0x00000000eb780000,0x00000000eb977b60,0x00000000eb980000)
  to   space 3072K, 0% used [0x00000000eba80000,0x00000000eba80000,0x00000000ebd80000)
 ParOldGen       total 68608K, used 58323K [0x00000000c0000000, 0x00000000c4300000, 0x00000000eab00000)
  object space 68608K, 85% used [0x00000000c0000000,0x00000000c38f4d28,0x00000000c4300000)
 Metaspace       used 52465K, committed 53440K, reserved 1114112K
  class space    used 5575K, committed 6016K, reserved 1048576K
}
Event: 5.595 GC heap before
{Heap before GC invocations=42 (full 2):
 PSYoungGen      total 14848K, used 14814K [0x00000000eab00000, 0x00000000ebd80000, 0x0000000100000000)
  eden space 12800K, 100% used [0x00000000eab00000,0x00000000eb780000,0x00000000eb780000)
  from space 2048K, 98% used [0x00000000eb780000,0x00000000eb977b60,0x00000000eb980000)
  to   space 3072K, 0% used [0x00000000eba80000,0x00000000eba80000,0x00000000ebd80000)
 ParOldGen       total 68608K, used 58323K [0x00000000c0000000, 0x00000000c4300000, 0x00000000eab00000)
  object space 68608K, 85% used [0x00000000c0000000,0x00000000c38f4d28,0x00000000c4300000)
 Metaspace       used 52477K, committed 53440K, reserved 1114112K
  class space    used 5575K, committed 6016K, reserved 1048576K
}
Event: 5.596 GC heap after
{Heap after GC invocations=42 (full 2):
 PSYoungGen      total 14848K, used 1897K [0x00000000eab00000, 0x00000000ebc80000, 0x0000000100000000)
  eden space 12800K, 0% used [0x00000000eab00000,0x00000000eab00000,0x00000000eb780000)
  from space 2048K, 92% used [0x00000000eba80000,0x00000000ebc5a540,0x00000000ebc80000)
  to   space 2560K, 0% used [0x00000000eb780000,0x00000000eb780000,0x00000000eba00000)
 ParOldGen       total 68608K, used 60184K [0x00000000c0000000, 0x00000000c4300000, 0x00000000eab00000)
  object space 68608K, 87% used [0x00000000c0000000,0x00000000c3ac6188,0x00000000c4300000)
 Metaspace       used 52477K, committed 53440K, reserved 1114112K
  class space    used 5575K, committed 6016K, reserved 1048576K
}
Event: 5.644 GC heap before
{Heap before GC invocations=43 (full 2):
 PSYoungGen      total 14848K, used 14697K [0x00000000eab00000, 0x00000000ebc80000, 0x0000000100000000)
  eden space 12800K, 100% used [0x00000000eab00000,0x00000000eb780000,0x00000000eb780000)
  from space 2048K, 92% used [0x00000000eba80000,0x00000000ebc5a540,0x00000000ebc80000)
  to   space 2560K, 0% used [0x00000000eb780000,0x00000000eb780000,0x00000000eba00000)
 ParOldGen       total 68608K, used 60184K [0x00000000c0000000, 0x00000000c4300000, 0x00000000eab00000)
  object space 68608K, 87% used [0x00000000c0000000,0x00000000c3ac6188,0x00000000c4300000)
 Metaspace       used 52530K, committed 53504K, reserved 1114112K
  class space    used 5578K, committed 6016K, reserved 1048576K
}
Event: 5.645 GC heap after
{Heap after GC invocations=43 (full 2):
 PSYoungGen      total 15360K, used 2371K [0x00000000eab00000, 0x00000000ebc80000, 0x0000000100000000)
  eden space 12800K, 0% used [0x00000000eab00000,0x00000000eab00000,0x00000000eb780000)
  from space 2560K, 92% used [0x00000000eb780000,0x00000000eb9d0da8,0x00000000eba00000)
  to   space 2560K, 0% used [0x00000000eba00000,0x00000000eba00000,0x00000000ebc80000)
 ParOldGen       total 68608K, used 62745K [0x00000000c0000000, 0x00000000c4300000, 0x00000000eab00000)
  object space 68608K, 91% used [0x00000000c0000000,0x00000000c3d46598,0x00000000c4300000)
 Metaspace       used 52530K, committed 53504K, reserved 1114112K
  class space    used 5578K, committed 6016K, reserved 1048576K
}
Event: 5.693 GC heap before
{Heap before GC invocations=44 (full 2):
 PSYoungGen      total 15360K, used 15171K [0x00000000eab00000, 0x00000000ebc80000, 0x0000000100000000)
  eden space 12800K, 100% used [0x00000000eab00000,0x00000000eb780000,0x00000000eb780000)
  from space 2560K, 92% used [0x00000000eb780000,0x00000000eb9d0da8,0x00000000eba00000)
  to   space 2560K, 0% used [0x00000000eba00000,0x00000000eba00000,0x00000000ebc80000)
 ParOldGen       total 68608K, used 62745K [0x00000000c0000000, 0x00000000c4300000, 0x00000000eab00000)
  object space 68608K, 91% used [0x00000000c0000000,0x00000000c3d46598,0x00000000c4300000)
 Metaspace       used 52540K, committed 53504K, reserved 1114112K
  class space    used 5578K, committed 6016K, reserved 1048576K
}
Event: 5.695 GC heap after
{Heap after GC invocations=44 (full 2):
 PSYoungGen      total 12288K, used 2553K [0x00000000eab00000, 0x00000000ec280000, 0x0000000100000000)
  eden space 9728K, 0% used [0x00000000eab00000,0x00000000eab00000,0x00000000eb480000)
  from space 2560K, 99% used [0x00000000eba00000,0x00000000ebc7e788,0x00000000ebc80000)
  to   space 5632K, 0% used [0x00000000eb480000,0x00000000eb480000,0x00000000eba00000)
 ParOldGen       total 68608K, used 64896K [0x00000000c0000000, 0x00000000c4300000, 0x00000000eab00000)
  object space 68608K, 94% used [0x00000000c0000000,0x00000000c3f60330,0x00000000c4300000)
 Metaspace       used 52540K, committed 53504K, reserved 1114112K
  class space    used 5578K, committed 6016K, reserved 1048576K
}
Event: 5.734 GC heap before
{Heap before GC invocations=45 (full 2):
 PSYoungGen      total 12288K, used 12273K [0x00000000eab00000, 0x00000000ec280000, 0x0000000100000000)
  eden space 9728K, 99% used [0x00000000eab00000,0x00000000eb47df10,0x00000000eb480000)
  from space 2560K, 99% used [0x00000000eba00000,0x00000000ebc7e788,0x00000000ebc80000)
  to   space 5632K, 0% used [0x00000000eb480000,0x00000000eb480000,0x00000000eba00000)
 ParOldGen       total 68608K, used 64896K [0x00000000c0000000, 0x00000000c4300000, 0x00000000eab00000)
  object space 68608K, 94% used [0x00000000c0000000,0x00000000c3f60330,0x00000000c4300000)
 Metaspace       used 52550K, committed 53504K, reserved 1114112K
  class space    used 5578K, committed 6016K, reserved 1048576K
}
Event: 5.736 GC heap after
{Heap after GC invocations=45 (full 2):
 PSYoungGen      total 12288K, used 2223K [0x00000000eab00000, 0x00000000ebb80000, 0x0000000100000000)
  eden space 9728K, 0% used [0x00000000eab00000,0x00000000eab00000,0x00000000eb480000)
  from space 2560K, 86% used [0x00000000eb480000,0x00000000eb6abea0,0x00000000eb700000)
  to   space 3584K, 0% used [0x00000000eb800000,0x00000000eb800000,0x00000000ebb80000)
 ParOldGen       total 68608K, used 67372K [0x00000000c0000000, 0x00000000c4300000, 0x00000000eab00000)
  object space 68608K, 98% used [0x00000000c0000000,0x00000000c41cb050,0x00000000c4300000)
 Metaspace       used 52550K, committed 53504K, reserved 1114112K
  class space    used 5578K, committed 6016K, reserved 1048576K
}
Event: 5.736 GC heap before
{Heap before GC invocations=46 (full 3):
 PSYoungGen      total 12288K, used 2223K [0x00000000eab00000, 0x00000000ebb80000, 0x0000000100000000)
  eden space 9728K, 0% used [0x00000000eab00000,0x00000000eab00000,0x00000000eb480000)
  from space 2560K, 86% used [0x00000000eb480000,0x00000000eb6abea0,0x00000000eb700000)
  to   space 3584K, 0% used [0x00000000eb800000,0x00000000eb800000,0x00000000ebb80000)
 ParOldGen       total 68608K, used 67372K [0x00000000c0000000, 0x00000000c4300000, 0x00000000eab00000)
  object space 68608K, 98% used [0x00000000c0000000,0x00000000c41cb050,0x00000000c4300000)
 Metaspace       used 52550K, committed 53504K, reserved 1114112K
  class space    used 5578K, committed 6016K, reserved 1048576K
}

