# JRE version: OpenJDK Runtime Environment Temurin-17.0.10+7 (17.0.10+7) (build 17.0.10+7)
# Java VM: OpenJDK 64-Bit Server VM Temurin-17.0.10+7 (17.0.10+7, mixed mode, tiered, compressed oops, compressed class ptrs, parallel gc, windows-amd64)
GC Precious Log:
 CPUs: 8 total, 8 available
 Memory: 32674M
 Large Page Support: Disabled
 NUMA Support: Disabled
 Compressed Oops: Enabled (32-bit)
 Alignments: Space 512K, Generation 512K, Heap 2M
 Heap Min Capacity: 100M
 Heap Initial Capacity: 100M
 Heap Max Capacity: 1G
 Pre-touch: Disabled
 Parallel Workers: 8
Heap:
 PSYoungGen      total 27136K, used 4969K [0x00000000eab00000, 0x00000000ecb80000, 0x0000000100000000)
  eden space 22016K, 0% used [0x00000000eab00000,0x00000000eab00000,0x00000000ec080000)
  from space 5120K, 97% used [0x00000000ec680000,0x00000000ecb5a440,0x00000000ecb80000)
  to   space 5632K, 0% used [0x00000000ec080000,0x00000000ec080000,0x00000000ec600000)
 ParOldGen       total 68608K, used 65654K [0x00000000c0000000, 0x00000000c4300000, 0x00000000eab00000)
  object space 68608K, 95% used [0x00000000c0000000,0x00000000c401d838,0x00000000c4300000)
 Metaspace       used 49843K, committed 50688K, reserved 1114112K
  class space    used 4985K, committed 5376K, reserved 1048576K
GC Heap History (20 events):
Event: 10.684 GC heap after
{Heap after GC invocations=31 (full 2):
 PSYoungGen      total 23040K, used 1006K [0x00000000eab00000, 0x00000000ec600000, 0x0000000100000000)
  eden space 22016K, 0% used [0x00000000eab00000,0x00000000eab00000,0x00000000ec080000)
  from space 1024K, 98% used [0x00000000ec480000,0x00000000ec57ba60,0x00000000ec580000)
  to   space 512K, 0% used [0x00000000ec580000,0x00000000ec580000,0x00000000ec600000)
 ParOldGen       total 68608K, used 48287K [0x00000000c0000000, 0x00000000c4300000, 0x00000000eab00000)
  object space 68608K, 70% used [0x00000000c0000000,0x00000000c2f27f38,0x00000000c4300000)
 Metaspace       used 46050K, committed 46720K, reserved 1114112K
  class space    used 4660K, committed 4992K, reserved 1048576K
}
Event: 16.367 GC heap before
{Heap before GC invocations=32 (full 2):
 PSYoungGen      total 23040K, used 23017K [0x00000000eab00000, 0x00000000ec600000, 0x0000000100000000)
  eden space 22016K, 99% used [0x00000000eab00000,0x00000000ec07ea78,0x00000000ec080000)
  from space 1024K, 98% used [0x00000000ec480000,0x00000000ec57ba60,0x00000000ec580000)
  to   space 512K, 0% used [0x00000000ec580000,0x00000000ec580000,0x00000000ec600000)
 ParOldGen       total 68608K, used 48287K [0x00000000c0000000, 0x00000000c4300000, 0x00000000eab00000)
  object space 68608K, 70% used [0x00000000c0000000,0x00000000c2f27f38,0x00000000c4300000)
 Metaspace       used 47227K, committed 48000K, reserved 1114112K
  class space    used 4766K, committed 5120K, reserved 1048576K
}
Event: 16.370 GC heap after
{Heap after GC invocations=32 (full 2):
 PSYoungGen      total 22528K, used 489K [0x00000000eab00000, 0x00000000ec880000, 0x0000000100000000)
  eden space 22016K, 0% used [0x00000000eab00000,0x00000000eab00000,0x00000000ec080000)
  from space 512K, 95% used [0x00000000ec580000,0x00000000ec5fa448,0x00000000ec600000)
  to   space 4096K, 0% used [0x00000000ec080000,0x00000000ec080000,0x00000000ec480000)
 ParOldGen       total 68608K, used 51079K [0x00000000c0000000, 0x00000000c4300000, 0x00000000eab00000)
  object space 68608K, 74% used [0x00000000c0000000,0x00000000c31e1d40,0x00000000c4300000)
 Metaspace       used 47227K, committed 48000K, reserved 1114112K
  class space    used 4766K, committed 5120K, reserved 1048576K
}
Event: 62.941 GC heap before
{Heap before GC invocations=33 (full 2):
 PSYoungGen      total 22528K, used 22472K [0x00000000eab00000, 0x00000000ec880000, 0x0000000100000000)
  eden space 22016K, 99% used [0x00000000eab00000,0x00000000ec077c68,0x00000000ec080000)
  from space 512K, 95% used [0x00000000ec580000,0x00000000ec5fa448,0x00000000ec600000)
  to   space 4096K, 0% used [0x00000000ec080000,0x00000000ec080000,0x00000000ec480000)
 ParOldGen       total 68608K, used 51079K [0x00000000c0000000, 0x00000000c4300000, 0x00000000eab00000)
  object space 68608K, 74% used [0x00000000c0000000,0x00000000c31e1d40,0x00000000c4300000)
 Metaspace       used 48980K, committed 49792K, reserved 1114112K
  class space    used 4949K, committed 5376K, reserved 1048576K
}
Event: 62.943 GC heap after
{Heap after GC invocations=33 (full 2):
 PSYoungGen      total 26112K, used 3587K [0x00000000eab00000, 0x00000000ec880000, 0x0000000100000000)
  eden space 22016K, 0% used [0x00000000eab00000,0x00000000eab00000,0x00000000ec080000)
  from space 4096K, 87% used [0x00000000ec080000,0x00000000ec400ce0,0x00000000ec480000)
  to   space 4096K, 0% used [0x00000000ec480000,0x00000000ec480000,0x00000000ec880000)
 ParOldGen       total 68608K, used 51582K [0x00000000c0000000, 0x00000000c4300000, 0x00000000eab00000)
  object space 68608K, 75% used [0x00000000c0000000,0x00000000c325fbc8,0x00000000c4300000)
 Metaspace       used 48980K, committed 49792K, reserved 1114112K
  class space    used 4949K, committed 5376K, reserved 1048576K
}
Event: 63.101 GC heap before
{Heap before GC invocations=34 (full 2):
 PSYoungGen      total 26112K, used 25603K [0x00000000eab00000, 0x00000000ec880000, 0x0000000100000000)
  eden space 22016K, 100% used [0x00000000eab00000,0x00000000ec080000,0x00000000ec080000)
  from space 4096K, 87% used [0x00000000ec080000,0x00000000ec400ce0,0x00000000ec480000)
  to   space 4096K, 0% used [0x00000000ec480000,0x00000000ec480000,0x00000000ec880000)
 ParOldGen       total 68608K, used 51582K [0x00000000c0000000, 0x00000000c4300000, 0x00000000eab00000)
  object space 68608K, 75% used [0x00000000c0000000,0x00000000c325fbc8,0x00000000c4300000)
 Metaspace       used 49404K, committed 50240K, reserved 1114112K
  class space    used 4964K, committed 5376K, reserved 1048576K
}
Event: 63.102 GC heap after
{Heap after GC invocations=34 (full 2):
 PSYoungGen      total 24064K, used 1736K [0x00000000eab00000, 0x00000000ec680000, 0x0000000100000000)
  eden space 22016K, 0% used [0x00000000eab00000,0x00000000eab00000,0x00000000ec080000)
  from space 2048K, 84% used [0x00000000ec480000,0x00000000ec632230,0x00000000ec680000)
  to   space 2560K, 0% used [0x00000000ec180000,0x00000000ec180000,0x00000000ec400000)
 ParOldGen       total 68608K, used 52504K [0x00000000c0000000, 0x00000000c4300000, 0x00000000eab00000)
  object space 68608K, 76% used [0x00000000c0000000,0x00000000c33462c0,0x00000000c4300000)
 Metaspace       used 49404K, committed 50240K, reserved 1114112K
  class space    used 4964K, committed 5376K, reserved 1048576K
}
Event: 63.142 GC heap before
{Heap before GC invocations=35 (full 2):
 PSYoungGen      total 24064K, used 22878K [0x00000000eab00000, 0x00000000ec680000, 0x0000000100000000)
  eden space 22016K, 96% used [0x00000000eab00000,0x00000000ebfa56c0,0x00000000ec080000)
  from space 2048K, 84% used [0x00000000ec480000,0x00000000ec632230,0x00000000ec680000)
  to   space 2560K, 0% used [0x00000000ec180000,0x00000000ec180000,0x00000000ec400000)
 ParOldGen       total 68608K, used 52504K [0x00000000c0000000, 0x00000000c4300000, 0x00000000eab00000)
  object space 68608K, 76% used [0x00000000c0000000,0x00000000c33462c0,0x00000000c4300000)
 Metaspace       used 49540K, committed 50368K, reserved 1114112K
  class space    used 4974K, committed 5376K, reserved 1048576K
}
Event: 63.144 GC heap after
{Heap after GC invocations=35 (full 2):
 PSYoungGen      total 24576K, used 2345K [0x00000000eab00000, 0x00000000ec580000, 0x0000000100000000)
  eden space 22016K, 0% used [0x00000000eab00000,0x00000000eab00000,0x00000000ec080000)
  from space 2560K, 91% used [0x00000000ec180000,0x00000000ec3ca6a0,0x00000000ec400000)
  to   space 1536K, 0% used [0x00000000ec400000,0x00000000ec400000,0x00000000ec580000)
 ParOldGen       total 68608K, used 54007K [0x00000000c0000000, 0x00000000c4300000, 0x00000000eab00000)
  object space 68608K, 78% used [0x00000000c0000000,0x00000000c34bdcd0,0x00000000c4300000)
 Metaspace       used 49540K, committed 50368K, reserved 1114112K
  class space    used 4974K, committed 5376K, reserved 1048576K
}
Event: 63.166 GC heap before
{Heap before GC invocations=36 (full 2):
 PSYoungGen      total 24576K, used 24136K [0x00000000eab00000, 0x00000000ec580000, 0x0000000100000000)
  eden space 22016K, 98% used [0x00000000eab00000,0x00000000ec047b70,0x00000000ec080000)
  from space 2560K, 91% used [0x00000000ec180000,0x00000000ec3ca6a0,0x00000000ec400000)
  to   space 1536K, 0% used [0x00000000ec400000,0x00000000ec400000,0x00000000ec580000)
 ParOldGen       total 68608K, used 54368K [0x00000000c0000000, 0x00000000c4300000, 0x00000000eab00000)
  object space 68608K, 79% used [0x00000000c0000000,0x00000000c35183c0,0x00000000c4300000)
 Metaspace       used 49589K, committed 50432K, reserved 1114112K
  class space    used 4974K, committed 5376K, reserved 1048576K
}
Event: 63.167 GC heap after
{Heap after GC invocations=36 (full 2):
 PSYoungGen      total 23552K, used 1475K [0x00000000eab00000, 0x00000000ec580000, 0x0000000100000000)
  eden space 22016K, 0% used [0x00000000eab00000,0x00000000eab00000,0x00000000ec080000)
  from space 1536K, 96% used [0x00000000ec400000,0x00000000ec570d40,0x00000000ec580000)
  to   space 2048K, 0% used [0x00000000ec180000,0x00000000ec180000,0x00000000ec380000)
 ParOldGen       total 68608K, used 58148K [0x00000000c0000000, 0x00000000c4300000, 0x00000000eab00000)
  object space 68608K, 84% used [0x00000000c0000000,0x00000000c38c9288,0x00000000c4300000)
 Metaspace       used 49589K, committed 50432K, reserved 1114112K
  class space    used 4974K, committed 5376K, reserved 1048576K
}
Event: 63.186 GC heap before
{Heap before GC invocations=37 (full 2):
 PSYoungGen      total 23552K, used 23491K [0x00000000eab00000, 0x00000000ec580000, 0x0000000100000000)
  eden space 22016K, 100% used [0x00000000eab00000,0x00000000ec080000,0x00000000ec080000)
  from space 1536K, 96% used [0x00000000ec400000,0x00000000ec570d40,0x00000000ec580000)
  to   space 2048K, 0% used [0x00000000ec180000,0x00000000ec180000,0x00000000ec380000)
 ParOldGen       total 68608K, used 58358K [0x00000000c0000000, 0x00000000c4300000, 0x00000000eab00000)
  object space 68608K, 85% used [0x00000000c0000000,0x00000000c38fd8d0,0x00000000c4300000)
 Metaspace       used 49647K, committed 50432K, reserved 1114112K
  class space    used 4976K, committed 5376K, reserved 1048576K
}
Event: 63.186 GC heap after
{Heap after GC invocations=37 (full 2):
 PSYoungGen      total 24064K, used 2018K [0x00000000eab00000, 0x00000000ec680000, 0x0000000100000000)
  eden space 22016K, 0% used [0x00000000eab00000,0x00000000eab00000,0x00000000ec080000)
  from space 2048K, 98% used [0x00000000ec180000,0x00000000ec3788c0,0x00000000ec380000)
  to   space 3072K, 0% used [0x00000000ec380000,0x00000000ec380000,0x00000000ec680000)
 ParOldGen       total 68608K, used 58781K [0x00000000c0000000, 0x00000000c4300000, 0x00000000eab00000)
  object space 68608K, 85% used [0x00000000c0000000,0x00000000c3967500,0x00000000c4300000)
 Metaspace       used 49647K, committed 50432K, reserved 1114112K
  class space    used 4976K, committed 5376K, reserved 1048576K
}
Event: 63.204 GC heap before
{Heap before GC invocations=38 (full 2):
 PSYoungGen      total 24064K, used 23900K [0x00000000eab00000, 0x00000000ec680000, 0x0000000100000000)
  eden space 22016K, 99% used [0x00000000eab00000,0x00000000ec05ea68,0x00000000ec080000)
  from space 2048K, 98% used [0x00000000ec180000,0x00000000ec3788c0,0x00000000ec380000)
  to   space 3072K, 0% used [0x00000000ec380000,0x00000000ec380000,0x00000000ec680000)
 ParOldGen       total 68608K, used 58781K [0x00000000c0000000, 0x00000000c4300000, 0x00000000eab00000)
  object space 68608K, 85% used [0x00000000c0000000,0x00000000c3967500,0x00000000c4300000)
 Metaspace       used 49673K, committed 50496K, reserved 1114112K
  class space    used 4976K, committed 5376K, reserved 1048576K
}
Event: 63.205 GC heap after
{Heap after GC invocations=38 (full 2):
 PSYoungGen      total 23040K, used 736K [0x00000000eab00000, 0x00000000ec480000, 0x0000000100000000)
  eden space 22016K, 0% used [0x00000000eab00000,0x00000000eab00000,0x00000000ec080000)
  from space 1024K, 71% used [0x00000000ec380000,0x00000000ec438000,0x00000000ec480000)
  to   space 1536K, 0% used [0x00000000ec180000,0x00000000ec180000,0x00000000ec300000)
 ParOldGen       total 68608K, used 58893K [0x00000000c0000000, 0x00000000c4300000, 0x00000000eab00000)
  object space 68608K, 85% used [0x00000000c0000000,0x00000000c3983500,0x00000000c4300000)
 Metaspace       used 49673K, committed 50496K, reserved 1114112K
  class space    used 4976K, committed 5376K, reserved 1048576K
}
Event: 63.262 GC heap before
{Heap before GC invocations=39 (full 2):
 PSYoungGen      total 23040K, used 22752K [0x00000000eab00000, 0x00000000ec480000, 0x0000000100000000)
  eden space 22016K, 100% used [0x00000000eab00000,0x00000000ec080000,0x00000000ec080000)
  from space 1024K, 71% used [0x00000000ec380000,0x00000000ec438000,0x00000000ec480000)
  to   space 1536K, 0% used [0x00000000ec180000,0x00000000ec180000,0x00000000ec300000)
 ParOldGen       total 68608K, used 58893K [0x00000000c0000000, 0x00000000c4300000, 0x00000000eab00000)
  object space 68608K, 85% used [0x00000000c0000000,0x00000000c3983500,0x00000000c4300000)
 Metaspace       used 49782K, committed 50624K, reserved 1114112K
  class space    used 4980K, committed 5376K, reserved 1048576K
}
Event: 63.264 GC heap after
{Heap after GC invocations=39 (full 2):
 PSYoungGen      total 23552K, used 1533K [0x00000000eab00000, 0x00000000ecc80000, 0x0000000100000000)
  eden space 22016K, 0% used [0x00000000eab00000,0x00000000eab00000,0x00000000ec080000)
  from space 1536K, 99% used [0x00000000ec180000,0x00000000ec2ff7d8,0x00000000ec300000)
  to   space 6144K, 0% used [0x00000000ec680000,0x00000000ec680000,0x00000000ecc80000)
 ParOldGen       total 68608K, used 62511K [0x00000000c0000000, 0x00000000c4300000, 0x00000000eab00000)
  object space 68608K, 91% used [0x00000000c0000000,0x00000000c3d0bcf0,0x00000000c4300000)
 Metaspace       used 49782K, committed 50624K, reserved 1114112K
  class space    used 4980K, committed 5376K, reserved 1048576K
}
Event: 63.309 GC heap before
{Heap before GC invocations=40 (full 2):
 PSYoungGen      total 23552K, used 23538K [0x00000000eab00000, 0x00000000ecc80000, 0x0000000100000000)
  eden space 22016K, 99% used [0x00000000eab00000,0x00000000ec07d0f8,0x00000000ec080000)
  from space 1536K, 99% used [0x00000000ec180000,0x00000000ec2ff7d8,0x00000000ec300000)
  to   space 6144K, 0% used [0x00000000ec680000,0x00000000ec680000,0x00000000ecc80000)
 ParOldGen       total 68608K, used 62692K [0x00000000c0000000, 0x00000000c4300000, 0x00000000eab00000)
  object space 68608K, 91% used [0x00000000c0000000,0x00000000c3d39070,0x00000000c4300000)
 Metaspace       used 49843K, committed 50688K, reserved 1114112K
  class space    used 4985K, committed 5376K, reserved 1048576K
}
Event: 63.311 GC heap after
{Heap after GC invocations=40 (full 2):
 PSYoungGen      total 27136K, used 4969K [0x00000000eab00000, 0x00000000ecb80000, 0x0000000100000000)
  eden space 22016K, 0% used [0x00000000eab00000,0x00000000eab00000,0x00000000ec080000)
  from space 5120K, 97% used [0x00000000ec680000,0x00000000ecb5a440,0x00000000ecb80000)
  to   space 5632K, 0% used [0x00000000ec080000,0x00000000ec080000,0x00000000ec600000)
 ParOldGen       total 68608K, used 65654K [0x00000000c0000000, 0x00000000c4300000, 0x00000000eab00000)
  object space 68608K, 95% used [0x00000000c0000000,0x00000000c401d838,0x00000000c4300000)
 Metaspace       used 49843K, committed 50688K, reserved 1114112K
  class space    used 4985K, committed 5376K, reserved 1048576K
}
Event: 63.311 GC heap before
{Heap before GC invocations=41 (full 3):
 PSYoungGen      total 27136K, used 4969K [0x00000000eab00000, 0x00000000ecb80000, 0x0000000100000000)
  eden space 22016K, 0% used [0x00000000eab00000,0x00000000eab00000,0x00000000ec080000)
  from space 5120K, 97% used [0x00000000ec680000,0x00000000ecb5a440,0x00000000ecb80000)
  to   space 5632K, 0% used [0x00000000ec080000,0x00000000ec080000,0x00000000ec600000)
 ParOldGen       total 68608K, used 65654K [0x00000000c0000000, 0x00000000c4300000, 0x00000000eab00000)
  object space 68608K, 95% used [0x00000000c0000000,0x00000000c401d838,0x00000000c4300000)
 Metaspace       used 49843K, committed 50688K, reserved 1114112K
  class space    used 4985K, committed 5376K, reserved 1048576K
}

