# JRE version: Java(TM) SE Runtime Environment (17.0.9+11) (build 17.0.9+11-LTS-201)
# Java VM: Java HotSpot(TM) 64-Bit Server VM (17.0.9+11-LTS-201, mixed mode, emulated-client, sharing, tiered, compressed oops, compressed class ptrs, g1 gc, windows-amd64)
GC Precious Log:
 CPUs: 8 total, 8 available
 Memory: 32674M
 Large Page Support: Disabled
 NUMA Support: Disabled
 Compressed Oops: Enabled (Zero based)
 Heap Region Size: 4M
 Heap Min Capacity: 8M
 Heap Initial Capacity: 512M
 Heap Max Capacity: 8172M
 Pre-touch: Disabled
 Parallel Workers: 8
 Concurrent Workers: 2
 Concurrent Refinement Workers: 8
 Periodic GC: Disabled
Heap:
 garbage-first heap   total 180224K, used 139903K [0x0000000601400000, 0x0000000800000000)
  region size 4096K, 21 young (86016K), 1 survivors (4096K)
 Metaspace       used 90131K, committed 91008K, reserved 1179648K
  class space    used 12716K, committed 13120K, reserved 1048576K
GC Heap History (20 events):
Event: 3553.292 GC heap after
{Heap after GC invocations=46 (full 0):
 garbage-first heap   total 180224K, used 59410K [0x0000000601400000, 0x0000000800000000)
  region size 4096K, 2 young (8192K), 2 survivors (8192K)
 Metaspace       used 89802K, committed 90560K, reserved 1179648K
  class space    used 12652K, committed 13056K, reserved 1048576K
}
Event: 4039.601 GC heap before
{Heap before GC invocations=46 (full 0):
 garbage-first heap   total 180224K, used 141330K [0x0000000601400000, 0x0000000800000000)
  region size 4096K, 23 young (94208K), 2 survivors (8192K)
 Metaspace       used 89809K, committed 90624K, reserved 1179648K
  class space    used 12653K, committed 13056K, reserved 1048576K
}
Event: 4039.605 GC heap after
{Heap after GC invocations=47 (full 0):
 garbage-first heap   total 180224K, used 59924K [0x0000000601400000, 0x0000000800000000)
  region size 4096K, 2 young (8192K), 2 survivors (8192K)
 Metaspace       used 89809K, committed 90624K, reserved 1179648K
  class space    used 12653K, committed 13056K, reserved 1048576K
}
Event: 4573.388 GC heap before
{Heap before GC invocations=47 (full 0):
 garbage-first heap   total 180224K, used 141844K [0x0000000601400000, 0x0000000800000000)
  region size 4096K, 23 young (94208K), 2 survivors (8192K)
 Metaspace       used 89812K, committed 90624K, reserved 1179648K
  class space    used 12654K, committed 13056K, reserved 1048576K
}
Event: 4573.391 GC heap after
{Heap after GC invocations=48 (full 0):
 garbage-first heap   total 180224K, used 59406K [0x0000000601400000, 0x0000000800000000)
  region size 4096K, 2 young (8192K), 2 survivors (8192K)
 Metaspace       used 89812K, committed 90624K, reserved 1179648K
  class space    used 12654K, committed 13056K, reserved 1048576K
}
Event: 5153.902 GC heap before
{Heap before GC invocations=48 (full 0):
 garbage-first heap   total 180224K, used 145422K [0x0000000601400000, 0x0000000800000000)
  region size 4096K, 23 young (94208K), 2 survivors (8192K)
 Metaspace       used 89812K, committed 90624K, reserved 1179648K
  class space    used 12654K, committed 13056K, reserved 1048576K
}
Event: 5153.905 GC heap after
{Heap after GC invocations=49 (full 0):
 garbage-first heap   total 180224K, used 59312K [0x0000000601400000, 0x0000000800000000)
  region size 4096K, 2 young (8192K), 2 survivors (8192K)
 Metaspace       used 89812K, committed 90624K, reserved 1179648K
  class space    used 12654K, committed 13056K, reserved 1048576K
}
Event: 5621.151 GC heap before
{Heap before GC invocations=49 (full 0):
 garbage-first heap   total 180224K, used 145328K [0x0000000601400000, 0x0000000800000000)
  region size 4096K, 23 young (94208K), 2 survivors (8192K)
 Metaspace       used 89844K, committed 90624K, reserved 1179648K
  class space    used 12661K, committed 13056K, reserved 1048576K
}
Event: 5621.155 GC heap after
{Heap after GC invocations=50 (full 0):
 garbage-first heap   total 180224K, used 59856K [0x0000000601400000, 0x0000000800000000)
  region size 4096K, 2 young (8192K), 2 survivors (8192K)
 Metaspace       used 89844K, committed 90624K, reserved 1179648K
  class space    used 12661K, committed 13056K, reserved 1048576K
}
Event: 6080.781 GC heap before
{Heap before GC invocations=50 (full 0):
 garbage-first heap   total 180224K, used 145872K [0x0000000601400000, 0x0000000800000000)
  region size 4096K, 23 young (94208K), 2 survivors (8192K)
 Metaspace       used 89863K, committed 90624K, reserved 1179648K
  class space    used 12666K, committed 13056K, reserved 1048576K
}
Event: 6080.785 GC heap after
{Heap after GC invocations=51 (full 0):
 garbage-first heap   total 180224K, used 59668K [0x0000000601400000, 0x0000000800000000)
  region size 4096K, 2 young (8192K), 2 survivors (8192K)
 Metaspace       used 89863K, committed 90624K, reserved 1179648K
  class space    used 12666K, committed 13056K, reserved 1048576K
}
Event: 6552.618 GC heap before
{Heap before GC invocations=51 (full 0):
 garbage-first heap   total 180224K, used 141588K [0x0000000601400000, 0x0000000800000000)
  region size 4096K, 23 young (94208K), 2 survivors (8192K)
 Metaspace       used 89863K, committed 90624K, reserved 1179648K
  class space    used 12666K, committed 13056K, reserved 1048576K
}
Event: 6552.621 GC heap after
{Heap after GC invocations=52 (full 0):
 garbage-first heap   total 180224K, used 59596K [0x0000000601400000, 0x0000000800000000)
  region size 4096K, 2 young (8192K), 2 survivors (8192K)
 Metaspace       used 89863K, committed 90624K, reserved 1179648K
  class space    used 12666K, committed 13056K, reserved 1048576K
}
Event: 7066.917 GC heap before
{Heap before GC invocations=52 (full 0):
 garbage-first heap   total 180224K, used 141516K [0x0000000601400000, 0x0000000800000000)
  region size 4096K, 23 young (94208K), 2 survivors (8192K)
 Metaspace       used 89863K, committed 90624K, reserved 1179648K
  class space    used 12666K, committed 13056K, reserved 1048576K
}
Event: 7066.921 GC heap after
{Heap after GC invocations=53 (full 0):
 garbage-first heap   total 180224K, used 59556K [0x0000000601400000, 0x0000000800000000)
  region size 4096K, 2 young (8192K), 2 survivors (8192K)
 Metaspace       used 89863K, committed 90624K, reserved 1179648K
  class space    used 12666K, committed 13056K, reserved 1048576K
}
Event: 7571.917 GC heap before
{Heap before GC invocations=53 (full 0):
 garbage-first heap   total 180224K, used 145572K [0x0000000601400000, 0x0000000800000000)
  region size 4096K, 23 young (94208K), 2 survivors (8192K)
 Metaspace       used 89863K, committed 90624K, reserved 1179648K
  class space    used 12666K, committed 13056K, reserved 1048576K
}
Event: 7571.922 GC heap after
{Heap after GC invocations=54 (full 0):
 garbage-first heap   total 180224K, used 59818K [0x0000000601400000, 0x0000000800000000)
  region size 4096K, 2 young (8192K), 2 survivors (8192K)
 Metaspace       used 89863K, committed 90624K, reserved 1179648K
  class space    used 12666K, committed 13056K, reserved 1048576K
}
Event: 8151.934 GC heap before
{Heap before GC invocations=54 (full 0):
 garbage-first heap   total 180224K, used 145834K [0x0000000601400000, 0x0000000800000000)
  region size 4096K, 23 young (94208K), 2 survivors (8192K)
 Metaspace       used 89863K, committed 90624K, reserved 1179648K
  class space    used 12666K, committed 13056K, reserved 1048576K
}
Event: 8151.940 GC heap after
{Heap after GC invocations=55 (full 0):
 garbage-first heap   total 180224K, used 59347K [0x0000000601400000, 0x0000000800000000)
  region size 4096K, 1 young (4096K), 1 survivors (4096K)
 Metaspace       used 89863K, committed 90624K, reserved 1179648K
  class space    used 12666K, committed 13056K, reserved 1048576K
}
Event: 8618.342 GC heap before
{Heap before GC invocations=55 (full 0):
 garbage-first heap   total 180224K, used 137171K [0x0000000601400000, 0x0000000800000000)
  region size 4096K, 21 young (86016K), 1 survivors (4096K)
 Metaspace       used 90131K, committed 91008K, reserved 1179648K
  class space    used 12716K, committed 13120K, reserved 1048576K
}

