# JRE version: OpenJDK Runtime Environment Temurin-17.0.10+7 (17.0.10+7) (build 17.0.10+7)
# Java VM: OpenJDK 64-Bit Server VM Temurin-17.0.10+7 (17.0.10+7, mixed mode, tiered, compressed oops, compressed class ptrs, parallel gc, windows-amd64)
GC Precious Log:
 CPUs: 8 total, 8 available
 Memory: 32674M
 Large Page Support: Disabled
 NUMA Support: Disabled
 Compressed Oops: Enabled (32-bit)
 Alignments: Space 512K, Generation 512K, Heap 2M
 Heap Min Capacity: 100M
 Heap Initial Capacity: 100M
 Heap Max Capacity: 1G
 Pre-touch: Disabled
 Parallel Workers: 8
Heap:
 PSYoungGen      total 14336K, used 2558K [0x00000000eab00000, 0x00000000ec580000, 0x0000000100000000)
  eden space 11776K, 0% used [0x00000000eab00000,0x00000000eab00000,0x00000000eb680000)
  from space 2560K, 99% used [0x00000000ebd00000,0x00000000ebf7f8a0,0x00000000ebf80000)
  to   space 6656K, 0% used [0x00000000eb680000,0x00000000eb680000,0x00000000ebd00000)
 ParOldGen       total 92672K, used 92276K [0x00000000c0000000, 0x00000000c5a80000, 0x00000000eab00000)
  object space 92672K, 99% used [0x00000000c0000000,0x00000000c5a1d328,0x00000000c5a80000)
 Metaspace       used 54458K, committed 55488K, reserved 1114112K
  class space    used 5815K, committed 6272K, reserved 1048576K
GC Heap History (20 events):
Event: 12.437 GC heap after
{Heap after GC invocations=47 (full 3):
 PSYoungGen      total 17920K, used 3191K [0x00000000eab00000, 0x00000000ec000000, 0x0000000100000000)
  eden space 14336K, 0% used [0x00000000eab00000,0x00000000eab00000,0x00000000eb900000)
  from space 3584K, 89% used [0x00000000eb900000,0x00000000ebc1dd98,0x00000000ebc80000)
  to   space 3584K, 0% used [0x00000000ebc80000,0x00000000ebc80000,0x00000000ec000000)
 ParOldGen       total 92672K, used 64181K [0x00000000c0000000, 0x00000000c5a80000, 0x00000000eab00000)
  object space 92672K, 69% used [0x00000000c0000000,0x00000000c3ead758,0x00000000c5a80000)
 Metaspace       used 54443K, committed 55488K, reserved 1114112K
  class space    used 5815K, committed 6272K, reserved 1048576K
}
Event: 12.722 GC heap before
{Heap before GC invocations=48 (full 3):
 PSYoungGen      total 17920K, used 17527K [0x00000000eab00000, 0x00000000ec000000, 0x0000000100000000)
  eden space 14336K, 100% used [0x00000000eab00000,0x00000000eb900000,0x00000000eb900000)
  from space 3584K, 89% used [0x00000000eb900000,0x00000000ebc1dd98,0x00000000ebc80000)
  to   space 3584K, 0% used [0x00000000ebc80000,0x00000000ebc80000,0x00000000ec000000)
 ParOldGen       total 92672K, used 64181K [0x00000000c0000000, 0x00000000c5a80000, 0x00000000eab00000)
  object space 92672K, 69% used [0x00000000c0000000,0x00000000c3ead758,0x00000000c5a80000)
 Metaspace       used 54448K, committed 55488K, reserved 1114112K
  class space    used 5815K, committed 6272K, reserved 1048576K
}
Event: 12.725 GC heap after
{Heap after GC invocations=48 (full 3):
 PSYoungGen      total 17920K, used 3070K [0x00000000eab00000, 0x00000000ec000000, 0x0000000100000000)
  eden space 14336K, 0% used [0x00000000eab00000,0x00000000eab00000,0x00000000eb900000)
  from space 3584K, 85% used [0x00000000ebc80000,0x00000000ebf7f8d8,0x00000000ec000000)
  to   space 3584K, 0% used [0x00000000eb900000,0x00000000eb900000,0x00000000ebc80000)
 ParOldGen       total 92672K, used 67242K [0x00000000c0000000, 0x00000000c5a80000, 0x00000000eab00000)
  object space 92672K, 72% used [0x00000000c0000000,0x00000000c41aa8d0,0x00000000c5a80000)
 Metaspace       used 54448K, committed 55488K, reserved 1114112K
  class space    used 5815K, committed 6272K, reserved 1048576K
}
Event: 13.062 GC heap before
{Heap before GC invocations=49 (full 3):
 PSYoungGen      total 17920K, used 17406K [0x00000000eab00000, 0x00000000ec000000, 0x0000000100000000)
  eden space 14336K, 100% used [0x00000000eab00000,0x00000000eb900000,0x00000000eb900000)
  from space 3584K, 85% used [0x00000000ebc80000,0x00000000ebf7f8d8,0x00000000ec000000)
  to   space 3584K, 0% used [0x00000000eb900000,0x00000000eb900000,0x00000000ebc80000)
 ParOldGen       total 92672K, used 67242K [0x00000000c0000000, 0x00000000c5a80000, 0x00000000eab00000)
  object space 92672K, 72% used [0x00000000c0000000,0x00000000c41aa8d0,0x00000000c5a80000)
 Metaspace       used 54452K, committed 55488K, reserved 1114112K
  class space    used 5815K, committed 6272K, reserved 1048576K
}
Event: 13.066 GC heap after
{Heap after GC invocations=49 (full 3):
 PSYoungGen      total 17920K, used 3229K [0x00000000eab00000, 0x00000000ec000000, 0x0000000100000000)
  eden space 14336K, 0% used [0x00000000eab00000,0x00000000eab00000,0x00000000eb900000)
  from space 3584K, 90% used [0x00000000eb900000,0x00000000ebc277c0,0x00000000ebc80000)
  to   space 3584K, 0% used [0x00000000ebc80000,0x00000000ebc80000,0x00000000ec000000)
 ParOldGen       total 92672K, used 70265K [0x00000000c0000000, 0x00000000c5a80000, 0x00000000eab00000)
  object space 92672K, 75% used [0x00000000c0000000,0x00000000c449e4d0,0x00000000c5a80000)
 Metaspace       used 54452K, committed 55488K, reserved 1114112K
  class space    used 5815K, committed 6272K, reserved 1048576K
}
Event: 13.507 GC heap before
{Heap before GC invocations=50 (full 3):
 PSYoungGen      total 17920K, used 17565K [0x00000000eab00000, 0x00000000ec000000, 0x0000000100000000)
  eden space 14336K, 100% used [0x00000000eab00000,0x00000000eb900000,0x00000000eb900000)
  from space 3584K, 90% used [0x00000000eb900000,0x00000000ebc277c0,0x00000000ebc80000)
  to   space 3584K, 0% used [0x00000000ebc80000,0x00000000ebc80000,0x00000000ec000000)
 ParOldGen       total 92672K, used 70265K [0x00000000c0000000, 0x00000000c5a80000, 0x00000000eab00000)
  object space 92672K, 75% used [0x00000000c0000000,0x00000000c449e4d0,0x00000000c5a80000)
 Metaspace       used 54452K, committed 55488K, reserved 1114112K
  class space    used 5815K, committed 6272K, reserved 1048576K
}
Event: 13.509 GC heap after
{Heap after GC invocations=50 (full 3):
 PSYoungGen      total 17408K, used 3549K [0x00000000eab00000, 0x00000000ec100000, 0x0000000100000000)
  eden space 13824K, 0% used [0x00000000eab00000,0x00000000eab00000,0x00000000eb880000)
  from space 3584K, 99% used [0x00000000ebc80000,0x00000000ebff7560,0x00000000ec000000)
  to   space 4096K, 0% used [0x00000000eb880000,0x00000000eb880000,0x00000000ebc80000)
 ParOldGen       total 92672K, used 73317K [0x00000000c0000000, 0x00000000c5a80000, 0x00000000eab00000)
  object space 92672K, 79% used [0x00000000c0000000,0x00000000c4799430,0x00000000c5a80000)
 Metaspace       used 54452K, committed 55488K, reserved 1114112K
  class space    used 5815K, committed 6272K, reserved 1048576K
}
Event: 13.804 GC heap before
{Heap before GC invocations=51 (full 3):
 PSYoungGen      total 17408K, used 17373K [0x00000000eab00000, 0x00000000ec100000, 0x0000000100000000)
  eden space 13824K, 100% used [0x00000000eab00000,0x00000000eb880000,0x00000000eb880000)
  from space 3584K, 99% used [0x00000000ebc80000,0x00000000ebff7560,0x00000000ec000000)
  to   space 4096K, 0% used [0x00000000eb880000,0x00000000eb880000,0x00000000ebc80000)
 ParOldGen       total 92672K, used 73317K [0x00000000c0000000, 0x00000000c5a80000, 0x00000000eab00000)
  object space 92672K, 79% used [0x00000000c0000000,0x00000000c4799430,0x00000000c5a80000)
 Metaspace       used 54452K, committed 55488K, reserved 1114112K
  class space    used 5815K, committed 6272K, reserved 1048576K
}
Event: 13.808 GC heap after
{Heap after GC invocations=51 (full 3):
 PSYoungGen      total 16896K, used 3022K [0x00000000eab00000, 0x00000000ebf80000, 0x0000000100000000)
  eden space 13824K, 0% used [0x00000000eab00000,0x00000000eab00000,0x00000000eb880000)
  from space 3072K, 98% used [0x00000000eb880000,0x00000000ebb73b18,0x00000000ebb80000)
  to   space 3584K, 0% used [0x00000000ebc00000,0x00000000ebc00000,0x00000000ebf80000)
 ParOldGen       total 92672K, used 76831K [0x00000000c0000000, 0x00000000c5a80000, 0x00000000eab00000)
  object space 92672K, 82% used [0x00000000c0000000,0x00000000c4b07c30,0x00000000c5a80000)
 Metaspace       used 54452K, committed 55488K, reserved 1114112K
  class space    used 5815K, committed 6272K, reserved 1048576K
}
Event: 13.964 GC heap before
{Heap before GC invocations=52 (full 3):
 PSYoungGen      total 16896K, used 16846K [0x00000000eab00000, 0x00000000ebf80000, 0x0000000100000000)
  eden space 13824K, 100% used [0x00000000eab00000,0x00000000eb880000,0x00000000eb880000)
  from space 3072K, 98% used [0x00000000eb880000,0x00000000ebb73b18,0x00000000ebb80000)
  to   space 3584K, 0% used [0x00000000ebc00000,0x00000000ebc00000,0x00000000ebf80000)
 ParOldGen       total 92672K, used 76831K [0x00000000c0000000, 0x00000000c5a80000, 0x00000000eab00000)
  object space 92672K, 82% used [0x00000000c0000000,0x00000000c4b07c30,0x00000000c5a80000)
 Metaspace       used 54452K, committed 55488K, reserved 1114112K
  class space    used 5815K, committed 6272K, reserved 1048576K
}
Event: 13.967 GC heap after
{Heap after GC invocations=52 (full 3):
 PSYoungGen      total 16896K, used 2969K [0x00000000eab00000, 0x00000000ebf00000, 0x0000000100000000)
  eden space 13824K, 0% used [0x00000000eab00000,0x00000000eab00000,0x00000000eb880000)
  from space 3072K, 96% used [0x00000000ebc00000,0x00000000ebee65c0,0x00000000ebf00000)
  to   space 3072K, 0% used [0x00000000eb880000,0x00000000eb880000,0x00000000ebb80000)
 ParOldGen       total 92672K, used 79828K [0x00000000c0000000, 0x00000000c5a80000, 0x00000000eab00000)
  object space 92672K, 86% used [0x00000000c0000000,0x00000000c4df51f0,0x00000000c5a80000)
 Metaspace       used 54452K, committed 55488K, reserved 1114112K
  class space    used 5815K, committed 6272K, reserved 1048576K
}
Event: 14.010 GC heap before
{Heap before GC invocations=53 (full 3):
 PSYoungGen      total 16896K, used 16793K [0x00000000eab00000, 0x00000000ebf00000, 0x0000000100000000)
  eden space 13824K, 100% used [0x00000000eab00000,0x00000000eb880000,0x00000000eb880000)
  from space 3072K, 96% used [0x00000000ebc00000,0x00000000ebee65c0,0x00000000ebf00000)
  to   space 3072K, 0% used [0x00000000eb880000,0x00000000eb880000,0x00000000ebb80000)
 ParOldGen       total 92672K, used 79828K [0x00000000c0000000, 0x00000000c5a80000, 0x00000000eab00000)
  object space 92672K, 86% used [0x00000000c0000000,0x00000000c4df51f0,0x00000000c5a80000)
 Metaspace       used 54455K, committed 55488K, reserved 1114112K
  class space    used 5815K, committed 6272K, reserved 1048576K
}
Event: 14.012 GC heap after
{Heap after GC invocations=53 (full 3):
 PSYoungGen      total 16896K, used 3071K [0x00000000eab00000, 0x00000000ec580000, 0x0000000100000000)
  eden space 13824K, 0% used [0x00000000eab00000,0x00000000eab00000,0x00000000eb880000)
  from space 3072K, 99% used [0x00000000eb880000,0x00000000ebb7fd30,0x00000000ebb80000)
  to   space 6656K, 0% used [0x00000000ebf00000,0x00000000ebf00000,0x00000000ec580000)
 ParOldGen       total 92672K, used 82749K [0x00000000c0000000, 0x00000000c5a80000, 0x00000000eab00000)
  object space 92672K, 89% used [0x00000000c0000000,0x00000000c50cf778,0x00000000c5a80000)
 Metaspace       used 54455K, committed 55488K, reserved 1114112K
  class space    used 5815K, committed 6272K, reserved 1048576K
}
Event: 14.146 GC heap before
{Heap before GC invocations=54 (full 3):
 PSYoungGen      total 16896K, used 16895K [0x00000000eab00000, 0x00000000ec580000, 0x0000000100000000)
  eden space 13824K, 100% used [0x00000000eab00000,0x00000000eb880000,0x00000000eb880000)
  from space 3072K, 99% used [0x00000000eb880000,0x00000000ebb7fd30,0x00000000ebb80000)
  to   space 6656K, 0% used [0x00000000ebf00000,0x00000000ebf00000,0x00000000ec580000)
 ParOldGen       total 92672K, used 82749K [0x00000000c0000000, 0x00000000c5a80000, 0x00000000eab00000)
  object space 92672K, 89% used [0x00000000c0000000,0x00000000c50cf778,0x00000000c5a80000)
 Metaspace       used 54455K, committed 55488K, reserved 1114112K
  class space    used 5815K, committed 6272K, reserved 1048576K
}
Event: 14.148 GC heap after
{Heap after GC invocations=54 (full 3):
 PSYoungGen      total 17408K, used 3080K [0x00000000eab00000, 0x00000000ec280000, 0x0000000100000000)
  eden space 13824K, 0% used [0x00000000eab00000,0x00000000eab00000,0x00000000eb880000)
  from space 3584K, 85% used [0x00000000ebf00000,0x00000000ec202268,0x00000000ec280000)
  to   space 4608K, 0% used [0x00000000eb980000,0x00000000eb980000,0x00000000ebe00000)
 ParOldGen       total 92672K, used 85747K [0x00000000c0000000, 0x00000000c5a80000, 0x00000000eab00000)
  object space 92672K, 92% used [0x00000000c0000000,0x00000000c53bcd90,0x00000000c5a80000)
 Metaspace       used 54455K, committed 55488K, reserved 1114112K
  class space    used 5815K, committed 6272K, reserved 1048576K
}
Event: 14.210 GC heap before
{Heap before GC invocations=55 (full 3):
 PSYoungGen      total 17408K, used 16904K [0x00000000eab00000, 0x00000000ec280000, 0x0000000100000000)
  eden space 13824K, 100% used [0x00000000eab00000,0x00000000eb880000,0x00000000eb880000)
  from space 3584K, 85% used [0x00000000ebf00000,0x00000000ec202268,0x00000000ec280000)
  to   space 4608K, 0% used [0x00000000eb980000,0x00000000eb980000,0x00000000ebe00000)
 ParOldGen       total 92672K, used 85747K [0x00000000c0000000, 0x00000000c5a80000, 0x00000000eab00000)
  object space 92672K, 92% used [0x00000000c0000000,0x00000000c53bcd90,0x00000000c5a80000)
 Metaspace       used 54455K, committed 55488K, reserved 1114112K
  class space    used 5815K, committed 6272K, reserved 1048576K
}
Event: 14.217 GC heap after
{Heap after GC invocations=55 (full 3):
 PSYoungGen      total 17408K, used 3214K [0x00000000eab00000, 0x00000000ebf80000, 0x0000000100000000)
  eden space 13824K, 0% used [0x00000000eab00000,0x00000000eab00000,0x00000000eb880000)
  from space 3584K, 89% used [0x00000000eb980000,0x00000000ebca3b68,0x00000000ebd00000)
  to   space 2560K, 0% used [0x00000000ebd00000,0x00000000ebd00000,0x00000000ebf80000)
 ParOldGen       total 92672K, used 88725K [0x00000000c0000000, 0x00000000c5a80000, 0x00000000eab00000)
  object space 92672K, 95% used [0x00000000c0000000,0x00000000c56a5530,0x00000000c5a80000)
 Metaspace       used 54455K, committed 55488K, reserved 1114112K
  class space    used 5815K, committed 6272K, reserved 1048576K
}
Event: 14.581 GC heap before
{Heap before GC invocations=56 (full 3):
 PSYoungGen      total 17408K, used 17038K [0x00000000eab00000, 0x00000000ebf80000, 0x0000000100000000)
  eden space 13824K, 100% used [0x00000000eab00000,0x00000000eb880000,0x00000000eb880000)
  from space 3584K, 89% used [0x00000000eb980000,0x00000000ebca3b68,0x00000000ebd00000)
  to   space 2560K, 0% used [0x00000000ebd00000,0x00000000ebd00000,0x00000000ebf80000)
 ParOldGen       total 92672K, used 88725K [0x00000000c0000000, 0x00000000c5a80000, 0x00000000eab00000)
  object space 92672K, 95% used [0x00000000c0000000,0x00000000c56a5530,0x00000000c5a80000)
 Metaspace       used 54458K, committed 55488K, reserved 1114112K
  class space    used 5815K, committed 6272K, reserved 1048576K
}
Event: 14.583 GC heap after
{Heap after GC invocations=56 (full 3):
 PSYoungGen      total 14336K, used 2558K [0x00000000eab00000, 0x00000000ec580000, 0x0000000100000000)
  eden space 11776K, 0% used [0x00000000eab00000,0x00000000eab00000,0x00000000eb680000)
  from space 2560K, 99% used [0x00000000ebd00000,0x00000000ebf7f8a0,0x00000000ebf80000)
  to   space 6656K, 0% used [0x00000000eb680000,0x00000000eb680000,0x00000000ebd00000)
 ParOldGen       total 92672K, used 92276K [0x00000000c0000000, 0x00000000c5a80000, 0x00000000eab00000)
  object space 92672K, 99% used [0x00000000c0000000,0x00000000c5a1d328,0x00000000c5a80000)
 Metaspace       used 54458K, committed 55488K, reserved 1114112K
  class space    used 5815K, committed 6272K, reserved 1048576K
}
Event: 14.583 GC heap before
{Heap before GC invocations=57 (full 4):
 PSYoungGen      total 14336K, used 2558K [0x00000000eab00000, 0x00000000ec580000, 0x0000000100000000)
  eden space 11776K, 0% used [0x00000000eab00000,0x00000000eab00000,0x00000000eb680000)
  from space 2560K, 99% used [0x00000000ebd00000,0x00000000ebf7f8a0,0x00000000ebf80000)
  to   space 6656K, 0% used [0x00000000eb680000,0x00000000eb680000,0x00000000ebd00000)
 ParOldGen       total 92672K, used 92276K [0x00000000c0000000, 0x00000000c5a80000, 0x00000000eab00000)
  object space 92672K, 99% used [0x00000000c0000000,0x00000000c5a1d328,0x00000000c5a80000)
 Metaspace       used 54458K, committed 55488K, reserved 1114112K
  class space    used 5815K, committed 6272K, reserved 1048576K
}

