# JRE version: OpenJDK Runtime Environment Temurin-17.0.10+7 (17.0.10+7) (build 17.0.10+7)
# Java VM: OpenJDK 64-Bit Server VM Temurin-17.0.10+7 (17.0.10+7, mixed mode, tiered, compressed oops, compressed class ptrs, parallel gc, windows-amd64)
GC Precious Log:
 CPUs: 8 total, 8 available
 Memory: 32674M
 Large Page Support: Disabled
 NUMA Support: Disabled
 Compressed Oops: Enabled (32-bit)
 Alignments: Space 512K, Generation 512K, Heap 2M
 Heap Min Capacity: 100M
 Heap Initial Capacity: 100M
 Heap Max Capacity: 1G
 Pre-touch: Disabled
 Parallel Workers: 8
Heap:
 PSYoungGen      total 33792K, used 33496K [0x00000000eab00000, 0x00000000ed780000, 0x0000000100000000)
  eden space 25088K, 100% used [0x00000000eab00000,0x00000000ec380000,0x00000000ec380000)
  from space 8704K, 96% used [0x00000000ecf00000,0x00000000ed736050,0x00000000ed780000)
  to   space 9728K, 99% used [0x00000000ec480000,0x00000000ecdf8bb8,0x00000000ece00000)
 ParOldGen       total 267776K, used 246711K [0x00000000c0000000, 0x00000000d0580000, 0x00000000eab00000)
  object space 267776K, 92% used [0x00000000c0000000,0x00000000cf0edf18,0x00000000d0580000)
 Metaspace       used 55973K, committed 56960K, reserved 1114112K
  class space    used 5979K, committed 6400K, reserved 1048576K
GC Heap History (20 events):
Event: 9.903 GC heap after
{Heap after GC invocations=187 (full 8):
 PSYoungGen      total 19456K, used 4594K [0x00000000eab00000, 0x00000000ec680000, 0x0000000100000000)
  eden space 14848K, 0% used [0x00000000eab00000,0x00000000eab00000,0x00000000eb980000)
  from space 4608K, 99% used [0x00000000ebb00000,0x00000000ebf7caa8,0x00000000ebf80000)
  to   space 6656K, 0% used [0x00000000ec000000,0x00000000ec000000,0x00000000ec680000)
 ParOldGen       total 224256K, used 216058K [0x00000000c0000000, 0x00000000cdb00000, 0x00000000eab00000)
  object space 224256K, 96% used [0x00000000c0000000,0x00000000cd2fe858,0x00000000cdb00000)
 Metaspace       used 55972K, committed 56960K, reserved 1114112K
  class space    used 5979K, committed 6400K, reserved 1048576K
}
Event: 9.930 GC heap before
{Heap before GC invocations=188 (full 8):
 PSYoungGen      total 19456K, used 19442K [0x00000000eab00000, 0x00000000ec680000, 0x0000000100000000)
  eden space 14848K, 100% used [0x00000000eab00000,0x00000000eb980000,0x00000000eb980000)
  from space 4608K, 99% used [0x00000000ebb00000,0x00000000ebf7caa8,0x00000000ebf80000)
  to   space 6656K, 0% used [0x00000000ec000000,0x00000000ec000000,0x00000000ec680000)
 ParOldGen       total 224256K, used 216058K [0x00000000c0000000, 0x00000000cdb00000, 0x00000000eab00000)
  object space 224256K, 96% used [0x00000000c0000000,0x00000000cd2fe858,0x00000000cdb00000)
 Metaspace       used 55972K, committed 56960K, reserved 1114112K
  class space    used 5979K, committed 6400K, reserved 1048576K
}
Event: 9.933 GC heap after
{Heap after GC invocations=188 (full 8):
 PSYoungGen      total 20480K, used 3176K [0x00000000eab00000, 0x00000000ec400000, 0x0000000100000000)
  eden space 16384K, 0% used [0x00000000eab00000,0x00000000eab00000,0x00000000ebb00000)
  from space 4096K, 77% used [0x00000000ec000000,0x00000000ec31a398,0x00000000ec400000)
  to   space 4608K, 0% used [0x00000000ebb00000,0x00000000ebb00000,0x00000000ebf80000)
 ParOldGen       total 224256K, used 220684K [0x00000000c0000000, 0x00000000cdb00000, 0x00000000eab00000)
  object space 224256K, 98% used [0x00000000c0000000,0x00000000cd7830d8,0x00000000cdb00000)
 Metaspace       used 55972K, committed 56960K, reserved 1114112K
  class space    used 5979K, committed 6400K, reserved 1048576K
}
Event: 9.933 GC heap before
{Heap before GC invocations=189 (full 9):
 PSYoungGen      total 20480K, used 3176K [0x00000000eab00000, 0x00000000ec400000, 0x0000000100000000)
  eden space 16384K, 0% used [0x00000000eab00000,0x00000000eab00000,0x00000000ebb00000)
  from space 4096K, 77% used [0x00000000ec000000,0x00000000ec31a398,0x00000000ec400000)
  to   space 4608K, 0% used [0x00000000ebb00000,0x00000000ebb00000,0x00000000ebf80000)
 ParOldGen       total 224256K, used 220684K [0x00000000c0000000, 0x00000000cdb00000, 0x00000000eab00000)
  object space 224256K, 98% used [0x00000000c0000000,0x00000000cd7830d8,0x00000000cdb00000)
 Metaspace       used 55972K, committed 56960K, reserved 1114112K
  class space    used 5979K, committed 6400K, reserved 1048576K
}
Event: 10.023 GC heap after
{Heap after GC invocations=189 (full 9):
 PSYoungGen      total 20992K, used 0K [0x00000000eab00000, 0x00000000ec580000, 0x0000000100000000)
  eden space 16384K, 0% used [0x00000000eab00000,0x00000000eab00000,0x00000000ebb00000)
  from space 4608K, 0% used [0x00000000ebb00000,0x00000000ebb00000,0x00000000ebf80000)
  to   space 4608K, 0% used [0x00000000ec100000,0x00000000ec100000,0x00000000ec580000)
 ParOldGen       total 267776K, used 222059K [0x00000000c0000000, 0x00000000d0580000, 0x00000000eab00000)
  object space 267776K, 82% used [0x00000000c0000000,0x00000000cd8dacd0,0x00000000d0580000)
 Metaspace       used 55972K, committed 56960K, reserved 1114112K
  class space    used 5979K, committed 6400K, reserved 1048576K
}
Event: 10.057 GC heap before
{Heap before GC invocations=190 (full 9):
 PSYoungGen      total 20992K, used 16384K [0x00000000eab00000, 0x00000000ec580000, 0x0000000100000000)
  eden space 16384K, 100% used [0x00000000eab00000,0x00000000ebb00000,0x00000000ebb00000)
  from space 4608K, 0% used [0x00000000ebb00000,0x00000000ebb00000,0x00000000ebf80000)
  to   space 4608K, 0% used [0x00000000ec100000,0x00000000ec100000,0x00000000ec580000)
 ParOldGen       total 267776K, used 222059K [0x00000000c0000000, 0x00000000d0580000, 0x00000000eab00000)
  object space 267776K, 82% used [0x00000000c0000000,0x00000000cd8dacd0,0x00000000d0580000)
 Metaspace       used 55972K, committed 56960K, reserved 1114112K
  class space    used 5979K, committed 6400K, reserved 1048576K
}
Event: 10.060 GC heap after
{Heap after GC invocations=190 (full 9):
 PSYoungGen      total 21504K, used 3499K [0x00000000eab00000, 0x00000000ec480000, 0x0000000100000000)
  eden space 17920K, 0% used [0x00000000eab00000,0x00000000eab00000,0x00000000ebc80000)
  from space 3584K, 97% used [0x00000000ec100000,0x00000000ec46ad78,0x00000000ec480000)
  to   space 4096K, 0% used [0x00000000ebc80000,0x00000000ebc80000,0x00000000ec080000)
 ParOldGen       total 267776K, used 222059K [0x00000000c0000000, 0x00000000d0580000, 0x00000000eab00000)
  object space 267776K, 82% used [0x00000000c0000000,0x00000000cd8dacd0,0x00000000d0580000)
 Metaspace       used 55972K, committed 56960K, reserved 1114112K
  class space    used 5979K, committed 6400K, reserved 1048576K
}
Event: 10.102 GC heap before
{Heap before GC invocations=191 (full 9):
 PSYoungGen      total 21504K, used 21419K [0x00000000eab00000, 0x00000000ec480000, 0x0000000100000000)
  eden space 17920K, 100% used [0x00000000eab00000,0x00000000ebc80000,0x00000000ebc80000)
  from space 3584K, 97% used [0x00000000ec100000,0x00000000ec46ad78,0x00000000ec480000)
  to   space 4096K, 0% used [0x00000000ebc80000,0x00000000ebc80000,0x00000000ec080000)
 ParOldGen       total 267776K, used 222059K [0x00000000c0000000, 0x00000000d0580000, 0x00000000eab00000)
  object space 267776K, 82% used [0x00000000c0000000,0x00000000cd8dacd0,0x00000000d0580000)
 Metaspace       used 55972K, committed 56960K, reserved 1114112K
  class space    used 5979K, committed 6400K, reserved 1048576K
}
Event: 10.106 GC heap after
{Heap after GC invocations=191 (full 9):
 PSYoungGen      total 22016K, used 4087K [0x00000000eab00000, 0x00000000ece00000, 0x0000000100000000)
  eden space 17920K, 0% used [0x00000000eab00000,0x00000000eab00000,0x00000000ebc80000)
  from space 4096K, 99% used [0x00000000ebc80000,0x00000000ec07dfb8,0x00000000ec080000)
  to   space 8192K, 0% used [0x00000000ec600000,0x00000000ec600000,0x00000000ece00000)
 ParOldGen       total 267776K, used 225297K [0x00000000c0000000, 0x00000000d0580000, 0x00000000eab00000)
  object space 267776K, 84% used [0x00000000c0000000,0x00000000cdc04690,0x00000000d0580000)
 Metaspace       used 55972K, committed 56960K, reserved 1114112K
  class space    used 5979K, committed 6400K, reserved 1048576K
}
Event: 10.148 GC heap before
{Heap before GC invocations=192 (full 9):
 PSYoungGen      total 22016K, used 22007K [0x00000000eab00000, 0x00000000ece00000, 0x0000000100000000)
  eden space 17920K, 100% used [0x00000000eab00000,0x00000000ebc80000,0x00000000ebc80000)
  from space 4096K, 99% used [0x00000000ebc80000,0x00000000ec07dfb8,0x00000000ec080000)
  to   space 8192K, 0% used [0x00000000ec600000,0x00000000ec600000,0x00000000ece00000)
 ParOldGen       total 267776K, used 225297K [0x00000000c0000000, 0x00000000d0580000, 0x00000000eab00000)
  object space 267776K, 84% used [0x00000000c0000000,0x00000000cdc04690,0x00000000d0580000)
 Metaspace       used 55972K, committed 56960K, reserved 1114112K
  class space    used 5979K, committed 6400K, reserved 1048576K
}
Event: 10.153 GC heap after
{Heap after GC invocations=192 (full 9):
 PSYoungGen      total 25600K, used 5899K [0x00000000eab00000, 0x00000000ecc00000, 0x0000000100000000)
  eden space 19456K, 0% used [0x00000000eab00000,0x00000000eab00000,0x00000000ebe00000)
  from space 6144K, 96% used [0x00000000ec600000,0x00000000ecbc2e60,0x00000000ecc00000)
  to   space 6656K, 0% used [0x00000000ebf00000,0x00000000ebf00000,0x00000000ec580000)
 ParOldGen       total 267776K, used 227283K [0x00000000c0000000, 0x00000000d0580000, 0x00000000eab00000)
  object space 267776K, 84% used [0x00000000c0000000,0x00000000cddf4c50,0x00000000d0580000)
 Metaspace       used 55972K, committed 56960K, reserved 1114112K
  class space    used 5979K, committed 6400K, reserved 1048576K
}
Event: 10.194 GC heap before
{Heap before GC invocations=193 (full 9):
 PSYoungGen      total 25600K, used 25355K [0x00000000eab00000, 0x00000000ecc00000, 0x0000000100000000)
  eden space 19456K, 100% used [0x00000000eab00000,0x00000000ebe00000,0x00000000ebe00000)
  from space 6144K, 96% used [0x00000000ec600000,0x00000000ecbc2e60,0x00000000ecc00000)
  to   space 6656K, 0% used [0x00000000ebf00000,0x00000000ebf00000,0x00000000ec580000)
 ParOldGen       total 267776K, used 227283K [0x00000000c0000000, 0x00000000d0580000, 0x00000000eab00000)
  object space 267776K, 84% used [0x00000000c0000000,0x00000000cddf4c50,0x00000000d0580000)
 Metaspace       used 55972K, committed 56960K, reserved 1114112K
  class space    used 5979K, committed 6400K, reserved 1048576K
}
Event: 10.198 GC heap after
{Heap after GC invocations=193 (full 9):
 PSYoungGen      total 27136K, used 6637K [0x00000000eab00000, 0x00000000ed500000, 0x0000000100000000)
  eden space 20480K, 0% used [0x00000000eab00000,0x00000000eab00000,0x00000000ebf00000)
  from space 6656K, 99% used [0x00000000ebf00000,0x00000000ec57b678,0x00000000ec580000)
  to   space 10752K, 0% used [0x00000000eca80000,0x00000000eca80000,0x00000000ed500000)
 ParOldGen       total 267776K, used 230670K [0x00000000c0000000, 0x00000000d0580000, 0x00000000eab00000)
  object space 267776K, 86% used [0x00000000c0000000,0x00000000ce143ad8,0x00000000d0580000)
 Metaspace       used 55972K, committed 56960K, reserved 1114112K
  class space    used 5979K, committed 6400K, reserved 1048576K
}
Event: 10.245 GC heap before
{Heap before GC invocations=194 (full 9):
 PSYoungGen      total 27136K, used 27117K [0x00000000eab00000, 0x00000000ed500000, 0x0000000100000000)
  eden space 20480K, 100% used [0x00000000eab00000,0x00000000ebf00000,0x00000000ebf00000)
  from space 6656K, 99% used [0x00000000ebf00000,0x00000000ec57b678,0x00000000ec580000)
  to   space 10752K, 0% used [0x00000000eca80000,0x00000000eca80000,0x00000000ed500000)
 ParOldGen       total 267776K, used 230670K [0x00000000c0000000, 0x00000000d0580000, 0x00000000eab00000)
  object space 267776K, 86% used [0x00000000c0000000,0x00000000ce143ad8,0x00000000d0580000)
 Metaspace       used 55972K, committed 56960K, reserved 1114112K
  class space    used 5979K, committed 6400K, reserved 1048576K
}
Event: 10.250 GC heap after
{Heap after GC invocations=194 (full 9):
 PSYoungGen      total 29696K, used 6831K [0x00000000eab00000, 0x00000000ed180000, 0x0000000100000000)
  eden space 22528K, 0% used [0x00000000eab00000,0x00000000eab00000,0x00000000ec100000)
  from space 7168K, 95% used [0x00000000eca80000,0x00000000ed12be98,0x00000000ed180000)
  to   space 8192K, 0% used [0x00000000ec180000,0x00000000ec180000,0x00000000ec980000)
 ParOldGen       total 267776K, used 234477K [0x00000000c0000000, 0x00000000d0580000, 0x00000000eab00000)
  object space 267776K, 87% used [0x00000000c0000000,0x00000000ce4fb6b8,0x00000000d0580000)
 Metaspace       used 55972K, committed 56960K, reserved 1114112K
  class space    used 5979K, committed 6400K, reserved 1048576K
}
Event: 10.360 GC heap before
{Heap before GC invocations=195 (full 9):
 PSYoungGen      total 29696K, used 29359K [0x00000000eab00000, 0x00000000ed180000, 0x0000000100000000)
  eden space 22528K, 100% used [0x00000000eab00000,0x00000000ec100000,0x00000000ec100000)
  from space 7168K, 95% used [0x00000000eca80000,0x00000000ed12be98,0x00000000ed180000)
  to   space 8192K, 0% used [0x00000000ec180000,0x00000000ec180000,0x00000000ec980000)
 ParOldGen       total 267776K, used 234477K [0x00000000c0000000, 0x00000000d0580000, 0x00000000eab00000)
  object space 267776K, 87% used [0x00000000c0000000,0x00000000ce4fb6b8,0x00000000d0580000)
 Metaspace       used 55972K, committed 56960K, reserved 1114112K
  class space    used 5979K, committed 6400K, reserved 1048576K
}
Event: 10.364 GC heap after
{Heap after GC invocations=195 (full 9):
 PSYoungGen      total 31232K, used 8184K [0x00000000eab00000, 0x00000000edb00000, 0x0000000100000000)
  eden space 23040K, 0% used [0x00000000eab00000,0x00000000eab00000,0x00000000ec180000)
  from space 8192K, 99% used [0x00000000ec180000,0x00000000ec97e340,0x00000000ec980000)
  to   space 12288K, 0% used [0x00000000ecf00000,0x00000000ecf00000,0x00000000edb00000)
 ParOldGen       total 267776K, used 237633K [0x00000000c0000000, 0x00000000d0580000, 0x00000000eab00000)
  object space 267776K, 88% used [0x00000000c0000000,0x00000000ce8104f8,0x00000000d0580000)
 Metaspace       used 55972K, committed 56960K, reserved 1114112K
  class space    used 5979K, committed 6400K, reserved 1048576K
}
Event: 10.441 GC heap before
{Heap before GC invocations=196 (full 9):
 PSYoungGen      total 31232K, used 31224K [0x00000000eab00000, 0x00000000edb00000, 0x0000000100000000)
  eden space 23040K, 100% used [0x00000000eab00000,0x00000000ec180000,0x00000000ec180000)
  from space 8192K, 99% used [0x00000000ec180000,0x00000000ec97e340,0x00000000ec980000)
  to   space 12288K, 0% used [0x00000000ecf00000,0x00000000ecf00000,0x00000000edb00000)
 ParOldGen       total 267776K, used 237633K [0x00000000c0000000, 0x00000000d0580000, 0x00000000eab00000)
  object space 267776K, 88% used [0x00000000c0000000,0x00000000ce8104f8,0x00000000d0580000)
 Metaspace       used 55972K, committed 56960K, reserved 1114112K
  class space    used 5979K, committed 6400K, reserved 1048576K
}
Event: 10.449 GC heap after
{Heap after GC invocations=196 (full 9):
 PSYoungGen      total 33792K, used 8408K [0x00000000eab00000, 0x00000000ed780000, 0x0000000100000000)
  eden space 25088K, 0% used [0x00000000eab00000,0x00000000eab00000,0x00000000ec380000)
  from space 8704K, 96% used [0x00000000ecf00000,0x00000000ed736050,0x00000000ed780000)
  to   space 9728K, 0% used [0x00000000ec480000,0x00000000ec480000,0x00000000ece00000)
 ParOldGen       total 267776K, used 242722K [0x00000000c0000000, 0x00000000d0580000, 0x00000000eab00000)
  object space 267776K, 90% used [0x00000000c0000000,0x00000000ced08b00,0x00000000d0580000)
 Metaspace       used 55972K, committed 56960K, reserved 1114112K
  class space    used 5979K, committed 6400K, reserved 1048576K
}
Event: 10.548 GC heap before
{Heap before GC invocations=197 (full 9):
 PSYoungGen      total 33792K, used 33496K [0x00000000eab00000, 0x00000000ed780000, 0x0000000100000000)
  eden space 25088K, 100% used [0x00000000eab00000,0x00000000ec380000,0x00000000ec380000)
  from space 8704K, 96% used [0x00000000ecf00000,0x00000000ed736050,0x00000000ed780000)
  to   space 9728K, 0% used [0x00000000ec480000,0x00000000ec480000,0x00000000ece00000)
 ParOldGen       total 267776K, used 242722K [0x00000000c0000000, 0x00000000d0580000, 0x00000000eab00000)
  object space 267776K, 90% used [0x00000000c0000000,0x00000000ced08b00,0x00000000d0580000)
 Metaspace       used 55973K, committed 56960K, reserved 1114112K
  class space    used 5979K, committed 6400K, reserved 1048576K
}

