# JRE version: Java(TM) SE Runtime Environment (17.0.9+11) (build 17.0.9+11-LTS-201)
# Java VM: Java HotSpot(TM) 64-Bit Server VM (17.0.9+11-LTS-201, mixed mode, sharing, tiered, compressed oops, compressed class ptrs, g1 gc, windows-amd64)
GC Precious Log:
 CPUs: 8 total, 8 available
 Memory: 32674M
 Large Page Support: Disabled
 NUMA Support: Disabled
 Compressed Oops: Enabled (32-bit)
 Heap Region Size: 1M
 Heap Min Capacity: 256M
 Heap Initial Capacity: 256M
 Heap Max Capacity: 512M
 Pre-touch: Disabled
 Parallel Workers: 8
 Concurrent Workers: 2
 Concurrent Refinement Workers: 8
 Periodic GC: Disabled
Heap:
 garbage-first heap   total 262144K, used 198179K [0x00000000e0000000, 0x0000000100000000)
  region size 1024K, 116 young (118784K), 2 survivors (2048K)
 Metaspace       used 66716K, committed 67456K, reserved 393216K
  class space    used 8933K, committed 9280K, reserved 327680K
GC Heap History (20 events):
Event: 7.030 GC heap before
{Heap before GC invocations=2 (full 0):
 garbage-first heap   total 262144K, used 131774K [0x00000000e0000000, 0x0000000100000000)
  region size 1024K, 118 young (120832K), 1 survivors (1024K)
 Metaspace       used 21242K, committed 21504K, reserved 393216K
  class space    used 3112K, committed 3264K, reserved 327680K
}
Event: 7.053 GC heap after
{Heap after GC invocations=3 (full 0):
 garbage-first heap   total 262144K, used 22971K [0x00000000e0000000, 0x0000000100000000)
  region size 1024K, 12 young (12288K), 12 survivors (12288K)
 Metaspace       used 21242K, committed 21504K, reserved 393216K
  class space    used 3112K, committed 3264K, reserved 327680K
}
Event: 12.551 GC heap before
{Heap before GC invocations=4 (full 0):
 garbage-first heap   total 262144K, used 144827K [0x00000000e0000000, 0x0000000100000000)
  region size 1024K, 128 young (131072K), 12 survivors (12288K)
 Metaspace       used 36284K, committed 36608K, reserved 393216K
  class space    used 5053K, committed 5184K, reserved 327680K
}
Event: 12.565 GC heap after
{Heap after GC invocations=5 (full 0):
 garbage-first heap   total 262144K, used 32195K [0x00000000e0000000, 0x0000000100000000)
  region size 1024K, 10 young (10240K), 10 survivors (10240K)
 Metaspace       used 36284K, committed 36608K, reserved 393216K
  class space    used 5053K, committed 5184K, reserved 327680K
}
Event: 16.103 GC heap before
{Heap before GC invocations=6 (full 0):
 garbage-first heap   total 262144K, used 179651K [0x00000000e0000000, 0x0000000100000000)
  region size 1024K, 153 young (156672K), 10 survivors (10240K)
 Metaspace       used 49164K, committed 49728K, reserved 393216K
  class space    used 6934K, committed 7168K, reserved 327680K
}
Event: 16.114 GC heap after
{Heap after GC invocations=7 (full 0):
 garbage-first heap   total 262144K, used 41484K [0x00000000e0000000, 0x0000000100000000)
  region size 1024K, 19 young (19456K), 19 survivors (19456K)
 Metaspace       used 49164K, committed 49728K, reserved 393216K
  class space    used 6934K, committed 7168K, reserved 327680K
}
Event: 18.163 GC heap before
{Heap before GC invocations=7 (full 0):
 garbage-first heap   total 262144K, used 178700K [0x00000000e0000000, 0x0000000100000000)
  region size 1024K, 153 young (156672K), 19 survivors (19456K)
 Metaspace       used 52821K, committed 53440K, reserved 393216K
  class space    used 7216K, committed 7552K, reserved 327680K
}
Event: 18.179 GC heap after
{Heap after GC invocations=8 (full 0):
 garbage-first heap   total 262144K, used 52972K [0x00000000e0000000, 0x0000000100000000)
  region size 1024K, 12 young (12288K), 12 survivors (12288K)
 Metaspace       used 52821K, committed 53440K, reserved 393216K
  class space    used 7216K, committed 7552K, reserved 327680K
}
Event: 269.014 GC heap before
{Heap before GC invocations=8 (full 0):
 garbage-first heap   total 262144K, used 194284K [0x00000000e0000000, 0x0000000100000000)
  region size 1024K, 151 young (154624K), 12 survivors (12288K)
 Metaspace       used 56895K, committed 57536K, reserved 393216K
  class space    used 7742K, committed 8064K, reserved 327680K
}
Event: 269.025 GC heap after
{Heap after GC invocations=9 (full 0):
 garbage-first heap   total 262144K, used 56261K [0x00000000e0000000, 0x0000000100000000)
  region size 1024K, 9 young (9216K), 9 survivors (9216K)
 Metaspace       used 56895K, committed 57536K, reserved 393216K
  class space    used 7742K, committed 8064K, reserved 327680K
}
Event: 272.858 GC heap before
{Heap before GC invocations=9 (full 0):
 garbage-first heap   total 262144K, used 198597K [0x00000000e0000000, 0x0000000100000000)
  region size 1024K, 149 young (152576K), 9 survivors (9216K)
 Metaspace       used 58155K, committed 58816K, reserved 393216K
  class space    used 7908K, committed 8256K, reserved 327680K
}
Event: 272.884 GC heap after
{Heap after GC invocations=10 (full 0):
 garbage-first heap   total 262144K, used 68608K [0x00000000e0000000, 0x0000000100000000)
  region size 1024K, 19 young (19456K), 19 survivors (19456K)
 Metaspace       used 58155K, committed 58816K, reserved 393216K
  class space    used 7908K, committed 8256K, reserved 327680K
}
Event: 275.336 GC heap before
{Heap before GC invocations=10 (full 0):
 garbage-first heap   total 262144K, used 115712K [0x00000000e0000000, 0x0000000100000000)
  region size 1024K, 66 young (67584K), 19 survivors (19456K)
 Metaspace       used 60517K, committed 61120K, reserved 393216K
  class space    used 8216K, committed 8512K, reserved 327680K
}
Event: 275.357 GC heap after
{Heap after GC invocations=11 (full 0):
 garbage-first heap   total 262144K, used 79413K [0x00000000e0000000, 0x0000000100000000)
  region size 1024K, 11 young (11264K), 11 survivors (11264K)
 Metaspace       used 60517K, committed 61120K, reserved 393216K
  class space    used 8216K, committed 8512K, reserved 327680K
}
Event: 280.518 GC heap before
{Heap before GC invocations=12 (full 0):
 garbage-first heap   total 262144K, used 195125K [0x00000000e0000000, 0x0000000100000000)
  region size 1024K, 125 young (128000K), 11 survivors (11264K)
 Metaspace       used 66298K, committed 66944K, reserved 393216K
  class space    used 8907K, committed 9216K, reserved 327680K
}
Event: 280.531 GC heap after
{Heap after GC invocations=13 (full 0):
 garbage-first heap   total 262144K, used 90612K [0x00000000e0000000, 0x0000000100000000)
  region size 1024K, 12 young (12288K), 12 survivors (12288K)
 Metaspace       used 66298K, committed 66944K, reserved 393216K
  class space    used 8907K, committed 9216K, reserved 327680K
}
Event: 492.426 GC heap before
{Heap before GC invocations=14 (full 0):
 garbage-first heap   total 262144K, used 200180K [0x00000000e0000000, 0x0000000100000000)
  region size 1024K, 119 young (121856K), 12 survivors (12288K)
 Metaspace       used 66614K, committed 67392K, reserved 393216K
  class space    used 8933K, committed 9280K, reserved 327680K
}
Event: 492.430 GC heap after
{Heap after GC invocations=15 (full 0):
 garbage-first heap   total 262144K, used 84746K [0x00000000e0000000, 0x0000000100000000)
  region size 1024K, 4 young (4096K), 4 survivors (4096K)
 Metaspace       used 66614K, committed 67392K, reserved 393216K
  class space    used 8933K, committed 9280K, reserved 327680K
}
Event: 492.513 GC heap before
{Heap before GC invocations=15 (full 0):
 garbage-first heap   total 262144K, used 91914K [0x00000000e0000000, 0x0000000100000000)
  region size 1024K, 12 young (12288K), 4 survivors (4096K)
 Metaspace       used 66642K, committed 67392K, reserved 393216K
  class space    used 8933K, committed 9280K, reserved 327680K
}
Event: 492.515 GC heap after
{Heap after GC invocations=16 (full 0):
 garbage-first heap   total 262144K, used 83491K [0x00000000e0000000, 0x0000000100000000)
  region size 1024K, 2 young (2048K), 2 survivors (2048K)
 Metaspace       used 66642K, committed 67392K, reserved 393216K
  class space    used 8933K, committed 9280K, reserved 327680K
}

