# JRE version: OpenJDK Runtime Environment Temurin-17.0.10+7 (17.0.10+7) (build 17.0.10+7)
# Java VM: OpenJDK 64-Bit Server VM Temurin-17.0.10+7 (17.0.10+7, mixed mode, tiered, compressed oops, compressed class ptrs, parallel gc, windows-amd64)
GC Precious Log:
 CPUs: 8 total, 8 available
 Memory: 32674M
 Large Page Support: Disabled
 NUMA Support: Disabled
 Compressed Oops: Enabled (32-bit)
 Alignments: Space 512K, Generation 512K, Heap 2M
 Heap Min Capacity: 100M
 Heap Initial Capacity: 100M
 Heap Max Capacity: 1G
 Pre-touch: Disabled
 Parallel Workers: 8
Heap:
 PSYoungGen      total 12800K, used 2258K [0x00000000eab00000, 0x00000000ebc80000, 0x0000000100000000)
  eden space 10240K, 0% used [0x00000000eab00000,0x00000000eab00000,0x00000000eb500000)
  from space 2560K, 88% used [0x00000000eba00000,0x00000000ebc34910,0x00000000ebc80000)
  to   space 3584K, 0% used [0x00000000eb580000,0x00000000eb580000,0x00000000eb900000)
 ParOldGen       total 415744K, used 415658K [0x00000000c0000000, 0x00000000d9600000, 0x00000000eab00000)
  object space 415744K, 99% used [0x00000000c0000000,0x00000000d95ea9e0,0x00000000d9600000)
 Metaspace       used 69194K, committed 70400K, reserved 1114112K
  class space    used 7222K, committed 7744K, reserved 1048576K
GC Heap History (20 events):
Event: 81.730 GC heap after
{Heap after GC invocations=1663 (full 33):
 PSYoungGen      total 12800K, used 2327K [0x00000000eab00000, 0x00000000eba00000, 0x0000000100000000)
  eden space 10240K, 0% used [0x00000000eab00000,0x00000000eab00000,0x00000000eb500000)
  from space 2560K, 90% used [0x00000000eb500000,0x00000000eb745c98,0x00000000eb780000)
  to   space 2560K, 0% used [0x00000000eb780000,0x00000000eb780000,0x00000000eba00000)
 ParOldGen       total 414720K, used 395541K [0x00000000c0000000, 0x00000000d9500000, 0x00000000eab00000)
  object space 414720K, 95% used [0x00000000c0000000,0x00000000d82455b0,0x00000000d9500000)
 Metaspace       used 69194K, committed 70400K, reserved 1114112K
  class space    used 7222K, committed 7744K, reserved 1048576K
}
Event: 81.783 GC heap before
{Heap before GC invocations=1664 (full 33):
 PSYoungGen      total 12800K, used 12567K [0x00000000eab00000, 0x00000000eba00000, 0x0000000100000000)
  eden space 10240K, 100% used [0x00000000eab00000,0x00000000eb500000,0x00000000eb500000)
  from space 2560K, 90% used [0x00000000eb500000,0x00000000eb745c98,0x00000000eb780000)
  to   space 2560K, 0% used [0x00000000eb780000,0x00000000eb780000,0x00000000eba00000)
 ParOldGen       total 414720K, used 395541K [0x00000000c0000000, 0x00000000d9500000, 0x00000000eab00000)
  object space 414720K, 95% used [0x00000000c0000000,0x00000000d82455b0,0x00000000d9500000)
 Metaspace       used 69194K, committed 70400K, reserved 1114112K
  class space    used 7222K, committed 7744K, reserved 1048576K
}
Event: 81.787 GC heap after
{Heap after GC invocations=1664 (full 33):
 PSYoungGen      total 12800K, used 2175K [0x00000000eab00000, 0x00000000eba00000, 0x0000000100000000)
  eden space 10240K, 0% used [0x00000000eab00000,0x00000000eab00000,0x00000000eb500000)
  from space 2560K, 84% used [0x00000000eb780000,0x00000000eb99fd78,0x00000000eba00000)
  to   space 2560K, 0% used [0x00000000eb500000,0x00000000eb500000,0x00000000eb780000)
 ParOldGen       total 414720K, used 397744K [0x00000000c0000000, 0x00000000d9500000, 0x00000000eab00000)
  object space 414720K, 95% used [0x00000000c0000000,0x00000000d846c128,0x00000000d9500000)
 Metaspace       used 69194K, committed 70400K, reserved 1114112K
  class space    used 7222K, committed 7744K, reserved 1048576K
}
Event: 81.843 GC heap before
{Heap before GC invocations=1665 (full 33):
 PSYoungGen      total 12800K, used 12415K [0x00000000eab00000, 0x00000000eba00000, 0x0000000100000000)
  eden space 10240K, 100% used [0x00000000eab00000,0x00000000eb500000,0x00000000eb500000)
  from space 2560K, 84% used [0x00000000eb780000,0x00000000eb99fd78,0x00000000eba00000)
  to   space 2560K, 0% used [0x00000000eb500000,0x00000000eb500000,0x00000000eb780000)
 ParOldGen       total 414720K, used 397744K [0x00000000c0000000, 0x00000000d9500000, 0x00000000eab00000)
  object space 414720K, 95% used [0x00000000c0000000,0x00000000d846c128,0x00000000d9500000)
 Metaspace       used 69194K, committed 70400K, reserved 1114112K
  class space    used 7222K, committed 7744K, reserved 1048576K
}
Event: 81.847 GC heap after
{Heap after GC invocations=1665 (full 33):
 PSYoungGen      total 12800K, used 2463K [0x00000000eab00000, 0x00000000eba00000, 0x0000000100000000)
  eden space 10240K, 0% used [0x00000000eab00000,0x00000000eab00000,0x00000000eb500000)
  from space 2560K, 96% used [0x00000000eb500000,0x00000000eb767de8,0x00000000eb780000)
  to   space 2560K, 0% used [0x00000000eb780000,0x00000000eb780000,0x00000000eba00000)
 ParOldGen       total 414720K, used 399866K [0x00000000c0000000, 0x00000000d9500000, 0x00000000eab00000)
  object space 414720K, 96% used [0x00000000c0000000,0x00000000d867eb00,0x00000000d9500000)
 Metaspace       used 69194K, committed 70400K, reserved 1114112K
  class space    used 7222K, committed 7744K, reserved 1048576K
}
Event: 81.891 GC heap before
{Heap before GC invocations=1666 (full 33):
 PSYoungGen      total 12800K, used 12703K [0x00000000eab00000, 0x00000000eba00000, 0x0000000100000000)
  eden space 10240K, 100% used [0x00000000eab00000,0x00000000eb500000,0x00000000eb500000)
  from space 2560K, 96% used [0x00000000eb500000,0x00000000eb767de8,0x00000000eb780000)
  to   space 2560K, 0% used [0x00000000eb780000,0x00000000eb780000,0x00000000eba00000)
 ParOldGen       total 414720K, used 399866K [0x00000000c0000000, 0x00000000d9500000, 0x00000000eab00000)
  object space 414720K, 96% used [0x00000000c0000000,0x00000000d867eb00,0x00000000d9500000)
 Metaspace       used 69194K, committed 70400K, reserved 1114112K
  class space    used 7222K, committed 7744K, reserved 1048576K
}
Event: 81.894 GC heap after
{Heap after GC invocations=1666 (full 33):
 PSYoungGen      total 12800K, used 2268K [0x00000000eab00000, 0x00000000eba00000, 0x0000000100000000)
  eden space 10240K, 0% used [0x00000000eab00000,0x00000000eab00000,0x00000000eb500000)
  from space 2560K, 88% used [0x00000000eb780000,0x00000000eb9b7290,0x00000000eba00000)
  to   space 2560K, 0% used [0x00000000eb500000,0x00000000eb500000,0x00000000eb780000)
 ParOldGen       total 414720K, used 402238K [0x00000000c0000000, 0x00000000d9500000, 0x00000000eab00000)
  object space 414720K, 96% used [0x00000000c0000000,0x00000000d88cfa08,0x00000000d9500000)
 Metaspace       used 69194K, committed 70400K, reserved 1114112K
  class space    used 7222K, committed 7744K, reserved 1048576K
}
Event: 81.951 GC heap before
{Heap before GC invocations=1667 (full 33):
 PSYoungGen      total 12800K, used 12508K [0x00000000eab00000, 0x00000000eba00000, 0x0000000100000000)
  eden space 10240K, 100% used [0x00000000eab00000,0x00000000eb500000,0x00000000eb500000)
  from space 2560K, 88% used [0x00000000eb780000,0x00000000eb9b7290,0x00000000eba00000)
  to   space 2560K, 0% used [0x00000000eb500000,0x00000000eb500000,0x00000000eb780000)
 ParOldGen       total 414720K, used 402238K [0x00000000c0000000, 0x00000000d9500000, 0x00000000eab00000)
  object space 414720K, 96% used [0x00000000c0000000,0x00000000d88cfa08,0x00000000d9500000)
 Metaspace       used 69194K, committed 70400K, reserved 1114112K
  class space    used 7222K, committed 7744K, reserved 1048576K
}
Event: 81.957 GC heap after
{Heap after GC invocations=1667 (full 33):
 PSYoungGen      total 12800K, used 2351K [0x00000000eab00000, 0x00000000eba00000, 0x0000000100000000)
  eden space 10240K, 0% used [0x00000000eab00000,0x00000000eab00000,0x00000000eb500000)
  from space 2560K, 91% used [0x00000000eb500000,0x00000000eb74bc60,0x00000000eb780000)
  to   space 2560K, 0% used [0x00000000eb780000,0x00000000eb780000,0x00000000eba00000)
 ParOldGen       total 414720K, used 404438K [0x00000000c0000000, 0x00000000d9500000, 0x00000000eab00000)
  object space 414720K, 97% used [0x00000000c0000000,0x00000000d8af59e8,0x00000000d9500000)
 Metaspace       used 69194K, committed 70400K, reserved 1114112K
  class space    used 7222K, committed 7744K, reserved 1048576K
}
Event: 82.013 GC heap before
{Heap before GC invocations=1668 (full 33):
 PSYoungGen      total 12800K, used 12591K [0x00000000eab00000, 0x00000000eba00000, 0x0000000100000000)
  eden space 10240K, 100% used [0x00000000eab00000,0x00000000eb500000,0x00000000eb500000)
  from space 2560K, 91% used [0x00000000eb500000,0x00000000eb74bc60,0x00000000eb780000)
  to   space 2560K, 0% used [0x00000000eb780000,0x00000000eb780000,0x00000000eba00000)
 ParOldGen       total 414720K, used 404438K [0x00000000c0000000, 0x00000000d9500000, 0x00000000eab00000)
  object space 414720K, 97% used [0x00000000c0000000,0x00000000d8af59e8,0x00000000d9500000)
 Metaspace       used 69194K, committed 70400K, reserved 1114112K
  class space    used 7222K, committed 7744K, reserved 1048576K
}
Event: 82.015 GC heap after
{Heap after GC invocations=1668 (full 33):
 PSYoungGen      total 12800K, used 2353K [0x00000000eab00000, 0x00000000eba00000, 0x0000000100000000)
  eden space 10240K, 0% used [0x00000000eab00000,0x00000000eab00000,0x00000000eb500000)
  from space 2560K, 91% used [0x00000000eb780000,0x00000000eb9cc6f8,0x00000000eba00000)
  to   space 2560K, 0% used [0x00000000eb500000,0x00000000eb500000,0x00000000eb780000)
 ParOldGen       total 414720K, used 406710K [0x00000000c0000000, 0x00000000d9500000, 0x00000000eab00000)
  object space 414720K, 98% used [0x00000000c0000000,0x00000000d8d2d978,0x00000000d9500000)
 Metaspace       used 69194K, committed 70400K, reserved 1114112K
  class space    used 7222K, committed 7744K, reserved 1048576K
}
Event: 82.058 GC heap before
{Heap before GC invocations=1669 (full 33):
 PSYoungGen      total 12800K, used 12593K [0x00000000eab00000, 0x00000000eba00000, 0x0000000100000000)
  eden space 10240K, 100% used [0x00000000eab00000,0x00000000eb500000,0x00000000eb500000)
  from space 2560K, 91% used [0x00000000eb780000,0x00000000eb9cc6f8,0x00000000eba00000)
  to   space 2560K, 0% used [0x00000000eb500000,0x00000000eb500000,0x00000000eb780000)
 ParOldGen       total 414720K, used 406710K [0x00000000c0000000, 0x00000000d9500000, 0x00000000eab00000)
  object space 414720K, 98% used [0x00000000c0000000,0x00000000d8d2d978,0x00000000d9500000)
 Metaspace       used 69194K, committed 70400K, reserved 1114112K
  class space    used 7222K, committed 7744K, reserved 1048576K
}
Event: 82.061 GC heap after
{Heap after GC invocations=1669 (full 33):
 PSYoungGen      total 12800K, used 2551K [0x00000000eab00000, 0x00000000ebf00000, 0x0000000100000000)
  eden space 10240K, 0% used [0x00000000eab00000,0x00000000eab00000,0x00000000eb500000)
  from space 2560K, 99% used [0x00000000eb500000,0x00000000eb77dc10,0x00000000eb780000)
  to   space 5120K, 0% used [0x00000000eba00000,0x00000000eba00000,0x00000000ebf00000)
 ParOldGen       total 414720K, used 408646K [0x00000000c0000000, 0x00000000d9500000, 0x00000000eab00000)
  object space 414720K, 98% used [0x00000000c0000000,0x00000000d8f11b28,0x00000000d9500000)
 Metaspace       used 69194K, committed 70400K, reserved 1114112K
  class space    used 7222K, committed 7744K, reserved 1048576K
}
Event: 82.094 GC heap before
{Heap before GC invocations=1670 (full 33):
 PSYoungGen      total 12800K, used 12791K [0x00000000eab00000, 0x00000000ebf00000, 0x0000000100000000)
  eden space 10240K, 100% used [0x00000000eab00000,0x00000000eb500000,0x00000000eb500000)
  from space 2560K, 99% used [0x00000000eb500000,0x00000000eb77dc10,0x00000000eb780000)
  to   space 5120K, 0% used [0x00000000eba00000,0x00000000eba00000,0x00000000ebf00000)
 ParOldGen       total 414720K, used 408646K [0x00000000c0000000, 0x00000000d9500000, 0x00000000eab00000)
  object space 414720K, 98% used [0x00000000c0000000,0x00000000d8f11b28,0x00000000d9500000)
 Metaspace       used 69194K, committed 70400K, reserved 1114112K
  class space    used 7222K, committed 7744K, reserved 1048576K
}
Event: 82.098 GC heap after
{Heap after GC invocations=1670 (full 33):
 PSYoungGen      total 12800K, used 2286K [0x00000000eab00000, 0x00000000ebc80000, 0x0000000100000000)
  eden space 10240K, 0% used [0x00000000eab00000,0x00000000eab00000,0x00000000eb500000)
  from space 2560K, 89% used [0x00000000eba00000,0x00000000ebc3b9a8,0x00000000ebc80000)
  to   space 3584K, 0% used [0x00000000eb580000,0x00000000eb580000,0x00000000eb900000)
 ParOldGen       total 414720K, used 411155K [0x00000000c0000000, 0x00000000d9500000, 0x00000000eab00000)
  object space 414720K, 99% used [0x00000000c0000000,0x00000000d9184df8,0x00000000d9500000)
 Metaspace       used 69194K, committed 70400K, reserved 1114112K
  class space    used 7222K, committed 7744K, reserved 1048576K
}
Event: 82.145 GC heap before
{Heap before GC invocations=1671 (full 33):
 PSYoungGen      total 12800K, used 12526K [0x00000000eab00000, 0x00000000ebc80000, 0x0000000100000000)
  eden space 10240K, 100% used [0x00000000eab00000,0x00000000eb500000,0x00000000eb500000)
  from space 2560K, 89% used [0x00000000eba00000,0x00000000ebc3b9a8,0x00000000ebc80000)
  to   space 3584K, 0% used [0x00000000eb580000,0x00000000eb580000,0x00000000eb900000)
 ParOldGen       total 414720K, used 411155K [0x00000000c0000000, 0x00000000d9500000, 0x00000000eab00000)
  object space 414720K, 99% used [0x00000000c0000000,0x00000000d9184df8,0x00000000d9500000)
 Metaspace       used 69194K, committed 70400K, reserved 1114112K
  class space    used 7222K, committed 7744K, reserved 1048576K
}
Event: 82.148 GC heap after
{Heap after GC invocations=1671 (full 33):
 PSYoungGen      total 13824K, used 3565K [0x00000000eab00000, 0x00000000ebf00000, 0x0000000100000000)
  eden space 10240K, 0% used [0x00000000eab00000,0x00000000eab00000,0x00000000eb500000)
  from space 3584K, 99% used [0x00000000eb580000,0x00000000eb8fb420,0x00000000eb900000)
  to   space 5120K, 0% used [0x00000000eba00000,0x00000000eba00000,0x00000000ebf00000)
 ParOldGen       total 414720K, used 412091K [0x00000000c0000000, 0x00000000d9500000, 0x00000000eab00000)
  object space 414720K, 99% used [0x00000000c0000000,0x00000000d926eda8,0x00000000d9500000)
 Metaspace       used 69194K, committed 70400K, reserved 1114112K
  class space    used 7222K, committed 7744K, reserved 1048576K
}
Event: 82.181 GC heap before
{Heap before GC invocations=1672 (full 33):
 PSYoungGen      total 13824K, used 13805K [0x00000000eab00000, 0x00000000ebf00000, 0x0000000100000000)
  eden space 10240K, 100% used [0x00000000eab00000,0x00000000eb500000,0x00000000eb500000)
  from space 3584K, 99% used [0x00000000eb580000,0x00000000eb8fb420,0x00000000eb900000)
  to   space 5120K, 0% used [0x00000000eba00000,0x00000000eba00000,0x00000000ebf00000)
 ParOldGen       total 414720K, used 412091K [0x00000000c0000000, 0x00000000d9500000, 0x00000000eab00000)
  object space 414720K, 99% used [0x00000000c0000000,0x00000000d926eda8,0x00000000d9500000)
 Metaspace       used 69194K, committed 70400K, reserved 1114112K
  class space    used 7222K, committed 7744K, reserved 1048576K
}
Event: 82.184 GC heap after
{Heap after GC invocations=1672 (full 33):
 PSYoungGen      total 12800K, used 2258K [0x00000000eab00000, 0x00000000ebc80000, 0x0000000100000000)
  eden space 10240K, 0% used [0x00000000eab00000,0x00000000eab00000,0x00000000eb500000)
  from space 2560K, 88% used [0x00000000eba00000,0x00000000ebc34910,0x00000000ebc80000)
  to   space 3584K, 0% used [0x00000000eb580000,0x00000000eb580000,0x00000000eb900000)
 ParOldGen       total 415744K, used 415658K [0x00000000c0000000, 0x00000000d9600000, 0x00000000eab00000)
  object space 415744K, 99% used [0x00000000c0000000,0x00000000d95ea9e0,0x00000000d9600000)
 Metaspace       used 69194K, committed 70400K, reserved 1114112K
  class space    used 7222K, committed 7744K, reserved 1048576K
}
Event: 82.184 GC heap before
{Heap before GC invocations=1673 (full 34):
 PSYoungGen      total 12800K, used 2258K [0x00000000eab00000, 0x00000000ebc80000, 0x0000000100000000)
  eden space 10240K, 0% used [0x00000000eab00000,0x00000000eab00000,0x00000000eb500000)
  from space 2560K, 88% used [0x00000000eba00000,0x00000000ebc34910,0x00000000ebc80000)
  to   space 3584K, 0% used [0x00000000eb580000,0x00000000eb580000,0x00000000eb900000)
 ParOldGen       total 415744K, used 415658K [0x00000000c0000000, 0x00000000d9600000, 0x00000000eab00000)
  object space 415744K, 99% used [0x00000000c0000000,0x00000000d95ea9e0,0x00000000d9600000)
 Metaspace       used 69194K, committed 70400K, reserved 1114112K
  class space    used 7222K, committed 7744K, reserved 1048576K
}

