# JRE version: Java(TM) SE Runtime Environment (17.0.9+11) (build 17.0.9+11-LTS-201)
# Java VM: Java HotSpot(TM) 64-Bit Server VM (17.0.9+11-LTS-201, mixed mode, sharing, tiered, compressed oops, compressed class ptrs, g1 gc, windows-amd64)
GC Precious Log:
 CPUs: 8 total, 8 available
 Memory: 32674M
 Large Page Support: Disabled
 NUMA Support: Disabled
 Compressed Oops: Enabled (32-bit)
 Heap Region Size: 1M
 Heap Min Capacity: 8M
 Heap Initial Capacity: 64M
 Heap Max Capacity: 64M
 Pre-touch: Disabled
 Parallel Workers: 8
 Concurrent Workers: 2
 Concurrent Refinement Workers: 8
 Periodic GC: Disabled
Heap:
 garbage-first heap   total 65536K, used 46726K [0x00000000fc000000, 0x0000000100000000)
  region size 1024K, 30 young (30720K), 4 survivors (4096K)
 Metaspace       used 18160K, committed 18368K, reserved 1114112K
  class space    used 2069K, committed 2176K, reserved 1048576K
GC Heap History (7 events):
Event: 2.852 GC heap before
{Heap before GC invocations=0 (full 0):
 garbage-first heap   total 65536K, used 24576K [0x00000000fc000000, 0x0000000100000000)
  region size 1024K, 23 young (23552K), 0 survivors (0K)
 Metaspace       used 7677K, committed 7872K, reserved 1114112K
  class space    used 922K, committed 1024K, reserved 1048576K
}
Event: 3.046 GC heap after
{Heap after GC invocations=1 (full 0):
 garbage-first heap   total 65536K, used 5515K [0x00000000fc000000, 0x0000000100000000)
  region size 1024K, 3 young (3072K), 3 survivors (3072K)
 Metaspace       used 7677K, committed 7872K, reserved 1114112K
  class space    used 922K, committed 1024K, reserved 1048576K
}
Event: 3.909 GC heap before
{Heap before GC invocations=1 (full 0):
 garbage-first heap   total 65536K, used 31115K [0x00000000fc000000, 0x0000000100000000)
  region size 1024K, 28 young (28672K), 3 survivors (3072K)
 Metaspace       used 13463K, committed 13632K, reserved 1114112K
  class space    used 1569K, committed 1664K, reserved 1048576K
}
Event: 3.916 GC heap after
{Heap after GC invocations=2 (full 0):
 garbage-first heap   total 65536K, used 10658K [0x00000000fc000000, 0x0000000100000000)
  region size 1024K, 4 young (4096K), 4 survivors (4096K)
 Metaspace       used 13463K, committed 13632K, reserved 1114112K
  class space    used 1569K, committed 1664K, reserved 1048576K
}
Event: 4.316 GC heap before
{Heap before GC invocations=2 (full 0):
 garbage-first heap   total 65536K, used 37282K [0x00000000fc000000, 0x0000000100000000)
  region size 1024K, 30 young (30720K), 4 survivors (4096K)
 Metaspace       used 15373K, committed 15616K, reserved 1114112K
  class space    used 1756K, committed 1856K, reserved 1048576K
}
Event: 4.321 GC heap after
{Heap after GC invocations=3 (full 0):
 garbage-first heap   total 65536K, used 13958K [0x00000000fc000000, 0x0000000100000000)
  region size 1024K, 4 young (4096K), 4 survivors (4096K)
 Metaspace       used 15373K, committed 15616K, reserved 1114112K
  class space    used 1756K, committed 1856K, reserved 1048576K
}
Event: 7.594 GC heap before
{Heap before GC invocations=3 (full 0):
 garbage-first heap   total 65536K, used 45702K [0x00000000fc000000, 0x0000000100000000)
  region size 1024K, 30 young (30720K), 4 survivors (4096K)
 Metaspace       used 18160K, committed 18368K, reserved 1114112K
  class space    used 2069K, committed 2176K, reserved 1048576K
}

