# JRE version: OpenJDK Runtime Environment Temurin-17.0.10+7 (17.0.10+7) (build 17.0.10+7)
# Java VM: OpenJDK 64-Bit Server VM Temurin-17.0.10+7 (17.0.10+7, mixed mode, tiered, compressed oops, compressed class ptrs, parallel gc, windows-amd64)
GC Precious Log:
 CPUs: 8 total, 8 available
 Memory: 32674M
 Large Page Support: Disabled
 NUMA Support: Disabled
 Compressed Oops: Enabled (32-bit)
 Alignments: Space 512K, Generation 512K, Heap 2M
 Heap Min Capacity: 100M
 Heap Initial Capacity: 100M
 Heap Max Capacity: 1G
 Pre-touch: Disabled
 Parallel Workers: 8
Heap:
 PSYoungGen      total 14848K, used 6601K [0x00000000eab00000, 0x00000000ebc00000, 0x0000000100000000)
  eden space 13312K, 39% used [0x00000000eab00000,0x00000000eb02e4f8,0x00000000eb800000)
  from space 1536K, 84% used [0x00000000eb900000,0x00000000eba44050,0x00000000eba80000)
  to   space 1536K, 0% used [0x00000000eba80000,0x00000000eba80000,0x00000000ebc00000)
 ParOldGen       total 80384K, used 73858K [0x00000000c0000000, 0x00000000c4e80000, 0x00000000eab00000)
  object space 80384K, 91% used [0x00000000c0000000,0x00000000c4820858,0x00000000c4e80000)
 Metaspace       used 52549K, committed 53376K, reserved 1114112K
  class space    used 5195K, committed 5568K, reserved 1048576K
GC Heap History (20 events):
Event: 36.554 GC heap before
{Heap before GC invocations=48 (full 3):
 PSYoungGen      total 16384K, used 16096K [0x00000000eab00000, 0x00000000ebf00000, 0x0000000100000000)
  eden space 14336K, 100% used [0x00000000eab00000,0x00000000eb900000,0x00000000eb900000)
  from space 2048K, 85% used [0x00000000eb900000,0x00000000ebab8080,0x00000000ebb00000)
  to   space 3072K, 0% used [0x00000000ebc00000,0x00000000ebc00000,0x00000000ebf00000)
 ParOldGen       total 80384K, used 58709K [0x00000000c0000000, 0x00000000c4e80000, 0x00000000eab00000)
  object space 80384K, 73% used [0x00000000c0000000,0x00000000c3955410,0x00000000c4e80000)
 Metaspace       used 51577K, committed 52352K, reserved 1114112K
  class space    used 5090K, committed 5440K, reserved 1048576K
}
Event: 36.556 GC heap after
{Heap after GC invocations=48 (full 3):
 PSYoungGen      total 15872K, used 1535K [0x00000000eab00000, 0x00000000ebd80000, 0x0000000100000000)
  eden space 14336K, 0% used [0x00000000eab00000,0x00000000eab00000,0x00000000eb900000)
  from space 1536K, 99% used [0x00000000ebc00000,0x00000000ebd7fc88,0x00000000ebd80000)
  to   space 2048K, 0% used [0x00000000eb980000,0x00000000eb980000,0x00000000ebb80000)
 ParOldGen       total 80384K, used 60297K [0x00000000c0000000, 0x00000000c4e80000, 0x00000000eab00000)
  object space 80384K, 75% used [0x00000000c0000000,0x00000000c3ae2520,0x00000000c4e80000)
 Metaspace       used 51577K, committed 52352K, reserved 1114112K
  class space    used 5090K, committed 5440K, reserved 1048576K
}
Event: 37.210 GC heap before
{Heap before GC invocations=49 (full 3):
 PSYoungGen      total 15872K, used 15871K [0x00000000eab00000, 0x00000000ebd80000, 0x0000000100000000)
  eden space 14336K, 100% used [0x00000000eab00000,0x00000000eb900000,0x00000000eb900000)
  from space 1536K, 99% used [0x00000000ebc00000,0x00000000ebd7fc88,0x00000000ebd80000)
  to   space 2048K, 0% used [0x00000000eb980000,0x00000000eb980000,0x00000000ebb80000)
 ParOldGen       total 80384K, used 60297K [0x00000000c0000000, 0x00000000c4e80000, 0x00000000eab00000)
  object space 80384K, 75% used [0x00000000c0000000,0x00000000c3ae2520,0x00000000c4e80000)
 Metaspace       used 52066K, committed 52864K, reserved 1114112K
  class space    used 5164K, committed 5504K, reserved 1048576K
}
Event: 37.212 GC heap after
{Heap after GC invocations=49 (full 3):
 PSYoungGen      total 16384K, used 1712K [0x00000000eab00000, 0x00000000ebd00000, 0x0000000100000000)
  eden space 14336K, 0% used [0x00000000eab00000,0x00000000eab00000,0x00000000eb900000)
  from space 2048K, 83% used [0x00000000eb980000,0x00000000ebb2c070,0x00000000ebb80000)
  to   space 1536K, 0% used [0x00000000ebb80000,0x00000000ebb80000,0x00000000ebd00000)
 ParOldGen       total 80384K, used 61623K [0x00000000c0000000, 0x00000000c4e80000, 0x00000000eab00000)
  object space 80384K, 76% used [0x00000000c0000000,0x00000000c3c2dc58,0x00000000c4e80000)
 Metaspace       used 52066K, committed 52864K, reserved 1114112K
  class space    used 5164K, committed 5504K, reserved 1048576K
}
Event: 37.788 GC heap before
{Heap before GC invocations=50 (full 3):
 PSYoungGen      total 16384K, used 16048K [0x00000000eab00000, 0x00000000ebd00000, 0x0000000100000000)
  eden space 14336K, 100% used [0x00000000eab00000,0x00000000eb900000,0x00000000eb900000)
  from space 2048K, 83% used [0x00000000eb980000,0x00000000ebb2c070,0x00000000ebb80000)
  to   space 1536K, 0% used [0x00000000ebb80000,0x00000000ebb80000,0x00000000ebd00000)
 ParOldGen       total 80384K, used 61623K [0x00000000c0000000, 0x00000000c4e80000, 0x00000000eab00000)
  object space 80384K, 76% used [0x00000000c0000000,0x00000000c3c2dc58,0x00000000c4e80000)
 Metaspace       used 52282K, committed 53120K, reserved 1114112K
  class space    used 5189K, committed 5568K, reserved 1048576K
}
Event: 37.790 GC heap after
{Heap after GC invocations=50 (full 3):
 PSYoungGen      total 14848K, used 1520K [0x00000000eab00000, 0x00000000ec000000, 0x0000000100000000)
  eden space 13312K, 0% used [0x00000000eab00000,0x00000000eab00000,0x00000000eb800000)
  from space 1536K, 98% used [0x00000000ebb80000,0x00000000ebcfc040,0x00000000ebd00000)
  to   space 3584K, 0% used [0x00000000eb800000,0x00000000eb800000,0x00000000ebb80000)
 ParOldGen       total 80384K, used 63335K [0x00000000c0000000, 0x00000000c4e80000, 0x00000000eab00000)
  object space 80384K, 78% used [0x00000000c0000000,0x00000000c3dd9ca8,0x00000000c4e80000)
 Metaspace       used 52282K, committed 53120K, reserved 1114112K
  class space    used 5189K, committed 5568K, reserved 1048576K
}
Event: 38.309 GC heap before
{Heap before GC invocations=51 (full 3):
 PSYoungGen      total 14848K, used 14832K [0x00000000eab00000, 0x00000000ec000000, 0x0000000100000000)
  eden space 13312K, 100% used [0x00000000eab00000,0x00000000eb800000,0x00000000eb800000)
  from space 1536K, 98% used [0x00000000ebb80000,0x00000000ebcfc040,0x00000000ebd00000)
  to   space 3584K, 0% used [0x00000000eb800000,0x00000000eb800000,0x00000000ebb80000)
 ParOldGen       total 80384K, used 63335K [0x00000000c0000000, 0x00000000c4e80000, 0x00000000eab00000)
  object space 80384K, 78% used [0x00000000c0000000,0x00000000c3dd9ca8,0x00000000c4e80000)
 Metaspace       used 52346K, committed 53184K, reserved 1114112K
  class space    used 5189K, committed 5568K, reserved 1048576K
}
Event: 38.311 GC heap after
{Heap after GC invocations=51 (full 3):
 PSYoungGen      total 15360K, used 1680K [0x00000000eab00000, 0x00000000ebd00000, 0x0000000100000000)
  eden space 13312K, 0% used [0x00000000eab00000,0x00000000eab00000,0x00000000eb800000)
  from space 2048K, 82% used [0x00000000eb800000,0x00000000eb9a4050,0x00000000eba00000)
  to   space 2560K, 0% used [0x00000000eba80000,0x00000000eba80000,0x00000000ebd00000)
 ParOldGen       total 80384K, used 64800K [0x00000000c0000000, 0x00000000c4e80000, 0x00000000eab00000)
  object space 80384K, 80% used [0x00000000c0000000,0x00000000c3f481c8,0x00000000c4e80000)
 Metaspace       used 52346K, committed 53184K, reserved 1114112K
  class space    used 5189K, committed 5568K, reserved 1048576K
}
Event: 38.355 GC heap before
{Heap before GC invocations=52 (full 3):
 PSYoungGen      total 15360K, used 14992K [0x00000000eab00000, 0x00000000ebd00000, 0x0000000100000000)
  eden space 13312K, 100% used [0x00000000eab00000,0x00000000eb800000,0x00000000eb800000)
  from space 2048K, 82% used [0x00000000eb800000,0x00000000eb9a4050,0x00000000eba00000)
  to   space 2560K, 0% used [0x00000000eba80000,0x00000000eba80000,0x00000000ebd00000)
 ParOldGen       total 80384K, used 64800K [0x00000000c0000000, 0x00000000c4e80000, 0x00000000eab00000)
  object space 80384K, 80% used [0x00000000c0000000,0x00000000c3f481c8,0x00000000c4e80000)
 Metaspace       used 52387K, committed 53184K, reserved 1114112K
  class space    used 5189K, committed 5568K, reserved 1048576K
}
Event: 38.357 GC heap after
{Heap after GC invocations=52 (full 3):
 PSYoungGen      total 14848K, used 1504K [0x00000000eab00000, 0x00000000ebc00000, 0x0000000100000000)
  eden space 13312K, 0% used [0x00000000eab00000,0x00000000eab00000,0x00000000eb800000)
  from space 1536K, 97% used [0x00000000eba80000,0x00000000ebbf8040,0x00000000ebc00000)
  to   space 2048K, 0% used [0x00000000eb800000,0x00000000eb800000,0x00000000eba00000)
 ParOldGen       total 80384K, used 66375K [0x00000000c0000000, 0x00000000c4e80000, 0x00000000eab00000)
  object space 80384K, 82% used [0x00000000c0000000,0x00000000c40d1cc8,0x00000000c4e80000)
 Metaspace       used 52387K, committed 53184K, reserved 1114112K
  class space    used 5189K, committed 5568K, reserved 1048576K
}
Event: 72.077 GC heap before
{Heap before GC invocations=53 (full 3):
 PSYoungGen      total 14848K, used 14816K [0x00000000eab00000, 0x00000000ebc00000, 0x0000000100000000)
  eden space 13312K, 100% used [0x00000000eab00000,0x00000000eb800000,0x00000000eb800000)
  from space 1536K, 97% used [0x00000000eba80000,0x00000000ebbf8040,0x00000000ebc00000)
  to   space 2048K, 0% used [0x00000000eb800000,0x00000000eb800000,0x00000000eba00000)
 ParOldGen       total 80384K, used 66375K [0x00000000c0000000, 0x00000000c4e80000, 0x00000000eab00000)
  object space 80384K, 82% used [0x00000000c0000000,0x00000000c40d1cc8,0x00000000c4e80000)
 Metaspace       used 52449K, committed 53312K, reserved 1114112K
  class space    used 5192K, committed 5568K, reserved 1048576K
}
Event: 72.079 GC heap after
{Heap after GC invocations=53 (full 3):
 PSYoungGen      total 15360K, used 1920K [0x00000000eab00000, 0x00000000ebc00000, 0x0000000100000000)
  eden space 13312K, 0% used [0x00000000eab00000,0x00000000eab00000,0x00000000eb800000)
  from space 2048K, 93% used [0x00000000eb800000,0x00000000eb9e0080,0x00000000eba00000)
  to   space 2048K, 0% used [0x00000000eba00000,0x00000000eba00000,0x00000000ebc00000)
 ParOldGen       total 80384K, used 67759K [0x00000000c0000000, 0x00000000c4e80000, 0x00000000eab00000)
  object space 80384K, 84% used [0x00000000c0000000,0x00000000c422bda8,0x00000000c4e80000)
 Metaspace       used 52449K, committed 53312K, reserved 1114112K
  class space    used 5192K, committed 5568K, reserved 1048576K
}
Event: 72.103 GC heap before
{Heap before GC invocations=54 (full 3):
 PSYoungGen      total 15360K, used 15232K [0x00000000eab00000, 0x00000000ebc00000, 0x0000000100000000)
  eden space 13312K, 100% used [0x00000000eab00000,0x00000000eb800000,0x00000000eb800000)
  from space 2048K, 93% used [0x00000000eb800000,0x00000000eb9e0080,0x00000000eba00000)
  to   space 2048K, 0% used [0x00000000eba00000,0x00000000eba00000,0x00000000ebc00000)
 ParOldGen       total 80384K, used 67759K [0x00000000c0000000, 0x00000000c4e80000, 0x00000000eab00000)
  object space 80384K, 84% used [0x00000000c0000000,0x00000000c422bda8,0x00000000c4e80000)
 Metaspace       used 52469K, committed 53312K, reserved 1114112K
  class space    used 5192K, committed 5568K, reserved 1048576K
}
Event: 72.105 GC heap after
{Heap after GC invocations=54 (full 3):
 PSYoungGen      total 14848K, used 1280K [0x00000000eab00000, 0x00000000ebb80000, 0x0000000100000000)
  eden space 13312K, 0% used [0x00000000eab00000,0x00000000eab00000,0x00000000eb800000)
  from space 1536K, 83% used [0x00000000eba00000,0x00000000ebb40040,0x00000000ebb80000)
  to   space 1536K, 0% used [0x00000000eb880000,0x00000000eb880000,0x00000000eba00000)
 ParOldGen       total 80384K, used 69599K [0x00000000c0000000, 0x00000000c4e80000, 0x00000000eab00000)
  object space 80384K, 86% used [0x00000000c0000000,0x00000000c43f7d18,0x00000000c4e80000)
 Metaspace       used 52469K, committed 53312K, reserved 1114112K
  class space    used 5192K, committed 5568K, reserved 1048576K
}
Event: 72.289 GC heap before
{Heap before GC invocations=55 (full 3):
 PSYoungGen      total 14848K, used 14592K [0x00000000eab00000, 0x00000000ebb80000, 0x0000000100000000)
  eden space 13312K, 100% used [0x00000000eab00000,0x00000000eb800000,0x00000000eb800000)
  from space 1536K, 83% used [0x00000000eba00000,0x00000000ebb40040,0x00000000ebb80000)
  to   space 1536K, 0% used [0x00000000eb880000,0x00000000eb880000,0x00000000eba00000)
 ParOldGen       total 80384K, used 69599K [0x00000000c0000000, 0x00000000c4e80000, 0x00000000eab00000)
  object space 80384K, 86% used [0x00000000c0000000,0x00000000c43f7d18,0x00000000c4e80000)
 Metaspace       used 52481K, committed 53312K, reserved 1114112K
  class space    used 5192K, committed 5568K, reserved 1048576K
}
Event: 72.291 GC heap after
{Heap after GC invocations=55 (full 3):
 PSYoungGen      total 14848K, used 1504K [0x00000000eab00000, 0x00000000ebf00000, 0x0000000100000000)
  eden space 13312K, 0% used [0x00000000eab00000,0x00000000eab00000,0x00000000eb800000)
  from space 1536K, 97% used [0x00000000eb880000,0x00000000eb9f8050,0x00000000eba00000)
  to   space 3584K, 0% used [0x00000000ebb80000,0x00000000ebb80000,0x00000000ebf00000)
 ParOldGen       total 80384K, used 71139K [0x00000000c0000000, 0x00000000c4e80000, 0x00000000eab00000)
  object space 80384K, 88% used [0x00000000c0000000,0x00000000c4578e18,0x00000000c4e80000)
 Metaspace       used 52481K, committed 53312K, reserved 1114112K
  class space    used 5192K, committed 5568K, reserved 1048576K
}
Event: 72.305 GC heap before
{Heap before GC invocations=56 (full 3):
 PSYoungGen      total 14848K, used 14816K [0x00000000eab00000, 0x00000000ebf00000, 0x0000000100000000)
  eden space 13312K, 100% used [0x00000000eab00000,0x00000000eb800000,0x00000000eb800000)
  from space 1536K, 97% used [0x00000000eb880000,0x00000000eb9f8050,0x00000000eba00000)
  to   space 3584K, 0% used [0x00000000ebb80000,0x00000000ebb80000,0x00000000ebf00000)
 ParOldGen       total 80384K, used 71139K [0x00000000c0000000, 0x00000000c4e80000, 0x00000000eab00000)
  object space 80384K, 88% used [0x00000000c0000000,0x00000000c4578e18,0x00000000c4e80000)
 Metaspace       used 52494K, committed 53312K, reserved 1114112K
  class space    used 5192K, committed 5568K, reserved 1048576K
}
Event: 72.307 GC heap after
{Heap after GC invocations=56 (full 3):
 PSYoungGen      total 14848K, used 1344K [0x00000000eab00000, 0x00000000ebd00000, 0x0000000100000000)
  eden space 13312K, 0% used [0x00000000eab00000,0x00000000eab00000,0x00000000eb800000)
  from space 1536K, 87% used [0x00000000ebb80000,0x00000000ebcd0040,0x00000000ebd00000)
  to   space 2048K, 0% used [0x00000000eb900000,0x00000000eb900000,0x00000000ebb00000)
 ParOldGen       total 80384K, used 72661K [0x00000000c0000000, 0x00000000c4e80000, 0x00000000eab00000)
  object space 80384K, 90% used [0x00000000c0000000,0x00000000c46f57c8,0x00000000c4e80000)
 Metaspace       used 52494K, committed 53312K, reserved 1114112K
  class space    used 5192K, committed 5568K, reserved 1048576K
}
Event: 72.321 GC heap before
{Heap before GC invocations=57 (full 3):
 PSYoungGen      total 14848K, used 14656K [0x00000000eab00000, 0x00000000ebd00000, 0x0000000100000000)
  eden space 13312K, 100% used [0x00000000eab00000,0x00000000eb800000,0x00000000eb800000)
  from space 1536K, 87% used [0x00000000ebb80000,0x00000000ebcd0040,0x00000000ebd00000)
  to   space 2048K, 0% used [0x00000000eb900000,0x00000000eb900000,0x00000000ebb00000)
 ParOldGen       total 80384K, used 72661K [0x00000000c0000000, 0x00000000c4e80000, 0x00000000eab00000)
  object space 80384K, 90% used [0x00000000c0000000,0x00000000c46f57c8,0x00000000c4e80000)
 Metaspace       used 52510K, committed 53312K, reserved 1114112K
  class space    used 5192K, committed 5568K, reserved 1048576K
}
Event: 72.323 GC heap after
{Heap after GC invocations=57 (full 3):
 PSYoungGen      total 14848K, used 1296K [0x00000000eab00000, 0x00000000ebc00000, 0x0000000100000000)
  eden space 13312K, 0% used [0x00000000eab00000,0x00000000eab00000,0x00000000eb800000)
  from space 1536K, 84% used [0x00000000eb900000,0x00000000eba44050,0x00000000eba80000)
  to   space 1536K, 0% used [0x00000000eba80000,0x00000000eba80000,0x00000000ebc00000)
 ParOldGen       total 80384K, used 73858K [0x00000000c0000000, 0x00000000c4e80000, 0x00000000eab00000)
  object space 80384K, 91% used [0x00000000c0000000,0x00000000c4820858,0x00000000c4e80000)
 Metaspace       used 52510K, committed 53312K, reserved 1114112K
  class space    used 5192K, committed 5568K, reserved 1048576K
}

