# JRE version: Java(TM) SE Runtime Environment (17.0.9+11) (build 17.0.9+11-LTS-201)
# Java VM: Java HotSpot(TM) 64-Bit Server VM (17.0.9+11-LTS-201, mixed mode, sharing, tiered, compressed oops, compressed class ptrs, g1 gc, windows-amd64)
GC Precious Log:
 CPUs: 8 total, 8 available
 Memory: 32674M
 Large Page Support: Disabled
 NUMA Support: Disabled
 Compressed Oops: Enabled (32-bit)
 Heap Region Size: 1M
 Heap Min Capacity: 8M
 Heap Initial Capacity: 512M
 Heap Max Capacity: 512M
 Pre-touch: Disabled
 Parallel Workers: 8
 Concurrent Workers: 2
 Concurrent Refinement Workers: 8
 Periodic GC: Disabled
Heap:
 garbage-first heap   total 81920K, used 46543K [0x00000000e0000000, 0x0000000100000000)
  region size 1024K, 10 young (10240K), 3 survivors (3072K)
 Metaspace       used 73838K, committed 74496K, reserved 1114112K
  class space    used 10232K, committed 10560K, reserved 1048576K
GC Heap History (20 events):
Event: 7.108 GC heap before
{Heap before GC invocations=14 (full 0):
 garbage-first heap   total 65536K, used 50934K [0x00000000e0000000, 0x0000000100000000)
  region size 1024K, 24 young (24576K), 3 survivors (3072K)
 Metaspace       used 55375K, committed 55872K, reserved 1114112K
  class space    used 7281K, committed 7488K, reserved 1048576K
}
Event: 7.110 GC heap after
{Heap after GC invocations=15 (full 0):
 garbage-first heap   total 65536K, used 30552K [0x00000000e0000000, 0x0000000100000000)
  region size 1024K, 3 young (3072K), 3 survivors (3072K)
 Metaspace       used 55375K, committed 55872K, reserved 1114112K
  class space    used 7281K, committed 7488K, reserved 1048576K
}
Event: 7.476 GC heap before
{Heap before GC invocations=15 (full 0):
 garbage-first heap   total 65536K, used 45912K [0x00000000e0000000, 0x0000000100000000)
  region size 1024K, 20 young (20480K), 3 survivors (3072K)
 Metaspace       used 60017K, committed 60480K, reserved 1114112K
  class space    used 8086K, committed 8320K, reserved 1048576K
}
Event: 7.479 GC heap after
{Heap after GC invocations=16 (full 0):
 garbage-first heap   total 65536K, used 31192K [0x00000000e0000000, 0x0000000100000000)
  region size 1024K, 2 young (2048K), 2 survivors (2048K)
 Metaspace       used 60017K, committed 60480K, reserved 1114112K
  class space    used 8086K, committed 8320K, reserved 1048576K
}
Event: 7.785 GC heap before
{Heap before GC invocations=17 (full 0):
 garbage-first heap   total 65536K, used 51672K [0x00000000e0000000, 0x0000000100000000)
  region size 1024K, 22 young (22528K), 2 survivors (2048K)
 Metaspace       used 61661K, committed 62144K, reserved 1114112K
  class space    used 8384K, committed 8640K, reserved 1048576K
}
Event: 7.787 GC heap after
{Heap after GC invocations=18 (full 0):
 garbage-first heap   total 65536K, used 31607K [0x00000000e0000000, 0x0000000100000000)
  region size 1024K, 2 young (2048K), 2 survivors (2048K)
 Metaspace       used 61661K, committed 62144K, reserved 1114112K
  class space    used 8384K, committed 8640K, reserved 1048576K
}
Event: 8.078 GC heap before
{Heap before GC invocations=18 (full 0):
 garbage-first heap   total 65536K, used 51063K [0x00000000e0000000, 0x0000000100000000)
  region size 1024K, 22 young (22528K), 2 survivors (2048K)
 Metaspace       used 64381K, committed 64896K, reserved 1114112K
  class space    used 8787K, committed 9024K, reserved 1048576K
}
Event: 8.080 GC heap after
{Heap after GC invocations=19 (full 0):
 garbage-first heap   total 65536K, used 32343K [0x00000000e0000000, 0x0000000100000000)
  region size 1024K, 2 young (2048K), 2 survivors (2048K)
 Metaspace       used 64381K, committed 64896K, reserved 1114112K
  class space    used 8787K, committed 9024K, reserved 1048576K
}
Event: 8.432 GC heap before
{Heap before GC invocations=20 (full 0):
 garbage-first heap   total 65536K, used 52823K [0x00000000e0000000, 0x0000000100000000)
  region size 1024K, 22 young (22528K), 2 survivors (2048K)
 Metaspace       used 65504K, committed 66112K, reserved 1114112K
  class space    used 8945K, committed 9216K, reserved 1048576K
}
Event: 8.435 GC heap after
{Heap after GC invocations=21 (full 0):
 garbage-first heap   total 65536K, used 33350K [0x00000000e0000000, 0x0000000100000000)
  region size 1024K, 3 young (3072K), 3 survivors (3072K)
 Metaspace       used 65504K, committed 66112K, reserved 1114112K
  class space    used 8945K, committed 9216K, reserved 1048576K
}
Event: 8.645 GC heap before
{Heap before GC invocations=21 (full 0):
 garbage-first heap   total 65536K, used 53830K [0x00000000e0000000, 0x0000000100000000)
  region size 1024K, 23 young (23552K), 3 survivors (3072K)
 Metaspace       used 65921K, committed 66432K, reserved 1114112K
  class space    used 8972K, committed 9216K, reserved 1048576K
}
Event: 8.648 GC heap after
{Heap after GC invocations=22 (full 0):
 garbage-first heap   total 65536K, used 34876K [0x00000000e0000000, 0x0000000100000000)
  region size 1024K, 3 young (3072K), 3 survivors (3072K)
 Metaspace       used 65921K, committed 66432K, reserved 1114112K
  class space    used 8972K, committed 9216K, reserved 1048576K
}
Event: 8.831 GC heap before
{Heap before GC invocations=23 (full 0):
 garbage-first heap   total 65536K, used 52284K [0x00000000e0000000, 0x0000000100000000)
  region size 1024K, 20 young (20480K), 3 survivors (3072K)
 Metaspace       used 66136K, committed 66624K, reserved 1114112K
  class space    used 8989K, committed 9216K, reserved 1048576K
}
Event: 8.835 GC heap after
{Heap after GC invocations=24 (full 0):
 garbage-first heap   total 65536K, used 36038K [0x00000000e0000000, 0x0000000100000000)
  region size 1024K, 3 young (3072K), 3 survivors (3072K)
 Metaspace       used 66136K, committed 66624K, reserved 1114112K
  class space    used 8989K, committed 9216K, reserved 1048576K
}
Event: 8.914 GC heap before
{Heap before GC invocations=24 (full 0):
 garbage-first heap   total 65536K, used 52422K [0x00000000e0000000, 0x0000000100000000)
  region size 1024K, 20 young (20480K), 3 survivors (3072K)
 Metaspace       used 66579K, committed 67136K, reserved 1114112K
  class space    used 9014K, committed 9280K, reserved 1048576K
}
Event: 8.916 GC heap after
{Heap after GC invocations=25 (full 0):
 garbage-first heap   total 65536K, used 36713K [0x00000000e0000000, 0x0000000100000000)
  region size 1024K, 3 young (3072K), 3 survivors (3072K)
 Metaspace       used 66579K, committed 67136K, reserved 1114112K
  class space    used 9014K, committed 9280K, reserved 1048576K
}
Event: 8.974 GC heap before
{Heap before GC invocations=26 (full 0):
 garbage-first heap   total 80896K, used 52073K [0x00000000e0000000, 0x0000000100000000)
  region size 1024K, 19 young (19456K), 3 survivors (3072K)
 Metaspace       used 66611K, committed 67136K, reserved 1114112K
  class space    used 9014K, committed 9280K, reserved 1048576K
}
Event: 8.976 GC heap after
{Heap after GC invocations=27 (full 0):
 garbage-first heap   total 80896K, used 36949K [0x00000000e0000000, 0x0000000100000000)
  region size 1024K, 2 young (2048K), 2 survivors (2048K)
 Metaspace       used 66611K, committed 67136K, reserved 1114112K
  class space    used 9014K, committed 9280K, reserved 1048576K
}
Event: 9.353 GC heap before
{Heap before GC invocations=27 (full 0):
 garbage-first heap   total 80896K, used 65621K [0x00000000e0000000, 0x0000000100000000)
  region size 1024K, 30 young (30720K), 2 survivors (2048K)
 Metaspace       used 69633K, committed 70144K, reserved 1114112K
  class space    used 9449K, committed 9728K, reserved 1048576K
}
Event: 9.355 GC heap after
{Heap after GC invocations=28 (full 0):
 garbage-first heap   total 80896K, used 38140K [0x00000000e0000000, 0x0000000100000000)
  region size 1024K, 3 young (3072K), 3 survivors (3072K)
 Metaspace       used 69633K, committed 70144K, reserved 1114112K
  class space    used 9449K, committed 9728K, reserved 1048576K
}

