# JRE version: OpenJDK Runtime Environment Temurin-17.0.10+7 (17.0.10+7) (build 17.0.10+7)
# Java VM: OpenJDK 64-Bit Server VM Temurin-17.0.10+7 (17.0.10+7, mixed mode, tiered, compressed oops, compressed class ptrs, parallel gc, windows-amd64)
GC Precious Log:
 CPUs: 8 total, 8 available
 Memory: 32674M
 Large Page Support: Disabled
 NUMA Support: Disabled
 Compressed Oops: Enabled (32-bit)
 Alignments: Space 512K, Generation 512K, Heap 2M
 Heap Min Capacity: 100M
 Heap Initial Capacity: 100M
 Heap Max Capacity: 1G
 Pre-touch: Disabled
 Parallel Workers: 8
Heap:
 PSYoungGen      total 19456K, used 5872K [0x00000000eab00000, 0x00000000ec500000, 0x0000000100000000)
  eden space 13312K, 0% used [0x00000000eab00000,0x00000000eab00000,0x00000000eb800000)
  from space 6144K, 95% used [0x00000000ebf00000,0x00000000ec4bc1d8,0x00000000ec500000)
  to   space 6144K, 0% used [0x00000000eb900000,0x00000000eb900000,0x00000000ebf00000)
 ParOldGen       total 186880K, used 184540K [0x00000000c0000000, 0x00000000cb680000, 0x00000000eab00000)
  object space 186880K, 98% used [0x00000000c0000000,0x00000000cb4370b8,0x00000000cb680000)
 Metaspace       used 55906K, committed 56960K, reserved 1114112K
  class space    used 5979K, committed 6464K, reserved 1048576K
GC Heap History (20 events):
Event: 7.869 GC heap after
{Heap after GC invocations=111 (full 6):
 PSYoungGen      total 17408K, used 4064K [0x00000000eab00000, 0x00000000ec500000, 0x0000000100000000)
  eden space 13312K, 0% used [0x00000000eab00000,0x00000000eab00000,0x00000000eb800000)
  from space 4096K, 99% used [0x00000000eb980000,0x00000000ebd781e0,0x00000000ebd80000)
  to   space 6656K, 0% used [0x00000000ebe80000,0x00000000ebe80000,0x00000000ec500000)
 ParOldGen       total 186880K, used 156718K [0x00000000c0000000, 0x00000000cb680000, 0x00000000eab00000)
  object space 186880K, 83% used [0x00000000c0000000,0x00000000c990b980,0x00000000cb680000)
 Metaspace       used 55905K, committed 56960K, reserved 1114112K
  class space    used 5979K, committed 6464K, reserved 1048576K
}
Event: 7.916 GC heap before
{Heap before GC invocations=112 (full 6):
 PSYoungGen      total 17408K, used 17376K [0x00000000eab00000, 0x00000000ec500000, 0x0000000100000000)
  eden space 13312K, 100% used [0x00000000eab00000,0x00000000eb800000,0x00000000eb800000)
  from space 4096K, 99% used [0x00000000eb980000,0x00000000ebd781e0,0x00000000ebd80000)
  to   space 6656K, 0% used [0x00000000ebe80000,0x00000000ebe80000,0x00000000ec500000)
 ParOldGen       total 186880K, used 156718K [0x00000000c0000000, 0x00000000cb680000, 0x00000000eab00000)
  object space 186880K, 83% used [0x00000000c0000000,0x00000000c990b980,0x00000000cb680000)
 Metaspace       used 55905K, committed 56960K, reserved 1114112K
  class space    used 5979K, committed 6464K, reserved 1048576K
}
Event: 7.918 GC heap after
{Heap after GC invocations=112 (full 6):
 PSYoungGen      total 16384K, used 3061K [0x00000000eab00000, 0x00000000ec180000, 0x0000000100000000)
  eden space 13312K, 0% used [0x00000000eab00000,0x00000000eab00000,0x00000000eb800000)
  from space 3072K, 99% used [0x00000000ebe80000,0x00000000ec17d410,0x00000000ec180000)
  to   space 4096K, 0% used [0x00000000eb980000,0x00000000eb980000,0x00000000ebd80000)
 ParOldGen       total 186880K, used 160792K [0x00000000c0000000, 0x00000000cb680000, 0x00000000eab00000)
  object space 186880K, 86% used [0x00000000c0000000,0x00000000c9d063d0,0x00000000cb680000)
 Metaspace       used 55905K, committed 56960K, reserved 1114112K
  class space    used 5979K, committed 6464K, reserved 1048576K
}
Event: 7.962 GC heap before
{Heap before GC invocations=113 (full 6):
 PSYoungGen      total 16384K, used 16373K [0x00000000eab00000, 0x00000000ec180000, 0x0000000100000000)
  eden space 13312K, 100% used [0x00000000eab00000,0x00000000eb800000,0x00000000eb800000)
  from space 3072K, 99% used [0x00000000ebe80000,0x00000000ec17d410,0x00000000ec180000)
  to   space 4096K, 0% used [0x00000000eb980000,0x00000000eb980000,0x00000000ebd80000)
 ParOldGen       total 186880K, used 160792K [0x00000000c0000000, 0x00000000cb680000, 0x00000000eab00000)
  object space 186880K, 86% used [0x00000000c0000000,0x00000000c9d063d0,0x00000000cb680000)
 Metaspace       used 55906K, committed 56960K, reserved 1114112K
  class space    used 5979K, committed 6464K, reserved 1048576K
}
Event: 7.964 GC heap after
{Heap after GC invocations=113 (full 6):
 PSYoungGen      total 17408K, used 4083K [0x00000000eab00000, 0x00000000ec500000, 0x0000000100000000)
  eden space 13312K, 0% used [0x00000000eab00000,0x00000000eab00000,0x00000000eb800000)
  from space 4096K, 99% used [0x00000000eb980000,0x00000000ebd7ccd0,0x00000000ebd80000)
  to   space 6656K, 0% used [0x00000000ebe80000,0x00000000ebe80000,0x00000000ec500000)
 ParOldGen       total 186880K, used 162432K [0x00000000c0000000, 0x00000000cb680000, 0x00000000eab00000)
  object space 186880K, 86% used [0x00000000c0000000,0x00000000c9ea01e0,0x00000000cb680000)
 Metaspace       used 55906K, committed 56960K, reserved 1114112K
  class space    used 5979K, committed 6464K, reserved 1048576K
}
Event: 8.010 GC heap before
{Heap before GC invocations=114 (full 6):
 PSYoungGen      total 17408K, used 17395K [0x00000000eab00000, 0x00000000ec500000, 0x0000000100000000)
  eden space 13312K, 100% used [0x00000000eab00000,0x00000000eb800000,0x00000000eb800000)
  from space 4096K, 99% used [0x00000000eb980000,0x00000000ebd7ccd0,0x00000000ebd80000)
  to   space 6656K, 0% used [0x00000000ebe80000,0x00000000ebe80000,0x00000000ec500000)
 ParOldGen       total 186880K, used 162432K [0x00000000c0000000, 0x00000000cb680000, 0x00000000eab00000)
  object space 186880K, 86% used [0x00000000c0000000,0x00000000c9ea01e0,0x00000000cb680000)
 Metaspace       used 55906K, committed 56960K, reserved 1114112K
  class space    used 5979K, committed 6464K, reserved 1048576K
}
Event: 8.013 GC heap after
{Heap after GC invocations=114 (full 6):
 PSYoungGen      total 16384K, used 3042K [0x00000000eab00000, 0x00000000ec180000, 0x0000000100000000)
  eden space 13312K, 0% used [0x00000000eab00000,0x00000000eab00000,0x00000000eb800000)
  from space 3072K, 99% used [0x00000000ebe80000,0x00000000ec178b58,0x00000000ec180000)
  to   space 4096K, 0% used [0x00000000eb980000,0x00000000eb980000,0x00000000ebd80000)
 ParOldGen       total 186880K, used 166492K [0x00000000c0000000, 0x00000000cb680000, 0x00000000eab00000)
  object space 186880K, 89% used [0x00000000c0000000,0x00000000ca2972f8,0x00000000cb680000)
 Metaspace       used 55906K, committed 56960K, reserved 1114112K
  class space    used 5979K, committed 6464K, reserved 1048576K
}
Event: 8.062 GC heap before
{Heap before GC invocations=115 (full 6):
 PSYoungGen      total 16384K, used 16354K [0x00000000eab00000, 0x00000000ec180000, 0x0000000100000000)
  eden space 13312K, 100% used [0x00000000eab00000,0x00000000eb800000,0x00000000eb800000)
  from space 3072K, 99% used [0x00000000ebe80000,0x00000000ec178b58,0x00000000ec180000)
  to   space 4096K, 0% used [0x00000000eb980000,0x00000000eb980000,0x00000000ebd80000)
 ParOldGen       total 186880K, used 166492K [0x00000000c0000000, 0x00000000cb680000, 0x00000000eab00000)
  object space 186880K, 89% used [0x00000000c0000000,0x00000000ca2972f8,0x00000000cb680000)
 Metaspace       used 55906K, committed 56960K, reserved 1114112K
  class space    used 5979K, committed 6464K, reserved 1048576K
}
Event: 8.064 GC heap after
{Heap after GC invocations=115 (full 6):
 PSYoungGen      total 17408K, used 4080K [0x00000000eab00000, 0x00000000ec500000, 0x0000000100000000)
  eden space 13312K, 0% used [0x00000000eab00000,0x00000000eab00000,0x00000000eb800000)
  from space 4096K, 99% used [0x00000000eb980000,0x00000000ebd7c2f0,0x00000000ebd80000)
  to   space 6656K, 0% used [0x00000000ebe80000,0x00000000ebe80000,0x00000000ec500000)
 ParOldGen       total 186880K, used 168196K [0x00000000c0000000, 0x00000000cb680000, 0x00000000eab00000)
  object space 186880K, 90% used [0x00000000c0000000,0x00000000ca441060,0x00000000cb680000)
 Metaspace       used 55906K, committed 56960K, reserved 1114112K
  class space    used 5979K, committed 6464K, reserved 1048576K
}
Event: 8.116 GC heap before
{Heap before GC invocations=116 (full 6):
 PSYoungGen      total 17408K, used 17392K [0x00000000eab00000, 0x00000000ec500000, 0x0000000100000000)
  eden space 13312K, 100% used [0x00000000eab00000,0x00000000eb800000,0x00000000eb800000)
  from space 4096K, 99% used [0x00000000eb980000,0x00000000ebd7c2f0,0x00000000ebd80000)
  to   space 6656K, 0% used [0x00000000ebe80000,0x00000000ebe80000,0x00000000ec500000)
 ParOldGen       total 186880K, used 168196K [0x00000000c0000000, 0x00000000cb680000, 0x00000000eab00000)
  object space 186880K, 90% used [0x00000000c0000000,0x00000000ca441060,0x00000000cb680000)
 Metaspace       used 55906K, committed 56960K, reserved 1114112K
  class space    used 5979K, committed 6464K, reserved 1048576K
}
Event: 8.119 GC heap after
{Heap after GC invocations=116 (full 6):
 PSYoungGen      total 16384K, used 3026K [0x00000000eab00000, 0x00000000ec180000, 0x0000000100000000)
  eden space 13312K, 0% used [0x00000000eab00000,0x00000000eab00000,0x00000000eb800000)
  from space 3072K, 98% used [0x00000000ebe80000,0x00000000ec1749e0,0x00000000ec180000)
  to   space 4096K, 0% used [0x00000000eb980000,0x00000000eb980000,0x00000000ebd80000)
 ParOldGen       total 186880K, used 172216K [0x00000000c0000000, 0x00000000cb680000, 0x00000000eab00000)
  object space 186880K, 92% used [0x00000000c0000000,0x00000000ca82e2d8,0x00000000cb680000)
 Metaspace       used 55906K, committed 56960K, reserved 1114112K
  class space    used 5979K, committed 6464K, reserved 1048576K
}
Event: 8.183 GC heap before
{Heap before GC invocations=117 (full 6):
 PSYoungGen      total 16384K, used 16338K [0x00000000eab00000, 0x00000000ec180000, 0x0000000100000000)
  eden space 13312K, 100% used [0x00000000eab00000,0x00000000eb800000,0x00000000eb800000)
  from space 3072K, 98% used [0x00000000ebe80000,0x00000000ec1749e0,0x00000000ec180000)
  to   space 4096K, 0% used [0x00000000eb980000,0x00000000eb980000,0x00000000ebd80000)
 ParOldGen       total 186880K, used 172216K [0x00000000c0000000, 0x00000000cb680000, 0x00000000eab00000)
  object space 186880K, 92% used [0x00000000c0000000,0x00000000ca82e2d8,0x00000000cb680000)
 Metaspace       used 55906K, committed 56960K, reserved 1114112K
  class space    used 5979K, committed 6464K, reserved 1048576K
}
Event: 8.186 GC heap after
{Heap after GC invocations=117 (full 6):
 PSYoungGen      total 17408K, used 4077K [0x00000000eab00000, 0x00000000ec500000, 0x0000000100000000)
  eden space 13312K, 0% used [0x00000000eab00000,0x00000000eab00000,0x00000000eb800000)
  from space 4096K, 99% used [0x00000000eb980000,0x00000000ebd7b448,0x00000000ebd80000)
  to   space 6656K, 0% used [0x00000000ebe80000,0x00000000ebe80000,0x00000000ec500000)
 ParOldGen       total 186880K, used 174186K [0x00000000c0000000, 0x00000000cb680000, 0x00000000eab00000)
  object space 186880K, 93% used [0x00000000c0000000,0x00000000caa1ab48,0x00000000cb680000)
 Metaspace       used 55906K, committed 56960K, reserved 1114112K
  class space    used 5979K, committed 6464K, reserved 1048576K
}
Event: 8.245 GC heap before
{Heap before GC invocations=118 (full 6):
 PSYoungGen      total 17408K, used 17389K [0x00000000eab00000, 0x00000000ec500000, 0x0000000100000000)
  eden space 13312K, 100% used [0x00000000eab00000,0x00000000eb800000,0x00000000eb800000)
  from space 4096K, 99% used [0x00000000eb980000,0x00000000ebd7b448,0x00000000ebd80000)
  to   space 6656K, 0% used [0x00000000ebe80000,0x00000000ebe80000,0x00000000ec500000)
 ParOldGen       total 186880K, used 174186K [0x00000000c0000000, 0x00000000cb680000, 0x00000000eab00000)
  object space 186880K, 93% used [0x00000000c0000000,0x00000000caa1ab48,0x00000000cb680000)
 Metaspace       used 55906K, committed 56960K, reserved 1114112K
  class space    used 5979K, committed 6464K, reserved 1048576K
}
Event: 8.248 GC heap after
{Heap after GC invocations=118 (full 6):
 PSYoungGen      total 16896K, used 3332K [0x00000000eab00000, 0x00000000ec200000, 0x0000000100000000)
  eden space 13312K, 0% used [0x00000000eab00000,0x00000000eab00000,0x00000000eb800000)
  from space 3584K, 92% used [0x00000000ebe80000,0x00000000ec1c1098,0x00000000ec200000)
  to   space 4608K, 0% used [0x00000000eb900000,0x00000000eb900000,0x00000000ebd80000)
 ParOldGen       total 186880K, used 178232K [0x00000000c0000000, 0x00000000cb680000, 0x00000000eab00000)
  object space 186880K, 95% used [0x00000000c0000000,0x00000000cae0e108,0x00000000cb680000)
 Metaspace       used 55906K, committed 56960K, reserved 1114112K
  class space    used 5979K, committed 6464K, reserved 1048576K
}
Event: 8.297 GC heap before
{Heap before GC invocations=119 (full 6):
 PSYoungGen      total 16896K, used 16644K [0x00000000eab00000, 0x00000000ec200000, 0x0000000100000000)
  eden space 13312K, 100% used [0x00000000eab00000,0x00000000eb800000,0x00000000eb800000)
  from space 3584K, 92% used [0x00000000ebe80000,0x00000000ec1c1098,0x00000000ec200000)
  to   space 4608K, 0% used [0x00000000eb900000,0x00000000eb900000,0x00000000ebd80000)
 ParOldGen       total 186880K, used 178232K [0x00000000c0000000, 0x00000000cb680000, 0x00000000eab00000)
  object space 186880K, 95% used [0x00000000c0000000,0x00000000cae0e108,0x00000000cb680000)
 Metaspace       used 55906K, committed 56960K, reserved 1114112K
  class space    used 5979K, committed 6464K, reserved 1048576K
}
Event: 8.300 GC heap after
{Heap after GC invocations=119 (full 6):
 PSYoungGen      total 17920K, used 4605K [0x00000000eab00000, 0x00000000ec600000, 0x0000000100000000)
  eden space 13312K, 0% used [0x00000000eab00000,0x00000000eab00000,0x00000000eb800000)
  from space 4608K, 99% used [0x00000000eb900000,0x00000000ebd7f5c8,0x00000000ebd80000)
  to   space 7168K, 0% used [0x00000000ebf00000,0x00000000ebf00000,0x00000000ec600000)
 ParOldGen       total 186880K, used 179933K [0x00000000c0000000, 0x00000000cb680000, 0x00000000eab00000)
  object space 186880K, 96% used [0x00000000c0000000,0x00000000cafb77c0,0x00000000cb680000)
 Metaspace       used 55906K, committed 56960K, reserved 1114112K
  class space    used 5979K, committed 6464K, reserved 1048576K
}
Event: 8.421 GC heap before
{Heap before GC invocations=120 (full 6):
 PSYoungGen      total 17920K, used 17917K [0x00000000eab00000, 0x00000000ec600000, 0x0000000100000000)
  eden space 13312K, 100% used [0x00000000eab00000,0x00000000eb800000,0x00000000eb800000)
  from space 4608K, 99% used [0x00000000eb900000,0x00000000ebd7f5c8,0x00000000ebd80000)
  to   space 7168K, 0% used [0x00000000ebf00000,0x00000000ebf00000,0x00000000ec600000)
 ParOldGen       total 186880K, used 179933K [0x00000000c0000000, 0x00000000cb680000, 0x00000000eab00000)
  object space 186880K, 96% used [0x00000000c0000000,0x00000000cafb77c0,0x00000000cb680000)
 Metaspace       used 55906K, committed 56960K, reserved 1114112K
  class space    used 5979K, committed 6464K, reserved 1048576K
}
Event: 8.429 GC heap after
{Heap after GC invocations=120 (full 6):
 PSYoungGen      total 19456K, used 5872K [0x00000000eab00000, 0x00000000ec500000, 0x0000000100000000)
  eden space 13312K, 0% used [0x00000000eab00000,0x00000000eab00000,0x00000000eb800000)
  from space 6144K, 95% used [0x00000000ebf00000,0x00000000ec4bc1d8,0x00000000ec500000)
  to   space 6144K, 0% used [0x00000000eb900000,0x00000000eb900000,0x00000000ebf00000)
 ParOldGen       total 186880K, used 184540K [0x00000000c0000000, 0x00000000cb680000, 0x00000000eab00000)
  object space 186880K, 98% used [0x00000000c0000000,0x00000000cb4370b8,0x00000000cb680000)
 Metaspace       used 55906K, committed 56960K, reserved 1114112K
  class space    used 5979K, committed 6464K, reserved 1048576K
}
Event: 8.429 GC heap before
{Heap before GC invocations=121 (full 7):
 PSYoungGen      total 19456K, used 5872K [0x00000000eab00000, 0x00000000ec500000, 0x0000000100000000)
  eden space 13312K, 0% used [0x00000000eab00000,0x00000000eab00000,0x00000000eb800000)
  from space 6144K, 95% used [0x00000000ebf00000,0x00000000ec4bc1d8,0x00000000ec500000)
  to   space 6144K, 0% used [0x00000000eb900000,0x00000000eb900000,0x00000000ebf00000)
 ParOldGen       total 186880K, used 184540K [0x00000000c0000000, 0x00000000cb680000, 0x00000000eab00000)
  object space 186880K, 98% used [0x00000000c0000000,0x00000000cb4370b8,0x00000000cb680000)
 Metaspace       used 55906K, committed 56960K, reserved 1114112K
  class space    used 5979K, committed 6464K, reserved 1048576K
}

