# JRE version: OpenJDK Runtime Environment Temurin-17.0.10+7 (17.0.10+7) (build 17.0.10+7)
# Java VM: OpenJDK 64-Bit Server VM Temurin-17.0.10+7 (17.0.10+7, mixed mode, tiered, compressed oops, compressed class ptrs, g1 gc, windows-amd64)
GC Precious Log:
 CPUs: 8 total, 8 available
 Memory: 32674M
 Large Page Support: Disabled
 NUMA Support: Disabled
 Compressed Oops: Enabled (Zero based)
 Heap Region Size: 4M
 Heap Min Capacity: 8M
 Heap Initial Capacity: 512M
 Heap Max Capacity: 8172M
 Pre-touch: Disabled
 Parallel Workers: 8
 Concurrent Workers: 2
 Concurrent Refinement Workers: 8
 Periodic GC: Disabled
Heap:
 garbage-first heap   total 524288K, used 225948K [0x0000000601400000, 0x0000000800000000)
  region size 4096K, 53 young (217088K), 7 survivors (28672K)
 Metaspace       used 15045K, committed 15232K, reserved 1114112K
  class space    used 1578K, committed 1664K, reserved 1048576K
GC Heap History (9 events):
Event: 2.576 GC heap before
{Heap before GC invocations=0 (full 0):
 garbage-first heap   total 524288K, used 20480K [0x0000000601400000, 0x0000000800000000)
  region size 4096K, 6 young (24576K), 0 survivors (0K)
 Metaspace       used 10724K, committed 10880K, reserved 1114112K
  class space    used 1129K, committed 1216K, reserved 1048576K
}
Event: 2.621 GC heap after
{Heap after GC invocations=1 (full 0):
 garbage-first heap   total 524288K, used 10232K [0x0000000601400000, 0x0000000800000000)
  region size 4096K, 1 young (4096K), 1 survivors (4096K)
 Metaspace       used 10724K, committed 10880K, reserved 1114112K
  class space    used 1129K, committed 1216K, reserved 1048576K
}
Event: 3.174 GC heap before
{Heap before GC invocations=1 (full 0):
 garbage-first heap   total 524288K, used 30712K [0x0000000601400000, 0x0000000800000000)
  region size 4096K, 6 young (24576K), 1 survivors (4096K)
 Metaspace       used 11395K, committed 11520K, reserved 1114112K
  class space    used 1193K, committed 1280K, reserved 1048576K
}
Event: 3.177 GC heap after
{Heap after GC invocations=2 (full 0):
 garbage-first heap   total 524288K, used 12379K [0x0000000601400000, 0x0000000800000000)
  region size 4096K, 1 young (4096K), 1 survivors (4096K)
 Metaspace       used 11395K, committed 11520K, reserved 1114112K
  class space    used 1193K, committed 1280K, reserved 1048576K
}
Event: 3.278 GC heap before
{Heap before GC invocations=2 (full 0):
 garbage-first heap   total 524288K, used 45147K [0x0000000601400000, 0x0000000800000000)
  region size 4096K, 9 young (36864K), 1 survivors (4096K)
 Metaspace       used 11408K, committed 11520K, reserved 1114112K
  class space    used 1193K, committed 1280K, reserved 1048576K
}
Event: 3.280 GC heap after
{Heap after GC invocations=3 (full 0):
 garbage-first heap   total 524288K, used 14272K [0x0000000601400000, 0x0000000800000000)
  region size 4096K, 2 young (8192K), 2 survivors (8192K)
 Metaspace       used 11408K, committed 11520K, reserved 1114112K
  class space    used 1193K, committed 1280K, reserved 1048576K
}
Event: 6.011 GC heap before
{Heap before GC invocations=3 (full 0):
 garbage-first heap   total 524288K, used 272320K [0x0000000601400000, 0x0000000800000000)
  region size 4096K, 65 young (266240K), 2 survivors (8192K)
 Metaspace       used 14370K, committed 14528K, reserved 1114112K
  class space    used 1506K, committed 1600K, reserved 1048576K
}
Event: 6.027 GC heap after
{Heap after GC invocations=4 (full 0):
 garbage-first heap   total 524288K, used 37532K [0x0000000601400000, 0x0000000800000000)
  region size 4096K, 7 young (28672K), 7 survivors (28672K)
 Metaspace       used 14370K, committed 14528K, reserved 1114112K
  class space    used 1506K, committed 1600K, reserved 1048576K
}
Event: 7.959 GC heap before
{Heap before GC invocations=4 (full 0):
 garbage-first heap   total 524288K, used 225948K [0x0000000601400000, 0x0000000800000000)
  region size 4096K, 53 young (217088K), 7 survivors (28672K)
 Metaspace       used 15045K, committed 15232K, reserved 1114112K
  class space    used 1578K, committed 1664K, reserved 1048576K
}

