# JRE version: OpenJDK Runtime Environment Temurin-17.0.10+7 (17.0.10+7) (build 17.0.10+7)
# Java VM: OpenJDK 64-Bit Server VM Temurin-17.0.10+7 (17.0.10+7, mixed mode, tiered, compressed oops, compressed class ptrs, parallel gc, windows-amd64)
GC Precious Log:
 CPUs: 8 total, 8 available
 Memory: 32674M
 Large Page Support: Disabled
 NUMA Support: Disabled
 Compressed Oops: Enabled (32-bit)
 Alignments: Space 512K, Generation 512K, Heap 2M
 Heap Min Capacity: 100M
 Heap Initial Capacity: 100M
 Heap Max Capacity: 1G
 Pre-touch: Disabled
 Parallel Workers: 8
Heap:
 PSYoungGen      total 16384K, used 7824K [0x00000000eab00000, 0x00000000ebe00000, 0x0000000100000000)
  eden space 13312K, 38% used [0x00000000eab00000,0x00000000eaff3aa0,0x00000000eb800000)
  from space 3072K, 89% used [0x00000000ebb00000,0x00000000ebdb08f8,0x00000000ebe00000)
  to   space 3072K, 0% used [0x00000000eb800000,0x00000000eb800000,0x00000000ebb00000)
 ParOldGen       total 68608K, used 62860K [0x00000000c0000000, 0x00000000c4300000, 0x00000000eab00000)
  object space 68608K, 91% used [0x00000000c0000000,0x00000000c3d63210,0x00000000c4300000)
 Metaspace       used 52600K, committed 53568K, reserved 1114112K
  class space    used 5595K, committed 6016K, reserved 1048576K
GC Heap History (20 events):
Event: 5.433 GC heap before
{Heap before GC invocations=31 (full 2):
 PSYoungGen      total 17920K, used 17916K [0x00000000eab00000, 0x00000000ec780000, 0x0000000100000000)
  eden space 16384K, 100% used [0x00000000eab00000,0x00000000ebb00000,0x00000000ebb00000)
  from space 1536K, 99% used [0x00000000ec000000,0x00000000ec17f018,0x00000000ec180000)
  to   space 5120K, 0% used [0x00000000ebb00000,0x00000000ebb00000,0x00000000ec000000)
 ParOldGen       total 68608K, used 39836K [0x00000000c0000000, 0x00000000c4300000, 0x00000000eab00000)
  object space 68608K, 58% used [0x00000000c0000000,0x00000000c26e7240,0x00000000c4300000)
 Metaspace       used 51081K, committed 52096K, reserved 1114112K
  class space    used 5426K, committed 5888K, reserved 1048576K
}
Event: 5.434 GC heap after
{Heap after GC invocations=31 (full 2):
 PSYoungGen      total 18944K, used 2312K [0x00000000eab00000, 0x00000000ec200000, 0x0000000100000000)
  eden space 16384K, 0% used [0x00000000eab00000,0x00000000eab00000,0x00000000ebb00000)
  from space 2560K, 90% used [0x00000000ebb00000,0x00000000ebd423e0,0x00000000ebd80000)
  to   space 3584K, 0% used [0x00000000ebe80000,0x00000000ebe80000,0x00000000ec200000)
 ParOldGen       total 68608K, used 41389K [0x00000000c0000000, 0x00000000c4300000, 0x00000000eab00000)
  object space 68608K, 60% used [0x00000000c0000000,0x00000000c286b5a0,0x00000000c4300000)
 Metaspace       used 51081K, committed 52096K, reserved 1114112K
  class space    used 5426K, committed 5888K, reserved 1048576K
}
Event: 5.472 GC heap before
{Heap before GC invocations=32 (full 2):
 PSYoungGen      total 18944K, used 18696K [0x00000000eab00000, 0x00000000ec200000, 0x0000000100000000)
  eden space 16384K, 100% used [0x00000000eab00000,0x00000000ebb00000,0x00000000ebb00000)
  from space 2560K, 90% used [0x00000000ebb00000,0x00000000ebd423e0,0x00000000ebd80000)
  to   space 3584K, 0% used [0x00000000ebe80000,0x00000000ebe80000,0x00000000ec200000)
 ParOldGen       total 68608K, used 41389K [0x00000000c0000000, 0x00000000c4300000, 0x00000000eab00000)
  object space 68608K, 60% used [0x00000000c0000000,0x00000000c286b5a0,0x00000000c4300000)
 Metaspace       used 51294K, committed 52288K, reserved 1114112K
  class space    used 5450K, committed 5888K, reserved 1048576K
}
Event: 5.475 GC heap after
{Heap after GC invocations=32 (full 2):
 PSYoungGen      total 18944K, used 2315K [0x00000000eab00000, 0x00000000ec100000, 0x0000000100000000)
  eden space 16384K, 0% used [0x00000000eab00000,0x00000000eab00000,0x00000000ebb00000)
  from space 2560K, 90% used [0x00000000ebe80000,0x00000000ec0c2f20,0x00000000ec100000)
  to   space 2560K, 0% used [0x00000000ebb00000,0x00000000ebb00000,0x00000000ebd80000)
 ParOldGen       total 68608K, used 43560K [0x00000000c0000000, 0x00000000c4300000, 0x00000000eab00000)
  object space 68608K, 63% used [0x00000000c0000000,0x00000000c2a8a3d8,0x00000000c4300000)
 Metaspace       used 51294K, committed 52288K, reserved 1114112K
  class space    used 5450K, committed 5888K, reserved 1048576K
}
Event: 5.507 GC heap before
{Heap before GC invocations=33 (full 2):
 PSYoungGen      total 18944K, used 18699K [0x00000000eab00000, 0x00000000ec100000, 0x0000000100000000)
  eden space 16384K, 100% used [0x00000000eab00000,0x00000000ebb00000,0x00000000ebb00000)
  from space 2560K, 90% used [0x00000000ebe80000,0x00000000ec0c2f20,0x00000000ec100000)
  to   space 2560K, 0% used [0x00000000ebb00000,0x00000000ebb00000,0x00000000ebd80000)
 ParOldGen       total 68608K, used 43560K [0x00000000c0000000, 0x00000000c4300000, 0x00000000eab00000)
  object space 68608K, 63% used [0x00000000c0000000,0x00000000c2a8a3d8,0x00000000c4300000)
 Metaspace       used 51524K, committed 52480K, reserved 1114112K
  class space    used 5471K, committed 5888K, reserved 1048576K
}
Event: 5.511 GC heap after
{Heap after GC invocations=33 (full 2):
 PSYoungGen      total 18944K, used 2446K [0x00000000eab00000, 0x00000000ec000000, 0x0000000100000000)
  eden space 16384K, 0% used [0x00000000eab00000,0x00000000eab00000,0x00000000ebb00000)
  from space 2560K, 95% used [0x00000000ebb00000,0x00000000ebd63918,0x00000000ebd80000)
  to   space 2560K, 0% used [0x00000000ebd80000,0x00000000ebd80000,0x00000000ec000000)
 ParOldGen       total 68608K, used 45784K [0x00000000c0000000, 0x00000000c4300000, 0x00000000eab00000)
  object space 68608K, 66% used [0x00000000c0000000,0x00000000c2cb6328,0x00000000c4300000)
 Metaspace       used 51524K, committed 52480K, reserved 1114112K
  class space    used 5471K, committed 5888K, reserved 1048576K
}
Event: 5.547 GC heap before
{Heap before GC invocations=34 (full 2):
 PSYoungGen      total 18944K, used 18830K [0x00000000eab00000, 0x00000000ec000000, 0x0000000100000000)
  eden space 16384K, 100% used [0x00000000eab00000,0x00000000ebb00000,0x00000000ebb00000)
  from space 2560K, 95% used [0x00000000ebb00000,0x00000000ebd63918,0x00000000ebd80000)
  to   space 2560K, 0% used [0x00000000ebd80000,0x00000000ebd80000,0x00000000ec000000)
 ParOldGen       total 68608K, used 45784K [0x00000000c0000000, 0x00000000c4300000, 0x00000000eab00000)
  object space 68608K, 66% used [0x00000000c0000000,0x00000000c2cb6328,0x00000000c4300000)
 Metaspace       used 51649K, committed 52672K, reserved 1114112K
  class space    used 5485K, committed 5952K, reserved 1048576K
}
Event: 5.549 GC heap after
{Heap after GC invocations=34 (full 2):
 PSYoungGen      total 18944K, used 2269K [0x00000000eab00000, 0x00000000ec000000, 0x0000000100000000)
  eden space 16384K, 0% used [0x00000000eab00000,0x00000000eab00000,0x00000000ebb00000)
  from space 2560K, 88% used [0x00000000ebd80000,0x00000000ebfb7690,0x00000000ec000000)
  to   space 2560K, 0% used [0x00000000ebb00000,0x00000000ebb00000,0x00000000ebd80000)
 ParOldGen       total 68608K, used 48039K [0x00000000c0000000, 0x00000000c4300000, 0x00000000eab00000)
  object space 68608K, 70% used [0x00000000c0000000,0x00000000c2ee9cf0,0x00000000c4300000)
 Metaspace       used 51649K, committed 52672K, reserved 1114112K
  class space    used 5485K, committed 5952K, reserved 1048576K
}
Event: 5.582 GC heap before
{Heap before GC invocations=35 (full 2):
 PSYoungGen      total 18944K, used 18653K [0x00000000eab00000, 0x00000000ec000000, 0x0000000100000000)
  eden space 16384K, 100% used [0x00000000eab00000,0x00000000ebb00000,0x00000000ebb00000)
  from space 2560K, 88% used [0x00000000ebd80000,0x00000000ebfb7690,0x00000000ec000000)
  to   space 2560K, 0% used [0x00000000ebb00000,0x00000000ebb00000,0x00000000ebd80000)
 ParOldGen       total 68608K, used 48039K [0x00000000c0000000, 0x00000000c4300000, 0x00000000eab00000)
  object space 68608K, 70% used [0x00000000c0000000,0x00000000c2ee9cf0,0x00000000c4300000)
 Metaspace       used 51751K, committed 52736K, reserved 1114112K
  class space    used 5496K, committed 5952K, reserved 1048576K
}
Event: 5.585 GC heap after
{Heap after GC invocations=35 (full 2):
 PSYoungGen      total 18944K, used 2407K [0x00000000eab00000, 0x00000000ec000000, 0x0000000100000000)
  eden space 16384K, 0% used [0x00000000eab00000,0x00000000eab00000,0x00000000ebb00000)
  from space 2560K, 94% used [0x00000000ebb00000,0x00000000ebd59e40,0x00000000ebd80000)
  to   space 2560K, 0% used [0x00000000ebd80000,0x00000000ebd80000,0x00000000ec000000)
 ParOldGen       total 68608K, used 50164K [0x00000000c0000000, 0x00000000c4300000, 0x00000000eab00000)
  object space 68608K, 73% used [0x00000000c0000000,0x00000000c30fd270,0x00000000c4300000)
 Metaspace       used 51751K, committed 52736K, reserved 1114112K
  class space    used 5496K, committed 5952K, reserved 1048576K
}
Event: 5.620 GC heap before
{Heap before GC invocations=36 (full 2):
 PSYoungGen      total 18944K, used 18791K [0x00000000eab00000, 0x00000000ec000000, 0x0000000100000000)
  eden space 16384K, 99% used [0x00000000eab00000,0x00000000ebafffe8,0x00000000ebb00000)
  from space 2560K, 94% used [0x00000000ebb00000,0x00000000ebd59e40,0x00000000ebd80000)
  to   space 2560K, 0% used [0x00000000ebd80000,0x00000000ebd80000,0x00000000ec000000)
 ParOldGen       total 68608K, used 50164K [0x00000000c0000000, 0x00000000c4300000, 0x00000000eab00000)
  object space 68608K, 73% used [0x00000000c0000000,0x00000000c30fd270,0x00000000c4300000)
 Metaspace       used 51960K, committed 52992K, reserved 1114112K
  class space    used 5517K, committed 5952K, reserved 1048576K
}
Event: 5.622 GC heap after
{Heap after GC invocations=36 (full 2):
 PSYoungGen      total 15872K, used 2558K [0x00000000eab00000, 0x00000000ec600000, 0x0000000100000000)
  eden space 13312K, 0% used [0x00000000eab00000,0x00000000eab00000,0x00000000eb800000)
  from space 2560K, 99% used [0x00000000ebd80000,0x00000000ebfff9f8,0x00000000ec000000)
  to   space 5632K, 0% used [0x00000000eb800000,0x00000000eb800000,0x00000000ebd80000)
 ParOldGen       total 68608K, used 52490K [0x00000000c0000000, 0x00000000c4300000, 0x00000000eab00000)
  object space 68608K, 76% used [0x00000000c0000000,0x00000000c33429a8,0x00000000c4300000)
 Metaspace       used 51960K, committed 52992K, reserved 1114112K
  class space    used 5517K, committed 5952K, reserved 1048576K
}
Event: 5.673 GC heap before
{Heap before GC invocations=37 (full 2):
 PSYoungGen      total 15872K, used 15870K [0x00000000eab00000, 0x00000000ec600000, 0x0000000100000000)
  eden space 13312K, 100% used [0x00000000eab00000,0x00000000eb800000,0x00000000eb800000)
  from space 2560K, 99% used [0x00000000ebd80000,0x00000000ebfff9f8,0x00000000ec000000)
  to   space 5632K, 0% used [0x00000000eb800000,0x00000000eb800000,0x00000000ebd80000)
 ParOldGen       total 68608K, used 52490K [0x00000000c0000000, 0x00000000c4300000, 0x00000000eab00000)
  object space 68608K, 76% used [0x00000000c0000000,0x00000000c33429a8,0x00000000c4300000)
 Metaspace       used 52441K, committed 53440K, reserved 1114112K
  class space    used 5581K, committed 6016K, reserved 1048576K
}
Event: 5.677 GC heap after
{Heap after GC invocations=37 (full 2):
 PSYoungGen      total 16384K, used 2987K [0x00000000eab00000, 0x00000000ec000000, 0x0000000100000000)
  eden space 13312K, 0% used [0x00000000eab00000,0x00000000eab00000,0x00000000eb800000)
  from space 3072K, 97% used [0x00000000eb800000,0x00000000ebaeae80,0x00000000ebb00000)
  to   space 4096K, 0% used [0x00000000ebc00000,0x00000000ebc00000,0x00000000ec000000)
 ParOldGen       total 68608K, used 54982K [0x00000000c0000000, 0x00000000c4300000, 0x00000000eab00000)
  object space 68608K, 80% used [0x00000000c0000000,0x00000000c35b1900,0x00000000c4300000)
 Metaspace       used 52441K, committed 53440K, reserved 1114112K
  class space    used 5581K, committed 6016K, reserved 1048576K
}
Event: 5.717 GC heap before
{Heap before GC invocations=38 (full 2):
 PSYoungGen      total 16384K, used 16299K [0x00000000eab00000, 0x00000000ec000000, 0x0000000100000000)
  eden space 13312K, 100% used [0x00000000eab00000,0x00000000eb800000,0x00000000eb800000)
  from space 3072K, 97% used [0x00000000eb800000,0x00000000ebaeae80,0x00000000ebb00000)
  to   space 4096K, 0% used [0x00000000ebc00000,0x00000000ebc00000,0x00000000ec000000)
 ParOldGen       total 68608K, used 54982K [0x00000000c0000000, 0x00000000c4300000, 0x00000000eab00000)
  object space 68608K, 80% used [0x00000000c0000000,0x00000000c35b1900,0x00000000c4300000)
 Metaspace       used 52481K, committed 53440K, reserved 1114112K
  class space    used 5585K, committed 6016K, reserved 1048576K
}
Event: 5.719 GC heap after
{Heap after GC invocations=38 (full 2):
 PSYoungGen      total 16384K, used 2604K [0x00000000eab00000, 0x00000000ebf00000, 0x0000000100000000)
  eden space 13312K, 0% used [0x00000000eab00000,0x00000000eab00000,0x00000000eb800000)
  from space 3072K, 84% used [0x00000000ebc00000,0x00000000ebe8b150,0x00000000ebf00000)
  to   space 3072K, 0% used [0x00000000eb800000,0x00000000eb800000,0x00000000ebb00000)
 ParOldGen       total 68608K, used 57830K [0x00000000c0000000, 0x00000000c4300000, 0x00000000eab00000)
  object space 68608K, 84% used [0x00000000c0000000,0x00000000c3879808,0x00000000c4300000)
 Metaspace       used 52481K, committed 53440K, reserved 1114112K
  class space    used 5585K, committed 6016K, reserved 1048576K
}
Event: 5.761 GC heap before
{Heap before GC invocations=39 (full 2):
 PSYoungGen      total 16384K, used 15916K [0x00000000eab00000, 0x00000000ebf00000, 0x0000000100000000)
  eden space 13312K, 100% used [0x00000000eab00000,0x00000000eb800000,0x00000000eb800000)
  from space 3072K, 84% used [0x00000000ebc00000,0x00000000ebe8b150,0x00000000ebf00000)
  to   space 3072K, 0% used [0x00000000eb800000,0x00000000eb800000,0x00000000ebb00000)
 ParOldGen       total 68608K, used 57830K [0x00000000c0000000, 0x00000000c4300000, 0x00000000eab00000)
  object space 68608K, 84% used [0x00000000c0000000,0x00000000c3879808,0x00000000c4300000)
 Metaspace       used 52490K, committed 53440K, reserved 1114112K
  class space    used 5585K, committed 6016K, reserved 1048576K
}
Event: 5.763 GC heap after
{Heap after GC invocations=39 (full 2):
 PSYoungGen      total 16384K, used 2713K [0x00000000eab00000, 0x00000000ebe00000, 0x0000000100000000)
  eden space 13312K, 0% used [0x00000000eab00000,0x00000000eab00000,0x00000000eb800000)
  from space 3072K, 88% used [0x00000000eb800000,0x00000000ebaa65b8,0x00000000ebb00000)
  to   space 3072K, 0% used [0x00000000ebb00000,0x00000000ebb00000,0x00000000ebe00000)
 ParOldGen       total 68608K, used 60350K [0x00000000c0000000, 0x00000000c4300000, 0x00000000eab00000)
  object space 68608K, 87% used [0x00000000c0000000,0x00000000c3aefaa0,0x00000000c4300000)
 Metaspace       used 52490K, committed 53440K, reserved 1114112K
  class space    used 5585K, committed 6016K, reserved 1048576K
}
Event: 5.811 GC heap before
{Heap before GC invocations=40 (full 2):
 PSYoungGen      total 16384K, used 16018K [0x00000000eab00000, 0x00000000ebe00000, 0x0000000100000000)
  eden space 13312K, 99% used [0x00000000eab00000,0x00000000eb7fe2e0,0x00000000eb800000)
  from space 3072K, 88% used [0x00000000eb800000,0x00000000ebaa65b8,0x00000000ebb00000)
  to   space 3072K, 0% used [0x00000000ebb00000,0x00000000ebb00000,0x00000000ebe00000)
 ParOldGen       total 68608K, used 60350K [0x00000000c0000000, 0x00000000c4300000, 0x00000000eab00000)
  object space 68608K, 87% used [0x00000000c0000000,0x00000000c3aefaa0,0x00000000c4300000)
 Metaspace       used 52524K, committed 53568K, reserved 1114112K
  class space    used 5585K, committed 6016K, reserved 1048576K
}
Event: 5.813 GC heap after
{Heap after GC invocations=40 (full 2):
 PSYoungGen      total 16384K, used 2754K [0x00000000eab00000, 0x00000000ebe00000, 0x0000000100000000)
  eden space 13312K, 0% used [0x00000000eab00000,0x00000000eab00000,0x00000000eb800000)
  from space 3072K, 89% used [0x00000000ebb00000,0x00000000ebdb08f8,0x00000000ebe00000)
  to   space 3072K, 0% used [0x00000000eb800000,0x00000000eb800000,0x00000000ebb00000)
 ParOldGen       total 68608K, used 62860K [0x00000000c0000000, 0x00000000c4300000, 0x00000000eab00000)
  object space 68608K, 91% used [0x00000000c0000000,0x00000000c3d63210,0x00000000c4300000)
 Metaspace       used 52524K, committed 53568K, reserved 1114112K
  class space    used 5585K, committed 6016K, reserved 1048576K
}

