# JRE version: Java(TM) SE Runtime Environment (17.0.9+11) (build 17.0.9+11-LTS-201)
# Java VM: Java HotSpot(TM) 64-Bit Server VM (17.0.9+11-LTS-201, mixed mode, sharing, tiered, compressed oops, compressed class ptrs, g1 gc, windows-amd64)
GC Precious Log:
 CPUs: 8 total, 8 available
 Memory: 32674M
 Large Page Support: Disabled
 NUMA Support: Disabled
 Compressed Oops: Enabled (32-bit)
 Heap Region Size: 1M
 Heap Min Capacity: 8M
 Heap Initial Capacity: 512M
 Heap Max Capacity: 512M
 Pre-touch: Disabled
 Parallel Workers: 8
 Concurrent Workers: 2
 Concurrent Refinement Workers: 8
 Periodic GC: Disabled
Heap:
 garbage-first heap   total 78848K, used 49680K [0x00000000e0000000, 0x0000000100000000)
  region size 1024K, 15 young (15360K), 2 survivors (2048K)
 Metaspace       used 70735K, committed 71360K, reserved 1114112K
  class space    used 9662K, committed 9984K, reserved 1048576K
GC Heap History (20 events):
Event: 6.466 GC heap before
{Heap before GC invocations=14 (full 0):
 garbage-first heap   total 65536K, used 50571K [0x00000000e0000000, 0x0000000100000000)
  region size 1024K, 24 young (24576K), 3 survivors (3072K)
 Metaspace       used 54817K, committed 55296K, reserved 1114112K
  class space    used 7220K, committed 7424K, reserved 1048576K
}
Event: 6.469 GC heap after
{Heap after GC invocations=15 (full 0):
 garbage-first heap   total 65536K, used 30159K [0x00000000e0000000, 0x0000000100000000)
  region size 1024K, 3 young (3072K), 3 survivors (3072K)
 Metaspace       used 54817K, committed 55296K, reserved 1114112K
  class space    used 7220K, committed 7424K, reserved 1048576K
}
Event: 6.881 GC heap before
{Heap before GC invocations=15 (full 0):
 garbage-first heap   total 65536K, used 48591K [0x00000000e0000000, 0x0000000100000000)
  region size 1024K, 22 young (22528K), 3 survivors (3072K)
 Metaspace       used 60030K, committed 60480K, reserved 1114112K
  class space    used 8092K, committed 8320K, reserved 1048576K
}
Event: 6.884 GC heap after
{Heap after GC invocations=16 (full 0):
 garbage-first heap   total 65536K, used 30986K [0x00000000e0000000, 0x0000000100000000)
  region size 1024K, 2 young (2048K), 2 survivors (2048K)
 Metaspace       used 60030K, committed 60480K, reserved 1114112K
  class space    used 8092K, committed 8320K, reserved 1048576K
}
Event: 7.197 GC heap before
{Heap before GC invocations=17 (full 0):
 garbage-first heap   total 65536K, used 52490K [0x00000000e0000000, 0x0000000100000000)
  region size 1024K, 23 young (23552K), 2 survivors (2048K)
 Metaspace       used 61656K, committed 62144K, reserved 1114112K
  class space    used 8383K, committed 8640K, reserved 1048576K
}
Event: 7.200 GC heap after
{Heap after GC invocations=18 (full 0):
 garbage-first heap   total 65536K, used 31554K [0x00000000e0000000, 0x0000000100000000)
  region size 1024K, 2 young (2048K), 2 survivors (2048K)
 Metaspace       used 61656K, committed 62144K, reserved 1114112K
  class space    used 8383K, committed 8640K, reserved 1048576K
}
Event: 7.582 GC heap before
{Heap before GC invocations=18 (full 0):
 garbage-first heap   total 65536K, used 51010K [0x00000000e0000000, 0x0000000100000000)
  region size 1024K, 22 young (22528K), 2 survivors (2048K)
 Metaspace       used 64632K, committed 65152K, reserved 1114112K
  class space    used 8835K, committed 9088K, reserved 1048576K
}
Event: 7.584 GC heap after
{Heap after GC invocations=19 (full 0):
 garbage-first heap   total 65536K, used 32241K [0x00000000e0000000, 0x0000000100000000)
  region size 1024K, 2 young (2048K), 2 survivors (2048K)
 Metaspace       used 64632K, committed 65152K, reserved 1114112K
  class space    used 8835K, committed 9088K, reserved 1048576K
}
Event: 7.897 GC heap before
{Heap before GC invocations=20 (full 0):
 garbage-first heap   total 65536K, used 52721K [0x00000000e0000000, 0x0000000100000000)
  region size 1024K, 22 young (22528K), 2 survivors (2048K)
 Metaspace       used 65529K, committed 66048K, reserved 1114112K
  class space    used 8948K, committed 9216K, reserved 1048576K
}
Event: 7.901 GC heap after
{Heap after GC invocations=21 (full 0):
 garbage-first heap   total 65536K, used 33461K [0x00000000e0000000, 0x0000000100000000)
  region size 1024K, 3 young (3072K), 3 survivors (3072K)
 Metaspace       used 65529K, committed 66048K, reserved 1114112K
  class space    used 8948K, committed 9216K, reserved 1048576K
}
Event: 8.059 GC heap before
{Heap before GC invocations=21 (full 0):
 garbage-first heap   total 65536K, used 52917K [0x00000000e0000000, 0x0000000100000000)
  region size 1024K, 22 young (22528K), 3 survivors (3072K)
 Metaspace       used 65936K, committed 66496K, reserved 1114112K
  class space    used 8974K, committed 9216K, reserved 1048576K
}
Event: 8.061 GC heap after
{Heap after GC invocations=22 (full 0):
 garbage-first heap   total 65536K, used 34412K [0x00000000e0000000, 0x0000000100000000)
  region size 1024K, 3 young (3072K), 3 survivors (3072K)
 Metaspace       used 65936K, committed 66496K, reserved 1114112K
  class space    used 8974K, committed 9216K, reserved 1048576K
}
Event: 8.243 GC heap before
{Heap before GC invocations=23 (full 0):
 garbage-first heap   total 65536K, used 51820K [0x00000000e0000000, 0x0000000100000000)
  region size 1024K, 20 young (20480K), 3 survivors (3072K)
 Metaspace       used 66158K, committed 66752K, reserved 1114112K
  class space    used 8991K, committed 9280K, reserved 1048576K
}
Event: 8.245 GC heap after
{Heap after GC invocations=24 (full 0):
 garbage-first heap   total 65536K, used 35853K [0x00000000e0000000, 0x0000000100000000)
  region size 1024K, 3 young (3072K), 3 survivors (3072K)
 Metaspace       used 66158K, committed 66752K, reserved 1114112K
  class space    used 8991K, committed 9280K, reserved 1048576K
}
Event: 8.323 GC heap before
{Heap before GC invocations=24 (full 0):
 garbage-first heap   total 65536K, used 52237K [0x00000000e0000000, 0x0000000100000000)
  region size 1024K, 19 young (19456K), 3 survivors (3072K)
 Metaspace       used 66612K, committed 67136K, reserved 1114112K
  class space    used 9015K, committed 9280K, reserved 1048576K
}
Event: 8.325 GC heap after
{Heap after GC invocations=25 (full 0):
 garbage-first heap   total 65536K, used 36569K [0x00000000e0000000, 0x0000000100000000)
  region size 1024K, 3 young (3072K), 3 survivors (3072K)
 Metaspace       used 66612K, committed 67136K, reserved 1114112K
  class space    used 9015K, committed 9280K, reserved 1048576K
}
Event: 8.386 GC heap before
{Heap before GC invocations=26 (full 0):
 garbage-first heap   total 78848K, used 51929K [0x00000000e0000000, 0x0000000100000000)
  region size 1024K, 18 young (18432K), 3 survivors (3072K)
 Metaspace       used 66631K, committed 67200K, reserved 1114112K
  class space    used 9015K, committed 9280K, reserved 1048576K
}
Event: 8.388 GC heap after
{Heap after GC invocations=27 (full 0):
 garbage-first heap   total 78848K, used 36839K [0x00000000e0000000, 0x0000000100000000)
  region size 1024K, 2 young (2048K), 2 survivors (2048K)
 Metaspace       used 66631K, committed 67200K, reserved 1114112K
  class space    used 9015K, committed 9280K, reserved 1048576K
}
Event: 8.683 GC heap before
{Heap before GC invocations=27 (full 0):
 garbage-first heap   total 78848K, used 62439K [0x00000000e0000000, 0x0000000100000000)
  region size 1024K, 28 young (28672K), 2 survivors (2048K)
 Metaspace       used 68754K, committed 69312K, reserved 1114112K
  class space    used 9315K, committed 9600K, reserved 1048576K
}
Event: 8.685 GC heap after
{Heap after GC invocations=28 (full 0):
 garbage-first heap   total 78848K, used 37392K [0x00000000e0000000, 0x0000000100000000)
  region size 1024K, 2 young (2048K), 2 survivors (2048K)
 Metaspace       used 68754K, committed 69312K, reserved 1114112K
  class space    used 9315K, committed 9600K, reserved 1048576K
}

