# JRE version: Java(TM) SE Runtime Environment (17.0.9+11) (build 17.0.9+11-LTS-201)
# Java VM: Java HotSpot(TM) 64-Bit Server VM (17.0.9+11-LTS-201, mixed mode, sharing, tiered, compressed oops, compressed class ptrs, g1 gc, windows-amd64)
GC Precious Log:
 CPUs: 8 total, 8 available
 Memory: 32674M
 Large Page Support: Disabled
 NUMA Support: Disabled
 Compressed Oops: Enabled (32-bit)
 Heap Region Size: 1M
 Heap Min Capacity: 256M
 Heap Initial Capacity: 256M
 Heap Max Capacity: 512M
 Pre-touch: Disabled
 Parallel Workers: 8
 Concurrent Workers: 2
 Concurrent Refinement Workers: 8
 Periodic GC: Disabled
Heap:
 garbage-first heap   total 262144K, used 129333K [0x00000000e0000000, 0x0000000100000000)
  region size 1024K, 64 young (65536K), 10 survivors (10240K)
 Metaspace       used 61104K, committed 61760K, reserved 393216K
  class space    used 8309K, committed 8640K, reserved 327680K
GC Heap History (20 events):
Event: 2.731 GC heap before
{Heap before GC invocations=2 (full 0):
 garbage-first heap   total 262144K, used 132494K [0x00000000e0000000, 0x0000000100000000)
  region size 1024K, 119 young (121856K), 1 survivors (1024K)
 Metaspace       used 21238K, committed 21504K, reserved 393216K
  class space    used 3129K, committed 3264K, reserved 327680K
}
Event: 2.738 GC heap after
{Heap after GC invocations=3 (full 0):
 garbage-first heap   total 262144K, used 22651K [0x00000000e0000000, 0x0000000100000000)
  region size 1024K, 12 young (12288K), 12 survivors (12288K)
 Metaspace       used 21238K, committed 21504K, reserved 393216K
  class space    used 3129K, committed 3264K, reserved 327680K
}
Event: 4.102 GC heap before
{Heap before GC invocations=4 (full 0):
 garbage-first heap   total 262144K, used 139387K [0x00000000e0000000, 0x0000000100000000)
  region size 1024K, 123 young (125952K), 12 survivors (12288K)
 Metaspace       used 35592K, committed 35968K, reserved 393216K
  class space    used 4993K, committed 5184K, reserved 327680K
}
Event: 4.111 GC heap after
{Heap after GC invocations=5 (full 0):
 garbage-first heap   total 262144K, used 32284K [0x00000000e0000000, 0x0000000100000000)
  region size 1024K, 10 young (10240K), 10 survivors (10240K)
 Metaspace       used 35592K, committed 35968K, reserved 393216K
  class space    used 4993K, committed 5184K, reserved 327680K
}
Event: 5.644 GC heap before
{Heap before GC invocations=6 (full 0):
 garbage-first heap   total 262144K, used 179740K [0x00000000e0000000, 0x0000000100000000)
  region size 1024K, 153 young (156672K), 10 survivors (10240K)
 Metaspace       used 47470K, committed 48000K, reserved 393216K
  class space    used 6782K, committed 7040K, reserved 327680K
}
Event: 5.654 GC heap after
{Heap after GC invocations=7 (full 0):
 garbage-first heap   total 262144K, used 41063K [0x00000000e0000000, 0x0000000100000000)
  region size 1024K, 19 young (19456K), 19 survivors (19456K)
 Metaspace       used 47470K, committed 48000K, reserved 393216K
  class space    used 6782K, committed 7040K, reserved 327680K
}
Event: 7.113 GC heap before
{Heap before GC invocations=7 (full 0):
 garbage-first heap   total 262144K, used 177255K [0x00000000e0000000, 0x0000000100000000)
  region size 1024K, 153 young (156672K), 19 survivors (19456K)
 Metaspace       used 53433K, committed 54016K, reserved 393216K
  class space    used 7514K, committed 7808K, reserved 327680K
}
Event: 7.128 GC heap after
{Heap after GC invocations=8 (full 0):
 garbage-first heap   total 262144K, used 51890K [0x00000000e0000000, 0x0000000100000000)
  region size 1024K, 20 young (20480K), 20 survivors (20480K)
 Metaspace       used 53433K, committed 54016K, reserved 393216K
  class space    used 7514K, committed 7808K, reserved 327680K
}
Event: 8.245 GC heap before
{Heap before GC invocations=8 (full 0):
 garbage-first heap   total 262144K, used 199346K [0x00000000e0000000, 0x0000000100000000)
  region size 1024K, 153 young (156672K), 20 survivors (20480K)
 Metaspace       used 55251K, committed 55808K, reserved 393216K
  class space    used 7705K, committed 7936K, reserved 327680K
}
Event: 8.254 GC heap after
{Heap after GC invocations=9 (full 0):
 garbage-first heap   total 262144K, used 54543K [0x00000000e0000000, 0x0000000100000000)
  region size 1024K, 5 young (5120K), 5 survivors (5120K)
 Metaspace       used 55251K, committed 55808K, reserved 393216K
  class space    used 7705K, committed 7936K, reserved 327680K
}
Event: 107.188 GC heap before
{Heap before GC invocations=9 (full 0):
 garbage-first heap   total 262144K, used 208143K [0x00000000e0000000, 0x0000000100000000)
  region size 1024K, 150 young (153600K), 5 survivors (5120K)
 Metaspace       used 59354K, committed 59968K, reserved 393216K
  class space    used 8196K, committed 8512K, reserved 327680K
}
Event: 107.194 GC heap after
{Heap after GC invocations=10 (full 0):
 garbage-first heap   total 262144K, used 58512K [0x00000000e0000000, 0x0000000100000000)
  region size 1024K, 9 young (9216K), 9 survivors (9216K)
 Metaspace       used 59354K, committed 59968K, reserved 393216K
  class space    used 8196K, committed 8512K, reserved 327680K
}
Event: 107.684 GC heap before
{Heap before GC invocations=10 (full 0):
 garbage-first heap   total 262144K, used 119952K [0x00000000e0000000, 0x0000000100000000)
  region size 1024K, 71 young (72704K), 9 survivors (9216K)
 Metaspace       used 59710K, committed 60288K, reserved 393216K
  class space    used 8197K, committed 8512K, reserved 327680K
}
Event: 107.693 GC heap after
{Heap after GC invocations=11 (full 0):
 garbage-first heap   total 262144K, used 64267K [0x00000000e0000000, 0x0000000100000000)
  region size 1024K, 14 young (14336K), 14 survivors (14336K)
 Metaspace       used 59710K, committed 60288K, reserved 393216K
  class space    used 8197K, committed 8512K, reserved 327680K
}
Event: 248.737 GC heap before
{Heap before GC invocations=12 (full 0):
 garbage-first heap   total 262144K, used 205579K [0x00000000e0000000, 0x0000000100000000)
  region size 1024K, 153 young (156672K), 14 survivors (14336K)
 Metaspace       used 60298K, committed 60992K, reserved 393216K
  class space    used 8225K, committed 8576K, reserved 327680K
}
Event: 248.748 GC heap after
{Heap after GC invocations=13 (full 0):
 garbage-first heap   total 262144K, used 65978K [0x00000000e0000000, 0x0000000100000000)
  region size 1024K, 11 young (11264K), 11 survivors (11264K)
 Metaspace       used 60298K, committed 60992K, reserved 393216K
  class space    used 8225K, committed 8576K, reserved 327680K
}
Event: 248.753 GC heap before
{Heap before GC invocations=13 (full 0):
 garbage-first heap   total 262144K, used 67002K [0x00000000e0000000, 0x0000000100000000)
  region size 1024K, 12 young (12288K), 11 survivors (11264K)
 Metaspace       used 60300K, committed 60992K, reserved 393216K
  class space    used 8225K, committed 8576K, reserved 327680K
}
Event: 248.761 GC heap after
{Heap after GC invocations=14 (full 0):
 garbage-first heap   total 262144K, used 66496K [0x00000000e0000000, 0x0000000100000000)
  region size 1024K, 2 young (2048K), 2 survivors (2048K)
 Metaspace       used 60300K, committed 60992K, reserved 393216K
  class space    used 8225K, committed 8576K, reserved 327680K
}
Event: 250.011 GC heap before
{Heap before GC invocations=14 (full 0):
 garbage-first heap   total 262144K, used 219072K [0x00000000e0000000, 0x0000000100000000)
  region size 1024K, 138 young (141312K), 2 survivors (2048K)
 Metaspace       used 60414K, committed 61056K, reserved 393216K
  class space    used 8225K, committed 8576K, reserved 327680K
}
Event: 250.014 GC heap after
{Heap after GC invocations=15 (full 0):
 garbage-first heap   total 262144K, used 76085K [0x00000000e0000000, 0x0000000100000000)
  region size 1024K, 10 young (10240K), 10 survivors (10240K)
 Metaspace       used 60414K, committed 61056K, reserved 393216K
  class space    used 8225K, committed 8576K, reserved 327680K
}

