# JRE version: Java(TM) SE Runtime Environment (17.0.9+11) (build 17.0.9+11-LTS-201)
# Java VM: Java HotSpot(TM) 64-Bit Server VM (17.0.9+11-LTS-201, mixed mode, sharing, tiered, compressed oops, compressed class ptrs, g1 gc, windows-amd64)
GC Precious Log:
 CPUs: 8 total, 8 available
 Memory: 32674M
 Large Page Support: Disabled
 NUMA Support: Disabled
 Compressed Oops: Enabled (32-bit)
 Heap Region Size: 1M
 Heap Min Capacity: 256M
 Heap Initial Capacity: 256M
 Heap Max Capacity: 512M
 Pre-touch: Disabled
 Parallel Workers: 8
 Concurrent Workers: 2
 Concurrent Refinement Workers: 8
 Periodic GC: Disabled
Heap:
 garbage-first heap   total 262144K, used 206496K [0x00000000e0000000, 0x0000000100000000)
  region size 1024K, 103 young (105472K), 9 survivors (9216K)
 Metaspace       used 78004K, committed 78848K, reserved 458752K
  class space    used 10142K, committed 10560K, reserved 327680K
GC Heap History (20 events):
Event: 3870.924 GC heap after
{Heap after GC invocations=15 (full 0):
 garbage-first heap   total 262144K, used 56208K [0x00000000e0000000, 0x0000000100000000)
  region size 1024K, 7 young (7168K), 7 survivors (7168K)
 Metaspace       used 57163K, committed 57856K, reserved 393216K
  class space    used 7675K, committed 8064K, reserved 327680K
}
Event: 3909.278 GC heap before
{Heap before GC invocations=15 (full 0):
 garbage-first heap   total 262144K, used 204688K [0x00000000e0000000, 0x0000000100000000)
  region size 1024K, 153 young (156672K), 7 survivors (7168K)
 Metaspace       used 57314K, committed 58112K, reserved 393216K
  class space    used 7678K, committed 8064K, reserved 327680K
}
Event: 3909.281 GC heap after
{Heap after GC invocations=16 (full 0):
 garbage-first heap   total 262144K, used 54050K [0x00000000e0000000, 0x0000000100000000)
  region size 1024K, 5 young (5120K), 5 survivors (5120K)
 Metaspace       used 57314K, committed 58112K, reserved 393216K
  class space    used 7678K, committed 8064K, reserved 327680K
}
Event: 4921.566 GC heap before
{Heap before GC invocations=16 (full 0):
 garbage-first heap   total 262144K, used 204578K [0x00000000e0000000, 0x0000000100000000)
  region size 1024K, 153 young (156672K), 5 survivors (5120K)
 Metaspace       used 57378K, committed 58112K, reserved 393216K
  class space    used 7680K, committed 8064K, reserved 327680K
}
Event: 4921.570 GC heap after
{Heap after GC invocations=17 (full 0):
 garbage-first heap   total 262144K, used 56409K [0x00000000e0000000, 0x0000000100000000)
  region size 1024K, 7 young (7168K), 7 survivors (7168K)
 Metaspace       used 57378K, committed 58112K, reserved 393216K
  class space    used 7680K, committed 8064K, reserved 327680K
}
Event: 4958.536 GC heap before
{Heap before GC invocations=17 (full 0):
 garbage-first heap   total 262144K, used 204889K [0x00000000e0000000, 0x0000000100000000)
  region size 1024K, 153 young (156672K), 7 survivors (7168K)
 Metaspace       used 57443K, committed 58176K, reserved 393216K
  class space    used 7680K, committed 8064K, reserved 327680K
}
Event: 4958.542 GC heap after
{Heap after GC invocations=18 (full 0):
 garbage-first heap   total 262144K, used 59706K [0x00000000e0000000, 0x0000000100000000)
  region size 1024K, 11 young (11264K), 11 survivors (11264K)
 Metaspace       used 57443K, committed 58176K, reserved 393216K
  class space    used 7680K, committed 8064K, reserved 327680K
}
Event: 5464.058 GC heap before
{Heap before GC invocations=18 (full 0):
 garbage-first heap   total 262144K, used 92474K [0x00000000e0000000, 0x0000000100000000)
  region size 1024K, 45 young (46080K), 11 survivors (11264K)
 Metaspace       used 59377K, committed 60096K, reserved 393216K
  class space    used 7894K, committed 8256K, reserved 327680K
}
Event: 5464.061 GC heap after
{Heap after GC invocations=19 (full 0):
 garbage-first heap   total 262144K, used 51807K [0x00000000e0000000, 0x0000000100000000)
  region size 1024K, 3 young (3072K), 3 survivors (3072K)
 Metaspace       used 59377K, committed 60096K, reserved 393216K
  class space    used 7894K, committed 8256K, reserved 327680K
}
Event: 5467.566 GC heap before
{Heap before GC invocations=20 (full 0):
 garbage-first heap   total 262144K, used 204383K [0x00000000e0000000, 0x0000000100000000)
  region size 1024K, 153 young (156672K), 3 survivors (3072K)
 Metaspace       used 63859K, committed 64512K, reserved 393216K
  class space    used 8465K, committed 8768K, reserved 327680K
}
Event: 5467.575 GC heap after
{Heap after GC invocations=21 (full 0):
 garbage-first heap   total 262144K, used 64512K [0x00000000e0000000, 0x0000000100000000)
  region size 1024K, 15 young (15360K), 15 survivors (15360K)
 Metaspace       used 63859K, committed 64512K, reserved 393216K
  class space    used 8465K, committed 8768K, reserved 327680K
}
Event: 5467.579 GC heap before
{Heap before GC invocations=21 (full 0):
 garbage-first heap   total 262144K, used 65536K [0x00000000e0000000, 0x0000000100000000)
  region size 1024K, 16 young (16384K), 15 survivors (15360K)
 Metaspace       used 63885K, committed 64512K, reserved 393216K
  class space    used 8469K, committed 8768K, reserved 327680K
}
Event: 5467.587 GC heap after
{Heap after GC invocations=22 (full 0):
 garbage-first heap   total 262144K, used 63548K [0x00000000e0000000, 0x0000000100000000)
  region size 1024K, 2 young (2048K), 2 survivors (2048K)
 Metaspace       used 63885K, committed 64512K, reserved 393216K
  class space    used 8469K, committed 8768K, reserved 327680K
}
Event: 5468.901 GC heap before
{Heap before GC invocations=22 (full 0):
 garbage-first heap   total 262144K, used 207932K [0x00000000e0000000, 0x0000000100000000)
  region size 1024K, 144 young (147456K), 2 survivors (2048K)
 Metaspace       used 71786K, committed 72576K, reserved 393216K
  class space    used 9461K, committed 9856K, reserved 327680K
}
Event: 5468.916 GC heap after
{Heap after GC invocations=23 (full 0):
 garbage-first heap   total 262144K, used 87303K [0x00000000e0000000, 0x0000000100000000)
  region size 1024K, 18 young (18432K), 18 survivors (18432K)
 Metaspace       used 71786K, committed 72576K, reserved 393216K
  class space    used 9461K, committed 9856K, reserved 327680K
}
Event: 5470.570 GC heap before
{Heap before GC invocations=23 (full 0):
 garbage-first heap   total 262144K, used 200967K [0x00000000e0000000, 0x0000000100000000)
  region size 1024K, 127 young (130048K), 18 survivors (18432K)
 Metaspace       used 74748K, committed 75520K, reserved 458752K
  class space    used 9788K, committed 10176K, reserved 327680K
}
Event: 5470.587 GC heap after
{Heap after GC invocations=24 (full 0):
 garbage-first heap   total 262144K, used 105789K [0x00000000e0000000, 0x0000000100000000)
  region size 1024K, 16 young (16384K), 16 survivors (16384K)
 Metaspace       used 74748K, committed 75520K, reserved 458752K
  class space    used 9788K, committed 10176K, reserved 327680K
}
Event: 5471.248 GC heap before
{Heap before GC invocations=24 (full 0):
 garbage-first heap   total 262144K, used 202045K [0x00000000e0000000, 0x0000000100000000)
  region size 1024K, 110 young (112640K), 16 survivors (16384K)
 Metaspace       used 76663K, committed 77440K, reserved 458752K
  class space    used 10008K, committed 10368K, reserved 327680K
}
Event: 5471.255 GC heap after
{Heap after GC invocations=25 (full 0):
 garbage-first heap   total 262144K, used 110240K [0x00000000e0000000, 0x0000000100000000)
  region size 1024K, 6 young (6144K), 6 survivors (6144K)
 Metaspace       used 76663K, committed 77440K, reserved 458752K
  class space    used 10008K, committed 10368K, reserved 327680K
}
Event: 5500.993 GC heap before
{Heap before GC invocations=25 (full 0):
 garbage-first heap   total 262144K, used 205472K [0x00000000e0000000, 0x0000000100000000)
  region size 1024K, 100 young (102400K), 6 survivors (6144K)
 Metaspace       used 78004K, committed 78848K, reserved 458752K
  class space    used 10142K, committed 10560K, reserved 327680K
}

