# JRE version: OpenJDK Runtime Environment Temurin-17.0.10+7 (17.0.10+7) (build 17.0.10+7)
# Java VM: OpenJDK 64-Bit Server VM Temurin-17.0.10+7 (17.0.10+7, mixed mode, tiered, compressed oops, compressed class ptrs, parallel gc, windows-amd64)
GC Precious Log:
 CPUs: 8 total, 8 available
 Memory: 32674M
 Large Page Support: Disabled
 NUMA Support: Disabled
 Compressed Oops: Enabled (32-bit)
 Alignments: Space 512K, Generation 512K, Heap 2M
 Heap Min Capacity: 100M
 Heap Initial Capacity: 100M
 Heap Max Capacity: 1G
 Pre-touch: Disabled
 Parallel Workers: 8
Heap:
 PSYoungGen      total 7168K, used 5600K [0x00000000eab00000, 0x00000000ecc80000, 0x0000000100000000)
  eden space 1536K, 0% used [0x00000000eab00000,0x00000000eab00000,0x00000000eac80000)
  from space 5632K, 99% used [0x00000000eb900000,0x00000000ebe78180,0x00000000ebe80000)
  to   space 12800K, 0% used [0x00000000eac80000,0x00000000eac80000,0x00000000eb900000)
 ParOldGen       total 525824K, used 524910K [0x00000000c0000000, 0x00000000e0180000, 0x00000000eab00000)
  object space 525824K, 99% used [0x00000000c0000000,0x00000000e009ba70,0x00000000e0180000)
 Metaspace       used 71915K, committed 73152K, reserved 1114112K
  class space    used 7319K, committed 7808K, reserved 1048576K
GC Heap History (20 events):
Event: 73.293 GC heap after
{Heap after GC invocations=1085 (full 28):
 PSYoungGen      total 8192K, used 2024K [0x00000000eab00000, 0x00000000eb600000, 0x0000000100000000)
  eden space 6144K, 0% used [0x00000000eab00000,0x00000000eab00000,0x00000000eb100000)
  from space 2048K, 98% used [0x00000000eb100000,0x00000000eb2fa1d0,0x00000000eb300000)
  to   space 2560K, 0% used [0x00000000eb380000,0x00000000eb380000,0x00000000eb600000)
 ParOldGen       total 482304K, used 457926K [0x00000000c0000000, 0x00000000dd700000, 0x00000000eab00000)
  object space 482304K, 94% used [0x00000000c0000000,0x00000000dbf31910,0x00000000dd700000)
 Metaspace       used 70903K, committed 72128K, reserved 1114112K
  class space    used 7250K, committed 7744K, reserved 1048576K
}
Event: 73.305 GC heap before
{Heap before GC invocations=1086 (full 28):
 PSYoungGen      total 8192K, used 8166K [0x00000000eab00000, 0x00000000eb600000, 0x0000000100000000)
  eden space 6144K, 99% used [0x00000000eab00000,0x00000000eb0ff900,0x00000000eb100000)
  from space 2048K, 98% used [0x00000000eb100000,0x00000000eb2fa1d0,0x00000000eb300000)
  to   space 2560K, 0% used [0x00000000eb380000,0x00000000eb380000,0x00000000eb600000)
 ParOldGen       total 482304K, used 457926K [0x00000000c0000000, 0x00000000dd700000, 0x00000000eab00000)
  object space 482304K, 94% used [0x00000000c0000000,0x00000000dbf31910,0x00000000dd700000)
 Metaspace       used 70938K, committed 72128K, reserved 1114112K
  class space    used 7252K, committed 7744K, reserved 1048576K
}
Event: 73.310 GC heap after
{Heap after GC invocations=1086 (full 28):
 PSYoungGen      total 8192K, used 2505K [0x00000000eab00000, 0x00000000eb880000, 0x0000000100000000)
  eden space 5632K, 0% used [0x00000000eab00000,0x00000000eab00000,0x00000000eb080000)
  from space 2560K, 97% used [0x00000000eb380000,0x00000000eb5f2590,0x00000000eb600000)
  to   space 3072K, 0% used [0x00000000eb080000,0x00000000eb080000,0x00000000eb380000)
 ParOldGen       total 482304K, used 459928K [0x00000000c0000000, 0x00000000dd700000, 0x00000000eab00000)
  object space 482304K, 95% used [0x00000000c0000000,0x00000000dc126270,0x00000000dd700000)
 Metaspace       used 70938K, committed 72128K, reserved 1114112K
  class space    used 7252K, committed 7744K, reserved 1048576K
}
Event: 73.315 GC heap before
{Heap before GC invocations=1087 (full 28):
 PSYoungGen      total 8192K, used 8066K [0x00000000eab00000, 0x00000000eb880000, 0x0000000100000000)
  eden space 5632K, 98% used [0x00000000eab00000,0x00000000eb06e3a8,0x00000000eb080000)
  from space 2560K, 97% used [0x00000000eb380000,0x00000000eb5f2590,0x00000000eb600000)
  to   space 3072K, 0% used [0x00000000eb080000,0x00000000eb080000,0x00000000eb380000)
 ParOldGen       total 482304K, used 459928K [0x00000000c0000000, 0x00000000dd700000, 0x00000000eab00000)
  object space 482304K, 95% used [0x00000000c0000000,0x00000000dc126270,0x00000000dd700000)
 Metaspace       used 70979K, committed 72192K, reserved 1114112K
  class space    used 7255K, committed 7744K, reserved 1048576K
}
Event: 73.317 GC heap after
{Heap after GC invocations=1087 (full 28):
 PSYoungGen      total 8704K, used 2416K [0x00000000eab00000, 0x00000000eb700000, 0x0000000100000000)
  eden space 5632K, 0% used [0x00000000eab00000,0x00000000eab00000,0x00000000eb080000)
  from space 3072K, 78% used [0x00000000eb080000,0x00000000eb2dc248,0x00000000eb380000)
  to   space 2560K, 0% used [0x00000000eb480000,0x00000000eb480000,0x00000000eb700000)
 ParOldGen       total 482304K, used 462299K [0x00000000c0000000, 0x00000000dd700000, 0x00000000eab00000)
  object space 482304K, 95% used [0x00000000c0000000,0x00000000dc376f20,0x00000000dd700000)
 Metaspace       used 70979K, committed 72192K, reserved 1114112K
  class space    used 7255K, committed 7744K, reserved 1048576K
}
Event: 73.327 GC heap before
{Heap before GC invocations=1088 (full 28):
 PSYoungGen      total 8704K, used 8048K [0x00000000eab00000, 0x00000000eb700000, 0x0000000100000000)
  eden space 5632K, 100% used [0x00000000eab00000,0x00000000eb080000,0x00000000eb080000)
  from space 3072K, 78% used [0x00000000eb080000,0x00000000eb2dc248,0x00000000eb380000)
  to   space 2560K, 0% used [0x00000000eb480000,0x00000000eb480000,0x00000000eb700000)
 ParOldGen       total 482304K, used 462299K [0x00000000c0000000, 0x00000000dd700000, 0x00000000eab00000)
  object space 482304K, 95% used [0x00000000c0000000,0x00000000dc376f20,0x00000000dd700000)
 Metaspace       used 71058K, committed 72256K, reserved 1114112K
  class space    used 7263K, committed 7744K, reserved 1048576K
}
Event: 73.330 GC heap after
{Heap after GC invocations=1088 (full 28):
 PSYoungGen      total 9728K, used 1944K [0x00000000eab00000, 0x00000000eb700000, 0x0000000100000000)
  eden space 7168K, 0% used [0x00000000eab00000,0x00000000eab00000,0x00000000eb200000)
  from space 2560K, 75% used [0x00000000eb480000,0x00000000eb6663b8,0x00000000eb700000)
  to   space 2560K, 0% used [0x00000000eb200000,0x00000000eb200000,0x00000000eb480000)
 ParOldGen       total 482304K, used 464508K [0x00000000c0000000, 0x00000000dd700000, 0x00000000eab00000)
  object space 482304K, 96% used [0x00000000c0000000,0x00000000dc59f188,0x00000000dd700000)
 Metaspace       used 71058K, committed 72256K, reserved 1114112K
  class space    used 7263K, committed 7744K, reserved 1048576K
}
Event: 73.345 GC heap before
{Heap before GC invocations=1089 (full 28):
 PSYoungGen      total 9728K, used 9112K [0x00000000eab00000, 0x00000000eb700000, 0x0000000100000000)
  eden space 7168K, 100% used [0x00000000eab00000,0x00000000eb200000,0x00000000eb200000)
  from space 2560K, 75% used [0x00000000eb480000,0x00000000eb6663b8,0x00000000eb700000)
  to   space 2560K, 0% used [0x00000000eb200000,0x00000000eb200000,0x00000000eb480000)
 ParOldGen       total 482304K, used 464508K [0x00000000c0000000, 0x00000000dd700000, 0x00000000eab00000)
  object space 482304K, 96% used [0x00000000c0000000,0x00000000dc59f188,0x00000000dd700000)
 Metaspace       used 71095K, committed 72320K, reserved 1114112K
  class space    used 7267K, committed 7744K, reserved 1048576K
}
Event: 73.348 GC heap after
{Heap after GC invocations=1089 (full 28):
 PSYoungGen      total 9728K, used 2551K [0x00000000eab00000, 0x00000000ebf80000, 0x0000000100000000)
  eden space 7168K, 0% used [0x00000000eab00000,0x00000000eab00000,0x00000000eb200000)
  from space 2560K, 99% used [0x00000000eb200000,0x00000000eb47dd30,0x00000000eb480000)
  to   space 6144K, 0% used [0x00000000eb980000,0x00000000eb980000,0x00000000ebf80000)
 ParOldGen       total 482304K, used 467262K [0x00000000c0000000, 0x00000000dd700000, 0x00000000eab00000)
  object space 482304K, 96% used [0x00000000c0000000,0x00000000dc84f830,0x00000000dd700000)
 Metaspace       used 71095K, committed 72320K, reserved 1114112K
  class space    used 7267K, committed 7744K, reserved 1048576K
}
Event: 73.509 GC heap before
{Heap before GC invocations=1090 (full 28):
 PSYoungGen      total 9728K, used 9455K [0x00000000eab00000, 0x00000000ebf80000, 0x0000000100000000)
  eden space 7168K, 96% used [0x00000000eab00000,0x00000000eb1bdf10,0x00000000eb200000)
  from space 2560K, 99% used [0x00000000eb200000,0x00000000eb47dd30,0x00000000eb480000)
  to   space 6144K, 0% used [0x00000000eb980000,0x00000000eb980000,0x00000000ebf80000)
 ParOldGen       total 482304K, used 467262K [0x00000000c0000000, 0x00000000dd700000, 0x00000000eab00000)
  object space 482304K, 96% used [0x00000000c0000000,0x00000000dc84f830,0x00000000dd700000)
 Metaspace       used 71129K, committed 72320K, reserved 1114112K
  class space    used 7267K, committed 7744K, reserved 1048576K
}
Event: 73.514 GC heap after
{Heap after GC invocations=1090 (full 28):
 PSYoungGen      total 10752K, used 1997K [0x00000000eab00000, 0x00000000ebb80000, 0x0000000100000000)
  eden space 8704K, 0% used [0x00000000eab00000,0x00000000eab00000,0x00000000eb380000)
  from space 2048K, 97% used [0x00000000eb980000,0x00000000ebb73680,0x00000000ebb80000)
  to   space 3584K, 0% used [0x00000000eb480000,0x00000000eb480000,0x00000000eb800000)
 ParOldGen       total 482304K, used 469694K [0x00000000c0000000, 0x00000000dd700000, 0x00000000eab00000)
  object space 482304K, 97% used [0x00000000c0000000,0x00000000dcaaf988,0x00000000dd700000)
 Metaspace       used 71129K, committed 72320K, reserved 1114112K
  class space    used 7267K, committed 7744K, reserved 1048576K
}
Event: 73.619 GC heap before
{Heap before GC invocations=1091 (full 28):
 PSYoungGen      total 10752K, used 9276K [0x00000000eab00000, 0x00000000ebb80000, 0x0000000100000000)
  eden space 8704K, 83% used [0x00000000eab00000,0x00000000eb21bb40,0x00000000eb380000)
  from space 2048K, 97% used [0x00000000eb980000,0x00000000ebb73680,0x00000000ebb80000)
  to   space 3584K, 0% used [0x00000000eb480000,0x00000000eb480000,0x00000000eb800000)
 ParOldGen       total 482304K, used 471609K [0x00000000c0000000, 0x00000000dd700000, 0x00000000eab00000)
  object space 482304K, 97% used [0x00000000c0000000,0x00000000dcc8e598,0x00000000dd700000)
 Metaspace       used 71341K, committed 72576K, reserved 1114112K
  class space    used 7283K, committed 7744K, reserved 1048576K
}
Event: 73.624 GC heap after
{Heap after GC invocations=1091 (full 28):
 PSYoungGen      total 12288K, used 3580K [0x00000000eab00000, 0x00000000ebe80000, 0x0000000100000000)
  eden space 8704K, 0% used [0x00000000eab00000,0x00000000eab00000,0x00000000eb380000)
  from space 3584K, 99% used [0x00000000eb480000,0x00000000eb7ff3b8,0x00000000eb800000)
  to   space 5632K, 0% used [0x00000000eb900000,0x00000000eb900000,0x00000000ebe80000)
 ParOldGen       total 482304K, used 472993K [0x00000000c0000000, 0x00000000dd700000, 0x00000000eab00000)
  object space 482304K, 98% used [0x00000000c0000000,0x00000000dcde85a8,0x00000000dd700000)
 Metaspace       used 71341K, committed 72576K, reserved 1114112K
  class space    used 7283K, committed 7744K, reserved 1048576K
}
Event: 73.752 GC heap before
{Heap before GC invocations=1092 (full 29):
 PSYoungGen      total 12288K, used 12284K [0x00000000eab00000, 0x00000000ebe80000, 0x0000000100000000)
  eden space 8704K, 100% used [0x00000000eab00000,0x00000000eb380000,0x00000000eb380000)
  from space 3584K, 99% used [0x00000000eb480000,0x00000000eb7ff3b8,0x00000000eb800000)
  to   space 5632K, 0% used [0x00000000eb900000,0x00000000eb900000,0x00000000ebe80000)
 ParOldGen       total 482304K, used 480658K [0x00000000c0000000, 0x00000000dd700000, 0x00000000eab00000)
  object space 482304K, 99% used [0x00000000c0000000,0x00000000dd5649d0,0x00000000dd700000)
 Metaspace       used 71644K, committed 72896K, reserved 1114112K
  class space    used 7300K, committed 7808K, reserved 1048576K
}
Event: 73.900 GC heap after
{Heap after GC invocations=1092 (full 29):
 PSYoungGen      total 14336K, used 0K [0x00000000eab00000, 0x00000000ec000000, 0x0000000100000000)
  eden space 8704K, 0% used [0x00000000eab00000,0x00000000eab00000,0x00000000eb380000)
  from space 5632K, 0% used [0x00000000eb900000,0x00000000eb900000,0x00000000ebe80000)
  to   space 5632K, 0% used [0x00000000eb380000,0x00000000eb380000,0x00000000eb900000)
 ParOldGen       total 525824K, used 481677K [0x00000000c0000000, 0x00000000e0180000, 0x00000000eab00000)
  object space 525824K, 91% used [0x00000000c0000000,0x00000000dd663570,0x00000000e0180000)
 Metaspace       used 71644K, committed 72896K, reserved 1114112K
  class space    used 7300K, committed 7808K, reserved 1048576K
}
Event: 74.049 GC heap before
{Heap before GC invocations=1093 (full 29):
 PSYoungGen      total 14336K, used 8679K [0x00000000eab00000, 0x00000000ec000000, 0x0000000100000000)
  eden space 8704K, 99% used [0x00000000eab00000,0x00000000eb379ec8,0x00000000eb380000)
  from space 5632K, 0% used [0x00000000eb900000,0x00000000eb900000,0x00000000ebe80000)
  to   space 5632K, 0% used [0x00000000eb380000,0x00000000eb380000,0x00000000eb900000)
 ParOldGen       total 525824K, used 519016K [0x00000000c0000000, 0x00000000e0180000, 0x00000000eab00000)
  object space 525824K, 98% used [0x00000000c0000000,0x00000000dfada0c0,0x00000000e0180000)
 Metaspace       used 71887K, committed 73152K, reserved 1114112K
  class space    used 7317K, committed 7808K, reserved 1048576K
}
Event: 74.055 GC heap after
{Heap after GC invocations=1093 (full 29):
 PSYoungGen      total 14336K, used 5235K [0x00000000eab00000, 0x00000000ebe80000, 0x0000000100000000)
  eden space 8704K, 0% used [0x00000000eab00000,0x00000000eab00000,0x00000000eb380000)
  from space 5632K, 92% used [0x00000000eb380000,0x00000000eb89cf70,0x00000000eb900000)
  to   space 5632K, 0% used [0x00000000eb900000,0x00000000eb900000,0x00000000ebe80000)
 ParOldGen       total 525824K, used 519016K [0x00000000c0000000, 0x00000000e0180000, 0x00000000eab00000)
  object space 525824K, 98% used [0x00000000c0000000,0x00000000dfada0c0,0x00000000e0180000)
 Metaspace       used 71887K, committed 73152K, reserved 1114112K
  class space    used 7317K, committed 7808K, reserved 1048576K
}
Event: 74.120 GC heap before
{Heap before GC invocations=1094 (full 29):
 PSYoungGen      total 14336K, used 13939K [0x00000000eab00000, 0x00000000ebe80000, 0x0000000100000000)
  eden space 8704K, 100% used [0x00000000eab00000,0x00000000eb380000,0x00000000eb380000)
  from space 5632K, 92% used [0x00000000eb380000,0x00000000eb89cf70,0x00000000eb900000)
  to   space 5632K, 0% used [0x00000000eb900000,0x00000000eb900000,0x00000000ebe80000)
 ParOldGen       total 525824K, used 519016K [0x00000000c0000000, 0x00000000e0180000, 0x00000000eab00000)
  object space 525824K, 98% used [0x00000000c0000000,0x00000000dfada0c0,0x00000000e0180000)
 Metaspace       used 71915K, committed 73152K, reserved 1114112K
  class space    used 7319K, committed 7808K, reserved 1048576K
}
Event: 74.127 GC heap after
{Heap after GC invocations=1094 (full 29):
 PSYoungGen      total 7168K, used 5600K [0x00000000eab00000, 0x00000000ecc80000, 0x0000000100000000)
  eden space 1536K, 0% used [0x00000000eab00000,0x00000000eab00000,0x00000000eac80000)
  from space 5632K, 99% used [0x00000000eb900000,0x00000000ebe78180,0x00000000ebe80000)
  to   space 12800K, 0% used [0x00000000eac80000,0x00000000eac80000,0x00000000eb900000)
 ParOldGen       total 525824K, used 524910K [0x00000000c0000000, 0x00000000e0180000, 0x00000000eab00000)
  object space 525824K, 99% used [0x00000000c0000000,0x00000000e009ba70,0x00000000e0180000)
 Metaspace       used 71915K, committed 73152K, reserved 1114112K
  class space    used 7319K, committed 7808K, reserved 1048576K
}
Event: 74.127 GC heap before
{Heap before GC invocations=1095 (full 30):
 PSYoungGen      total 7168K, used 5600K [0x00000000eab00000, 0x00000000ecc80000, 0x0000000100000000)
  eden space 1536K, 0% used [0x00000000eab00000,0x00000000eab00000,0x00000000eac80000)
  from space 5632K, 99% used [0x00000000eb900000,0x00000000ebe78180,0x00000000ebe80000)
  to   space 12800K, 0% used [0x00000000eac80000,0x00000000eac80000,0x00000000eb900000)
 ParOldGen       total 525824K, used 524910K [0x00000000c0000000, 0x00000000e0180000, 0x00000000eab00000)
  object space 525824K, 99% used [0x00000000c0000000,0x00000000e009ba70,0x00000000e0180000)
 Metaspace       used 71915K, committed 73152K, reserved 1114112K
  class space    used 7319K, committed 7808K, reserved 1048576K
}

