# JRE version: Java(TM) SE Runtime Environment (17.0.9+11) (build 17.0.9+11-LTS-201)
# Java VM: Java HotSpot(TM) 64-Bit Server VM (17.0.9+11-LTS-201, mixed mode, sharing, tiered, compressed oops, compressed class ptrs, g1 gc, windows-amd64)
GC Precious Log:
 CPUs: 8 total, 8 available
 Memory: 32674M
 Large Page Support: Disabled
 NUMA Support: Disabled
 Compressed Oops: Enabled (32-bit)
 Heap Region Size: 1M
 Heap Min Capacity: 256M
 Heap Initial Capacity: 256M
 Heap Max Capacity: 512M
 Pre-touch: Disabled
 Parallel Workers: 8
 Concurrent Workers: 2
 Concurrent Refinement Workers: 8
 Periodic GC: Disabled
Heap:
 garbage-first heap   total 262144K, used 162840K [0x00000000e0000000, 0x0000000100000000)
  region size 1024K, 117 young (119808K), 6 survivors (6144K)
 Metaspace       used 59547K, committed 60096K, reserved 393216K
  class space    used 8315K, committed 8640K, reserved 327680K
GC Heap History (13 events):
Event: 1.381 GC heap before
{Heap before GC invocations=0 (full 0):
 garbage-first heap   total 262144K, used 26624K [0x00000000e0000000, 0x0000000100000000)
  region size 1024K, 23 young (23552K), 0 survivors (0K)
 Metaspace       used 3091K, committed 3200K, reserved 393216K
  class space    used 396K, committed 448K, reserved 327680K
}
Event: 1.430 GC heap after
{Heap after GC invocations=1 (full 0):
 garbage-first heap   total 262144K, used 10651K [0x00000000e0000000, 0x0000000100000000)
  region size 1024K, 3 young (3072K), 3 survivors (3072K)
 Metaspace       used 3091K, committed 3200K, reserved 393216K
  class space    used 396K, committed 448K, reserved 327680K
}
Event: 2.338 GC heap before
{Heap before GC invocations=1 (full 0):
 garbage-first heap   total 262144K, used 36251K [0x00000000e0000000, 0x0000000100000000)
  region size 1024K, 28 young (28672K), 3 survivors (3072K)
 Metaspace       used 4032K, committed 4160K, reserved 393216K
  class space    used 497K, committed 576K, reserved 327680K
}
Event: 2.341 GC heap after
{Heap after GC invocations=2 (full 0):
 garbage-first heap   total 262144K, used 11704K [0x00000000e0000000, 0x0000000100000000)
  region size 1024K, 1 young (1024K), 1 survivors (1024K)
 Metaspace       used 4032K, committed 4160K, reserved 393216K
  class space    used 497K, committed 576K, reserved 327680K
}
Event: 6.478 GC heap before
{Heap before GC invocations=2 (full 0):
 garbage-first heap   total 262144K, used 132536K [0x00000000e0000000, 0x0000000100000000)
  region size 1024K, 119 young (121856K), 1 survivors (1024K)
 Metaspace       used 21186K, committed 21504K, reserved 393216K
  class space    used 3109K, committed 3264K, reserved 327680K
}
Event: 6.485 GC heap after
{Heap after GC invocations=3 (full 0):
 garbage-first heap   total 262144K, used 22833K [0x00000000e0000000, 0x0000000100000000)
  region size 1024K, 12 young (12288K), 12 survivors (12288K)
 Metaspace       used 21186K, committed 21504K, reserved 393216K
  class space    used 3109K, committed 3264K, reserved 327680K
}
Event: 9.612 GC heap before
{Heap before GC invocations=4 (full 0):
 garbage-first heap   total 262144K, used 132401K [0x00000000e0000000, 0x0000000100000000)
  region size 1024K, 116 young (118784K), 12 survivors (12288K)
 Metaspace       used 35655K, committed 35968K, reserved 393216K
  class space    used 4999K, committed 5120K, reserved 327680K
}
Event: 9.624 GC heap after
{Heap after GC invocations=5 (full 0):
 garbage-first heap   total 262144K, used 31090K [0x00000000e0000000, 0x0000000100000000)
  region size 1024K, 9 young (9216K), 9 survivors (9216K)
 Metaspace       used 35655K, committed 35968K, reserved 393216K
  class space    used 4999K, committed 5120K, reserved 327680K
}
Event: 14.840 GC heap before
{Heap before GC invocations=6 (full 0):
 garbage-first heap   total 262144K, used 180594K [0x00000000e0000000, 0x0000000100000000)
  region size 1024K, 153 young (156672K), 9 survivors (9216K)
 Metaspace       used 48167K, committed 48640K, reserved 393216K
  class space    used 6724K, committed 6912K, reserved 327680K
}
Event: 14.852 GC heap after
{Heap after GC invocations=7 (full 0):
 garbage-first heap   total 262144K, used 37786K [0x00000000e0000000, 0x0000000100000000)
  region size 1024K, 15 young (15360K), 15 survivors (15360K)
 Metaspace       used 48167K, committed 48640K, reserved 393216K
  class space    used 6724K, committed 6912K, reserved 327680K
}
Event: 22.157 GC heap before
{Heap before GC invocations=7 (full 0):
 garbage-first heap   total 262144K, used 178074K [0x00000000e0000000, 0x0000000100000000)
  region size 1024K, 153 young (156672K), 15 survivors (15360K)
 Metaspace       used 57581K, committed 58112K, reserved 393216K
  class space    used 8148K, committed 8384K, reserved 327680K
}
Event: 22.169 GC heap after
{Heap after GC invocations=8 (full 0):
 garbage-first heap   total 262144K, used 49686K [0x00000000e0000000, 0x0000000100000000)
  region size 1024K, 20 young (20480K), 20 survivors (20480K)
 Metaspace       used 57581K, committed 58112K, reserved 393216K
  class space    used 8148K, committed 8384K, reserved 327680K
}
Event: 23.177 GC heap before
{Heap before GC invocations=8 (full 0):
 garbage-first heap   total 262144K, used 162326K [0x00000000e0000000, 0x0000000100000000)
  region size 1024K, 131 young (134144K), 20 survivors (20480K)
 Metaspace       used 59547K, committed 60096K, reserved 393216K
  class space    used 8315K, committed 8640K, reserved 327680K
}

