# JRE version: OpenJDK Runtime Environment Temurin-17.0.10+7 (17.0.10+7) (build 17.0.10+7)
# Java VM: OpenJDK 64-Bit Server VM Temurin-17.0.10+7 (17.0.10+7, mixed mode, tiered, compressed oops, compressed class ptrs, parallel gc, windows-amd64)
GC Precious Log:
 CPUs: 8 total, 8 available
 Memory: 32674M
 Large Page Support: Disabled
 NUMA Support: Disabled
 Compressed Oops: Enabled (32-bit)
 Alignments: Space 512K, Generation 512K, Heap 2M
 Heap Min Capacity: 100M
 Heap Initial Capacity: 100M
 Heap Max Capacity: 1G
 Pre-touch: Disabled
 Parallel Workers: 8
Heap:
 PSYoungGen      total 35328K, used 32692K [0x00000000eab00000, 0x00000000ed780000, 0x0000000100000000)
  eden space 27648K, 100% used [0x00000000eab00000,0x00000000ec600000,0x00000000ec600000)
  from space 7680K, 65% used [0x00000000ece80000,0x00000000ed36d3d8,0x00000000ed600000)
  to   space 8704K, 99% used [0x00000000ec600000,0x00000000ece7e050,0x00000000ece80000)
 ParOldGen       total 471040K, used 418230K [0x00000000c0000000, 0x00000000dcc00000, 0x00000000eab00000)
  object space 471040K, 88% used [0x00000000c0000000,0x00000000d986d848,0x00000000dcc00000)
 Metaspace       used 62497K, committed 63488K, reserved 1114112K
  class space    used 6624K, committed 7040K, reserved 1048576K
GC Heap History (20 events):
Event: 100.159 GC heap after
{Heap after GC invocations=1361 (full 24):
 PSYoungGen      total 17920K, used 2771K [0x00000000eab00000, 0x00000000ec280000, 0x0000000100000000)
  eden space 14848K, 0% used [0x00000000eab00000,0x00000000eab00000,0x00000000eb980000)
  from space 3072K, 90% used [0x00000000ebf80000,0x00000000ec234e30,0x00000000ec280000)
  to   space 4096K, 0% used [0x00000000eba80000,0x00000000eba80000,0x00000000ebe80000)
 ParOldGen       total 411136K, used 379173K [0x00000000c0000000, 0x00000000d9180000, 0x00000000eab00000)
  object space 411136K, 92% used [0x00000000c0000000,0x00000000d72495d0,0x00000000d9180000)
 Metaspace       used 62497K, committed 63488K, reserved 1114112K
  class space    used 6624K, committed 7040K, reserved 1048576K
}
Event: 100.187 GC heap before
{Heap before GC invocations=1362 (full 24):
 PSYoungGen      total 17920K, used 17619K [0x00000000eab00000, 0x00000000ec280000, 0x0000000100000000)
  eden space 14848K, 100% used [0x00000000eab00000,0x00000000eb980000,0x00000000eb980000)
  from space 3072K, 90% used [0x00000000ebf80000,0x00000000ec234e30,0x00000000ec280000)
  to   space 4096K, 0% used [0x00000000eba80000,0x00000000eba80000,0x00000000ebe80000)
 ParOldGen       total 411136K, used 379173K [0x00000000c0000000, 0x00000000d9180000, 0x00000000eab00000)
  object space 411136K, 92% used [0x00000000c0000000,0x00000000d72495d0,0x00000000d9180000)
 Metaspace       used 62497K, committed 63488K, reserved 1114112K
  class space    used 6624K, committed 7040K, reserved 1048576K
}
Event: 100.189 GC heap after
{Heap after GC invocations=1362 (full 24):
 PSYoungGen      total 19968K, used 4082K [0x00000000eab00000, 0x00000000ec800000, 0x0000000100000000)
  eden space 15872K, 0% used [0x00000000eab00000,0x00000000eab00000,0x00000000eba80000)
  from space 4096K, 99% used [0x00000000eba80000,0x00000000ebe7cb60,0x00000000ebe80000)
  to   space 6656K, 0% used [0x00000000ec180000,0x00000000ec180000,0x00000000ec800000)
 ParOldGen       total 411136K, used 380901K [0x00000000c0000000, 0x00000000d9180000, 0x00000000eab00000)
  object space 411136K, 92% used [0x00000000c0000000,0x00000000d73f9630,0x00000000d9180000)
 Metaspace       used 62497K, committed 63488K, reserved 1114112K
  class space    used 6624K, committed 7040K, reserved 1048576K
}
Event: 100.220 GC heap before
{Heap before GC invocations=1363 (full 24):
 PSYoungGen      total 19968K, used 19954K [0x00000000eab00000, 0x00000000ec800000, 0x0000000100000000)
  eden space 15872K, 100% used [0x00000000eab00000,0x00000000eba80000,0x00000000eba80000)
  from space 4096K, 99% used [0x00000000eba80000,0x00000000ebe7cb60,0x00000000ebe80000)
  to   space 6656K, 0% used [0x00000000ec180000,0x00000000ec180000,0x00000000ec800000)
 ParOldGen       total 411136K, used 380901K [0x00000000c0000000, 0x00000000d9180000, 0x00000000eab00000)
  object space 411136K, 92% used [0x00000000c0000000,0x00000000d73f9630,0x00000000d9180000)
 Metaspace       used 62497K, committed 63488K, reserved 1114112K
  class space    used 6624K, committed 7040K, reserved 1048576K
}
Event: 100.222 GC heap after
{Heap after GC invocations=1363 (full 24):
 PSYoungGen      total 21504K, used 3753K [0x00000000eab00000, 0x00000000ec580000, 0x0000000100000000)
  eden space 17408K, 0% used [0x00000000eab00000,0x00000000eab00000,0x00000000ebc00000)
  from space 4096K, 91% used [0x00000000ec180000,0x00000000ec52a5d0,0x00000000ec580000)
  to   space 4608K, 0% used [0x00000000ebc80000,0x00000000ebc80000,0x00000000ec100000)
 ParOldGen       total 411136K, used 384916K [0x00000000c0000000, 0x00000000d9180000, 0x00000000eab00000)
  object space 411136K, 93% used [0x00000000c0000000,0x00000000d77e5148,0x00000000d9180000)
 Metaspace       used 62497K, committed 63488K, reserved 1114112K
  class space    used 6624K, committed 7040K, reserved 1048576K
}
Event: 100.258 GC heap before
{Heap before GC invocations=1364 (full 24):
 PSYoungGen      total 21504K, used 21161K [0x00000000eab00000, 0x00000000ec580000, 0x0000000100000000)
  eden space 17408K, 100% used [0x00000000eab00000,0x00000000ebc00000,0x00000000ebc00000)
  from space 4096K, 91% used [0x00000000ec180000,0x00000000ec52a5d0,0x00000000ec580000)
  to   space 4608K, 0% used [0x00000000ebc80000,0x00000000ebc80000,0x00000000ec100000)
 ParOldGen       total 411136K, used 384916K [0x00000000c0000000, 0x00000000d9180000, 0x00000000eab00000)
  object space 411136K, 93% used [0x00000000c0000000,0x00000000d77e5148,0x00000000d9180000)
 Metaspace       used 62497K, committed 63488K, reserved 1114112K
  class space    used 6624K, committed 7040K, reserved 1048576K
}
Event: 100.260 GC heap after
{Heap after GC invocations=1364 (full 24):
 PSYoungGen      total 22528K, used 4604K [0x00000000eab00000, 0x00000000ecd80000, 0x0000000100000000)
  eden space 17920K, 0% used [0x00000000eab00000,0x00000000eab00000,0x00000000ebc80000)
  from space 4608K, 99% used [0x00000000ebc80000,0x00000000ec0ff2c8,0x00000000ec100000)
  to   space 8192K, 0% used [0x00000000ec580000,0x00000000ec580000,0x00000000ecd80000)
 ParOldGen       total 411136K, used 387827K [0x00000000c0000000, 0x00000000d9180000, 0x00000000eab00000)
  object space 411136K, 94% used [0x00000000c0000000,0x00000000d7abcdb8,0x00000000d9180000)
 Metaspace       used 62497K, committed 63488K, reserved 1114112K
  class space    used 6624K, committed 7040K, reserved 1048576K
}
Event: 100.305 GC heap before
{Heap before GC invocations=1365 (full 24):
 PSYoungGen      total 22528K, used 22524K [0x00000000eab00000, 0x00000000ecd80000, 0x0000000100000000)
  eden space 17920K, 100% used [0x00000000eab00000,0x00000000ebc80000,0x00000000ebc80000)
  from space 4608K, 99% used [0x00000000ebc80000,0x00000000ec0ff2c8,0x00000000ec100000)
  to   space 8192K, 0% used [0x00000000ec580000,0x00000000ec580000,0x00000000ecd80000)
 ParOldGen       total 411136K, used 387827K [0x00000000c0000000, 0x00000000d9180000, 0x00000000eab00000)
  object space 411136K, 94% used [0x00000000c0000000,0x00000000d7abcdb8,0x00000000d9180000)
 Metaspace       used 62497K, committed 63488K, reserved 1114112K
  class space    used 6624K, committed 7040K, reserved 1048576K
}
Event: 100.309 GC heap after
{Heap after GC invocations=1365 (full 24):
 PSYoungGen      total 23552K, used 3974K [0x00000000eab00000, 0x00000000ec980000, 0x0000000100000000)
  eden space 19456K, 0% used [0x00000000eab00000,0x00000000eab00000,0x00000000ebe00000)
  from space 4096K, 97% used [0x00000000ec580000,0x00000000ec9618c0,0x00000000ec980000)
  to   space 5632K, 0% used [0x00000000ebe80000,0x00000000ebe80000,0x00000000ec400000)
 ParOldGen       total 411136K, used 392357K [0x00000000c0000000, 0x00000000d9180000, 0x00000000eab00000)
  object space 411136K, 95% used [0x00000000c0000000,0x00000000d7f29710,0x00000000d9180000)
 Metaspace       used 62497K, committed 63488K, reserved 1114112K
  class space    used 6624K, committed 7040K, reserved 1048576K
}
Event: 100.349 GC heap before
{Heap before GC invocations=1366 (full 24):
 PSYoungGen      total 23552K, used 23430K [0x00000000eab00000, 0x00000000ec980000, 0x0000000100000000)
  eden space 19456K, 100% used [0x00000000eab00000,0x00000000ebe00000,0x00000000ebe00000)
  from space 4096K, 97% used [0x00000000ec580000,0x00000000ec9618c0,0x00000000ec980000)
  to   space 5632K, 0% used [0x00000000ebe80000,0x00000000ebe80000,0x00000000ec400000)
 ParOldGen       total 411136K, used 392357K [0x00000000c0000000, 0x00000000d9180000, 0x00000000eab00000)
  object space 411136K, 95% used [0x00000000c0000000,0x00000000d7f29710,0x00000000d9180000)
 Metaspace       used 62497K, committed 63488K, reserved 1114112K
  class space    used 6624K, committed 7040K, reserved 1048576K
}
Event: 100.353 GC heap after
{Heap after GC invocations=1366 (full 24):
 PSYoungGen      total 25600K, used 5629K [0x00000000eab00000, 0x00000000ed200000, 0x0000000100000000)
  eden space 19968K, 0% used [0x00000000eab00000,0x00000000eab00000,0x00000000ebe80000)
  from space 5632K, 99% used [0x00000000ebe80000,0x00000000ec3ff788,0x00000000ec400000)
  to   space 9216K, 0% used [0x00000000ec900000,0x00000000ec900000,0x00000000ed200000)
 ParOldGen       total 411136K, used 395049K [0x00000000c0000000, 0x00000000d9180000, 0x00000000eab00000)
  object space 411136K, 96% used [0x00000000c0000000,0x00000000d81ca5a8,0x00000000d9180000)
 Metaspace       used 62497K, committed 63488K, reserved 1114112K
  class space    used 6624K, committed 7040K, reserved 1048576K
}
Event: 100.385 GC heap before
{Heap before GC invocations=1367 (full 24):
 PSYoungGen      total 25600K, used 25597K [0x00000000eab00000, 0x00000000ed200000, 0x0000000100000000)
  eden space 19968K, 100% used [0x00000000eab00000,0x00000000ebe80000,0x00000000ebe80000)
  from space 5632K, 99% used [0x00000000ebe80000,0x00000000ec3ff788,0x00000000ec400000)
  to   space 9216K, 0% used [0x00000000ec900000,0x00000000ec900000,0x00000000ed200000)
 ParOldGen       total 411136K, used 395049K [0x00000000c0000000, 0x00000000d9180000, 0x00000000eab00000)
  object space 411136K, 96% used [0x00000000c0000000,0x00000000d81ca5a8,0x00000000d9180000)
 Metaspace       used 62497K, committed 63488K, reserved 1114112K
  class space    used 6624K, committed 7040K, reserved 1048576K
}
Event: 100.388 GC heap after
{Heap after GC invocations=1367 (full 24):
 PSYoungGen      total 27648K, used 5325K [0x00000000eab00000, 0x00000000ece80000, 0x0000000100000000)
  eden space 22016K, 0% used [0x00000000eab00000,0x00000000eab00000,0x00000000ec080000)
  from space 5632K, 94% used [0x00000000ec900000,0x00000000ece33588,0x00000000ece80000)
  to   space 6656K, 0% used [0x00000000ec180000,0x00000000ec180000,0x00000000ec800000)
 ParOldGen       total 411136K, used 400582K [0x00000000c0000000, 0x00000000d9180000, 0x00000000eab00000)
  object space 411136K, 97% used [0x00000000c0000000,0x00000000d8731a50,0x00000000d9180000)
 Metaspace       used 62497K, committed 63488K, reserved 1114112K
  class space    used 6624K, committed 7040K, reserved 1048576K
}
Event: 100.430 GC heap before
{Heap before GC invocations=1368 (full 24):
 PSYoungGen      total 27648K, used 27341K [0x00000000eab00000, 0x00000000ece80000, 0x0000000100000000)
  eden space 22016K, 100% used [0x00000000eab00000,0x00000000ec080000,0x00000000ec080000)
  from space 5632K, 94% used [0x00000000ec900000,0x00000000ece33588,0x00000000ece80000)
  to   space 6656K, 0% used [0x00000000ec180000,0x00000000ec180000,0x00000000ec800000)
 ParOldGen       total 411136K, used 400582K [0x00000000c0000000, 0x00000000d9180000, 0x00000000eab00000)
  object space 411136K, 97% used [0x00000000c0000000,0x00000000d8731a50,0x00000000d9180000)
 Metaspace       used 62497K, committed 63488K, reserved 1114112K
  class space    used 6624K, committed 7040K, reserved 1048576K
}
Event: 100.435 GC heap after
{Heap after GC invocations=1368 (full 24):
 PSYoungGen      total 29696K, used 6637K [0x00000000eab00000, 0x00000000eda80000, 0x0000000100000000)
  eden space 23040K, 0% used [0x00000000eab00000,0x00000000eab00000,0x00000000ec180000)
  from space 6656K, 99% used [0x00000000ec180000,0x00000000ec7fb7a0,0x00000000ec800000)
  to   space 12288K, 0% used [0x00000000ece80000,0x00000000ece80000,0x00000000eda80000)
 ParOldGen       total 411136K, used 404959K [0x00000000c0000000, 0x00000000d9180000, 0x00000000eab00000)
  object space 411136K, 98% used [0x00000000c0000000,0x00000000d8b77e20,0x00000000d9180000)
 Metaspace       used 62497K, committed 63488K, reserved 1114112K
  class space    used 6624K, committed 7040K, reserved 1048576K
}
Event: 100.453 GC heap before
{Heap before GC invocations=1369 (full 24):
 PSYoungGen      total 29696K, used 29677K [0x00000000eab00000, 0x00000000eda80000, 0x0000000100000000)
  eden space 23040K, 100% used [0x00000000eab00000,0x00000000ec180000,0x00000000ec180000)
  from space 6656K, 99% used [0x00000000ec180000,0x00000000ec7fb7a0,0x00000000ec800000)
  to   space 12288K, 0% used [0x00000000ece80000,0x00000000ece80000,0x00000000eda80000)
 ParOldGen       total 411136K, used 404959K [0x00000000c0000000, 0x00000000d9180000, 0x00000000eab00000)
  object space 411136K, 98% used [0x00000000c0000000,0x00000000d8b77e20,0x00000000d9180000)
 Metaspace       used 62497K, committed 63488K, reserved 1114112K
  class space    used 6624K, committed 7040K, reserved 1048576K
}
Event: 100.457 GC heap after
{Heap after GC invocations=1369 (full 24):
 PSYoungGen      total 33280K, used 7393K [0x00000000eab00000, 0x00000000ed600000, 0x0000000100000000)
  eden space 25600K, 0% used [0x00000000eab00000,0x00000000eab00000,0x00000000ec400000)
  from space 7680K, 96% used [0x00000000ece80000,0x00000000ed5b8548,0x00000000ed600000)
  to   space 8704K, 0% used [0x00000000ec500000,0x00000000ec500000,0x00000000ecd80000)
 ParOldGen       total 411648K, used 411481K [0x00000000c0000000, 0x00000000d9200000, 0x00000000eab00000)
  object space 411648K, 99% used [0x00000000c0000000,0x00000000d91d66d0,0x00000000d9200000)
 Metaspace       used 62497K, committed 63488K, reserved 1114112K
  class space    used 6624K, committed 7040K, reserved 1048576K
}
Event: 100.457 GC heap before
{Heap before GC invocations=1370 (full 25):
 PSYoungGen      total 33280K, used 7393K [0x00000000eab00000, 0x00000000ed600000, 0x0000000100000000)
  eden space 25600K, 0% used [0x00000000eab00000,0x00000000eab00000,0x00000000ec400000)
  from space 7680K, 96% used [0x00000000ece80000,0x00000000ed5b8548,0x00000000ed600000)
  to   space 8704K, 0% used [0x00000000ec500000,0x00000000ec500000,0x00000000ecd80000)
 ParOldGen       total 411648K, used 411481K [0x00000000c0000000, 0x00000000d9200000, 0x00000000eab00000)
  object space 411648K, 99% used [0x00000000c0000000,0x00000000d91d66d0,0x00000000d9200000)
 Metaspace       used 62497K, committed 63488K, reserved 1114112K
  class space    used 6624K, committed 7040K, reserved 1048576K
}
Event: 100.669 GC heap after
{Heap after GC invocations=1370 (full 25):
 PSYoungGen      total 35328K, used 5044K [0x00000000eab00000, 0x00000000ed780000, 0x0000000100000000)
  eden space 27648K, 0% used [0x00000000eab00000,0x00000000eab00000,0x00000000ec600000)
  from space 7680K, 65% used [0x00000000ece80000,0x00000000ed36d3d8,0x00000000ed600000)
  to   space 8704K, 0% used [0x00000000ec600000,0x00000000ec600000,0x00000000ece80000)
 ParOldGen       total 471040K, used 411238K [0x00000000c0000000, 0x00000000dcc00000, 0x00000000eab00000)
  object space 471040K, 87% used [0x00000000c0000000,0x00000000d9199b48,0x00000000dcc00000)
 Metaspace       used 62497K, committed 63488K, reserved 1114112K
  class space    used 6624K, committed 7040K, reserved 1048576K
}
Event: 100.688 GC heap before
{Heap before GC invocations=1371 (full 25):
 PSYoungGen      total 35328K, used 32692K [0x00000000eab00000, 0x00000000ed780000, 0x0000000100000000)
  eden space 27648K, 100% used [0x00000000eab00000,0x00000000ec600000,0x00000000ec600000)
  from space 7680K, 65% used [0x00000000ece80000,0x00000000ed36d3d8,0x00000000ed600000)
  to   space 8704K, 0% used [0x00000000ec600000,0x00000000ec600000,0x00000000ece80000)
 ParOldGen       total 471040K, used 411238K [0x00000000c0000000, 0x00000000dcc00000, 0x00000000eab00000)
  object space 471040K, 87% used [0x00000000c0000000,0x00000000d9199b48,0x00000000dcc00000)
 Metaspace       used 62497K, committed 63488K, reserved 1114112K
  class space    used 6624K, committed 7040K, reserved 1048576K
}

