# JRE version: Java(TM) SE Runtime Environment (17.0.9+11) (build 17.0.9+11-LTS-201)
# Java VM: Java HotSpot(TM) 64-Bit Server VM (17.0.9+11-LTS-201, mixed mode, sharing, tiered, compressed oops, compressed class ptrs, g1 gc, windows-amd64)
GC Precious Log:
 CPUs: 8 total, 8 available
 Memory: 32674M
 Large Page Support: Disabled
 NUMA Support: Disabled
 Compressed Oops: Enabled (32-bit)
 Heap Region Size: 1M
 Heap Min Capacity: 256M
 Heap Initial Capacity: 256M
 Heap Max Capacity: 512M
 Pre-touch: Disabled
 Parallel Workers: 8
 Concurrent Workers: 2
 Concurrent Refinement Workers: 8
 Periodic GC: Disabled
Heap:
 garbage-first heap   total 262144K, used 147264K [0x00000000e0000000, 0x0000000100000000)
  region size 1024K, 51 young (52224K), 5 survivors (5120K)
 Metaspace       used 69410K, committed 70016K, reserved 393216K
  class space    used 9213K, committed 9472K, reserved 327680K
GC Heap History (20 events):
Event: 3.595 GC heap before
{Heap before GC invocations=2 (full 0):
 garbage-first heap   total 262144K, used 130066K [0x00000000e0000000, 0x0000000100000000)
  region size 1024K, 117 young (119808K), 1 survivors (1024K)
 Metaspace       used 21221K, committed 21504K, reserved 393216K
  class space    used 3129K, committed 3264K, reserved 327680K
}
Event: 3.601 GC heap after
{Heap after GC invocations=3 (full 0):
 garbage-first heap   total 262144K, used 22488K [0x00000000e0000000, 0x0000000100000000)
  region size 1024K, 12 young (12288K), 12 survivors (12288K)
 Metaspace       used 21221K, committed 21504K, reserved 393216K
  class space    used 3129K, committed 3264K, reserved 327680K
}
Event: 5.038 GC heap before
{Heap before GC invocations=4 (full 0):
 garbage-first heap   total 262144K, used 143320K [0x00000000e0000000, 0x0000000100000000)
  region size 1024K, 127 young (130048K), 12 survivors (12288K)
 Metaspace       used 35536K, committed 35968K, reserved 393216K
  class space    used 4972K, committed 5184K, reserved 327680K
}
Event: 5.047 GC heap after
{Heap after GC invocations=5 (full 0):
 garbage-first heap   total 262144K, used 32066K [0x00000000e0000000, 0x0000000100000000)
  region size 1024K, 10 young (10240K), 10 survivors (10240K)
 Metaspace       used 35536K, committed 35968K, reserved 393216K
  class space    used 4972K, committed 5184K, reserved 327680K
}
Event: 6.780 GC heap before
{Heap before GC invocations=6 (full 0):
 garbage-first heap   total 262144K, used 179522K [0x00000000e0000000, 0x0000000100000000)
  region size 1024K, 153 young (156672K), 10 survivors (10240K)
 Metaspace       used 48301K, committed 48832K, reserved 393216K
  class space    used 6920K, committed 7168K, reserved 327680K
}
Event: 6.792 GC heap after
{Heap after GC invocations=7 (full 0):
 garbage-first heap   total 262144K, used 40944K [0x00000000e0000000, 0x0000000100000000)
  region size 1024K, 19 young (19456K), 19 survivors (19456K)
 Metaspace       used 48301K, committed 48832K, reserved 393216K
  class space    used 6920K, committed 7168K, reserved 327680K
}
Event: 8.325 GC heap before
{Heap before GC invocations=7 (full 0):
 garbage-first heap   total 262144K, used 177136K [0x00000000e0000000, 0x0000000100000000)
  region size 1024K, 153 young (156672K), 19 survivors (19456K)
 Metaspace       used 52753K, committed 53248K, reserved 393216K
  class space    used 7371K, committed 7616K, reserved 327680K
}
Event: 8.338 GC heap after
{Heap after GC invocations=8 (full 0):
 garbage-first heap   total 262144K, used 51686K [0x00000000e0000000, 0x0000000100000000)
  region size 1024K, 20 young (20480K), 20 survivors (20480K)
 Metaspace       used 52753K, committed 53248K, reserved 393216K
  class space    used 7371K, committed 7616K, reserved 327680K
}
Event: 18.089 GC heap before
{Heap before GC invocations=8 (full 0):
 garbage-first heap   total 262144K, used 186854K [0x00000000e0000000, 0x0000000100000000)
  region size 1024K, 153 young (156672K), 20 survivors (20480K)
 Metaspace       used 54620K, committed 55104K, reserved 393216K
  class space    used 7552K, committed 7808K, reserved 327680K
}
Event: 18.102 GC heap after
{Heap after GC invocations=9 (full 0):
 garbage-first heap   total 262144K, used 59740K [0x00000000e0000000, 0x0000000100000000)
  region size 1024K, 12 young (12288K), 12 survivors (12288K)
 Metaspace       used 54620K, committed 55104K, reserved 393216K
  class space    used 7552K, committed 7808K, reserved 327680K
}
Event: 275.631 GC heap before
{Heap before GC invocations=9 (full 0):
 garbage-first heap   total 262144K, used 197980K [0x00000000e0000000, 0x0000000100000000)
  region size 1024K, 148 young (151552K), 12 survivors (12288K)
 Metaspace       used 55682K, committed 56320K, reserved 393216K
  class space    used 7611K, committed 7936K, reserved 327680K
}
Event: 275.638 GC heap after
{Heap after GC invocations=10 (full 0):
 garbage-first heap   total 262144K, used 57661K [0x00000000e0000000, 0x0000000100000000)
  region size 1024K, 8 young (8192K), 8 survivors (8192K)
 Metaspace       used 55682K, committed 56320K, reserved 393216K
  class space    used 7611K, committed 7936K, reserved 327680K
}
Event: 276.512 GC heap before
{Heap before GC invocations=10 (full 0):
 garbage-first heap   total 262144K, used 169277K [0x00000000e0000000, 0x0000000100000000)
  region size 1024K, 119 young (121856K), 8 survivors (8192K)
 Metaspace       used 59490K, committed 60096K, reserved 393216K
  class space    used 8156K, committed 8448K, reserved 327680K
}
Event: 276.527 GC heap after
{Heap after GC invocations=11 (full 0):
 garbage-first heap   total 262144K, used 72912K [0x00000000e0000000, 0x0000000100000000)
  region size 1024K, 19 young (19456K), 19 survivors (19456K)
 Metaspace       used 59490K, committed 60096K, reserved 393216K
  class space    used 8156K, committed 8448K, reserved 327680K
}
Event: 279.053 GC heap before
{Heap before GC invocations=12 (full 0):
 garbage-first heap   total 262144K, used 198864K [0x00000000e0000000, 0x0000000100000000)
  region size 1024K, 140 young (143360K), 19 survivors (19456K)
 Metaspace       used 66440K, committed 67072K, reserved 393216K
  class space    used 8911K, committed 9216K, reserved 327680K
}
Event: 279.073 GC heap after
{Heap after GC invocations=13 (full 0):
 garbage-first heap   total 262144K, used 95882K [0x00000000e0000000, 0x0000000100000000)
  region size 1024K, 18 young (18432K), 18 survivors (18432K)
 Metaspace       used 66440K, committed 67072K, reserved 393216K
  class space    used 8911K, committed 9216K, reserved 327680K
}
Event: 279.080 GC heap before
{Heap before GC invocations=13 (full 0):
 garbage-first heap   total 262144K, used 96906K [0x00000000e0000000, 0x0000000100000000)
  region size 1024K, 19 young (19456K), 18 survivors (18432K)
 Metaspace       used 66461K, committed 67136K, reserved 393216K
  class space    used 8911K, committed 9216K, reserved 327680K
}
Event: 279.087 GC heap after
{Heap after GC invocations=14 (full 0):
 garbage-first heap   total 262144K, used 99557K [0x00000000e0000000, 0x0000000100000000)
  region size 1024K, 3 young (3072K), 3 survivors (3072K)
 Metaspace       used 66461K, committed 67136K, reserved 393216K
  class space    used 8911K, committed 9216K, reserved 327680K
}
Event: 279.782 GC heap before
{Heap before GC invocations=14 (full 0):
 garbage-first heap   total 262144K, used 198885K [0x00000000e0000000, 0x0000000100000000)
  region size 1024K, 100 young (102400K), 3 survivors (3072K)
 Metaspace       used 67757K, committed 68480K, reserved 393216K
  class space    used 9071K, committed 9408K, reserved 327680K
}
Event: 279.786 GC heap after
{Heap after GC invocations=15 (full 0):
 garbage-first heap   total 262144K, used 101184K [0x00000000e0000000, 0x0000000100000000)
  region size 1024K, 5 young (5120K), 5 survivors (5120K)
 Metaspace       used 67757K, committed 68480K, reserved 393216K
  class space    used 9071K, committed 9408K, reserved 327680K
}

