# JRE version: OpenJDK Runtime Environment Temurin-17.0.10+7 (17.0.10+7) (build 17.0.10+7)
# Java VM: OpenJDK 64-Bit Server VM Temurin-17.0.10+7 (17.0.10+7, mixed mode, tiered, compressed oops, compressed class ptrs, parallel gc, windows-amd64)
GC Precious Log:
 CPUs: 8 total, 8 available
 Memory: 32674M
 Large Page Support: Disabled
 NUMA Support: Disabled
 Compressed Oops: Enabled (32-bit)
 Alignments: Space 512K, Generation 512K, Heap 2M
 Heap Min Capacity: 100M
 Heap Initial Capacity: 100M
 Heap Max Capacity: 1G
 Pre-touch: Disabled
 Parallel Workers: 8
Heap:
 PSYoungGen      total 11264K, used 1999K [0x00000000eab00000, 0x00000000ebc80000, 0x0000000100000000)
  eden space 9216K, 0% used [0x00000000eab00000,0x00000000eab00000,0x00000000eb400000)
  from space 2048K, 97% used [0x00000000eb400000,0x00000000eb5f3e48,0x00000000eb600000)
  to   space 3584K, 0% used [0x00000000eb900000,0x00000000eb900000,0x00000000ebc80000)
 ParOldGen       total 196096K, used 195375K [0x00000000c0000000, 0x00000000cbf80000, 0x00000000eab00000)
  object space 196096K, 99% used [0x00000000c0000000,0x00000000cbecbd70,0x00000000cbf80000)
 Metaspace       used 55902K, committed 56960K, reserved 1114112K
  class space    used 5983K, committed 6400K, reserved 1048576K
GC Heap History (20 events):
Event: 8.120 GC heap after
{Heap after GC invocations=133 (full 7):
 PSYoungGen      total 10240K, used 3583K [0x00000000eab00000, 0x00000000ebb80000, 0x0000000100000000)
  eden space 6656K, 0% used [0x00000000eab00000,0x00000000eab00000,0x00000000eb180000)
  from space 3584K, 99% used [0x00000000eb600000,0x00000000eb97fc80,0x00000000eb980000)
  to   space 4608K, 0% used [0x00000000eb180000,0x00000000eb180000,0x00000000eb600000)
 ParOldGen       total 196096K, used 177509K [0x00000000c0000000, 0x00000000cbf80000, 0x00000000eab00000)
  object space 196096K, 90% used [0x00000000c0000000,0x00000000cad596f0,0x00000000cbf80000)
 Metaspace       used 55885K, committed 56960K, reserved 1114112K
  class space    used 5980K, committed 6400K, reserved 1048576K
}
Event: 8.131 GC heap before
{Heap before GC invocations=134 (full 7):
 PSYoungGen      total 10240K, used 10239K [0x00000000eab00000, 0x00000000ebb80000, 0x0000000100000000)
  eden space 6656K, 100% used [0x00000000eab00000,0x00000000eb180000,0x00000000eb180000)
  from space 3584K, 99% used [0x00000000eb600000,0x00000000eb97fc80,0x00000000eb980000)
  to   space 4608K, 0% used [0x00000000eb180000,0x00000000eb180000,0x00000000eb600000)
 ParOldGen       total 196096K, used 177509K [0x00000000c0000000, 0x00000000cbf80000, 0x00000000eab00000)
  object space 196096K, 90% used [0x00000000c0000000,0x00000000cad596f0,0x00000000cbf80000)
 Metaspace       used 55885K, committed 56960K, reserved 1114112K
  class space    used 5980K, committed 6400K, reserved 1048576K
}
Event: 8.134 GC heap after
{Heap after GC invocations=134 (full 7):
 PSYoungGen      total 11264K, used 2848K [0x00000000eab00000, 0x00000000eb980000, 0x0000000100000000)
  eden space 6656K, 0% used [0x00000000eab00000,0x00000000eab00000,0x00000000eb180000)
  from space 4608K, 61% used [0x00000000eb180000,0x00000000eb448180,0x00000000eb600000)
  to   space 3584K, 0% used [0x00000000eb600000,0x00000000eb600000,0x00000000eb980000)
 ParOldGen       total 196096K, used 179825K [0x00000000c0000000, 0x00000000cbf80000, 0x00000000eab00000)
  object space 196096K, 91% used [0x00000000c0000000,0x00000000caf9c638,0x00000000cbf80000)
 Metaspace       used 55885K, committed 56960K, reserved 1114112K
  class space    used 5980K, committed 6400K, reserved 1048576K
}
Event: 8.145 GC heap before
{Heap before GC invocations=135 (full 7):
 PSYoungGen      total 11264K, used 9504K [0x00000000eab00000, 0x00000000eb980000, 0x0000000100000000)
  eden space 6656K, 100% used [0x00000000eab00000,0x00000000eb180000,0x00000000eb180000)
  from space 4608K, 61% used [0x00000000eb180000,0x00000000eb448180,0x00000000eb600000)
  to   space 3584K, 0% used [0x00000000eb600000,0x00000000eb600000,0x00000000eb980000)
 ParOldGen       total 196096K, used 179825K [0x00000000c0000000, 0x00000000cbf80000, 0x00000000eab00000)
  object space 196096K, 91% used [0x00000000c0000000,0x00000000caf9c638,0x00000000cbf80000)
 Metaspace       used 55885K, committed 56960K, reserved 1114112K
  class space    used 5980K, committed 6400K, reserved 1048576K
}
Event: 8.147 GC heap after
{Heap after GC invocations=135 (full 7):
 PSYoungGen      total 11264K, used 3202K [0x00000000eab00000, 0x00000000eb980000, 0x0000000100000000)
  eden space 7680K, 0% used [0x00000000eab00000,0x00000000eab00000,0x00000000eb280000)
  from space 3584K, 89% used [0x00000000eb600000,0x00000000eb920bb8,0x00000000eb980000)
  to   space 3584K, 0% used [0x00000000eb280000,0x00000000eb280000,0x00000000eb600000)
 ParOldGen       total 196096K, used 181128K [0x00000000c0000000, 0x00000000cbf80000, 0x00000000eab00000)
  object space 196096K, 92% used [0x00000000c0000000,0x00000000cb0e21c0,0x00000000cbf80000)
 Metaspace       used 55885K, committed 56960K, reserved 1114112K
  class space    used 5980K, committed 6400K, reserved 1048576K
}
Event: 8.161 GC heap before
{Heap before GC invocations=136 (full 7):
 PSYoungGen      total 11264K, used 10872K [0x00000000eab00000, 0x00000000eb980000, 0x0000000100000000)
  eden space 7680K, 99% used [0x00000000eab00000,0x00000000eb27d568,0x00000000eb280000)
  from space 3584K, 89% used [0x00000000eb600000,0x00000000eb920bb8,0x00000000eb980000)
  to   space 3584K, 0% used [0x00000000eb280000,0x00000000eb280000,0x00000000eb600000)
 ParOldGen       total 196096K, used 181128K [0x00000000c0000000, 0x00000000cbf80000, 0x00000000eab00000)
  object space 196096K, 92% used [0x00000000c0000000,0x00000000cb0e21c0,0x00000000cbf80000)
 Metaspace       used 55885K, committed 56960K, reserved 1114112K
  class space    used 5980K, committed 6400K, reserved 1048576K
}
Event: 8.163 GC heap after
{Heap after GC invocations=136 (full 7):
 PSYoungGen      total 11264K, used 3345K [0x00000000eab00000, 0x00000000eba80000, 0x0000000100000000)
  eden space 7680K, 0% used [0x00000000eab00000,0x00000000eab00000,0x00000000eb280000)
  from space 3584K, 93% used [0x00000000eb280000,0x00000000eb5c44a0,0x00000000eb600000)
  to   space 3584K, 0% used [0x00000000eb700000,0x00000000eb700000,0x00000000eba80000)
 ParOldGen       total 196096K, used 182591K [0x00000000c0000000, 0x00000000cbf80000, 0x00000000eab00000)
  object space 196096K, 93% used [0x00000000c0000000,0x00000000cb24fdb8,0x00000000cbf80000)
 Metaspace       used 55885K, committed 56960K, reserved 1114112K
  class space    used 5980K, committed 6400K, reserved 1048576K
}
Event: 8.180 GC heap before
{Heap before GC invocations=137 (full 7):
 PSYoungGen      total 11264K, used 11025K [0x00000000eab00000, 0x00000000eba80000, 0x0000000100000000)
  eden space 7680K, 100% used [0x00000000eab00000,0x00000000eb280000,0x00000000eb280000)
  from space 3584K, 93% used [0x00000000eb280000,0x00000000eb5c44a0,0x00000000eb600000)
  to   space 3584K, 0% used [0x00000000eb700000,0x00000000eb700000,0x00000000eba80000)
 ParOldGen       total 196096K, used 182591K [0x00000000c0000000, 0x00000000cbf80000, 0x00000000eab00000)
  object space 196096K, 93% used [0x00000000c0000000,0x00000000cb24fdb8,0x00000000cbf80000)
 Metaspace       used 55885K, committed 56960K, reserved 1114112K
  class space    used 5980K, committed 6400K, reserved 1048576K
}
Event: 8.182 GC heap after
{Heap after GC invocations=137 (full 7):
 PSYoungGen      total 12288K, used 3461K [0x00000000eab00000, 0x00000000eba80000, 0x0000000100000000)
  eden space 8704K, 0% used [0x00000000eab00000,0x00000000eab00000,0x00000000eb380000)
  from space 3584K, 96% used [0x00000000eb700000,0x00000000eba617a8,0x00000000eba80000)
  to   space 3584K, 0% used [0x00000000eb380000,0x00000000eb380000,0x00000000eb700000)
 ParOldGen       total 196096K, used 184148K [0x00000000c0000000, 0x00000000cbf80000, 0x00000000eab00000)
  object space 196096K, 93% used [0x00000000c0000000,0x00000000cb3d5208,0x00000000cbf80000)
 Metaspace       used 55885K, committed 56960K, reserved 1114112K
  class space    used 5980K, committed 6400K, reserved 1048576K
}
Event: 8.199 GC heap before
{Heap before GC invocations=138 (full 7):
 PSYoungGen      total 12288K, used 12165K [0x00000000eab00000, 0x00000000eba80000, 0x0000000100000000)
  eden space 8704K, 100% used [0x00000000eab00000,0x00000000eb380000,0x00000000eb380000)
  from space 3584K, 96% used [0x00000000eb700000,0x00000000eba617a8,0x00000000eba80000)
  to   space 3584K, 0% used [0x00000000eb380000,0x00000000eb380000,0x00000000eb700000)
 ParOldGen       total 196096K, used 184148K [0x00000000c0000000, 0x00000000cbf80000, 0x00000000eab00000)
  object space 196096K, 93% used [0x00000000c0000000,0x00000000cb3d5208,0x00000000cbf80000)
 Metaspace       used 55885K, committed 56960K, reserved 1114112K
  class space    used 5980K, committed 6400K, reserved 1048576K
}
Event: 8.202 GC heap after
{Heap after GC invocations=138 (full 7):
 PSYoungGen      total 12288K, used 3576K [0x00000000eab00000, 0x00000000ebd00000, 0x0000000100000000)
  eden space 8704K, 0% used [0x00000000eab00000,0x00000000eab00000,0x00000000eb380000)
  from space 3584K, 99% used [0x00000000eb380000,0x00000000eb6fe140,0x00000000eb700000)
  to   space 4096K, 0% used [0x00000000eb900000,0x00000000eb900000,0x00000000ebd00000)
 ParOldGen       total 196096K, used 185910K [0x00000000c0000000, 0x00000000cbf80000, 0x00000000eab00000)
  object space 196096K, 94% used [0x00000000c0000000,0x00000000cb58d8d0,0x00000000cbf80000)
 Metaspace       used 55885K, committed 56960K, reserved 1114112K
  class space    used 5980K, committed 6400K, reserved 1048576K
}
Event: 8.218 GC heap before
{Heap before GC invocations=139 (full 7):
 PSYoungGen      total 12288K, used 12280K [0x00000000eab00000, 0x00000000ebd00000, 0x0000000100000000)
  eden space 8704K, 100% used [0x00000000eab00000,0x00000000eb380000,0x00000000eb380000)
  from space 3584K, 99% used [0x00000000eb380000,0x00000000eb6fe140,0x00000000eb700000)
  to   space 4096K, 0% used [0x00000000eb900000,0x00000000eb900000,0x00000000ebd00000)
 ParOldGen       total 196096K, used 185910K [0x00000000c0000000, 0x00000000cbf80000, 0x00000000eab00000)
  object space 196096K, 94% used [0x00000000c0000000,0x00000000cb58d8d0,0x00000000cbf80000)
 Metaspace       used 55885K, committed 56960K, reserved 1114112K
  class space    used 5980K, committed 6400K, reserved 1048576K
}
Event: 8.221 GC heap after
{Heap after GC invocations=139 (full 7):
 PSYoungGen      total 14336K, used 3771K [0x00000000eab00000, 0x00000000ebd00000, 0x0000000100000000)
  eden space 10240K, 0% used [0x00000000eab00000,0x00000000eab00000,0x00000000eb500000)
  from space 4096K, 92% used [0x00000000eb900000,0x00000000ebcaec38,0x00000000ebd00000)
  to   space 4096K, 0% used [0x00000000eb500000,0x00000000eb500000,0x00000000eb900000)
 ParOldGen       total 196096K, used 187549K [0x00000000c0000000, 0x00000000cbf80000, 0x00000000eab00000)
  object space 196096K, 95% used [0x00000000c0000000,0x00000000cb727468,0x00000000cbf80000)
 Metaspace       used 55885K, committed 56960K, reserved 1114112K
  class space    used 5980K, committed 6400K, reserved 1048576K
}
Event: 8.237 GC heap before
{Heap before GC invocations=140 (full 7):
 PSYoungGen      total 14336K, used 14011K [0x00000000eab00000, 0x00000000ebd00000, 0x0000000100000000)
  eden space 10240K, 100% used [0x00000000eab00000,0x00000000eb500000,0x00000000eb500000)
  from space 4096K, 92% used [0x00000000eb900000,0x00000000ebcaec38,0x00000000ebd00000)
  to   space 4096K, 0% used [0x00000000eb500000,0x00000000eb500000,0x00000000eb900000)
 ParOldGen       total 196096K, used 187549K [0x00000000c0000000, 0x00000000cbf80000, 0x00000000eab00000)
  object space 196096K, 95% used [0x00000000c0000000,0x00000000cb727468,0x00000000cbf80000)
 Metaspace       used 55902K, committed 56960K, reserved 1114112K
  class space    used 5983K, committed 6400K, reserved 1048576K
}
Event: 8.240 GC heap after
{Heap after GC invocations=140 (full 7):
 PSYoungGen      total 14336K, used 4017K [0x00000000eab00000, 0x00000000ebe80000, 0x0000000100000000)
  eden space 10240K, 0% used [0x00000000eab00000,0x00000000eab00000,0x00000000eb500000)
  from space 4096K, 98% used [0x00000000eb500000,0x00000000eb8ec658,0x00000000eb900000)
  to   space 4096K, 0% used [0x00000000eba80000,0x00000000eba80000,0x00000000ebe80000)
 ParOldGen       total 196096K, used 189375K [0x00000000c0000000, 0x00000000cbf80000, 0x00000000eab00000)
  object space 196096K, 96% used [0x00000000c0000000,0x00000000cb8eff88,0x00000000cbf80000)
 Metaspace       used 55902K, committed 56960K, reserved 1114112K
  class space    used 5983K, committed 6400K, reserved 1048576K
}
Event: 8.257 GC heap before
{Heap before GC invocations=141 (full 7):
 PSYoungGen      total 14336K, used 14257K [0x00000000eab00000, 0x00000000ebe80000, 0x0000000100000000)
  eden space 10240K, 100% used [0x00000000eab00000,0x00000000eb500000,0x00000000eb500000)
  from space 4096K, 98% used [0x00000000eb500000,0x00000000eb8ec658,0x00000000eb900000)
  to   space 4096K, 0% used [0x00000000eba80000,0x00000000eba80000,0x00000000ebe80000)
 ParOldGen       total 196096K, used 189375K [0x00000000c0000000, 0x00000000cbf80000, 0x00000000eab00000)
  object space 196096K, 96% used [0x00000000c0000000,0x00000000cb8eff88,0x00000000cbf80000)
 Metaspace       used 55902K, committed 56960K, reserved 1114112K
  class space    used 5983K, committed 6400K, reserved 1048576K
}
Event: 8.261 GC heap after
{Heap after GC invocations=141 (full 7):
 PSYoungGen      total 13312K, used 4073K [0x00000000eab00000, 0x00000000ec380000, 0x0000000100000000)
  eden space 9216K, 0% used [0x00000000eab00000,0x00000000eab00000,0x00000000eb400000)
  from space 4096K, 99% used [0x00000000eba80000,0x00000000ebe7a460,0x00000000ebe80000)
  to   space 6656K, 0% used [0x00000000eb400000,0x00000000eb400000,0x00000000eba80000)
 ParOldGen       total 196096K, used 191308K [0x00000000c0000000, 0x00000000cbf80000, 0x00000000eab00000)
  object space 196096K, 97% used [0x00000000c0000000,0x00000000cbad3380,0x00000000cbf80000)
 Metaspace       used 55902K, committed 56960K, reserved 1114112K
  class space    used 5983K, committed 6400K, reserved 1048576K
}
Event: 8.278 GC heap before
{Heap before GC invocations=142 (full 7):
 PSYoungGen      total 13312K, used 13289K [0x00000000eab00000, 0x00000000ec380000, 0x0000000100000000)
  eden space 9216K, 100% used [0x00000000eab00000,0x00000000eb400000,0x00000000eb400000)
  from space 4096K, 99% used [0x00000000eba80000,0x00000000ebe7a460,0x00000000ebe80000)
  to   space 6656K, 0% used [0x00000000eb400000,0x00000000eb400000,0x00000000eba80000)
 ParOldGen       total 196096K, used 191308K [0x00000000c0000000, 0x00000000cbf80000, 0x00000000eab00000)
  object space 196096K, 97% used [0x00000000c0000000,0x00000000cbad3380,0x00000000cbf80000)
 Metaspace       used 55902K, committed 56960K, reserved 1114112K
  class space    used 5983K, committed 6400K, reserved 1048576K
}
Event: 8.282 GC heap after
{Heap after GC invocations=142 (full 7):
 PSYoungGen      total 11264K, used 1999K [0x00000000eab00000, 0x00000000ebc80000, 0x0000000100000000)
  eden space 9216K, 0% used [0x00000000eab00000,0x00000000eab00000,0x00000000eb400000)
  from space 2048K, 97% used [0x00000000eb400000,0x00000000eb5f3e48,0x00000000eb600000)
  to   space 3584K, 0% used [0x00000000eb900000,0x00000000eb900000,0x00000000ebc80000)
 ParOldGen       total 196096K, used 195375K [0x00000000c0000000, 0x00000000cbf80000, 0x00000000eab00000)
  object space 196096K, 99% used [0x00000000c0000000,0x00000000cbecbd70,0x00000000cbf80000)
 Metaspace       used 55902K, committed 56960K, reserved 1114112K
  class space    used 5983K, committed 6400K, reserved 1048576K
}
Event: 8.282 GC heap before
{Heap before GC invocations=143 (full 8):
 PSYoungGen      total 11264K, used 1999K [0x00000000eab00000, 0x00000000ebc80000, 0x0000000100000000)
  eden space 9216K, 0% used [0x00000000eab00000,0x00000000eab00000,0x00000000eb400000)
  from space 2048K, 97% used [0x00000000eb400000,0x00000000eb5f3e48,0x00000000eb600000)
  to   space 3584K, 0% used [0x00000000eb900000,0x00000000eb900000,0x00000000ebc80000)
 ParOldGen       total 196096K, used 195375K [0x00000000c0000000, 0x00000000cbf80000, 0x00000000eab00000)
  object space 196096K, 99% used [0x00000000c0000000,0x00000000cbecbd70,0x00000000cbf80000)
 Metaspace       used 55902K, committed 56960K, reserved 1114112K
  class space    used 5983K, committed 6400K, reserved 1048576K
}

