# JRE version: OpenJDK Runtime Environment Temurin-17.0.10+7 (17.0.10+7) (build 17.0.10+7)
# Java VM: OpenJDK 64-Bit Server VM Temurin-17.0.10+7 (17.0.10+7, mixed mode, tiered, compressed oops, compressed class ptrs, parallel gc, windows-amd64)
GC Precious Log:
 CPUs: 8 total, 8 available
 Memory: 32674M
 Large Page Support: Disabled
 NUMA Support: Disabled
 Compressed Oops: Enabled (32-bit)
 Alignments: Space 512K, Generation 512K, Heap 2M
 Heap Min Capacity: 100M
 Heap Initial Capacity: 100M
 Heap Max Capacity: 1G
 Pre-touch: Disabled
 Parallel Workers: 8
Heap:
 PSYoungGen      total 14848K, used 14197K [0x00000000eab00000, 0x00000000ebc80000, 0x0000000100000000)
  eden space 12800K, 98% used [0x00000000eab00000,0x00000000eb754250,0x00000000eb780000)
  from space 2048K, 76% used [0x00000000eb780000,0x00000000eb909250,0x00000000eb980000)
  to   space 2560K, 0% used [0x00000000eba00000,0x00000000eba00000,0x00000000ebc80000)
 ParOldGen       total 543232K, used 517863K [0x00000000c0000000, 0x00000000e1280000, 0x00000000eab00000)
  object space 543232K, 95% used [0x00000000c0000000,0x00000000df9b9f70,0x00000000e1280000)
 Metaspace       used 91309K, committed 92608K, reserved 1179648K
  class space    used 9090K, committed 9664K, reserved 1048576K
GC Heap History (20 events):
Event: 455.117 GC heap before
{Heap before GC invocations=3161 (full 77):
 PSYoungGen      total 15872K, used 15465K [0x00000000eab00000, 0x00000000ebf80000, 0x0000000100000000)
  eden space 13824K, 100% used [0x00000000eab00000,0x00000000eb880000,0x00000000eb880000)
  from space 2048K, 80% used [0x00000000eb880000,0x00000000eba1a460,0x00000000eba80000)
  to   space 3584K, 0% used [0x00000000ebc00000,0x00000000ebc00000,0x00000000ebf80000)
 ParOldGen       total 543232K, used 496611K [0x00000000c0000000, 0x00000000e1280000, 0x00000000eab00000)
  object space 543232K, 91% used [0x00000000c0000000,0x00000000de4f8d20,0x00000000e1280000)
 Metaspace       used 91244K, committed 92544K, reserved 1179648K
  class space    used 9080K, committed 9664K, reserved 1048576K
}
Event: 455.120 GC heap after
{Heap after GC invocations=3161 (full 77):
 PSYoungGen      total 18432K, used 1902K [0x00000000eab00000, 0x00000000ebf80000, 0x0000000100000000)
  eden space 14848K, 0% used [0x00000000eab00000,0x00000000eab00000,0x00000000eb980000)
  from space 3584K, 53% used [0x00000000ebc00000,0x00000000ebddb900,0x00000000ebf80000)
  to   space 2560K, 0% used [0x00000000eb980000,0x00000000eb980000,0x00000000ebc00000)
 ParOldGen       total 543232K, used 498087K [0x00000000c0000000, 0x00000000e1280000, 0x00000000eab00000)
  object space 543232K, 91% used [0x00000000c0000000,0x00000000de669fe0,0x00000000e1280000)
 Metaspace       used 91244K, committed 92544K, reserved 1179648K
  class space    used 9080K, committed 9664K, reserved 1048576K
}
Event: 455.167 GC heap before
{Heap before GC invocations=3162 (full 77):
 PSYoungGen      total 18432K, used 16750K [0x00000000eab00000, 0x00000000ebf80000, 0x0000000100000000)
  eden space 14848K, 100% used [0x00000000eab00000,0x00000000eb980000,0x00000000eb980000)
  from space 3584K, 53% used [0x00000000ebc00000,0x00000000ebddb900,0x00000000ebf80000)
  to   space 2560K, 0% used [0x00000000eb980000,0x00000000eb980000,0x00000000ebc00000)
 ParOldGen       total 543232K, used 498087K [0x00000000c0000000, 0x00000000e1280000, 0x00000000eab00000)
  object space 543232K, 91% used [0x00000000c0000000,0x00000000de669fe0,0x00000000e1280000)
 Metaspace       used 91244K, committed 92544K, reserved 1179648K
  class space    used 9080K, committed 9664K, reserved 1048576K
}
Event: 455.170 GC heap after
{Heap after GC invocations=3162 (full 77):
 PSYoungGen      total 15872K, used 666K [0x00000000eab00000, 0x00000000ebc80000, 0x0000000100000000)
  eden space 14848K, 0% used [0x00000000eab00000,0x00000000eab00000,0x00000000eb980000)
  from space 1024K, 65% used [0x00000000eb980000,0x00000000eba26920,0x00000000eba80000)
  to   space 1536K, 0% used [0x00000000ebb00000,0x00000000ebb00000,0x00000000ebc80000)
 ParOldGen       total 543232K, used 499412K [0x00000000c0000000, 0x00000000e1280000, 0x00000000eab00000)
  object space 543232K, 91% used [0x00000000c0000000,0x00000000de7b5090,0x00000000e1280000)
 Metaspace       used 91244K, committed 92544K, reserved 1179648K
  class space    used 9080K, committed 9664K, reserved 1048576K
}
Event: 455.193 GC heap before
{Heap before GC invocations=3163 (full 77):
 PSYoungGen      total 15872K, used 15514K [0x00000000eab00000, 0x00000000ebc80000, 0x0000000100000000)
  eden space 14848K, 100% used [0x00000000eab00000,0x00000000eb980000,0x00000000eb980000)
  from space 1024K, 65% used [0x00000000eb980000,0x00000000eba26920,0x00000000eba80000)
  to   space 1536K, 0% used [0x00000000ebb00000,0x00000000ebb00000,0x00000000ebc80000)
 ParOldGen       total 543232K, used 499412K [0x00000000c0000000, 0x00000000e1280000, 0x00000000eab00000)
  object space 543232K, 91% used [0x00000000c0000000,0x00000000de7b5090,0x00000000e1280000)
 Metaspace       used 91244K, committed 92544K, reserved 1179648K
  class space    used 9080K, committed 9664K, reserved 1048576K
}
Event: 455.195 GC heap after
{Heap after GC invocations=3163 (full 77):
 PSYoungGen      total 15360K, used 1524K [0x00000000eab00000, 0x00000000ebe80000, 0x0000000100000000)
  eden space 13824K, 0% used [0x00000000eab00000,0x00000000eab00000,0x00000000eb880000)
  from space 1536K, 99% used [0x00000000ebb00000,0x00000000ebc7d220,0x00000000ebc80000)
  to   space 2560K, 0% used [0x00000000eb880000,0x00000000eb880000,0x00000000ebb00000)
 ParOldGen       total 543232K, used 500014K [0x00000000c0000000, 0x00000000e1280000, 0x00000000eab00000)
  object space 543232K, 92% used [0x00000000c0000000,0x00000000de84ba30,0x00000000e1280000)
 Metaspace       used 91244K, committed 92544K, reserved 1179648K
  class space    used 9080K, committed 9664K, reserved 1048576K
}
Event: 455.217 GC heap before
{Heap before GC invocations=3164 (full 77):
 PSYoungGen      total 15360K, used 15348K [0x00000000eab00000, 0x00000000ebe80000, 0x0000000100000000)
  eden space 13824K, 100% used [0x00000000eab00000,0x00000000eb880000,0x00000000eb880000)
  from space 1536K, 99% used [0x00000000ebb00000,0x00000000ebc7d220,0x00000000ebc80000)
  to   space 2560K, 0% used [0x00000000eb880000,0x00000000eb880000,0x00000000ebb00000)
 ParOldGen       total 543232K, used 500014K [0x00000000c0000000, 0x00000000e1280000, 0x00000000eab00000)
  object space 543232K, 92% used [0x00000000c0000000,0x00000000de84ba30,0x00000000e1280000)
 Metaspace       used 91244K, committed 92544K, reserved 1179648K
  class space    used 9080K, committed 9664K, reserved 1048576K
}
Event: 455.221 GC heap after
{Heap after GC invocations=3164 (full 77):
 PSYoungGen      total 16384K, used 2558K [0x00000000eab00000, 0x00000000ec580000, 0x0000000100000000)
  eden space 13824K, 0% used [0x00000000eab00000,0x00000000eab00000,0x00000000eb880000)
  from space 2560K, 99% used [0x00000000eb880000,0x00000000ebaff8b0,0x00000000ebb00000)
  to   space 6656K, 0% used [0x00000000ebf00000,0x00000000ebf00000,0x00000000ec580000)
 ParOldGen       total 543232K, used 503202K [0x00000000c0000000, 0x00000000e1280000, 0x00000000eab00000)
  object space 543232K, 92% used [0x00000000c0000000,0x00000000deb68b00,0x00000000e1280000)
 Metaspace       used 91244K, committed 92544K, reserved 1179648K
  class space    used 9080K, committed 9664K, reserved 1048576K
}
Event: 455.374 GC heap before
{Heap before GC invocations=3165 (full 77):
 PSYoungGen      total 16384K, used 16382K [0x00000000eab00000, 0x00000000ec580000, 0x0000000100000000)
  eden space 13824K, 100% used [0x00000000eab00000,0x00000000eb880000,0x00000000eb880000)
  from space 2560K, 99% used [0x00000000eb880000,0x00000000ebaff8b0,0x00000000ebb00000)
  to   space 6656K, 0% used [0x00000000ebf00000,0x00000000ebf00000,0x00000000ec580000)
 ParOldGen       total 543232K, used 503202K [0x00000000c0000000, 0x00000000e1280000, 0x00000000eab00000)
  object space 543232K, 92% used [0x00000000c0000000,0x00000000deb68b00,0x00000000e1280000)
 Metaspace       used 91245K, committed 92544K, reserved 1179648K
  class space    used 9080K, committed 9664K, reserved 1048576K
}
Event: 455.377 GC heap after
{Heap after GC invocations=3165 (full 77):
 PSYoungGen      total 15872K, used 1605K [0x00000000eab00000, 0x00000000ec100000, 0x0000000100000000)
  eden space 13824K, 0% used [0x00000000eab00000,0x00000000eab00000,0x00000000eb880000)
  from space 2048K, 78% used [0x00000000ebf00000,0x00000000ec091420,0x00000000ec100000)
  to   space 3584K, 0% used [0x00000000eba00000,0x00000000eba00000,0x00000000ebd80000)
 ParOldGen       total 543232K, used 504046K [0x00000000c0000000, 0x00000000e1280000, 0x00000000eab00000)
  object space 543232K, 92% used [0x00000000c0000000,0x00000000dec3bb50,0x00000000e1280000)
 Metaspace       used 91245K, committed 92544K, reserved 1179648K
  class space    used 9080K, committed 9664K, reserved 1048576K
}
Event: 455.409 GC heap before
{Heap before GC invocations=3166 (full 77):
 PSYoungGen      total 15872K, used 15429K [0x00000000eab00000, 0x00000000ec100000, 0x0000000100000000)
  eden space 13824K, 100% used [0x00000000eab00000,0x00000000eb880000,0x00000000eb880000)
  from space 2048K, 78% used [0x00000000ebf00000,0x00000000ec091420,0x00000000ec100000)
  to   space 3584K, 0% used [0x00000000eba00000,0x00000000eba00000,0x00000000ebd80000)
 ParOldGen       total 543232K, used 504046K [0x00000000c0000000, 0x00000000e1280000, 0x00000000eab00000)
  object space 543232K, 92% used [0x00000000c0000000,0x00000000dec3bb50,0x00000000e1280000)
 Metaspace       used 91245K, committed 92544K, reserved 1179648K
  class space    used 9080K, committed 9664K, reserved 1048576K
}
Event: 455.411 GC heap after
{Heap after GC invocations=3166 (full 77):
 PSYoungGen      total 17408K, used 1302K [0x00000000eab00000, 0x00000000ebf80000, 0x0000000100000000)
  eden space 13824K, 0% used [0x00000000eab00000,0x00000000eab00000,0x00000000eb880000)
  from space 3584K, 36% used [0x00000000eba00000,0x00000000ebb45ac8,0x00000000ebd80000)
  to   space 2048K, 0% used [0x00000000ebd80000,0x00000000ebd80000,0x00000000ebf80000)
 ParOldGen       total 543232K, used 505551K [0x00000000c0000000, 0x00000000e1280000, 0x00000000eab00000)
  object space 543232K, 93% used [0x00000000c0000000,0x00000000dedb3fb0,0x00000000e1280000)
 Metaspace       used 91245K, committed 92544K, reserved 1179648K
  class space    used 9080K, committed 9664K, reserved 1048576K
}
Event: 455.449 GC heap before
{Heap before GC invocations=3167 (full 77):
 PSYoungGen      total 17408K, used 15126K [0x00000000eab00000, 0x00000000ebf80000, 0x0000000100000000)
  eden space 13824K, 100% used [0x00000000eab00000,0x00000000eb880000,0x00000000eb880000)
  from space 3584K, 36% used [0x00000000eba00000,0x00000000ebb45ac8,0x00000000ebd80000)
  to   space 2048K, 0% used [0x00000000ebd80000,0x00000000ebd80000,0x00000000ebf80000)
 ParOldGen       total 543232K, used 505551K [0x00000000c0000000, 0x00000000e1280000, 0x00000000eab00000)
  object space 543232K, 93% used [0x00000000c0000000,0x00000000dedb3fb0,0x00000000e1280000)
 Metaspace       used 91245K, committed 92544K, reserved 1179648K
  class space    used 9080K, committed 9664K, reserved 1048576K
}
Event: 455.453 GC heap after
{Heap after GC invocations=3167 (full 77):
 PSYoungGen      total 15872K, used 2021K [0x00000000eab00000, 0x00000000ec080000, 0x0000000100000000)
  eden space 13824K, 0% used [0x00000000eab00000,0x00000000eab00000,0x00000000eb880000)
  from space 2048K, 98% used [0x00000000ebd80000,0x00000000ebf79440,0x00000000ebf80000)
  to   space 4096K, 0% used [0x00000000eb880000,0x00000000eb880000,0x00000000ebc80000)
 ParOldGen       total 543232K, used 506838K [0x00000000c0000000, 0x00000000e1280000, 0x00000000eab00000)
  object space 543232K, 93% used [0x00000000c0000000,0x00000000deef5ab8,0x00000000e1280000)
 Metaspace       used 91245K, committed 92544K, reserved 1179648K
  class space    used 9080K, committed 9664K, reserved 1048576K
}
Event: 455.481 GC heap before
{Heap before GC invocations=3168 (full 77):
 PSYoungGen      total 15872K, used 15845K [0x00000000eab00000, 0x00000000ec080000, 0x0000000100000000)
  eden space 13824K, 100% used [0x00000000eab00000,0x00000000eb880000,0x00000000eb880000)
  from space 2048K, 98% used [0x00000000ebd80000,0x00000000ebf79440,0x00000000ebf80000)
  to   space 4096K, 0% used [0x00000000eb880000,0x00000000eb880000,0x00000000ebc80000)
 ParOldGen       total 543232K, used 506838K [0x00000000c0000000, 0x00000000e1280000, 0x00000000eab00000)
  object space 543232K, 93% used [0x00000000c0000000,0x00000000deef5ab8,0x00000000e1280000)
 Metaspace       used 91245K, committed 92544K, reserved 1179648K
  class space    used 9080K, committed 9664K, reserved 1048576K
}
Event: 455.485 GC heap after
{Heap after GC invocations=3168 (full 77):
 PSYoungGen      total 15360K, used 1414K [0x00000000eab00000, 0x00000000ebe00000, 0x0000000100000000)
  eden space 13824K, 0% used [0x00000000eab00000,0x00000000eab00000,0x00000000eb880000)
  from space 1536K, 92% used [0x00000000eb880000,0x00000000eb9e1ab8,0x00000000eba00000)
  to   space 2560K, 0% used [0x00000000ebb80000,0x00000000ebb80000,0x00000000ebe00000)
 ParOldGen       total 543232K, used 508853K [0x00000000c0000000, 0x00000000e1280000, 0x00000000eab00000)
  object space 543232K, 93% used [0x00000000c0000000,0x00000000df0ed498,0x00000000e1280000)
 Metaspace       used 91245K, committed 92544K, reserved 1179648K
  class space    used 9080K, committed 9664K, reserved 1048576K
}
Event: 455.511 GC heap before
{Heap before GC invocations=3169 (full 77):
 PSYoungGen      total 15360K, used 15238K [0x00000000eab00000, 0x00000000ebe00000, 0x0000000100000000)
  eden space 13824K, 100% used [0x00000000eab00000,0x00000000eb880000,0x00000000eb880000)
  from space 1536K, 92% used [0x00000000eb880000,0x00000000eb9e1ab8,0x00000000eba00000)
  to   space 2560K, 0% used [0x00000000ebb80000,0x00000000ebb80000,0x00000000ebe00000)
 ParOldGen       total 543232K, used 508853K [0x00000000c0000000, 0x00000000e1280000, 0x00000000eab00000)
  object space 543232K, 93% used [0x00000000c0000000,0x00000000df0ed498,0x00000000e1280000)
 Metaspace       used 91245K, committed 92544K, reserved 1179648K
  class space    used 9080K, committed 9664K, reserved 1048576K
}
Event: 455.514 GC heap after
{Heap after GC invocations=3169 (full 77):
 PSYoungGen      total 15360K, used 1376K [0x00000000eab00000, 0x00000000ebd00000, 0x0000000100000000)
  eden space 13824K, 0% used [0x00000000eab00000,0x00000000eab00000,0x00000000eb880000)
  from space 1536K, 89% used [0x00000000ebb80000,0x00000000ebcd8040,0x00000000ebd00000)
  to   space 1536K, 0% used [0x00000000eb880000,0x00000000eb880000,0x00000000eba00000)
 ParOldGen       total 543232K, used 510185K [0x00000000c0000000, 0x00000000e1280000, 0x00000000eab00000)
  object space 543232K, 93% used [0x00000000c0000000,0x00000000df23a490,0x00000000e1280000)
 Metaspace       used 91245K, committed 92544K, reserved 1179648K
  class space    used 9080K, committed 9664K, reserved 1048576K
}
Event: 455.546 GC heap before
{Heap before GC invocations=3170 (full 77):
 PSYoungGen      total 15360K, used 15200K [0x00000000eab00000, 0x00000000ebd00000, 0x0000000100000000)
  eden space 13824K, 100% used [0x00000000eab00000,0x00000000eb880000,0x00000000eb880000)
  from space 1536K, 89% used [0x00000000ebb80000,0x00000000ebcd8040,0x00000000ebd00000)
  to   space 1536K, 0% used [0x00000000eb880000,0x00000000eb880000,0x00000000eba00000)
 ParOldGen       total 543232K, used 510185K [0x00000000c0000000, 0x00000000e1280000, 0x00000000eab00000)
  object space 543232K, 93% used [0x00000000c0000000,0x00000000df23a490,0x00000000e1280000)
 Metaspace       used 91246K, committed 92544K, reserved 1179648K
  class space    used 9080K, committed 9664K, reserved 1048576K
}
Event: 455.549 GC heap after
{Heap after GC invocations=3170 (full 77):
 PSYoungGen      total 15360K, used 1506K [0x00000000eab00000, 0x00000000ebf80000, 0x0000000100000000)
  eden space 13824K, 0% used [0x00000000eab00000,0x00000000eab00000,0x00000000eb880000)
  from space 1536K, 98% used [0x00000000eb880000,0x00000000eb9f89f0,0x00000000eba00000)
  to   space 3584K, 0% used [0x00000000ebc00000,0x00000000ebc00000,0x00000000ebf80000)
 ParOldGen       total 543232K, used 511855K [0x00000000c0000000, 0x00000000e1280000, 0x00000000eab00000)
  object space 543232K, 94% used [0x00000000c0000000,0x00000000df3dbc60,0x00000000e1280000)
 Metaspace       used 91246K, committed 92544K, reserved 1179648K
  class space    used 9080K, committed 9664K, reserved 1048576K
}

